core   0: 0x00001000 (0x00000297) auipc   t0, 0x0
core   0: 3 0x00001000 (0x00000297) x5  0x00001000
core   0: 0x00001004 (0x02028593) addi    a1, t0, 32
core   0: 3 0x00001004 (0x02028593) x11 0x00001020
core   0: 0x00001008 (0xf1402573) csrr    a0, mhartid
core   0: 3 0x00001008 (0xf1402573) x10 0x00000000
core   0: 0x0000100c (0x0182a283) lw      t0, 24(t0)
core   0: 3 0x0000100c (0x0182a283) x5  0x00010000 mem 0x00001018
core   0: 0x00001010 (0x00028067) jr      t0
core   0: 3 0x00001010 (0x00028067)
core   0: >>>>  _start
core   0: 0x00010000 (0x00008117) auipc   sp, 0x8
core   0: 3 0x00010000 (0x00008117) x2  0x00018000
core   0: 0x00010004 (0xffc10113) addi    sp, sp, -4
core   0: 3 0x00010004 (0xffc10113) x2  0x00017ffc
core   0: 0x00010008 (0x00010433) add     s0, sp, zero
core   0: 3 0x00010008 (0x00010433) x8  0x00017ffc
core   0: 0x0001000c (0x000022b7) lui     t0, 0x2
core   0: 3 0x0001000c (0x000022b7) x5  0x00002000
core   0: 0x00010010 (0x3002a073) csrs    mstatus, t0
core   0: 3 0x00010010 (0x3002a073) c768_mstatus 0x00002000
core   0: 0x00010014 (0x000100b7) lui     ra, 0x10
core   0: 3 0x00010014 (0x000100b7) x1  0x00010000
core   0: 0x00010018 (0x0040006f) j       pc + 0x4
core   0: 3 0x00010018 (0x0040006f)
core   0: >>>>  $xrv32i2p1_m2p0_f2p2_zicsr2p0_zmmul1p0
core   0: 0x0001001c (0xff010113) addi    sp, sp, -16
core   0: 3 0x0001001c (0xff010113) x2  0x00017fec
core   0: 0x00010020 (0x00812423) sw      s0, 8(sp)
core   0: 3 0x00010020 (0x00812423) mem 0x00017ff4 0x00017ffc
core   0: 0x00010024 (0x00017437) lui     s0, 0x17
core   0: 3 0x00010024 (0x00017437) x8  0x00017000
core   0: 0x00010028 (0x00042783) lw      a5, 0(s0)
core   0: 3 0x00010028 (0x00042783) x15 0x00008010 mem 0x00017000
core   0: 0x0001002c (0x00112623) sw      ra, 12(sp)
core   0: 3 0x0001002c (0x00112623) mem 0x00017ff8 0x00010000
core   0: 0x00010030 (0x00912223) sw      s1, 4(sp)
core   0: 3 0x00010030 (0x00912223) mem 0x00017ff0 0x00000000
core   0: 0x00010034 (0x04100713) li      a4, 65
core   0: 3 0x00010034 (0x04100713) x14 0x00000041
core   0: 0x00010038 (0x00e78023) sb      a4, 0(a5)
core   0: 3 0x00010038 (0x00e78023) mem 0x00008010 0x41
core   0: 0x0001003c (0x00042783) lw      a5, 0(s0)
core   0: 3 0x0001003c (0x00042783) x15 0x00008010 mem 0x00017000
core   0: 0x00010040 (0x00a00493) li      s1, 10
core   0: 3 0x00010040 (0x00a00493) x9  0x0000000a
core   0: 0x00010044 (0x00978023) sb      s1, 0(a5)
core   0: 3 0x00010044 (0x00978023) mem 0x00008010 0x0a
core   0: 0x00010048 (0x358000ef) jal     pc + 0x358
core   0: 3 0x00010048 (0x358000ef) x1  0x0001004c
core   0: >>>>  add
core   0: 0x000103a0 (0xf5010113) addi    sp, sp, -176
core   0: 3 0x000103a0 (0xf5010113) x2  0x00017f3c
core   0: 0x000103a4 (0x0a812423) sw      s0, 168(sp)
core   0: 3 0x000103a4 (0x0a812423) mem 0x00017fe4 0x00017000
core   0: 0x000103a8 (0x00011437) lui     s0, 0x11
core   0: 3 0x000103a8 (0x00011437) x8  0x00011000
core   0: 0x000103ac (0x8c840413) addi    s0, s0, -1848
core   0: 3 0x000103ac (0x8c840413) x8  0x000108c8
core   0: 0x000103b0 (0x09412c23) sw      s4, 152(sp)
core   0: 3 0x000103b0 (0x09412c23) mem 0x00017fd4 0x00000000
core   0: 0x000103b4 (0x02410a13) addi    s4, sp, 36
core   0: 3 0x000103b4 (0x02410a13) x20 0x00017f60
core   0: 0x000103b8 (0x02400613) li      a2, 36
core   0: 3 0x000103b8 (0x02400613) x12 0x00000024
core   0: 0x000103bc (0x12c40593) addi    a1, s0, 300
core   0: 3 0x000103bc (0x12c40593) x11 0x000109f4
core   0: 0x000103c0 (0x000a0513) mv      a0, s4
core   0: 3 0x000103c0 (0x000a0513) x10 0x00017f60
core   0: 0x000103c4 (0x0a112623) sw      ra, 172(sp)
core   0: 3 0x000103c4 (0x0a112623) mem 0x00017fe8 0x0001004c
core   0: 0x000103c8 (0x0a912223) sw      s1, 164(sp)
core   0: 3 0x000103c8 (0x0a912223) mem 0x00017fe0 0x0000000a
core   0: 0x000103cc (0x0b212023) sw      s2, 160(sp)
core   0: 3 0x000103cc (0x0b212023) mem 0x00017fdc 0x00000000
core   0: 0x000103d0 (0x09312e23) sw      s3, 156(sp)
core   0: 3 0x000103d0 (0x09312e23) mem 0x00017fd8 0x00000000
core   0: 0x000103d4 (0x04810493) addi    s1, sp, 72
core   0: 3 0x000103d4 (0x04810493) x9  0x00017f84
core   0: 0x000103d8 (0x3c8000ef) jal     pc + 0x3c8
core   0: 3 0x000103d8 (0x3c8000ef) x1  0x000103dc
core   0: >>>>  $xrv32i2p1_m2p0_f2p2_zicntr2p0_zicsr2p0_zmmul1p0
core   0: 0x000107a0 (0x00a5c7b3) xor     a5, a1, a0
core   0: 3 0x000107a0 (0x00a5c7b3) x15 0x00007694
core   0: 0x000107a4 (0x0037f793) andi    a5, a5, 3
core   0: 3 0x000107a4 (0x0037f793) x15 0x00000000
core   0: 0x000107a8 (0x00c508b3) add     a7, a0, a2
core   0: 3 0x000107a8 (0x00c508b3) x17 0x00017f84
core   0: 0x000107ac (0x06079663) bnez    a5, pc + 108
core   0: 3 0x000107ac (0x06079663)
core   0: 0x000107b0 (0x00300793) li      a5, 3
core   0: 3 0x000107b0 (0x00300793) x15 0x00000003
core   0: 0x000107b4 (0x06c7f263) bgeu    a5, a2, pc + 100
core   0: 3 0x000107b4 (0x06c7f263)
core   0: 0x000107b8 (0x00357793) andi    a5, a0, 3
core   0: 3 0x000107b8 (0x00357793) x15 0x00000000
core   0: 0x000107bc (0x00050713) mv      a4, a0
core   0: 3 0x000107bc (0x00050713) x14 0x00017f60
core   0: 0x000107c0 (0x0c079a63) bnez    a5, pc + 212
core   0: 3 0x000107c0 (0x0c079a63)
core   0: 0x000107c4 (0xffc8f613) andi    a2, a7, -4
core   0: 3 0x000107c4 (0xffc8f613) x12 0x00017f84
core   0: 0x000107c8 (0x40e606b3) sub     a3, a2, a4
core   0: 3 0x000107c8 (0x40e606b3) x13 0x00000024
core   0: 0x000107cc (0x02000793) li      a5, 32
core   0: 3 0x000107cc (0x02000793) x15 0x00000020
core   0: 0x000107d0 (0x06d7c463) blt     a5, a3, pc + 104
core   0: 3 0x000107d0 (0x06d7c463)
core   0: 0x00010838 (0x0205a683) lw      a3, 32(a1)
core   0: 3 0x00010838 (0x0205a683) x13 0x40000000 mem 0x00010a14
core   0: 0x0001083c (0x0005a383) lw      t2, 0(a1)
core   0: 3 0x0001083c (0x0005a383) x7  0x7f800000 mem 0x000109f4
core   0: 0x00010840 (0x0045a283) lw      t0, 4(a1)
core   0: 3 0x00010840 (0x0045a283) x5  0xff800000 mem 0x000109f8
core   0: 0x00010844 (0x0085af83) lw      t6, 8(a1)
core   0: 3 0x00010844 (0x0085af83) x31 0x80000000 mem 0x000109fc
core   0: 0x00010848 (0x00c5af03) lw      t5, 12(a1)
core   0: 3 0x00010848 (0x00c5af03) x30 0x00000000 mem 0x00010a00
core   0: 0x0001084c (0x0105ae83) lw      t4, 16(a1)
core   0: 3 0x0001084c (0x0105ae83) x29 0x00000000 mem 0x00010a04
core   0: 0x00010850 (0x0145ae03) lw      t3, 20(a1)
core   0: 3 0x00010850 (0x0145ae03) x28 0x7fc00000 mem 0x00010a08
core   0: 0x00010854 (0x0185a303) lw      t1, 24(a1)
core   0: 3 0x00010854 (0x0185a303) x6  0x7fc00000 mem 0x00010a0c
core   0: 0x00010858 (0x01c5a803) lw      a6, 28(a1)
core   0: 3 0x00010858 (0x01c5a803) x16 0x3f800000 mem 0x00010a10
core   0: 0x0001085c (0x02470713) addi    a4, a4, 36
core   0: 3 0x0001085c (0x02470713) x14 0x00017f84
core   0: 0x00010860 (0xfed72e23) sw      a3, -4(a4)
core   0: 3 0x00010860 (0xfed72e23) mem 0x00017f80 0x40000000
core   0: 0x00010864 (0xfc772e23) sw      t2, -36(a4)
core   0: 3 0x00010864 (0xfc772e23) mem 0x00017f60 0x7f800000
core   0: 0x00010868 (0x40e606b3) sub     a3, a2, a4
core   0: 3 0x00010868 (0x40e606b3) x13 0x00000000
core   0: 0x0001086c (0xfe572023) sw      t0, -32(a4)
core   0: 3 0x0001086c (0xfe572023) mem 0x00017f64 0xff800000
core   0: 0x00010870 (0xfff72223) sw      t6, -28(a4)
core   0: 3 0x00010870 (0xfff72223) mem 0x00017f68 0x80000000
core   0: 0x00010874 (0xffe72423) sw      t5, -24(a4)
core   0: 3 0x00010874 (0xffe72423) mem 0x00017f6c 0x00000000
core   0: 0x00010878 (0xffd72623) sw      t4, -20(a4)
core   0: 3 0x00010878 (0xffd72623) mem 0x00017f70 0x00000000
core   0: 0x0001087c (0xffc72823) sw      t3, -16(a4)
core   0: 3 0x0001087c (0xffc72823) mem 0x00017f74 0x7fc00000
core   0: 0x00010880 (0xfe672a23) sw      t1, -12(a4)
core   0: 3 0x00010880 (0xfe672a23) mem 0x00017f78 0x7fc00000
core   0: 0x00010884 (0xff072c23) sw      a6, -8(a4)
core   0: 3 0x00010884 (0xff072c23) mem 0x00017f7c 0x3f800000
core   0: 0x00010888 (0x02458593) addi    a1, a1, 36
core   0: 3 0x00010888 (0x02458593) x11 0x00010a18
core   0: 0x0001088c (0xfad7c6e3) blt     a5, a3, pc - 84
core   0: 3 0x0001088c (0xfad7c6e3)
core   0: 0x00010890 (0xf45ff06f) j       pc - 0xbc
core   0: 3 0x00010890 (0xf45ff06f)
core   0: 0x000107d4 (0x00058693) mv      a3, a1
core   0: 3 0x000107d4 (0x00058693) x13 0x00010a18
core   0: 0x000107d8 (0x00070793) mv      a5, a4
core   0: 3 0x000107d8 (0x00070793) x15 0x00017f84
core   0: 0x000107dc (0x02c77a63) bgeu    a4, a2, pc + 52
core   0: 3 0x000107dc (0x02c77a63)
core   0: 0x00010810 (0x01176863) bltu    a4, a7, pc + 16
core   0: 3 0x00010810 (0x01176863)
core   0: 0x00010814 (0x00008067) ret
core   0: 3 0x00010814 (0x00008067)
core   0: 0x000103dc (0x02400613) li      a2, 36
core   0: 3 0x000103dc (0x02400613) x12 0x00000024
core   0: 0x000103e0 (0x15040593) addi    a1, s0, 336
core   0: 3 0x000103e0 (0x15040593) x11 0x00010a18
core   0: 0x000103e4 (0x00048513) mv      a0, s1
core   0: 3 0x000103e4 (0x00048513) x10 0x00017f84
core   0: 0x000103e8 (0x3b8000ef) jal     pc + 0x3b8
core   0: 3 0x000103e8 (0x3b8000ef) x1  0x000103ec
core   0: >>>>  $xrv32i2p1_m2p0_f2p2_zicntr2p0_zicsr2p0_zmmul1p0
core   0: 0x000107a0 (0x00a5c7b3) xor     a5, a1, a0
core   0: 3 0x000107a0 (0x00a5c7b3) x15 0x0000759c
core   0: 0x000107a4 (0x0037f793) andi    a5, a5, 3
core   0: 3 0x000107a4 (0x0037f793) x15 0x00000000
core   0: 0x000107a8 (0x00c508b3) add     a7, a0, a2
core   0: 3 0x000107a8 (0x00c508b3) x17 0x00017fa8
core   0: 0x000107ac (0x06079663) bnez    a5, pc + 108
core   0: 3 0x000107ac (0x06079663)
core   0: 0x000107b0 (0x00300793) li      a5, 3
core   0: 3 0x000107b0 (0x00300793) x15 0x00000003
core   0: 0x000107b4 (0x06c7f263) bgeu    a5, a2, pc + 100
core   0: 3 0x000107b4 (0x06c7f263)
core   0: 0x000107b8 (0x00357793) andi    a5, a0, 3
core   0: 3 0x000107b8 (0x00357793) x15 0x00000000
core   0: 0x000107bc (0x00050713) mv      a4, a0
core   0: 3 0x000107bc (0x00050713) x14 0x00017f84
core   0: 0x000107c0 (0x0c079a63) bnez    a5, pc + 212
core   0: 3 0x000107c0 (0x0c079a63)
core   0: 0x000107c4 (0xffc8f613) andi    a2, a7, -4
core   0: 3 0x000107c4 (0xffc8f613) x12 0x00017fa8
core   0: 0x000107c8 (0x40e606b3) sub     a3, a2, a4
core   0: 3 0x000107c8 (0x40e606b3) x13 0x00000024
core   0: 0x000107cc (0x02000793) li      a5, 32
core   0: 3 0x000107cc (0x02000793) x15 0x00000020
core   0: 0x000107d0 (0x06d7c463) blt     a5, a3, pc + 104
core   0: 3 0x000107d0 (0x06d7c463)
core   0: 0x00010838 (0x0205a683) lw      a3, 32(a1)
core   0: 3 0x00010838 (0x0205a683) x13 0x3f800000 mem 0x00010a38
core   0: 0x0001083c (0x0005a383) lw      t2, 0(a1)
core   0: 3 0x0001083c (0x0005a383) x7  0xff800000 mem 0x00010a18
core   0: 0x00010840 (0x0045a283) lw      t0, 4(a1)
core   0: 3 0x00010840 (0x0045a283) x5  0x7f800000 mem 0x00010a1c
core   0: 0x00010844 (0x0085af83) lw      t6, 8(a1)
core   0: 3 0x00010844 (0x0085af83) x31 0x00000000 mem 0x00010a20
core   0: 0x00010848 (0x00c5af03) lw      t5, 12(a1)
core   0: 3 0x00010848 (0x00c5af03) x30 0x80000000 mem 0x00010a24
core   0: 0x0001084c (0x0105ae83) lw      t4, 16(a1)
core   0: 3 0x0001084c (0x0105ae83) x29 0x7fc00000 mem 0x00010a28
core   0: 0x00010850 (0x0145ae03) lw      t3, 20(a1)
core   0: 3 0x00010850 (0x0145ae03) x28 0x3f800000 mem 0x00010a2c
core   0: 0x00010854 (0x0185a303) lw      t1, 24(a1)
core   0: 3 0x00010854 (0x0185a303) x6  0x7fc00000 mem 0x00010a30
core   0: 0x00010858 (0x01c5a803) lw      a6, 28(a1)
core   0: 3 0x00010858 (0x01c5a803) x16 0x3f800000 mem 0x00010a34
core   0: 0x0001085c (0x02470713) addi    a4, a4, 36
core   0: 3 0x0001085c (0x02470713) x14 0x00017fa8
core   0: 0x00010860 (0xfed72e23) sw      a3, -4(a4)
core   0: 3 0x00010860 (0xfed72e23) mem 0x00017fa4 0x3f800000
core   0: 0x00010864 (0xfc772e23) sw      t2, -36(a4)
core   0: 3 0x00010864 (0xfc772e23) mem 0x00017f84 0xff800000
core   0: 0x00010868 (0x40e606b3) sub     a3, a2, a4
core   0: 3 0x00010868 (0x40e606b3) x13 0x00000000
core   0: 0x0001086c (0xfe572023) sw      t0, -32(a4)
core   0: 3 0x0001086c (0xfe572023) mem 0x00017f88 0x7f800000
core   0: 0x00010870 (0xfff72223) sw      t6, -28(a4)
core   0: 3 0x00010870 (0xfff72223) mem 0x00017f8c 0x00000000
core   0: 0x00010874 (0xffe72423) sw      t5, -24(a4)
core   0: 3 0x00010874 (0xffe72423) mem 0x00017f90 0x80000000
core   0: 0x00010878 (0xffd72623) sw      t4, -20(a4)
core   0: 3 0x00010878 (0xffd72623) mem 0x00017f94 0x7fc00000
core   0: 0x0001087c (0xffc72823) sw      t3, -16(a4)
core   0: 3 0x0001087c (0xffc72823) mem 0x00017f98 0x3f800000
core   0: 0x00010880 (0xfe672a23) sw      t1, -12(a4)
core   0: 3 0x00010880 (0xfe672a23) mem 0x00017f9c 0x7fc00000
core   0: 0x00010884 (0xff072c23) sw      a6, -8(a4)
core   0: 3 0x00010884 (0xff072c23) mem 0x00017fa0 0x3f800000
core   0: 0x00010888 (0x02458593) addi    a1, a1, 36
core   0: 3 0x00010888 (0x02458593) x11 0x00010a3c
core   0: 0x0001088c (0xfad7c6e3) blt     a5, a3, pc - 84
core   0: 3 0x0001088c (0xfad7c6e3)
core   0: 0x00010890 (0xf45ff06f) j       pc - 0xbc
core   0: 3 0x00010890 (0xf45ff06f)
core   0: 0x000107d4 (0x00058693) mv      a3, a1
core   0: 3 0x000107d4 (0x00058693) x13 0x00010a3c
core   0: 0x000107d8 (0x00070793) mv      a5, a4
core   0: 3 0x000107d8 (0x00070793) x15 0x00017fa8
core   0: 0x000107dc (0x02c77a63) bgeu    a4, a2, pc + 52
core   0: 3 0x000107dc (0x02c77a63)
core   0: 0x00010810 (0x01176863) bltu    a4, a7, pc + 16
core   0: 3 0x00010810 (0x01176863)
core   0: 0x00010814 (0x00008067) ret
core   0: 3 0x00010814 (0x00008067)
core   0: 0x000103ec (0x06c10993) addi    s3, sp, 108
core   0: 3 0x000103ec (0x06c10993) x19 0x00017fa8
core   0: 0x000103f0 (0x02400613) li      a2, 36
core   0: 3 0x000103f0 (0x02400613) x12 0x00000024
core   0: 0x000103f4 (0x17440593) addi    a1, s0, 372
core   0: 3 0x000103f4 (0x17440593) x11 0x00010a3c
core   0: 0x000103f8 (0x00098513) mv      a0, s3
core   0: 3 0x000103f8 (0x00098513) x10 0x00017fa8
core   0: 0x000103fc (0x3a4000ef) jal     pc + 0x3a4
core   0: 3 0x000103fc (0x3a4000ef) x1  0x00010400
core   0: >>>>  $xrv32i2p1_m2p0_f2p2_zicntr2p0_zicsr2p0_zmmul1p0
core   0: 0x000107a0 (0x00a5c7b3) xor     a5, a1, a0
core   0: 3 0x000107a0 (0x00a5c7b3) x15 0x00007594
core   0: 0x000107a4 (0x0037f793) andi    a5, a5, 3
core   0: 3 0x000107a4 (0x0037f793) x15 0x00000000
core   0: 0x000107a8 (0x00c508b3) add     a7, a0, a2
core   0: 3 0x000107a8 (0x00c508b3) x17 0x00017fcc
core   0: 0x000107ac (0x06079663) bnez    a5, pc + 108
core   0: 3 0x000107ac (0x06079663)
core   0: 0x000107b0 (0x00300793) li      a5, 3
core   0: 3 0x000107b0 (0x00300793) x15 0x00000003
core   0: 0x000107b4 (0x06c7f263) bgeu    a5, a2, pc + 100
core   0: 3 0x000107b4 (0x06c7f263)
core   0: 0x000107b8 (0x00357793) andi    a5, a0, 3
core   0: 3 0x000107b8 (0x00357793) x15 0x00000000
core   0: 0x000107bc (0x00050713) mv      a4, a0
core   0: 3 0x000107bc (0x00050713) x14 0x00017fa8
core   0: 0x000107c0 (0x0c079a63) bnez    a5, pc + 212
core   0: 3 0x000107c0 (0x0c079a63)
core   0: 0x000107c4 (0xffc8f613) andi    a2, a7, -4
core   0: 3 0x000107c4 (0xffc8f613) x12 0x00017fcc
core   0: 0x000107c8 (0x40e606b3) sub     a3, a2, a4
core   0: 3 0x000107c8 (0x40e606b3) x13 0x00000024
core   0: 0x000107cc (0x02000793) li      a5, 32
core   0: 3 0x000107cc (0x02000793) x15 0x00000020
core   0: 0x000107d0 (0x06d7c463) blt     a5, a3, pc + 104
core   0: 3 0x000107d0 (0x06d7c463)
core   0: 0x00010838 (0x0205a683) lw      a3, 32(a1)
core   0: 3 0x00010838 (0x0205a683) x13 0x40400000 mem 0x00010a5c
core   0: 0x0001083c (0x0005a383) lw      t2, 0(a1)
core   0: 3 0x0001083c (0x0005a383) x7  0x7fc00000 mem 0x00010a3c
core   0: 0x00010840 (0x0045a283) lw      t0, 4(a1)
core   0: 3 0x00010840 (0x0045a283) x5  0x7fc00000 mem 0x00010a40
core   0: 0x00010844 (0x0085af83) lw      t6, 8(a1)
core   0: 3 0x00010844 (0x0085af83) x31 0x00000000 mem 0x00010a44
core   0: 0x00010848 (0x00c5af03) lw      t5, 12(a1)
core   0: 3 0x00010848 (0x00c5af03) x30 0x00000000 mem 0x00010a48
core   0: 0x0001084c (0x0105ae83) lw      t4, 16(a1)
core   0: 3 0x0001084c (0x0105ae83) x29 0x7fc00000 mem 0x00010a4c
core   0: 0x00010850 (0x0145ae03) lw      t3, 20(a1)
core   0: 3 0x00010850 (0x0145ae03) x28 0x7fc00000 mem 0x00010a50
core   0: 0x00010854 (0x0185a303) lw      t1, 24(a1)
core   0: 3 0x00010854 (0x0185a303) x6  0x7fc00000 mem 0x00010a54
core   0: 0x00010858 (0x01c5a803) lw      a6, 28(a1)
core   0: 3 0x00010858 (0x01c5a803) x16 0x40000000 mem 0x00010a58
core   0: 0x0001085c (0x02470713) addi    a4, a4, 36
core   0: 3 0x0001085c (0x02470713) x14 0x00017fcc
core   0: 0x00010860 (0xfed72e23) sw      a3, -4(a4)
core   0: 3 0x00010860 (0xfed72e23) mem 0x00017fc8 0x40400000
core   0: 0x00010864 (0xfc772e23) sw      t2, -36(a4)
core   0: 3 0x00010864 (0xfc772e23) mem 0x00017fa8 0x7fc00000
core   0: 0x00010868 (0x40e606b3) sub     a3, a2, a4
core   0: 3 0x00010868 (0x40e606b3) x13 0x00000000
core   0: 0x0001086c (0xfe572023) sw      t0, -32(a4)
core   0: 3 0x0001086c (0xfe572023) mem 0x00017fac 0x7fc00000
core   0: 0x00010870 (0xfff72223) sw      t6, -28(a4)
core   0: 3 0x00010870 (0xfff72223) mem 0x00017fb0 0x00000000
core   0: 0x00010874 (0xffe72423) sw      t5, -24(a4)
core   0: 3 0x00010874 (0xffe72423) mem 0x00017fb4 0x00000000
core   0: 0x00010878 (0xffd72623) sw      t4, -20(a4)
core   0: 3 0x00010878 (0xffd72623) mem 0x00017fb8 0x7fc00000
core   0: 0x0001087c (0xffc72823) sw      t3, -16(a4)
core   0: 3 0x0001087c (0xffc72823) mem 0x00017fbc 0x7fc00000
core   0: 0x00010880 (0xfe672a23) sw      t1, -12(a4)
core   0: 3 0x00010880 (0xfe672a23) mem 0x00017fc0 0x7fc00000
core   0: 0x00010884 (0xff072c23) sw      a6, -8(a4)
core   0: 3 0x00010884 (0xff072c23) mem 0x00017fc4 0x40000000
core   0: 0x00010888 (0x02458593) addi    a1, a1, 36
core   0: 3 0x00010888 (0x02458593) x11 0x00010a60
core   0: 0x0001088c (0xfad7c6e3) blt     a5, a3, pc - 84
core   0: 3 0x0001088c (0xfad7c6e3)
core   0: 0x00010890 (0xf45ff06f) j       pc - 0xbc
core   0: 3 0x00010890 (0xf45ff06f)
core   0: 0x000107d4 (0x00058693) mv      a3, a1
core   0: 3 0x000107d4 (0x00058693) x13 0x00010a60
core   0: 0x000107d8 (0x00070793) mv      a5, a4
core   0: 3 0x000107d8 (0x00070793) x15 0x00017fcc
core   0: 0x000107dc (0x02c77a63) bgeu    a4, a2, pc + 52
core   0: 3 0x000107dc (0x02c77a63)
core   0: 0x00010810 (0x01176863) bltu    a4, a7, pc + 16
core   0: 3 0x00010810 (0x01176863)
core   0: 0x00010814 (0x00008067) ret
core   0: 3 0x00010814 (0x00008067)
core   0: 0x00010400 (0x00000713) li      a4, 0
core   0: 3 0x00010400 (0x00000713) x14 0x00000000
core   0: 0x00010404 (0x00010913) mv      s2, sp
core   0: 3 0x00010404 (0x00010913) x18 0x00017f3c
core   0: 0x00010408 (0x00900693) li      a3, 9
core   0: 3 0x00010408 (0x00900693) x13 0x00000009
core   0: 0x0001040c (0x00271793) slli    a5, a4, 2
core   0: 3 0x0001040c (0x00271793) x15 0x00000000
core   0: 0x00010410 (0x00fa0633) add     a2, s4, a5
core   0: 3 0x00010410 (0x00fa0633) x12 0x00017f60
core   0: 0x00010414 (0x00062787) flw     fa5, 0(a2)
core   0: 3 0x00010414 (0x00062787) f15 0x7f800000 c768_mstatus 0x80006000 mem 0x00017f60
core   0: 0x00010418 (0x00f48633) add     a2, s1, a5
core   0: 3 0x00010418 (0x00f48633) x12 0x00017f84
core   0: 0x0001041c (0x00062707) flw     fa4, 0(a2)
core   0: 3 0x0001041c (0x00062707) f14 0xff800000 mem 0x00017f84
core   0: 0x00010420 (0x012787b3) add     a5, a5, s2
core   0: 3 0x00010420 (0x012787b3) x15 0x00017f3c
core   0: 0x00010424 (0x00170713) addi    a4, a4, 1
core   0: 3 0x00010424 (0x00170713) x14 0x00000001
core   0: 0x00010428 (0x00e7f7d3) fadd.s  fa5, fa5, fa4
core   0: 3 0x00010428 (0x00e7f7d3) c1_fflags 0x00000010 f15 0x7fc00000
core   0: 0x0001042c (0x00f7a027) fsw     fa5, 0(a5)
core   0: 3 0x0001042c (0x00f7a027) mem 0x00017f3c 0x7fc00000
core   0: 0x00010430 (0xfcd71ee3) bne     a4, a3, pc - 36
core   0: 3 0x00010430 (0xfcd71ee3)
core   0: 0x0001040c (0x00271793) slli    a5, a4, 2
core   0: 3 0x0001040c (0x00271793) x15 0x00000004
core   0: 0x00010410 (0x00fa0633) add     a2, s4, a5
core   0: 3 0x00010410 (0x00fa0633) x12 0x00017f64
core   0: 0x00010414 (0x00062787) flw     fa5, 0(a2)
core   0: 3 0x00010414 (0x00062787) f15 0xff800000 mem 0x00017f64
core   0: 0x00010418 (0x00f48633) add     a2, s1, a5
core   0: 3 0x00010418 (0x00f48633) x12 0x00017f88
core   0: 0x0001041c (0x00062707) flw     fa4, 0(a2)
core   0: 3 0x0001041c (0x00062707) f14 0x7f800000 mem 0x00017f88
core   0: 0x00010420 (0x012787b3) add     a5, a5, s2
core   0: 3 0x00010420 (0x012787b3) x15 0x00017f40
core   0: 0x00010424 (0x00170713) addi    a4, a4, 1
core   0: 3 0x00010424 (0x00170713) x14 0x00000002
core   0: 0x00010428 (0x00e7f7d3) fadd.s  fa5, fa5, fa4
core   0: 3 0x00010428 (0x00e7f7d3) c1_fflags 0x00000010 f15 0x7fc00000
core   0: 0x0001042c (0x00f7a027) fsw     fa5, 0(a5)
core   0: 3 0x0001042c (0x00f7a027) mem 0x00017f40 0x7fc00000
core   0: 0x00010430 (0xfcd71ee3) bne     a4, a3, pc - 36
core   0: 3 0x00010430 (0xfcd71ee3)
core   0: 0x0001040c (0x00271793) slli    a5, a4, 2
core   0: 3 0x0001040c (0x00271793) x15 0x00000008
core   0: 0x00010410 (0x00fa0633) add     a2, s4, a5
core   0: 3 0x00010410 (0x00fa0633) x12 0x00017f68
core   0: 0x00010414 (0x00062787) flw     fa5, 0(a2)
core   0: 3 0x00010414 (0x00062787) f15 0x80000000 mem 0x00017f68
core   0: 0x00010418 (0x00f48633) add     a2, s1, a5
core   0: 3 0x00010418 (0x00f48633) x12 0x00017f8c
core   0: 0x0001041c (0x00062707) flw     fa4, 0(a2)
core   0: 3 0x0001041c (0x00062707) f14 0x00000000 mem 0x00017f8c
core   0: 0x00010420 (0x012787b3) add     a5, a5, s2
core   0: 3 0x00010420 (0x012787b3) x15 0x00017f44
core   0: 0x00010424 (0x00170713) addi    a4, a4, 1
core   0: 3 0x00010424 (0x00170713) x14 0x00000003
core   0: 0x00010428 (0x00e7f7d3) fadd.s  fa5, fa5, fa4
core   0: 3 0x00010428 (0x00e7f7d3) f15 0x00000000
core   0: 0x0001042c (0x00f7a027) fsw     fa5, 0(a5)
core   0: 3 0x0001042c (0x00f7a027) mem 0x00017f44 0x00000000
core   0: 0x00010430 (0xfcd71ee3) bne     a4, a3, pc - 36
core   0: 3 0x00010430 (0xfcd71ee3)
core   0: 0x0001040c (0x00271793) slli    a5, a4, 2
core   0: 3 0x0001040c (0x00271793) x15 0x0000000c
core   0: 0x00010410 (0x00fa0633) add     a2, s4, a5
core   0: 3 0x00010410 (0x00fa0633) x12 0x00017f6c
core   0: 0x00010414 (0x00062787) flw     fa5, 0(a2)
core   0: 3 0x00010414 (0x00062787) f15 0x00000000 mem 0x00017f6c
core   0: 0x00010418 (0x00f48633) add     a2, s1, a5
core   0: 3 0x00010418 (0x00f48633) x12 0x00017f90
core   0: 0x0001041c (0x00062707) flw     fa4, 0(a2)
core   0: 3 0x0001041c (0x00062707) f14 0x80000000 mem 0x00017f90
core   0: 0x00010420 (0x012787b3) add     a5, a5, s2
core   0: 3 0x00010420 (0x012787b3) x15 0x00017f48
core   0: 0x00010424 (0x00170713) addi    a4, a4, 1
core   0: 3 0x00010424 (0x00170713) x14 0x00000004
core   0: 0x00010428 (0x00e7f7d3) fadd.s  fa5, fa5, fa4
core   0: 3 0x00010428 (0x00e7f7d3) f15 0x00000000
core   0: 0x0001042c (0x00f7a027) fsw     fa5, 0(a5)
core   0: 3 0x0001042c (0x00f7a027) mem 0x00017f48 0x00000000
core   0: 0x00010430 (0xfcd71ee3) bne     a4, a3, pc - 36
core   0: 3 0x00010430 (0xfcd71ee3)
core   0: 0x0001040c (0x00271793) slli    a5, a4, 2
core   0: 3 0x0001040c (0x00271793) x15 0x00000010
core   0: 0x00010410 (0x00fa0633) add     a2, s4, a5
core   0: 3 0x00010410 (0x00fa0633) x12 0x00017f70
core   0: 0x00010414 (0x00062787) flw     fa5, 0(a2)
core   0: 3 0x00010414 (0x00062787) f15 0x00000000 mem 0x00017f70
core   0: 0x00010418 (0x00f48633) add     a2, s1, a5
core   0: 3 0x00010418 (0x00f48633) x12 0x00017f94
core   0: 0x0001041c (0x00062707) flw     fa4, 0(a2)
core   0: 3 0x0001041c (0x00062707) f14 0x7fc00000 mem 0x00017f94
core   0: 0x00010420 (0x012787b3) add     a5, a5, s2
core   0: 3 0x00010420 (0x012787b3) x15 0x00017f4c
core   0: 0x00010424 (0x00170713) addi    a4, a4, 1
core   0: 3 0x00010424 (0x00170713) x14 0x00000005
core   0: 0x00010428 (0x00e7f7d3) fadd.s  fa5, fa5, fa4
core   0: 3 0x00010428 (0x00e7f7d3) f15 0x7fc00000
core   0: 0x0001042c (0x00f7a027) fsw     fa5, 0(a5)
core   0: 3 0x0001042c (0x00f7a027) mem 0x00017f4c 0x7fc00000
core   0: 0x00010430 (0xfcd71ee3) bne     a4, a3, pc - 36
core   0: 3 0x00010430 (0xfcd71ee3)
core   0: 0x0001040c (0x00271793) slli    a5, a4, 2
core   0: 3 0x0001040c (0x00271793) x15 0x00000014
core   0: 0x00010410 (0x00fa0633) add     a2, s4, a5
core   0: 3 0x00010410 (0x00fa0633) x12 0x00017f74
core   0: 0x00010414 (0x00062787) flw     fa5, 0(a2)
core   0: 3 0x00010414 (0x00062787) f15 0x7fc00000 mem 0x00017f74
core   0: 0x00010418 (0x00f48633) add     a2, s1, a5
core   0: 3 0x00010418 (0x00f48633) x12 0x00017f98
core   0: 0x0001041c (0x00062707) flw     fa4, 0(a2)
core   0: 3 0x0001041c (0x00062707) f14 0x3f800000 mem 0x00017f98
core   0: 0x00010420 (0x012787b3) add     a5, a5, s2
core   0: 3 0x00010420 (0x012787b3) x15 0x00017f50
core   0: 0x00010424 (0x00170713) addi    a4, a4, 1
core   0: 3 0x00010424 (0x00170713) x14 0x00000006
core   0: 0x00010428 (0x00e7f7d3) fadd.s  fa5, fa5, fa4
core   0: 3 0x00010428 (0x00e7f7d3) f15 0x7fc00000
core   0: 0x0001042c (0x00f7a027) fsw     fa5, 0(a5)
core   0: 3 0x0001042c (0x00f7a027) mem 0x00017f50 0x7fc00000
core   0: 0x00010430 (0xfcd71ee3) bne     a4, a3, pc - 36
core   0: 3 0x00010430 (0xfcd71ee3)
core   0: 0x0001040c (0x00271793) slli    a5, a4, 2
core   0: 3 0x0001040c (0x00271793) x15 0x00000018
core   0: 0x00010410 (0x00fa0633) add     a2, s4, a5
core   0: 3 0x00010410 (0x00fa0633) x12 0x00017f78
core   0: 0x00010414 (0x00062787) flw     fa5, 0(a2)
core   0: 3 0x00010414 (0x00062787) f15 0x7fc00000 mem 0x00017f78
core   0: 0x00010418 (0x00f48633) add     a2, s1, a5
core   0: 3 0x00010418 (0x00f48633) x12 0x00017f9c
core   0: 0x0001041c (0x00062707) flw     fa4, 0(a2)
core   0: 3 0x0001041c (0x00062707) f14 0x7fc00000 mem 0x00017f9c
core   0: 0x00010420 (0x012787b3) add     a5, a5, s2
core   0: 3 0x00010420 (0x012787b3) x15 0x00017f54
core   0: 0x00010424 (0x00170713) addi    a4, a4, 1
core   0: 3 0x00010424 (0x00170713) x14 0x00000007
core   0: 0x00010428 (0x00e7f7d3) fadd.s  fa5, fa5, fa4
core   0: 3 0x00010428 (0x00e7f7d3) f15 0x7fc00000
core   0: 0x0001042c (0x00f7a027) fsw     fa5, 0(a5)
core   0: 3 0x0001042c (0x00f7a027) mem 0x00017f54 0x7fc00000
core   0: 0x00010430 (0xfcd71ee3) bne     a4, a3, pc - 36
core   0: 3 0x00010430 (0xfcd71ee3)
core   0: 0x0001040c (0x00271793) slli    a5, a4, 2
core   0: 3 0x0001040c (0x00271793) x15 0x0000001c
core   0: 0x00010410 (0x00fa0633) add     a2, s4, a5
core   0: 3 0x00010410 (0x00fa0633) x12 0x00017f7c
core   0: 0x00010414 (0x00062787) flw     fa5, 0(a2)
core   0: 3 0x00010414 (0x00062787) f15 0x3f800000 mem 0x00017f7c
core   0: 0x00010418 (0x00f48633) add     a2, s1, a5
core   0: 3 0x00010418 (0x00f48633) x12 0x00017fa0
core   0: 0x0001041c (0x00062707) flw     fa4, 0(a2)
core   0: 3 0x0001041c (0x00062707) f14 0x3f800000 mem 0x00017fa0
core   0: 0x00010420 (0x012787b3) add     a5, a5, s2
core   0: 3 0x00010420 (0x012787b3) x15 0x00017f58
core   0: 0x00010424 (0x00170713) addi    a4, a4, 1
core   0: 3 0x00010424 (0x00170713) x14 0x00000008
core   0: 0x00010428 (0x00e7f7d3) fadd.s  fa5, fa5, fa4
core   0: 3 0x00010428 (0x00e7f7d3) f15 0x40000000
core   0: 0x0001042c (0x00f7a027) fsw     fa5, 0(a5)
core   0: 3 0x0001042c (0x00f7a027) mem 0x00017f58 0x40000000
core   0: 0x00010430 (0xfcd71ee3) bne     a4, a3, pc - 36
core   0: 3 0x00010430 (0xfcd71ee3)
core   0: 0x0001040c (0x00271793) slli    a5, a4, 2
core   0: 3 0x0001040c (0x00271793) x15 0x00000020
core   0: 0x00010410 (0x00fa0633) add     a2, s4, a5
core   0: 3 0x00010410 (0x00fa0633) x12 0x00017f80
core   0: 0x00010414 (0x00062787) flw     fa5, 0(a2)
core   0: 3 0x00010414 (0x00062787) f15 0x40000000 mem 0x00017f80
core   0: 0x00010418 (0x00f48633) add     a2, s1, a5
core   0: 3 0x00010418 (0x00f48633) x12 0x00017fa4
core   0: 0x0001041c (0x00062707) flw     fa4, 0(a2)
core   0: 3 0x0001041c (0x00062707) f14 0x3f800000 mem 0x00017fa4
core   0: 0x00010420 (0x012787b3) add     a5, a5, s2
core   0: 3 0x00010420 (0x012787b3) x15 0x00017f5c
core   0: 0x00010424 (0x00170713) addi    a4, a4, 1
core   0: 3 0x00010424 (0x00170713) x14 0x00000009
core   0: 0x00010428 (0x00e7f7d3) fadd.s  fa5, fa5, fa4
core   0: 3 0x00010428 (0x00e7f7d3) f15 0x40400000
core   0: 0x0001042c (0x00f7a027) fsw     fa5, 0(a5)
core   0: 3 0x0001042c (0x00f7a027) mem 0x00017f5c 0x40400000
core   0: 0x00010430 (0xfcd71ee3) bne     a4, a3, pc - 36
core   0: 3 0x00010430 (0xfcd71ee3)
core   0: 0x00010434 (0x000084b7) lui     s1, 0x8
core   0: 3 0x00010434 (0x000084b7) x9  0x00008000
core   0: 0x00010438 (0x00000413) li      s0, 0
core   0: 3 0x00010438 (0x00000413) x8  0x00000000
core   0: 0x0001043c (0x01048493) addi    s1, s1, 16
core   0: 3 0x0001043c (0x01048493) x9  0x00008010
core   0: 0x00010440 (0x02400a13) li      s4, 36
core   0: 3 0x00010440 (0x02400a13) x20 0x00000024
core   0: 0x00010444 (0x008985b3) add     a1, s3, s0
core   0: 3 0x00010444 (0x008985b3) x11 0x00017fa8
core   0: 0x00010448 (0x00890533) add     a0, s2, s0
core   0: 3 0x00010448 (0x00890533) x10 0x00017f3c
core   0: 0x0001044c (0x00400613) li      a2, 4
core   0: 3 0x0001044c (0x00400613) x12 0x00000004
core   0: 0x00010450 (0x2dc000ef) jal     pc + 0x2dc
core   0: 3 0x00010450 (0x2dc000ef) x1  0x00010454
core   0: >>>>  memcmp
core   0: 0x0001072c (0x00300793) li      a5, 3
core   0: 3 0x0001072c (0x00300793) x15 0x00000003
core   0: 0x00010730 (0x02c7f663) bgeu    a5, a2, pc + 44
core   0: 3 0x00010730 (0x02c7f663)
core   0: 0x00010734 (0x00a5e733) or      a4, a1, a0
core   0: 3 0x00010734 (0x00a5e733) x14 0x00017fbc
core   0: 0x00010738 (0x00377713) andi    a4, a4, 3
core   0: 3 0x00010738 (0x00377713) x14 0x00000000
core   0: 0x0001073c (0x04071e63) bnez    a4, pc + 92
core   0: 3 0x0001073c (0x04071e63)
core   0: 0x00010740 (0x00052683) lw      a3, 0(a0)
core   0: 3 0x00010740 (0x00052683) x13 0x7fc00000 mem 0x00017f3c
core   0: 0x00010744 (0x0005a703) lw      a4, 0(a1)
core   0: 3 0x00010744 (0x0005a703) x14 0x7fc00000 mem 0x00017fa8
core   0: 0x00010748 (0x04e69863) bne     a3, a4, pc + 80
core   0: 3 0x00010748 (0x04e69863)
core   0: 0x0001074c (0xffc60613) addi    a2, a2, -4
core   0: 3 0x0001074c (0xffc60613) x12 0x00000000
core   0: 0x00010750 (0x00450513) addi    a0, a0, 4
core   0: 3 0x00010750 (0x00450513) x10 0x00017f40
core   0: 0x00010754 (0x00458593) addi    a1, a1, 4
core   0: 3 0x00010754 (0x00458593) x11 0x00017fac
core   0: 0x00010758 (0xfec7e4e3) bltu    a5, a2, pc - 24
core   0: 3 0x00010758 (0xfec7e4e3)
core   0: 0x0001075c (0xfff60693) addi    a3, a2, -1
core   0: 3 0x0001075c (0xfff60693) x13 0xffffffff
core   0: 0x00010760 (0x02060863) beqz    a2, pc + 48
core   0: 3 0x00010760 (0x02060863)
core   0: 0x00010790 (0x00000513) li      a0, 0
core   0: 3 0x00010790 (0x00000513) x10 0x00000000
core   0: 0x00010794 (0x00008067) ret
core   0: 3 0x00010794 (0x00008067)
core   0: 0x00010454 (0x00153513) seqz    a0, a0
core   0: 3 0x00010454 (0x00153513) x10 0x00000001
core   0: 0x00010458 (0x00a48023) sb      a0, 0(s1)
core   0: 3 0x00010458 (0x00a48023) mem 0x00008010 0x01
core   0: 0x0001045c (0x00440413) addi    s0, s0, 4
core   0: 3 0x0001045c (0x00440413) x8  0x00000004
core   0: 0x00010460 (0xff4412e3) bne     s0, s4, pc - 28
core   0: 3 0x00010460 (0xff4412e3)
core   0: 0x00010444 (0x008985b3) add     a1, s3, s0
core   0: 3 0x00010444 (0x008985b3) x11 0x00017fac
core   0: 0x00010448 (0x00890533) add     a0, s2, s0
core   0: 3 0x00010448 (0x00890533) x10 0x00017f40
core   0: 0x0001044c (0x00400613) li      a2, 4
core   0: 3 0x0001044c (0x00400613) x12 0x00000004
core   0: 0x00010450 (0x2dc000ef) jal     pc + 0x2dc
core   0: 3 0x00010450 (0x2dc000ef) x1  0x00010454
core   0: >>>>  memcmp
core   0: 0x0001072c (0x00300793) li      a5, 3
core   0: 3 0x0001072c (0x00300793) x15 0x00000003
core   0: 0x00010730 (0x02c7f663) bgeu    a5, a2, pc + 44
core   0: 3 0x00010730 (0x02c7f663)
core   0: 0x00010734 (0x00a5e733) or      a4, a1, a0
core   0: 3 0x00010734 (0x00a5e733) x14 0x00017fec
core   0: 0x00010738 (0x00377713) andi    a4, a4, 3
core   0: 3 0x00010738 (0x00377713) x14 0x00000000
core   0: 0x0001073c (0x04071e63) bnez    a4, pc + 92
core   0: 3 0x0001073c (0x04071e63)
core   0: 0x00010740 (0x00052683) lw      a3, 0(a0)
core   0: 3 0x00010740 (0x00052683) x13 0x7fc00000 mem 0x00017f40
core   0: 0x00010744 (0x0005a703) lw      a4, 0(a1)
core   0: 3 0x00010744 (0x0005a703) x14 0x7fc00000 mem 0x00017fac
core   0: 0x00010748 (0x04e69863) bne     a3, a4, pc + 80
core   0: 3 0x00010748 (0x04e69863)
core   0: 0x0001074c (0xffc60613) addi    a2, a2, -4
core   0: 3 0x0001074c (0xffc60613) x12 0x00000000
core   0: 0x00010750 (0x00450513) addi    a0, a0, 4
core   0: 3 0x00010750 (0x00450513) x10 0x00017f44
core   0: 0x00010754 (0x00458593) addi    a1, a1, 4
core   0: 3 0x00010754 (0x00458593) x11 0x00017fb0
core   0: 0x00010758 (0xfec7e4e3) bltu    a5, a2, pc - 24
core   0: 3 0x00010758 (0xfec7e4e3)
core   0: 0x0001075c (0xfff60693) addi    a3, a2, -1
core   0: 3 0x0001075c (0xfff60693) x13 0xffffffff
core   0: 0x00010760 (0x02060863) beqz    a2, pc + 48
core   0: 3 0x00010760 (0x02060863)
core   0: 0x00010790 (0x00000513) li      a0, 0
core   0: 3 0x00010790 (0x00000513) x10 0x00000000
core   0: 0x00010794 (0x00008067) ret
core   0: 3 0x00010794 (0x00008067)
core   0: 0x00010454 (0x00153513) seqz    a0, a0
core   0: 3 0x00010454 (0x00153513) x10 0x00000001
core   0: 0x00010458 (0x00a48023) sb      a0, 0(s1)
core   0: 3 0x00010458 (0x00a48023) mem 0x00008010 0x01
core   0: 0x0001045c (0x00440413) addi    s0, s0, 4
core   0: 3 0x0001045c (0x00440413) x8  0x00000008
core   0: 0x00010460 (0xff4412e3) bne     s0, s4, pc - 28
core   0: 3 0x00010460 (0xff4412e3)
core   0: 0x00010444 (0x008985b3) add     a1, s3, s0
core   0: 3 0x00010444 (0x008985b3) x11 0x00017fb0
core   0: 0x00010448 (0x00890533) add     a0, s2, s0
core   0: 3 0x00010448 (0x00890533) x10 0x00017f44
core   0: 0x0001044c (0x00400613) li      a2, 4
core   0: 3 0x0001044c (0x00400613) x12 0x00000004
core   0: 0x00010450 (0x2dc000ef) jal     pc + 0x2dc
core   0: 3 0x00010450 (0x2dc000ef) x1  0x00010454
core   0: >>>>  memcmp
core   0: 0x0001072c (0x00300793) li      a5, 3
core   0: 3 0x0001072c (0x00300793) x15 0x00000003
core   0: 0x00010730 (0x02c7f663) bgeu    a5, a2, pc + 44
core   0: 3 0x00010730 (0x02c7f663)
core   0: 0x00010734 (0x00a5e733) or      a4, a1, a0
core   0: 3 0x00010734 (0x00a5e733) x14 0x00017ff4
core   0: 0x00010738 (0x00377713) andi    a4, a4, 3
core   0: 3 0x00010738 (0x00377713) x14 0x00000000
core   0: 0x0001073c (0x04071e63) bnez    a4, pc + 92
core   0: 3 0x0001073c (0x04071e63)
core   0: 0x00010740 (0x00052683) lw      a3, 0(a0)
core   0: 3 0x00010740 (0x00052683) x13 0x00000000 mem 0x00017f44
core   0: 0x00010744 (0x0005a703) lw      a4, 0(a1)
core   0: 3 0x00010744 (0x0005a703) x14 0x00000000 mem 0x00017fb0
core   0: 0x00010748 (0x04e69863) bne     a3, a4, pc + 80
core   0: 3 0x00010748 (0x04e69863)
core   0: 0x0001074c (0xffc60613) addi    a2, a2, -4
core   0: 3 0x0001074c (0xffc60613) x12 0x00000000
core   0: 0x00010750 (0x00450513) addi    a0, a0, 4
core   0: 3 0x00010750 (0x00450513) x10 0x00017f48
core   0: 0x00010754 (0x00458593) addi    a1, a1, 4
core   0: 3 0x00010754 (0x00458593) x11 0x00017fb4
core   0: 0x00010758 (0xfec7e4e3) bltu    a5, a2, pc - 24
core   0: 3 0x00010758 (0xfec7e4e3)
core   0: 0x0001075c (0xfff60693) addi    a3, a2, -1
core   0: 3 0x0001075c (0xfff60693) x13 0xffffffff
core   0: 0x00010760 (0x02060863) beqz    a2, pc + 48
core   0: 3 0x00010760 (0x02060863)
core   0: 0x00010790 (0x00000513) li      a0, 0
core   0: 3 0x00010790 (0x00000513) x10 0x00000000
core   0: 0x00010794 (0x00008067) ret
core   0: 3 0x00010794 (0x00008067)
core   0: 0x00010454 (0x00153513) seqz    a0, a0
core   0: 3 0x00010454 (0x00153513) x10 0x00000001
core   0: 0x00010458 (0x00a48023) sb      a0, 0(s1)
core   0: 3 0x00010458 (0x00a48023) mem 0x00008010 0x01
core   0: 0x0001045c (0x00440413) addi    s0, s0, 4
core   0: 3 0x0001045c (0x00440413) x8  0x0000000c
core   0: 0x00010460 (0xff4412e3) bne     s0, s4, pc - 28
core   0: 3 0x00010460 (0xff4412e3)
core   0: 0x00010444 (0x008985b3) add     a1, s3, s0
core   0: 3 0x00010444 (0x008985b3) x11 0x00017fb4
core   0: 0x00010448 (0x00890533) add     a0, s2, s0
core   0: 3 0x00010448 (0x00890533) x10 0x00017f48
core   0: 0x0001044c (0x00400613) li      a2, 4
core   0: 3 0x0001044c (0x00400613) x12 0x00000004
core   0: 0x00010450 (0x2dc000ef) jal     pc + 0x2dc
core   0: 3 0x00010450 (0x2dc000ef) x1  0x00010454
core   0: >>>>  memcmp
core   0: 0x0001072c (0x00300793) li      a5, 3
core   0: 3 0x0001072c (0x00300793) x15 0x00000003
core   0: 0x00010730 (0x02c7f663) bgeu    a5, a2, pc + 44
core   0: 3 0x00010730 (0x02c7f663)
core   0: 0x00010734 (0x00a5e733) or      a4, a1, a0
core   0: 3 0x00010734 (0x00a5e733) x14 0x00017ffc
core   0: 0x00010738 (0x00377713) andi    a4, a4, 3
core   0: 3 0x00010738 (0x00377713) x14 0x00000000
core   0: 0x0001073c (0x04071e63) bnez    a4, pc + 92
core   0: 3 0x0001073c (0x04071e63)
core   0: 0x00010740 (0x00052683) lw      a3, 0(a0)
core   0: 3 0x00010740 (0x00052683) x13 0x00000000 mem 0x00017f48
core   0: 0x00010744 (0x0005a703) lw      a4, 0(a1)
core   0: 3 0x00010744 (0x0005a703) x14 0x00000000 mem 0x00017fb4
core   0: 0x00010748 (0x04e69863) bne     a3, a4, pc + 80
core   0: 3 0x00010748 (0x04e69863)
core   0: 0x0001074c (0xffc60613) addi    a2, a2, -4
core   0: 3 0x0001074c (0xffc60613) x12 0x00000000
core   0: 0x00010750 (0x00450513) addi    a0, a0, 4
core   0: 3 0x00010750 (0x00450513) x10 0x00017f4c
core   0: 0x00010754 (0x00458593) addi    a1, a1, 4
core   0: 3 0x00010754 (0x00458593) x11 0x00017fb8
core   0: 0x00010758 (0xfec7e4e3) bltu    a5, a2, pc - 24
core   0: 3 0x00010758 (0xfec7e4e3)
core   0: 0x0001075c (0xfff60693) addi    a3, a2, -1
core   0: 3 0x0001075c (0xfff60693) x13 0xffffffff
core   0: 0x00010760 (0x02060863) beqz    a2, pc + 48
core   0: 3 0x00010760 (0x02060863)
core   0: 0x00010790 (0x00000513) li      a0, 0
core   0: 3 0x00010790 (0x00000513) x10 0x00000000
core   0: 0x00010794 (0x00008067) ret
core   0: 3 0x00010794 (0x00008067)
core   0: 0x00010454 (0x00153513) seqz    a0, a0
core   0: 3 0x00010454 (0x00153513) x10 0x00000001
core   0: 0x00010458 (0x00a48023) sb      a0, 0(s1)
core   0: 3 0x00010458 (0x00a48023) mem 0x00008010 0x01
core   0: 0x0001045c (0x00440413) addi    s0, s0, 4
core   0: 3 0x0001045c (0x00440413) x8  0x00000010
core   0: 0x00010460 (0xff4412e3) bne     s0, s4, pc - 28
core   0: 3 0x00010460 (0xff4412e3)
core   0: 0x00010444 (0x008985b3) add     a1, s3, s0
core   0: 3 0x00010444 (0x008985b3) x11 0x00017fb8
core   0: 0x00010448 (0x00890533) add     a0, s2, s0
core   0: 3 0x00010448 (0x00890533) x10 0x00017f4c
core   0: 0x0001044c (0x00400613) li      a2, 4
core   0: 3 0x0001044c (0x00400613) x12 0x00000004
core   0: 0x00010450 (0x2dc000ef) jal     pc + 0x2dc
core   0: 3 0x00010450 (0x2dc000ef) x1  0x00010454
core   0: >>>>  memcmp
core   0: 0x0001072c (0x00300793) li      a5, 3
core   0: 3 0x0001072c (0x00300793) x15 0x00000003
core   0: 0x00010730 (0x02c7f663) bgeu    a5, a2, pc + 44
core   0: 3 0x00010730 (0x02c7f663)
core   0: 0x00010734 (0x00a5e733) or      a4, a1, a0
core   0: 3 0x00010734 (0x00a5e733) x14 0x00017ffc
core   0: 0x00010738 (0x00377713) andi    a4, a4, 3
core   0: 3 0x00010738 (0x00377713) x14 0x00000000
core   0: 0x0001073c (0x04071e63) bnez    a4, pc + 92
core   0: 3 0x0001073c (0x04071e63)
core   0: 0x00010740 (0x00052683) lw      a3, 0(a0)
core   0: 3 0x00010740 (0x00052683) x13 0x7fc00000 mem 0x00017f4c
core   0: 0x00010744 (0x0005a703) lw      a4, 0(a1)
core   0: 3 0x00010744 (0x0005a703) x14 0x7fc00000 mem 0x00017fb8
core   0: 0x00010748 (0x04e69863) bne     a3, a4, pc + 80
core   0: 3 0x00010748 (0x04e69863)
core   0: 0x0001074c (0xffc60613) addi    a2, a2, -4
core   0: 3 0x0001074c (0xffc60613) x12 0x00000000
core   0: 0x00010750 (0x00450513) addi    a0, a0, 4
core   0: 3 0x00010750 (0x00450513) x10 0x00017f50
core   0: 0x00010754 (0x00458593) addi    a1, a1, 4
core   0: 3 0x00010754 (0x00458593) x11 0x00017fbc
core   0: 0x00010758 (0xfec7e4e3) bltu    a5, a2, pc - 24
core   0: 3 0x00010758 (0xfec7e4e3)
core   0: 0x0001075c (0xfff60693) addi    a3, a2, -1
core   0: 3 0x0001075c (0xfff60693) x13 0xffffffff
core   0: 0x00010760 (0x02060863) beqz    a2, pc + 48
core   0: 3 0x00010760 (0x02060863)
core   0: 0x00010790 (0x00000513) li      a0, 0
core   0: 3 0x00010790 (0x00000513) x10 0x00000000
core   0: 0x00010794 (0x00008067) ret
core   0: 3 0x00010794 (0x00008067)
core   0: 0x00010454 (0x00153513) seqz    a0, a0
core   0: 3 0x00010454 (0x00153513) x10 0x00000001
core   0: 0x00010458 (0x00a48023) sb      a0, 0(s1)
core   0: 3 0x00010458 (0x00a48023) mem 0x00008010 0x01
core   0: 0x0001045c (0x00440413) addi    s0, s0, 4
core   0: 3 0x0001045c (0x00440413) x8  0x00000014
core   0: 0x00010460 (0xff4412e3) bne     s0, s4, pc - 28
core   0: 3 0x00010460 (0xff4412e3)
core   0: 0x00010444 (0x008985b3) add     a1, s3, s0
core   0: 3 0x00010444 (0x008985b3) x11 0x00017fbc
core   0: 0x00010448 (0x00890533) add     a0, s2, s0
core   0: 3 0x00010448 (0x00890533) x10 0x00017f50
core   0: 0x0001044c (0x00400613) li      a2, 4
core   0: 3 0x0001044c (0x00400613) x12 0x00000004
core   0: 0x00010450 (0x2dc000ef) jal     pc + 0x2dc
core   0: 3 0x00010450 (0x2dc000ef) x1  0x00010454
core   0: >>>>  memcmp
core   0: 0x0001072c (0x00300793) li      a5, 3
core   0: 3 0x0001072c (0x00300793) x15 0x00000003
core   0: 0x00010730 (0x02c7f663) bgeu    a5, a2, pc + 44
core   0: 3 0x00010730 (0x02c7f663)
core   0: 0x00010734 (0x00a5e733) or      a4, a1, a0
core   0: 3 0x00010734 (0x00a5e733) x14 0x00017ffc
core   0: 0x00010738 (0x00377713) andi    a4, a4, 3
core   0: 3 0x00010738 (0x00377713) x14 0x00000000
core   0: 0x0001073c (0x04071e63) bnez    a4, pc + 92
core   0: 3 0x0001073c (0x04071e63)
core   0: 0x00010740 (0x00052683) lw      a3, 0(a0)
core   0: 3 0x00010740 (0x00052683) x13 0x7fc00000 mem 0x00017f50
core   0: 0x00010744 (0x0005a703) lw      a4, 0(a1)
core   0: 3 0x00010744 (0x0005a703) x14 0x7fc00000 mem 0x00017fbc
core   0: 0x00010748 (0x04e69863) bne     a3, a4, pc + 80
core   0: 3 0x00010748 (0x04e69863)
core   0: 0x0001074c (0xffc60613) addi    a2, a2, -4
core   0: 3 0x0001074c (0xffc60613) x12 0x00000000
core   0: 0x00010750 (0x00450513) addi    a0, a0, 4
core   0: 3 0x00010750 (0x00450513) x10 0x00017f54
core   0: 0x00010754 (0x00458593) addi    a1, a1, 4
core   0: 3 0x00010754 (0x00458593) x11 0x00017fc0
core   0: 0x00010758 (0xfec7e4e3) bltu    a5, a2, pc - 24
core   0: 3 0x00010758 (0xfec7e4e3)
core   0: 0x0001075c (0xfff60693) addi    a3, a2, -1
core   0: 3 0x0001075c (0xfff60693) x13 0xffffffff
core   0: 0x00010760 (0x02060863) beqz    a2, pc + 48
core   0: 3 0x00010760 (0x02060863)
core   0: 0x00010790 (0x00000513) li      a0, 0
core   0: 3 0x00010790 (0x00000513) x10 0x00000000
core   0: 0x00010794 (0x00008067) ret
core   0: 3 0x00010794 (0x00008067)
core   0: 0x00010454 (0x00153513) seqz    a0, a0
core   0: 3 0x00010454 (0x00153513) x10 0x00000001
core   0: 0x00010458 (0x00a48023) sb      a0, 0(s1)
core   0: 3 0x00010458 (0x00a48023) mem 0x00008010 0x01
core   0: 0x0001045c (0x00440413) addi    s0, s0, 4
core   0: 3 0x0001045c (0x00440413) x8  0x00000018
core   0: 0x00010460 (0xff4412e3) bne     s0, s4, pc - 28
core   0: 3 0x00010460 (0xff4412e3)
core   0: 0x00010444 (0x008985b3) add     a1, s3, s0
core   0: 3 0x00010444 (0x008985b3) x11 0x00017fc0
core   0: 0x00010448 (0x00890533) add     a0, s2, s0
core   0: 3 0x00010448 (0x00890533) x10 0x00017f54
core   0: 0x0001044c (0x00400613) li      a2, 4
core   0: 3 0x0001044c (0x00400613) x12 0x00000004
core   0: 0x00010450 (0x2dc000ef) jal     pc + 0x2dc
core   0: 3 0x00010450 (0x2dc000ef) x1  0x00010454
core   0: >>>>  memcmp
core   0: 0x0001072c (0x00300793) li      a5, 3
core   0: 3 0x0001072c (0x00300793) x15 0x00000003
core   0: 0x00010730 (0x02c7f663) bgeu    a5, a2, pc + 44
core   0: 3 0x00010730 (0x02c7f663)
core   0: 0x00010734 (0x00a5e733) or      a4, a1, a0
core   0: 3 0x00010734 (0x00a5e733) x14 0x00017fd4
core   0: 0x00010738 (0x00377713) andi    a4, a4, 3
core   0: 3 0x00010738 (0x00377713) x14 0x00000000
core   0: 0x0001073c (0x04071e63) bnez    a4, pc + 92
core   0: 3 0x0001073c (0x04071e63)
core   0: 0x00010740 (0x00052683) lw      a3, 0(a0)
core   0: 3 0x00010740 (0x00052683) x13 0x7fc00000 mem 0x00017f54
core   0: 0x00010744 (0x0005a703) lw      a4, 0(a1)
core   0: 3 0x00010744 (0x0005a703) x14 0x7fc00000 mem 0x00017fc0
core   0: 0x00010748 (0x04e69863) bne     a3, a4, pc + 80
core   0: 3 0x00010748 (0x04e69863)
core   0: 0x0001074c (0xffc60613) addi    a2, a2, -4
core   0: 3 0x0001074c (0xffc60613) x12 0x00000000
core   0: 0x00010750 (0x00450513) addi    a0, a0, 4
core   0: 3 0x00010750 (0x00450513) x10 0x00017f58
core   0: 0x00010754 (0x00458593) addi    a1, a1, 4
core   0: 3 0x00010754 (0x00458593) x11 0x00017fc4
core   0: 0x00010758 (0xfec7e4e3) bltu    a5, a2, pc - 24
core   0: 3 0x00010758 (0xfec7e4e3)
core   0: 0x0001075c (0xfff60693) addi    a3, a2, -1
core   0: 3 0x0001075c (0xfff60693) x13 0xffffffff
core   0: 0x00010760 (0x02060863) beqz    a2, pc + 48
core   0: 3 0x00010760 (0x02060863)
core   0: 0x00010790 (0x00000513) li      a0, 0
core   0: 3 0x00010790 (0x00000513) x10 0x00000000
core   0: 0x00010794 (0x00008067) ret
core   0: 3 0x00010794 (0x00008067)
core   0: 0x00010454 (0x00153513) seqz    a0, a0
core   0: 3 0x00010454 (0x00153513) x10 0x00000001
core   0: 0x00010458 (0x00a48023) sb      a0, 0(s1)
core   0: 3 0x00010458 (0x00a48023) mem 0x00008010 0x01
core   0: 0x0001045c (0x00440413) addi    s0, s0, 4
core   0: 3 0x0001045c (0x00440413) x8  0x0000001c
core   0: 0x00010460 (0xff4412e3) bne     s0, s4, pc - 28
core   0: 3 0x00010460 (0xff4412e3)
core   0: 0x00010444 (0x008985b3) add     a1, s3, s0
core   0: 3 0x00010444 (0x008985b3) x11 0x00017fc4
core   0: 0x00010448 (0x00890533) add     a0, s2, s0
core   0: 3 0x00010448 (0x00890533) x10 0x00017f58
core   0: 0x0001044c (0x00400613) li      a2, 4
core   0: 3 0x0001044c (0x00400613) x12 0x00000004
core   0: 0x00010450 (0x2dc000ef) jal     pc + 0x2dc
core   0: 3 0x00010450 (0x2dc000ef) x1  0x00010454
core   0: >>>>  memcmp
core   0: 0x0001072c (0x00300793) li      a5, 3
core   0: 3 0x0001072c (0x00300793) x15 0x00000003
core   0: 0x00010730 (0x02c7f663) bgeu    a5, a2, pc + 44
core   0: 3 0x00010730 (0x02c7f663)
core   0: 0x00010734 (0x00a5e733) or      a4, a1, a0
core   0: 3 0x00010734 (0x00a5e733) x14 0x00017fdc
core   0: 0x00010738 (0x00377713) andi    a4, a4, 3
core   0: 3 0x00010738 (0x00377713) x14 0x00000000
core   0: 0x0001073c (0x04071e63) bnez    a4, pc + 92
core   0: 3 0x0001073c (0x04071e63)
core   0: 0x00010740 (0x00052683) lw      a3, 0(a0)
core   0: 3 0x00010740 (0x00052683) x13 0x40000000 mem 0x00017f58
core   0: 0x00010744 (0x0005a703) lw      a4, 0(a1)
core   0: 3 0x00010744 (0x0005a703) x14 0x40000000 mem 0x00017fc4
core   0: 0x00010748 (0x04e69863) bne     a3, a4, pc + 80
core   0: 3 0x00010748 (0x04e69863)
core   0: 0x0001074c (0xffc60613) addi    a2, a2, -4
core   0: 3 0x0001074c (0xffc60613) x12 0x00000000
core   0: 0x00010750 (0x00450513) addi    a0, a0, 4
core   0: 3 0x00010750 (0x00450513) x10 0x00017f5c
core   0: 0x00010754 (0x00458593) addi    a1, a1, 4
core   0: 3 0x00010754 (0x00458593) x11 0x00017fc8
core   0: 0x00010758 (0xfec7e4e3) bltu    a5, a2, pc - 24
core   0: 3 0x00010758 (0xfec7e4e3)
core   0: 0x0001075c (0xfff60693) addi    a3, a2, -1
core   0: 3 0x0001075c (0xfff60693) x13 0xffffffff
core   0: 0x00010760 (0x02060863) beqz    a2, pc + 48
core   0: 3 0x00010760 (0x02060863)
core   0: 0x00010790 (0x00000513) li      a0, 0
core   0: 3 0x00010790 (0x00000513) x10 0x00000000
core   0: 0x00010794 (0x00008067) ret
core   0: 3 0x00010794 (0x00008067)
core   0: 0x00010454 (0x00153513) seqz    a0, a0
core   0: 3 0x00010454 (0x00153513) x10 0x00000001
core   0: 0x00010458 (0x00a48023) sb      a0, 0(s1)
core   0: 3 0x00010458 (0x00a48023) mem 0x00008010 0x01
core   0: 0x0001045c (0x00440413) addi    s0, s0, 4
core   0: 3 0x0001045c (0x00440413) x8  0x00000020
core   0: 0x00010460 (0xff4412e3) bne     s0, s4, pc - 28
core   0: 3 0x00010460 (0xff4412e3)
core   0: 0x00010444 (0x008985b3) add     a1, s3, s0
core   0: 3 0x00010444 (0x008985b3) x11 0x00017fc8
core   0: 0x00010448 (0x00890533) add     a0, s2, s0
core   0: 3 0x00010448 (0x00890533) x10 0x00017f5c
core   0: 0x0001044c (0x00400613) li      a2, 4
core   0: 3 0x0001044c (0x00400613) x12 0x00000004
core   0: 0x00010450 (0x2dc000ef) jal     pc + 0x2dc
core   0: 3 0x00010450 (0x2dc000ef) x1  0x00010454
core   0: >>>>  memcmp
core   0: 0x0001072c (0x00300793) li      a5, 3
core   0: 3 0x0001072c (0x00300793) x15 0x00000003
core   0: 0x00010730 (0x02c7f663) bgeu    a5, a2, pc + 44
core   0: 3 0x00010730 (0x02c7f663)
core   0: 0x00010734 (0x00a5e733) or      a4, a1, a0
core   0: 3 0x00010734 (0x00a5e733) x14 0x00017fdc
core   0: 0x00010738 (0x00377713) andi    a4, a4, 3
core   0: 3 0x00010738 (0x00377713) x14 0x00000000
core   0: 0x0001073c (0x04071e63) bnez    a4, pc + 92
core   0: 3 0x0001073c (0x04071e63)
core   0: 0x00010740 (0x00052683) lw      a3, 0(a0)
core   0: 3 0x00010740 (0x00052683) x13 0x40400000 mem 0x00017f5c
core   0: 0x00010744 (0x0005a703) lw      a4, 0(a1)
core   0: 3 0x00010744 (0x0005a703) x14 0x40400000 mem 0x00017fc8
core   0: 0x00010748 (0x04e69863) bne     a3, a4, pc + 80
core   0: 3 0x00010748 (0x04e69863)
core   0: 0x0001074c (0xffc60613) addi    a2, a2, -4
core   0: 3 0x0001074c (0xffc60613) x12 0x00000000
core   0: 0x00010750 (0x00450513) addi    a0, a0, 4
core   0: 3 0x00010750 (0x00450513) x10 0x00017f60
core   0: 0x00010754 (0x00458593) addi    a1, a1, 4
core   0: 3 0x00010754 (0x00458593) x11 0x00017fcc
core   0: 0x00010758 (0xfec7e4e3) bltu    a5, a2, pc - 24
core   0: 3 0x00010758 (0xfec7e4e3)
core   0: 0x0001075c (0xfff60693) addi    a3, a2, -1
core   0: 3 0x0001075c (0xfff60693) x13 0xffffffff
core   0: 0x00010760 (0x02060863) beqz    a2, pc + 48
core   0: 3 0x00010760 (0x02060863)
core   0: 0x00010790 (0x00000513) li      a0, 0
core   0: 3 0x00010790 (0x00000513) x10 0x00000000
core   0: 0x00010794 (0x00008067) ret
core   0: 3 0x00010794 (0x00008067)
core   0: 0x00010454 (0x00153513) seqz    a0, a0
core   0: 3 0x00010454 (0x00153513) x10 0x00000001
core   0: 0x00010458 (0x00a48023) sb      a0, 0(s1)
core   0: 3 0x00010458 (0x00a48023) mem 0x00008010 0x01
core   0: 0x0001045c (0x00440413) addi    s0, s0, 4
core   0: 3 0x0001045c (0x00440413) x8  0x00000024
core   0: 0x00010460 (0xff4412e3) bne     s0, s4, pc - 28
core   0: 3 0x00010460 (0xff4412e3)
core   0: 0x00010464 (0x0ac12083) lw      ra, 172(sp)
core   0: 3 0x00010464 (0x0ac12083) x1  0x0001004c mem 0x00017fe8
core   0: 0x00010468 (0x0a812403) lw      s0, 168(sp)
core   0: 3 0x00010468 (0x0a812403) x8  0x00017000 mem 0x00017fe4
core   0: 0x0001046c (0x0a412483) lw      s1, 164(sp)
core   0: 3 0x0001046c (0x0a412483) x9  0x0000000a mem 0x00017fe0
core   0: 0x00010470 (0x0a012903) lw      s2, 160(sp)
core   0: 3 0x00010470 (0x0a012903) x18 0x00000000 mem 0x00017fdc
core   0: 0x00010474 (0x09c12983) lw      s3, 156(sp)
core   0: 3 0x00010474 (0x09c12983) x19 0x00000000 mem 0x00017fd8
core   0: 0x00010478 (0x09812a03) lw      s4, 152(sp)
core   0: 3 0x00010478 (0x09812a03) x20 0x00000000 mem 0x00017fd4
core   0: 0x0001047c (0x0b010113) addi    sp, sp, 176
core   0: 3 0x0001047c (0x0b010113) x2  0x00017fec
core   0: 0x00010480 (0x00008067) ret
core   0: 3 0x00010480 (0x00008067)
core   0: 0x0001004c (0x00042783) lw      a5, 0(s0)
core   0: 3 0x0001004c (0x00042783) x15 0x00008010 mem 0x00017000
core   0: 0x00010050 (0x05300713) li      a4, 83
core   0: 3 0x00010050 (0x05300713) x14 0x00000053
core   0: 0x00010054 (0x00e78023) sb      a4, 0(a5)
core   0: 3 0x00010054 (0x00e78023) mem 0x00008010 0x53
core   0: 0x00010058 (0x00042783) lw      a5, 0(s0)
core   0: 3 0x00010058 (0x00042783) x15 0x00008010 mem 0x00017000
core   0: 0x0001005c (0x00978023) sb      s1, 0(a5)
core   0: 3 0x0001005c (0x00978023) mem 0x00008010 0x0a
core   0: 0x00010060 (0x25c000ef) jal     pc + 0x25c
core   0: 3 0x00010060 (0x25c000ef) x1  0x00010064
core   0: >>>>  sub
core   0: 0x000102bc (0xf5010113) addi    sp, sp, -176
core   0: 3 0x000102bc (0xf5010113) x2  0x00017f3c
core   0: 0x000102c0 (0x0a812423) sw      s0, 168(sp)
core   0: 3 0x000102c0 (0x0a812423) mem 0x00017fe4 0x00017000
core   0: 0x000102c4 (0x00011437) lui     s0, 0x11
core   0: 3 0x000102c4 (0x00011437) x8  0x00011000
core   0: 0x000102c8 (0x8c840413) addi    s0, s0, -1848
core   0: 3 0x000102c8 (0x8c840413) x8  0x000108c8
core   0: 0x000102cc (0x09412c23) sw      s4, 152(sp)
core   0: 3 0x000102cc (0x09412c23) mem 0x00017fd4 0x00000000
core   0: 0x000102d0 (0x02410a13) addi    s4, sp, 36
core   0: 3 0x000102d0 (0x02410a13) x20 0x00017f60
core   0: 0x000102d4 (0x02400613) li      a2, 36
core   0: 3 0x000102d4 (0x02400613) x12 0x00000024
core   0: 0x000102d8 (0x0c040593) addi    a1, s0, 192
core   0: 3 0x000102d8 (0x0c040593) x11 0x00010988
core   0: 0x000102dc (0x000a0513) mv      a0, s4
core   0: 3 0x000102dc (0x000a0513) x10 0x00017f60
core   0: 0x000102e0 (0x0a112623) sw      ra, 172(sp)
core   0: 3 0x000102e0 (0x0a112623) mem 0x00017fe8 0x00010064
core   0: 0x000102e4 (0x0a912223) sw      s1, 164(sp)
core   0: 3 0x000102e4 (0x0a912223) mem 0x00017fe0 0x0000000a
core   0: 0x000102e8 (0x0b212023) sw      s2, 160(sp)
core   0: 3 0x000102e8 (0x0b212023) mem 0x00017fdc 0x00000000
core   0: 0x000102ec (0x09312e23) sw      s3, 156(sp)
core   0: 3 0x000102ec (0x09312e23) mem 0x00017fd8 0x00000000
core   0: 0x000102f0 (0x04810493) addi    s1, sp, 72
core   0: 3 0x000102f0 (0x04810493) x9  0x00017f84
core   0: 0x000102f4 (0x4ac000ef) jal     pc + 0x4ac
core   0: 3 0x000102f4 (0x4ac000ef) x1  0x000102f8
core   0: >>>>  $xrv32i2p1_m2p0_f2p2_zicntr2p0_zicsr2p0_zmmul1p0
core   0: 0x000107a0 (0x00a5c7b3) xor     a5, a1, a0
core   0: 3 0x000107a0 (0x00a5c7b3) x15 0x000076e8
core   0: 0x000107a4 (0x0037f793) andi    a5, a5, 3
core   0: 3 0x000107a4 (0x0037f793) x15 0x00000000
core   0: 0x000107a8 (0x00c508b3) add     a7, a0, a2
core   0: 3 0x000107a8 (0x00c508b3) x17 0x00017f84
core   0: 0x000107ac (0x06079663) bnez    a5, pc + 108
core   0: 3 0x000107ac (0x06079663)
core   0: 0x000107b0 (0x00300793) li      a5, 3
core   0: 3 0x000107b0 (0x00300793) x15 0x00000003
core   0: 0x000107b4 (0x06c7f263) bgeu    a5, a2, pc + 100
core   0: 3 0x000107b4 (0x06c7f263)
core   0: 0x000107b8 (0x00357793) andi    a5, a0, 3
core   0: 3 0x000107b8 (0x00357793) x15 0x00000000
core   0: 0x000107bc (0x00050713) mv      a4, a0
core   0: 3 0x000107bc (0x00050713) x14 0x00017f60
core   0: 0x000107c0 (0x0c079a63) bnez    a5, pc + 212
core   0: 3 0x000107c0 (0x0c079a63)
core   0: 0x000107c4 (0xffc8f613) andi    a2, a7, -4
core   0: 3 0x000107c4 (0xffc8f613) x12 0x00017f84
core   0: 0x000107c8 (0x40e606b3) sub     a3, a2, a4
core   0: 3 0x000107c8 (0x40e606b3) x13 0x00000024
core   0: 0x000107cc (0x02000793) li      a5, 32
core   0: 3 0x000107cc (0x02000793) x15 0x00000020
core   0: 0x000107d0 (0x06d7c463) blt     a5, a3, pc + 104
core   0: 3 0x000107d0 (0x06d7c463)
core   0: 0x00010838 (0x0205a683) lw      a3, 32(a1)
core   0: 3 0x00010838 (0x0205a683) x13 0x3f800000 mem 0x000109a8
core   0: 0x0001083c (0x0005a383) lw      t2, 0(a1)
core   0: 3 0x0001083c (0x0005a383) x7  0x7f800000 mem 0x00010988
core   0: 0x00010840 (0x0045a283) lw      t0, 4(a1)
core   0: 3 0x00010840 (0x0045a283) x5  0xff800000 mem 0x0001098c
core   0: 0x00010844 (0x0085af83) lw      t6, 8(a1)
core   0: 3 0x00010844 (0x0085af83) x31 0x80000000 mem 0x00010990
core   0: 0x00010848 (0x00c5af03) lw      t5, 12(a1)
core   0: 3 0x00010848 (0x00c5af03) x30 0x7fc00000 mem 0x00010994
core   0: 0x0001084c (0x0105ae83) lw      t4, 16(a1)
core   0: 3 0x0001084c (0x0105ae83) x29 0x00000000 mem 0x00010998
core   0: 0x00010850 (0x0145ae03) lw      t3, 20(a1)
core   0: 3 0x00010850 (0x0145ae03) x28 0x7fc00000 mem 0x0001099c
core   0: 0x00010854 (0x0185a303) lw      t1, 24(a1)
core   0: 3 0x00010854 (0x0185a303) x6  0x3fc00000 mem 0x000109a0
core   0: 0x00010858 (0x01c5a803) lw      a6, 28(a1)
core   0: 3 0x00010858 (0x01c5a803) x16 0x3f800028 mem 0x000109a4
core   0: 0x0001085c (0x02470713) addi    a4, a4, 36
core   0: 3 0x0001085c (0x02470713) x14 0x00017f84
core   0: 0x00010860 (0xfed72e23) sw      a3, -4(a4)
core   0: 3 0x00010860 (0xfed72e23) mem 0x00017f80 0x3f800000
core   0: 0x00010864 (0xfc772e23) sw      t2, -36(a4)
core   0: 3 0x00010864 (0xfc772e23) mem 0x00017f60 0x7f800000
core   0: 0x00010868 (0x40e606b3) sub     a3, a2, a4
core   0: 3 0x00010868 (0x40e606b3) x13 0x00000000
core   0: 0x0001086c (0xfe572023) sw      t0, -32(a4)
core   0: 3 0x0001086c (0xfe572023) mem 0x00017f64 0xff800000
core   0: 0x00010870 (0xfff72223) sw      t6, -28(a4)
core   0: 3 0x00010870 (0xfff72223) mem 0x00017f68 0x80000000
core   0: 0x00010874 (0xffe72423) sw      t5, -24(a4)
core   0: 3 0x00010874 (0xffe72423) mem 0x00017f6c 0x7fc00000
core   0: 0x00010878 (0xffd72623) sw      t4, -20(a4)
core   0: 3 0x00010878 (0xffd72623) mem 0x00017f70 0x00000000
core   0: 0x0001087c (0xffc72823) sw      t3, -16(a4)
core   0: 3 0x0001087c (0xffc72823) mem 0x00017f74 0x7fc00000
core   0: 0x00010880 (0xfe672a23) sw      t1, -12(a4)
core   0: 3 0x00010880 (0xfe672a23) mem 0x00017f78 0x3fc00000
core   0: 0x00010884 (0xff072c23) sw      a6, -8(a4)
core   0: 3 0x00010884 (0xff072c23) mem 0x00017f7c 0x3f800028
core   0: 0x00010888 (0x02458593) addi    a1, a1, 36
core   0: 3 0x00010888 (0x02458593) x11 0x000109ac
core   0: 0x0001088c (0xfad7c6e3) blt     a5, a3, pc - 84
core   0: 3 0x0001088c (0xfad7c6e3)
core   0: 0x00010890 (0xf45ff06f) j       pc - 0xbc
core   0: 3 0x00010890 (0xf45ff06f)
core   0: 0x000107d4 (0x00058693) mv      a3, a1
core   0: 3 0x000107d4 (0x00058693) x13 0x000109ac
core   0: 0x000107d8 (0x00070793) mv      a5, a4
core   0: 3 0x000107d8 (0x00070793) x15 0x00017f84
core   0: 0x000107dc (0x02c77a63) bgeu    a4, a2, pc + 52
core   0: 3 0x000107dc (0x02c77a63)
core   0: 0x00010810 (0x01176863) bltu    a4, a7, pc + 16
core   0: 3 0x00010810 (0x01176863)
core   0: 0x00010814 (0x00008067) ret
core   0: 3 0x00010814 (0x00008067)
core   0: 0x000102f8 (0x02400613) li      a2, 36
core   0: 3 0x000102f8 (0x02400613) x12 0x00000024
core   0: 0x000102fc (0x0e440593) addi    a1, s0, 228
core   0: 3 0x000102fc (0x0e440593) x11 0x000109ac
core   0: 0x00010300 (0x00048513) mv      a0, s1
core   0: 3 0x00010300 (0x00048513) x10 0x00017f84
core   0: 0x00010304 (0x49c000ef) jal     pc + 0x49c
core   0: 3 0x00010304 (0x49c000ef) x1  0x00010308
core   0: >>>>  $xrv32i2p1_m2p0_f2p2_zicntr2p0_zicsr2p0_zmmul1p0
core   0: 0x000107a0 (0x00a5c7b3) xor     a5, a1, a0
core   0: 3 0x000107a0 (0x00a5c7b3) x15 0x00007628
core   0: 0x000107a4 (0x0037f793) andi    a5, a5, 3
core   0: 3 0x000107a4 (0x0037f793) x15 0x00000000
core   0: 0x000107a8 (0x00c508b3) add     a7, a0, a2
core   0: 3 0x000107a8 (0x00c508b3) x17 0x00017fa8
core   0: 0x000107ac (0x06079663) bnez    a5, pc + 108
core   0: 3 0x000107ac (0x06079663)
core   0: 0x000107b0 (0x00300793) li      a5, 3
core   0: 3 0x000107b0 (0x00300793) x15 0x00000003
core   0: 0x000107b4 (0x06c7f263) bgeu    a5, a2, pc + 100
core   0: 3 0x000107b4 (0x06c7f263)
core   0: 0x000107b8 (0x00357793) andi    a5, a0, 3
core   0: 3 0x000107b8 (0x00357793) x15 0x00000000
core   0: 0x000107bc (0x00050713) mv      a4, a0
core   0: 3 0x000107bc (0x00050713) x14 0x00017f84
core   0: 0x000107c0 (0x0c079a63) bnez    a5, pc + 212
core   0: 3 0x000107c0 (0x0c079a63)
core   0: 0x000107c4 (0xffc8f613) andi    a2, a7, -4
core   0: 3 0x000107c4 (0xffc8f613) x12 0x00017fa8
core   0: 0x000107c8 (0x40e606b3) sub     a3, a2, a4
core   0: 3 0x000107c8 (0x40e606b3) x13 0x00000024
core   0: 0x000107cc (0x02000793) li      a5, 32
core   0: 3 0x000107cc (0x02000793) x15 0x00000020
core   0: 0x000107d0 (0x06d7c463) blt     a5, a3, pc + 104
core   0: 3 0x000107d0 (0x06d7c463)
core   0: 0x00010838 (0x0205a683) lw      a3, 32(a1)
core   0: 3 0x00010838 (0x0205a683) x13 0x38000001 mem 0x000109cc
core   0: 0x0001083c (0x0005a383) lw      t2, 0(a1)
core   0: 3 0x0001083c (0x0005a383) x7  0x7f800000 mem 0x000109ac
core   0: 0x00010840 (0x0045a283) lw      t0, 4(a1)
core   0: 3 0x00010840 (0x0045a283) x5  0xff800000 mem 0x000109b0
core   0: 0x00010844 (0x0085af83) lw      t6, 8(a1)
core   0: 3 0x00010844 (0x0085af83) x31 0x80000000 mem 0x000109b4
core   0: 0x00010848 (0x00c5af03) lw      t5, 12(a1)
core   0: 3 0x00010848 (0x00c5af03) x30 0x3f800000 mem 0x000109b8
core   0: 0x0001084c (0x0105ae83) lw      t4, 16(a1)
core   0: 3 0x0001084c (0x0105ae83) x29 0x7fc00000 mem 0x000109bc
core   0: 0x00010850 (0x0145ae03) lw      t3, 20(a1)
core   0: 3 0x00010850 (0x0145ae03) x28 0x7fc00000 mem 0x000109c0
core   0: 0x00010854 (0x0185a303) lw      t1, 24(a1)
core   0: 3 0x00010854 (0x0185a303) x6  0x3fa00000 mem 0x000109c4
core   0: 0x00010858 (0x01c5a803) lw      a6, 28(a1)
core   0: 3 0x00010858 (0x01c5a803) x16 0x3f800014 mem 0x000109c8
core   0: 0x0001085c (0x02470713) addi    a4, a4, 36
core   0: 3 0x0001085c (0x02470713) x14 0x00017fa8
core   0: 0x00010860 (0xfed72e23) sw      a3, -4(a4)
core   0: 3 0x00010860 (0xfed72e23) mem 0x00017fa4 0x38000001
core   0: 0x00010864 (0xfc772e23) sw      t2, -36(a4)
core   0: 3 0x00010864 (0xfc772e23) mem 0x00017f84 0x7f800000
core   0: 0x00010868 (0x40e606b3) sub     a3, a2, a4
core   0: 3 0x00010868 (0x40e606b3) x13 0x00000000
core   0: 0x0001086c (0xfe572023) sw      t0, -32(a4)
core   0: 3 0x0001086c (0xfe572023) mem 0x00017f88 0xff800000
core   0: 0x00010870 (0xfff72223) sw      t6, -28(a4)
core   0: 3 0x00010870 (0xfff72223) mem 0x00017f8c 0x80000000
core   0: 0x00010874 (0xffe72423) sw      t5, -24(a4)
core   0: 3 0x00010874 (0xffe72423) mem 0x00017f90 0x3f800000
core   0: 0x00010878 (0xffd72623) sw      t4, -20(a4)
core   0: 3 0x00010878 (0xffd72623) mem 0x00017f94 0x7fc00000
core   0: 0x0001087c (0xffc72823) sw      t3, -16(a4)
core   0: 3 0x0001087c (0xffc72823) mem 0x00017f98 0x7fc00000
core   0: 0x00010880 (0xfe672a23) sw      t1, -12(a4)
core   0: 3 0x00010880 (0xfe672a23) mem 0x00017f9c 0x3fa00000
core   0: 0x00010884 (0xff072c23) sw      a6, -8(a4)
core   0: 3 0x00010884 (0xff072c23) mem 0x00017fa0 0x3f800014
core   0: 0x00010888 (0x02458593) addi    a1, a1, 36
core   0: 3 0x00010888 (0x02458593) x11 0x000109d0
core   0: 0x0001088c (0xfad7c6e3) blt     a5, a3, pc - 84
core   0: 3 0x0001088c (0xfad7c6e3)
core   0: 0x00010890 (0xf45ff06f) j       pc - 0xbc
core   0: 3 0x00010890 (0xf45ff06f)
core   0: 0x000107d4 (0x00058693) mv      a3, a1
core   0: 3 0x000107d4 (0x00058693) x13 0x000109d0
core   0: 0x000107d8 (0x00070793) mv      a5, a4
core   0: 3 0x000107d8 (0x00070793) x15 0x00017fa8
core   0: 0x000107dc (0x02c77a63) bgeu    a4, a2, pc + 52
core   0: 3 0x000107dc (0x02c77a63)
core   0: 0x00010810 (0x01176863) bltu    a4, a7, pc + 16
core   0: 3 0x00010810 (0x01176863)
core   0: 0x00010814 (0x00008067) ret
core   0: 3 0x00010814 (0x00008067)
core   0: 0x00010308 (0x06c10993) addi    s3, sp, 108
core   0: 3 0x00010308 (0x06c10993) x19 0x00017fa8
core   0: 0x0001030c (0x02400613) li      a2, 36
core   0: 3 0x0001030c (0x02400613) x12 0x00000024
core   0: 0x00010310 (0x10840593) addi    a1, s0, 264
core   0: 3 0x00010310 (0x10840593) x11 0x000109d0
core   0: 0x00010314 (0x00098513) mv      a0, s3
core   0: 3 0x00010314 (0x00098513) x10 0x00017fa8
core   0: 0x00010318 (0x488000ef) jal     pc + 0x488
core   0: 3 0x00010318 (0x488000ef) x1  0x0001031c
core   0: >>>>  $xrv32i2p1_m2p0_f2p2_zicntr2p0_zicsr2p0_zmmul1p0
core   0: 0x000107a0 (0x00a5c7b3) xor     a5, a1, a0
core   0: 3 0x000107a0 (0x00a5c7b3) x15 0x00007678
core   0: 0x000107a4 (0x0037f793) andi    a5, a5, 3
core   0: 3 0x000107a4 (0x0037f793) x15 0x00000000
core   0: 0x000107a8 (0x00c508b3) add     a7, a0, a2
core   0: 3 0x000107a8 (0x00c508b3) x17 0x00017fcc
core   0: 0x000107ac (0x06079663) bnez    a5, pc + 108
core   0: 3 0x000107ac (0x06079663)
core   0: 0x000107b0 (0x00300793) li      a5, 3
core   0: 3 0x000107b0 (0x00300793) x15 0x00000003
core   0: 0x000107b4 (0x06c7f263) bgeu    a5, a2, pc + 100
core   0: 3 0x000107b4 (0x06c7f263)
core   0: 0x000107b8 (0x00357793) andi    a5, a0, 3
core   0: 3 0x000107b8 (0x00357793) x15 0x00000000
core   0: 0x000107bc (0x00050713) mv      a4, a0
core   0: 3 0x000107bc (0x00050713) x14 0x00017fa8
core   0: 0x000107c0 (0x0c079a63) bnez    a5, pc + 212
core   0: 3 0x000107c0 (0x0c079a63)
core   0: 0x000107c4 (0xffc8f613) andi    a2, a7, -4
core   0: 3 0x000107c4 (0xffc8f613) x12 0x00017fcc
core   0: 0x000107c8 (0x40e606b3) sub     a3, a2, a4
core   0: 3 0x000107c8 (0x40e606b3) x13 0x00000024
core   0: 0x000107cc (0x02000793) li      a5, 32
core   0: 3 0x000107cc (0x02000793) x15 0x00000020
core   0: 0x000107d0 (0x06d7c463) blt     a5, a3, pc + 104
core   0: 3 0x000107d0 (0x06d7c463)
core   0: 0x00010838 (0x0205a683) lw      a3, 32(a1)
core   0: 3 0x00010838 (0x0205a683) x13 0x3f7ffe00 mem 0x000109f0
core   0: 0x0001083c (0x0005a383) lw      t2, 0(a1)
core   0: 3 0x0001083c (0x0005a383) x7  0x7fc00000 mem 0x000109d0
core   0: 0x00010840 (0x0045a283) lw      t0, 4(a1)
core   0: 3 0x00010840 (0x0045a283) x5  0x7fc00000 mem 0x000109d4
core   0: 0x00010844 (0x0085af83) lw      t6, 8(a1)
core   0: 3 0x00010844 (0x0085af83) x31 0x00000000 mem 0x000109d8
core   0: 0x00010848 (0x00c5af03) lw      t5, 12(a1)
core   0: 3 0x00010848 (0x00c5af03) x30 0x7fc00000 mem 0x000109dc
core   0: 0x0001084c (0x0105ae83) lw      t4, 16(a1)
core   0: 3 0x0001084c (0x0105ae83) x29 0x7fc00000 mem 0x000109e0
core   0: 0x00010850 (0x0145ae03) lw      t3, 20(a1)
core   0: 3 0x00010850 (0x0145ae03) x28 0x7fc00000 mem 0x000109e4
core   0: 0x00010854 (0x0185a303) lw      t1, 24(a1)
core   0: 3 0x00010854 (0x0185a303) x6  0x3e800000 mem 0x000109e8
core   0: 0x00010858 (0x01c5a803) lw      a6, 28(a1)
core   0: 3 0x00010858 (0x01c5a803) x16 0x36200000 mem 0x000109ec
core   0: 0x0001085c (0x02470713) addi    a4, a4, 36
core   0: 3 0x0001085c (0x02470713) x14 0x00017fcc
core   0: 0x00010860 (0xfed72e23) sw      a3, -4(a4)
core   0: 3 0x00010860 (0xfed72e23) mem 0x00017fc8 0x3f7ffe00
core   0: 0x00010864 (0xfc772e23) sw      t2, -36(a4)
core   0: 3 0x00010864 (0xfc772e23) mem 0x00017fa8 0x7fc00000
core   0: 0x00010868 (0x40e606b3) sub     a3, a2, a4
core   0: 3 0x00010868 (0x40e606b3) x13 0x00000000
core   0: 0x0001086c (0xfe572023) sw      t0, -32(a4)
core   0: 3 0x0001086c (0xfe572023) mem 0x00017fac 0x7fc00000
core   0: 0x00010870 (0xfff72223) sw      t6, -28(a4)
core   0: 3 0x00010870 (0xfff72223) mem 0x00017fb0 0x00000000
core   0: 0x00010874 (0xffe72423) sw      t5, -24(a4)
core   0: 3 0x00010874 (0xffe72423) mem 0x00017fb4 0x7fc00000
core   0: 0x00010878 (0xffd72623) sw      t4, -20(a4)
core   0: 3 0x00010878 (0xffd72623) mem 0x00017fb8 0x7fc00000
core   0: 0x0001087c (0xffc72823) sw      t3, -16(a4)
core   0: 3 0x0001087c (0xffc72823) mem 0x00017fbc 0x7fc00000
core   0: 0x00010880 (0xfe672a23) sw      t1, -12(a4)
core   0: 3 0x00010880 (0xfe672a23) mem 0x00017fc0 0x3e800000
core   0: 0x00010884 (0xff072c23) sw      a6, -8(a4)
core   0: 3 0x00010884 (0xff072c23) mem 0x00017fc4 0x36200000
core   0: 0x00010888 (0x02458593) addi    a1, a1, 36
core   0: 3 0x00010888 (0x02458593) x11 0x000109f4
core   0: 0x0001088c (0xfad7c6e3) blt     a5, a3, pc - 84
core   0: 3 0x0001088c (0xfad7c6e3)
core   0: 0x00010890 (0xf45ff06f) j       pc - 0xbc
core   0: 3 0x00010890 (0xf45ff06f)
core   0: 0x000107d4 (0x00058693) mv      a3, a1
core   0: 3 0x000107d4 (0x00058693) x13 0x000109f4
core   0: 0x000107d8 (0x00070793) mv      a5, a4
core   0: 3 0x000107d8 (0x00070793) x15 0x00017fcc
core   0: 0x000107dc (0x02c77a63) bgeu    a4, a2, pc + 52
core   0: 3 0x000107dc (0x02c77a63)
core   0: 0x00010810 (0x01176863) bltu    a4, a7, pc + 16
core   0: 3 0x00010810 (0x01176863)
core   0: 0x00010814 (0x00008067) ret
core   0: 3 0x00010814 (0x00008067)
core   0: 0x0001031c (0x00000713) li      a4, 0
core   0: 3 0x0001031c (0x00000713) x14 0x00000000
core   0: 0x00010320 (0x00010913) mv      s2, sp
core   0: 3 0x00010320 (0x00010913) x18 0x00017f3c
core   0: 0x00010324 (0x00900693) li      a3, 9
core   0: 3 0x00010324 (0x00900693) x13 0x00000009
core   0: 0x00010328 (0x00271793) slli    a5, a4, 2
core   0: 3 0x00010328 (0x00271793) x15 0x00000000
core   0: 0x0001032c (0x00fa0633) add     a2, s4, a5
core   0: 3 0x0001032c (0x00fa0633) x12 0x00017f60
core   0: 0x00010330 (0x00062787) flw     fa5, 0(a2)
core   0: 3 0x00010330 (0x00062787) f15 0x7f800000 mem 0x00017f60
core   0: 0x00010334 (0x00f48633) add     a2, s1, a5
core   0: 3 0x00010334 (0x00f48633) x12 0x00017f84
core   0: 0x00010338 (0x00062707) flw     fa4, 0(a2)
core   0: 3 0x00010338 (0x00062707) f14 0x7f800000 mem 0x00017f84
core   0: 0x0001033c (0x012787b3) add     a5, a5, s2
core   0: 3 0x0001033c (0x012787b3) x15 0x00017f3c
core   0: 0x00010340 (0x00170713) addi    a4, a4, 1
core   0: 3 0x00010340 (0x00170713) x14 0x00000001
core   0: 0x00010344 (0x08e7f7d3) fsub.s  fa5, fa5, fa4
core   0: 3 0x00010344 (0x08e7f7d3) c1_fflags 0x00000010 f15 0x7fc00000
core   0: 0x00010348 (0x00f7a027) fsw     fa5, 0(a5)
core   0: 3 0x00010348 (0x00f7a027) mem 0x00017f3c 0x7fc00000
core   0: 0x0001034c (0xfcd71ee3) bne     a4, a3, pc - 36
core   0: 3 0x0001034c (0xfcd71ee3)
core   0: 0x00010328 (0x00271793) slli    a5, a4, 2
core   0: 3 0x00010328 (0x00271793) x15 0x00000004
core   0: 0x0001032c (0x00fa0633) add     a2, s4, a5
core   0: 3 0x0001032c (0x00fa0633) x12 0x00017f64
core   0: 0x00010330 (0x00062787) flw     fa5, 0(a2)
core   0: 3 0x00010330 (0x00062787) f15 0xff800000 mem 0x00017f64
core   0: 0x00010334 (0x00f48633) add     a2, s1, a5
core   0: 3 0x00010334 (0x00f48633) x12 0x00017f88
core   0: 0x00010338 (0x00062707) flw     fa4, 0(a2)
core   0: 3 0x00010338 (0x00062707) f14 0xff800000 mem 0x00017f88
core   0: 0x0001033c (0x012787b3) add     a5, a5, s2
core   0: 3 0x0001033c (0x012787b3) x15 0x00017f40
core   0: 0x00010340 (0x00170713) addi    a4, a4, 1
core   0: 3 0x00010340 (0x00170713) x14 0x00000002
core   0: 0x00010344 (0x08e7f7d3) fsub.s  fa5, fa5, fa4
core   0: 3 0x00010344 (0x08e7f7d3) c1_fflags 0x00000010 f15 0x7fc00000
core   0: 0x00010348 (0x00f7a027) fsw     fa5, 0(a5)
core   0: 3 0x00010348 (0x00f7a027) mem 0x00017f40 0x7fc00000
core   0: 0x0001034c (0xfcd71ee3) bne     a4, a3, pc - 36
core   0: 3 0x0001034c (0xfcd71ee3)
core   0: 0x00010328 (0x00271793) slli    a5, a4, 2
core   0: 3 0x00010328 (0x00271793) x15 0x00000008
core   0: 0x0001032c (0x00fa0633) add     a2, s4, a5
core   0: 3 0x0001032c (0x00fa0633) x12 0x00017f68
core   0: 0x00010330 (0x00062787) flw     fa5, 0(a2)
core   0: 3 0x00010330 (0x00062787) f15 0x80000000 mem 0x00017f68
core   0: 0x00010334 (0x00f48633) add     a2, s1, a5
core   0: 3 0x00010334 (0x00f48633) x12 0x00017f8c
core   0: 0x00010338 (0x00062707) flw     fa4, 0(a2)
core   0: 3 0x00010338 (0x00062707) f14 0x80000000 mem 0x00017f8c
core   0: 0x0001033c (0x012787b3) add     a5, a5, s2
core   0: 3 0x0001033c (0x012787b3) x15 0x00017f44
core   0: 0x00010340 (0x00170713) addi    a4, a4, 1
core   0: 3 0x00010340 (0x00170713) x14 0x00000003
core   0: 0x00010344 (0x08e7f7d3) fsub.s  fa5, fa5, fa4
core   0: 3 0x00010344 (0x08e7f7d3) f15 0x00000000
core   0: 0x00010348 (0x00f7a027) fsw     fa5, 0(a5)
core   0: 3 0x00010348 (0x00f7a027) mem 0x00017f44 0x00000000
core   0: 0x0001034c (0xfcd71ee3) bne     a4, a3, pc - 36
core   0: 3 0x0001034c (0xfcd71ee3)
core   0: 0x00010328 (0x00271793) slli    a5, a4, 2
core   0: 3 0x00010328 (0x00271793) x15 0x0000000c
core   0: 0x0001032c (0x00fa0633) add     a2, s4, a5
core   0: 3 0x0001032c (0x00fa0633) x12 0x00017f6c
core   0: 0x00010330 (0x00062787) flw     fa5, 0(a2)
core   0: 3 0x00010330 (0x00062787) f15 0x7fc00000 mem 0x00017f6c
core   0: 0x00010334 (0x00f48633) add     a2, s1, a5
core   0: 3 0x00010334 (0x00f48633) x12 0x00017f90
core   0: 0x00010338 (0x00062707) flw     fa4, 0(a2)
core   0: 3 0x00010338 (0x00062707) f14 0x3f800000 mem 0x00017f90
core   0: 0x0001033c (0x012787b3) add     a5, a5, s2
core   0: 3 0x0001033c (0x012787b3) x15 0x00017f48
core   0: 0x00010340 (0x00170713) addi    a4, a4, 1
core   0: 3 0x00010340 (0x00170713) x14 0x00000004
core   0: 0x00010344 (0x08e7f7d3) fsub.s  fa5, fa5, fa4
core   0: 3 0x00010344 (0x08e7f7d3) f15 0x7fc00000
core   0: 0x00010348 (0x00f7a027) fsw     fa5, 0(a5)
core   0: 3 0x00010348 (0x00f7a027) mem 0x00017f48 0x7fc00000
core   0: 0x0001034c (0xfcd71ee3) bne     a4, a3, pc - 36
core   0: 3 0x0001034c (0xfcd71ee3)
core   0: 0x00010328 (0x00271793) slli    a5, a4, 2
core   0: 3 0x00010328 (0x00271793) x15 0x00000010
core   0: 0x0001032c (0x00fa0633) add     a2, s4, a5
core   0: 3 0x0001032c (0x00fa0633) x12 0x00017f70
core   0: 0x00010330 (0x00062787) flw     fa5, 0(a2)
core   0: 3 0x00010330 (0x00062787) f15 0x00000000 mem 0x00017f70
core   0: 0x00010334 (0x00f48633) add     a2, s1, a5
core   0: 3 0x00010334 (0x00f48633) x12 0x00017f94
core   0: 0x00010338 (0x00062707) flw     fa4, 0(a2)
core   0: 3 0x00010338 (0x00062707) f14 0x7fc00000 mem 0x00017f94
core   0: 0x0001033c (0x012787b3) add     a5, a5, s2
core   0: 3 0x0001033c (0x012787b3) x15 0x00017f4c
core   0: 0x00010340 (0x00170713) addi    a4, a4, 1
core   0: 3 0x00010340 (0x00170713) x14 0x00000005
core   0: 0x00010344 (0x08e7f7d3) fsub.s  fa5, fa5, fa4
core   0: 3 0x00010344 (0x08e7f7d3) f15 0x7fc00000
core   0: 0x00010348 (0x00f7a027) fsw     fa5, 0(a5)
core   0: 3 0x00010348 (0x00f7a027) mem 0x00017f4c 0x7fc00000
core   0: 0x0001034c (0xfcd71ee3) bne     a4, a3, pc - 36
core   0: 3 0x0001034c (0xfcd71ee3)
core   0: 0x00010328 (0x00271793) slli    a5, a4, 2
core   0: 3 0x00010328 (0x00271793) x15 0x00000014
core   0: 0x0001032c (0x00fa0633) add     a2, s4, a5
core   0: 3 0x0001032c (0x00fa0633) x12 0x00017f74
core   0: 0x00010330 (0x00062787) flw     fa5, 0(a2)
core   0: 3 0x00010330 (0x00062787) f15 0x7fc00000 mem 0x00017f74
core   0: 0x00010334 (0x00f48633) add     a2, s1, a5
core   0: 3 0x00010334 (0x00f48633) x12 0x00017f98
core   0: 0x00010338 (0x00062707) flw     fa4, 0(a2)
core   0: 3 0x00010338 (0x00062707) f14 0x7fc00000 mem 0x00017f98
core   0: 0x0001033c (0x012787b3) add     a5, a5, s2
core   0: 3 0x0001033c (0x012787b3) x15 0x00017f50
core   0: 0x00010340 (0x00170713) addi    a4, a4, 1
core   0: 3 0x00010340 (0x00170713) x14 0x00000006
core   0: 0x00010344 (0x08e7f7d3) fsub.s  fa5, fa5, fa4
core   0: 3 0x00010344 (0x08e7f7d3) f15 0x7fc00000
core   0: 0x00010348 (0x00f7a027) fsw     fa5, 0(a5)
core   0: 3 0x00010348 (0x00f7a027) mem 0x00017f50 0x7fc00000
core   0: 0x0001034c (0xfcd71ee3) bne     a4, a3, pc - 36
core   0: 3 0x0001034c (0xfcd71ee3)
core   0: 0x00010328 (0x00271793) slli    a5, a4, 2
core   0: 3 0x00010328 (0x00271793) x15 0x00000018
core   0: 0x0001032c (0x00fa0633) add     a2, s4, a5
core   0: 3 0x0001032c (0x00fa0633) x12 0x00017f78
core   0: 0x00010330 (0x00062787) flw     fa5, 0(a2)
core   0: 3 0x00010330 (0x00062787) f15 0x3fc00000 mem 0x00017f78
core   0: 0x00010334 (0x00f48633) add     a2, s1, a5
core   0: 3 0x00010334 (0x00f48633) x12 0x00017f9c
core   0: 0x00010338 (0x00062707) flw     fa4, 0(a2)
core   0: 3 0x00010338 (0x00062707) f14 0x3fa00000 mem 0x00017f9c
core   0: 0x0001033c (0x012787b3) add     a5, a5, s2
core   0: 3 0x0001033c (0x012787b3) x15 0x00017f54
core   0: 0x00010340 (0x00170713) addi    a4, a4, 1
core   0: 3 0x00010340 (0x00170713) x14 0x00000007
core   0: 0x00010344 (0x08e7f7d3) fsub.s  fa5, fa5, fa4
core   0: 3 0x00010344 (0x08e7f7d3) f15 0x3e800000
core   0: 0x00010348 (0x00f7a027) fsw     fa5, 0(a5)
core   0: 3 0x00010348 (0x00f7a027) mem 0x00017f54 0x3e800000
core   0: 0x0001034c (0xfcd71ee3) bne     a4, a3, pc - 36
core   0: 3 0x0001034c (0xfcd71ee3)
core   0: 0x00010328 (0x00271793) slli    a5, a4, 2
core   0: 3 0x00010328 (0x00271793) x15 0x0000001c
core   0: 0x0001032c (0x00fa0633) add     a2, s4, a5
core   0: 3 0x0001032c (0x00fa0633) x12 0x00017f7c
core   0: 0x00010330 (0x00062787) flw     fa5, 0(a2)
core   0: 3 0x00010330 (0x00062787) f15 0x3f800028 mem 0x00017f7c
core   0: 0x00010334 (0x00f48633) add     a2, s1, a5
core   0: 3 0x00010334 (0x00f48633) x12 0x00017fa0
core   0: 0x00010338 (0x00062707) flw     fa4, 0(a2)
core   0: 3 0x00010338 (0x00062707) f14 0x3f800014 mem 0x00017fa0
core   0: 0x0001033c (0x012787b3) add     a5, a5, s2
core   0: 3 0x0001033c (0x012787b3) x15 0x00017f58
core   0: 0x00010340 (0x00170713) addi    a4, a4, 1
core   0: 3 0x00010340 (0x00170713) x14 0x00000008
core   0: 0x00010344 (0x08e7f7d3) fsub.s  fa5, fa5, fa4
core   0: 3 0x00010344 (0x08e7f7d3) f15 0x36200000
core   0: 0x00010348 (0x00f7a027) fsw     fa5, 0(a5)
core   0: 3 0x00010348 (0x00f7a027) mem 0x00017f58 0x36200000
core   0: 0x0001034c (0xfcd71ee3) bne     a4, a3, pc - 36
core   0: 3 0x0001034c (0xfcd71ee3)
core   0: 0x00010328 (0x00271793) slli    a5, a4, 2
core   0: 3 0x00010328 (0x00271793) x15 0x00000020
core   0: 0x0001032c (0x00fa0633) add     a2, s4, a5
core   0: 3 0x0001032c (0x00fa0633) x12 0x00017f80
core   0: 0x00010330 (0x00062787) flw     fa5, 0(a2)
core   0: 3 0x00010330 (0x00062787) f15 0x3f800000 mem 0x00017f80
core   0: 0x00010334 (0x00f48633) add     a2, s1, a5
core   0: 3 0x00010334 (0x00f48633) x12 0x00017fa4
core   0: 0x00010338 (0x00062707) flw     fa4, 0(a2)
core   0: 3 0x00010338 (0x00062707) f14 0x38000001 mem 0x00017fa4
core   0: 0x0001033c (0x012787b3) add     a5, a5, s2
core   0: 3 0x0001033c (0x012787b3) x15 0x00017f5c
core   0: 0x00010340 (0x00170713) addi    a4, a4, 1
core   0: 3 0x00010340 (0x00170713) x14 0x00000009
core   0: 0x00010344 (0x08e7f7d3) fsub.s  fa5, fa5, fa4
core   0: 3 0x00010344 (0x08e7f7d3) c1_fflags 0x00000011 f15 0x3f7ffe00
core   0: 0x00010348 (0x00f7a027) fsw     fa5, 0(a5)
core   0: 3 0x00010348 (0x00f7a027) mem 0x00017f5c 0x3f7ffe00
core   0: 0x0001034c (0xfcd71ee3) bne     a4, a3, pc - 36
core   0: 3 0x0001034c (0xfcd71ee3)
core   0: 0x00010350 (0x000084b7) lui     s1, 0x8
core   0: 3 0x00010350 (0x000084b7) x9  0x00008000
core   0: 0x00010354 (0x00000413) li      s0, 0
core   0: 3 0x00010354 (0x00000413) x8  0x00000000
core   0: 0x00010358 (0x01048493) addi    s1, s1, 16
core   0: 3 0x00010358 (0x01048493) x9  0x00008010
core   0: 0x0001035c (0x02400a13) li      s4, 36
core   0: 3 0x0001035c (0x02400a13) x20 0x00000024
core   0: 0x00010360 (0x008985b3) add     a1, s3, s0
core   0: 3 0x00010360 (0x008985b3) x11 0x00017fa8
core   0: 0x00010364 (0x00890533) add     a0, s2, s0
core   0: 3 0x00010364 (0x00890533) x10 0x00017f3c
core   0: 0x00010368 (0x00400613) li      a2, 4
core   0: 3 0x00010368 (0x00400613) x12 0x00000004
core   0: 0x0001036c (0x3c0000ef) jal     pc + 0x3c0
core   0: 3 0x0001036c (0x3c0000ef) x1  0x00010370
core   0: >>>>  memcmp
core   0: 0x0001072c (0x00300793) li      a5, 3
core   0: 3 0x0001072c (0x00300793) x15 0x00000003
core   0: 0x00010730 (0x02c7f663) bgeu    a5, a2, pc + 44
core   0: 3 0x00010730 (0x02c7f663)
core   0: 0x00010734 (0x00a5e733) or      a4, a1, a0
core   0: 3 0x00010734 (0x00a5e733) x14 0x00017fbc
core   0: 0x00010738 (0x00377713) andi    a4, a4, 3
core   0: 3 0x00010738 (0x00377713) x14 0x00000000
core   0: 0x0001073c (0x04071e63) bnez    a4, pc + 92
core   0: 3 0x0001073c (0x04071e63)
core   0: 0x00010740 (0x00052683) lw      a3, 0(a0)
core   0: 3 0x00010740 (0x00052683) x13 0x7fc00000 mem 0x00017f3c
core   0: 0x00010744 (0x0005a703) lw      a4, 0(a1)
core   0: 3 0x00010744 (0x0005a703) x14 0x7fc00000 mem 0x00017fa8
core   0: 0x00010748 (0x04e69863) bne     a3, a4, pc + 80
core   0: 3 0x00010748 (0x04e69863)
core   0: 0x0001074c (0xffc60613) addi    a2, a2, -4
core   0: 3 0x0001074c (0xffc60613) x12 0x00000000
core   0: 0x00010750 (0x00450513) addi    a0, a0, 4
core   0: 3 0x00010750 (0x00450513) x10 0x00017f40
core   0: 0x00010754 (0x00458593) addi    a1, a1, 4
core   0: 3 0x00010754 (0x00458593) x11 0x00017fac
core   0: 0x00010758 (0xfec7e4e3) bltu    a5, a2, pc - 24
core   0: 3 0x00010758 (0xfec7e4e3)
core   0: 0x0001075c (0xfff60693) addi    a3, a2, -1
core   0: 3 0x0001075c (0xfff60693) x13 0xffffffff
core   0: 0x00010760 (0x02060863) beqz    a2, pc + 48
core   0: 3 0x00010760 (0x02060863)
core   0: 0x00010790 (0x00000513) li      a0, 0
core   0: 3 0x00010790 (0x00000513) x10 0x00000000
core   0: 0x00010794 (0x00008067) ret
core   0: 3 0x00010794 (0x00008067)
core   0: 0x00010370 (0x00153513) seqz    a0, a0
core   0: 3 0x00010370 (0x00153513) x10 0x00000001
core   0: 0x00010374 (0x00a48023) sb      a0, 0(s1)
core   0: 3 0x00010374 (0x00a48023) mem 0x00008010 0x01
core   0: 0x00010378 (0x00440413) addi    s0, s0, 4
core   0: 3 0x00010378 (0x00440413) x8  0x00000004
core   0: 0x0001037c (0xff4412e3) bne     s0, s4, pc - 28
core   0: 3 0x0001037c (0xff4412e3)
core   0: 0x00010360 (0x008985b3) add     a1, s3, s0
core   0: 3 0x00010360 (0x008985b3) x11 0x00017fac
core   0: 0x00010364 (0x00890533) add     a0, s2, s0
core   0: 3 0x00010364 (0x00890533) x10 0x00017f40
core   0: 0x00010368 (0x00400613) li      a2, 4
core   0: 3 0x00010368 (0x00400613) x12 0x00000004
core   0: 0x0001036c (0x3c0000ef) jal     pc + 0x3c0
core   0: 3 0x0001036c (0x3c0000ef) x1  0x00010370
core   0: >>>>  memcmp
core   0: 0x0001072c (0x00300793) li      a5, 3
core   0: 3 0x0001072c (0x00300793) x15 0x00000003
core   0: 0x00010730 (0x02c7f663) bgeu    a5, a2, pc + 44
core   0: 3 0x00010730 (0x02c7f663)
core   0: 0x00010734 (0x00a5e733) or      a4, a1, a0
core   0: 3 0x00010734 (0x00a5e733) x14 0x00017fec
core   0: 0x00010738 (0x00377713) andi    a4, a4, 3
core   0: 3 0x00010738 (0x00377713) x14 0x00000000
core   0: 0x0001073c (0x04071e63) bnez    a4, pc + 92
core   0: 3 0x0001073c (0x04071e63)
core   0: 0x00010740 (0x00052683) lw      a3, 0(a0)
core   0: 3 0x00010740 (0x00052683) x13 0x7fc00000 mem 0x00017f40
core   0: 0x00010744 (0x0005a703) lw      a4, 0(a1)
core   0: 3 0x00010744 (0x0005a703) x14 0x7fc00000 mem 0x00017fac
core   0: 0x00010748 (0x04e69863) bne     a3, a4, pc + 80
core   0: 3 0x00010748 (0x04e69863)
core   0: 0x0001074c (0xffc60613) addi    a2, a2, -4
core   0: 3 0x0001074c (0xffc60613) x12 0x00000000
core   0: 0x00010750 (0x00450513) addi    a0, a0, 4
core   0: 3 0x00010750 (0x00450513) x10 0x00017f44
core   0: 0x00010754 (0x00458593) addi    a1, a1, 4
core   0: 3 0x00010754 (0x00458593) x11 0x00017fb0
core   0: 0x00010758 (0xfec7e4e3) bltu    a5, a2, pc - 24
core   0: 3 0x00010758 (0xfec7e4e3)
core   0: 0x0001075c (0xfff60693) addi    a3, a2, -1
core   0: 3 0x0001075c (0xfff60693) x13 0xffffffff
core   0: 0x00010760 (0x02060863) beqz    a2, pc + 48
core   0: 3 0x00010760 (0x02060863)
core   0: 0x00010790 (0x00000513) li      a0, 0
core   0: 3 0x00010790 (0x00000513) x10 0x00000000
core   0: 0x00010794 (0x00008067) ret
core   0: 3 0x00010794 (0x00008067)
core   0: 0x00010370 (0x00153513) seqz    a0, a0
core   0: 3 0x00010370 (0x00153513) x10 0x00000001
core   0: 0x00010374 (0x00a48023) sb      a0, 0(s1)
core   0: 3 0x00010374 (0x00a48023) mem 0x00008010 0x01
core   0: 0x00010378 (0x00440413) addi    s0, s0, 4
core   0: 3 0x00010378 (0x00440413) x8  0x00000008
core   0: 0x0001037c (0xff4412e3) bne     s0, s4, pc - 28
core   0: 3 0x0001037c (0xff4412e3)
core   0: 0x00010360 (0x008985b3) add     a1, s3, s0
core   0: 3 0x00010360 (0x008985b3) x11 0x00017fb0
core   0: 0x00010364 (0x00890533) add     a0, s2, s0
core   0: 3 0x00010364 (0x00890533) x10 0x00017f44
core   0: 0x00010368 (0x00400613) li      a2, 4
core   0: 3 0x00010368 (0x00400613) x12 0x00000004
core   0: 0x0001036c (0x3c0000ef) jal     pc + 0x3c0
core   0: 3 0x0001036c (0x3c0000ef) x1  0x00010370
core   0: >>>>  memcmp
core   0: 0x0001072c (0x00300793) li      a5, 3
core   0: 3 0x0001072c (0x00300793) x15 0x00000003
core   0: 0x00010730 (0x02c7f663) bgeu    a5, a2, pc + 44
core   0: 3 0x00010730 (0x02c7f663)
core   0: 0x00010734 (0x00a5e733) or      a4, a1, a0
core   0: 3 0x00010734 (0x00a5e733) x14 0x00017ff4
core   0: 0x00010738 (0x00377713) andi    a4, a4, 3
core   0: 3 0x00010738 (0x00377713) x14 0x00000000
core   0: 0x0001073c (0x04071e63) bnez    a4, pc + 92
core   0: 3 0x0001073c (0x04071e63)
core   0: 0x00010740 (0x00052683) lw      a3, 0(a0)
core   0: 3 0x00010740 (0x00052683) x13 0x00000000 mem 0x00017f44
core   0: 0x00010744 (0x0005a703) lw      a4, 0(a1)
core   0: 3 0x00010744 (0x0005a703) x14 0x00000000 mem 0x00017fb0
core   0: 0x00010748 (0x04e69863) bne     a3, a4, pc + 80
core   0: 3 0x00010748 (0x04e69863)
core   0: 0x0001074c (0xffc60613) addi    a2, a2, -4
core   0: 3 0x0001074c (0xffc60613) x12 0x00000000
core   0: 0x00010750 (0x00450513) addi    a0, a0, 4
core   0: 3 0x00010750 (0x00450513) x10 0x00017f48
core   0: 0x00010754 (0x00458593) addi    a1, a1, 4
core   0: 3 0x00010754 (0x00458593) x11 0x00017fb4
core   0: 0x00010758 (0xfec7e4e3) bltu    a5, a2, pc - 24
core   0: 3 0x00010758 (0xfec7e4e3)
core   0: 0x0001075c (0xfff60693) addi    a3, a2, -1
core   0: 3 0x0001075c (0xfff60693) x13 0xffffffff
core   0: 0x00010760 (0x02060863) beqz    a2, pc + 48
core   0: 3 0x00010760 (0x02060863)
core   0: 0x00010790 (0x00000513) li      a0, 0
core   0: 3 0x00010790 (0x00000513) x10 0x00000000
core   0: 0x00010794 (0x00008067) ret
core   0: 3 0x00010794 (0x00008067)
core   0: 0x00010370 (0x00153513) seqz    a0, a0
core   0: 3 0x00010370 (0x00153513) x10 0x00000001
core   0: 0x00010374 (0x00a48023) sb      a0, 0(s1)
core   0: 3 0x00010374 (0x00a48023) mem 0x00008010 0x01
core   0: 0x00010378 (0x00440413) addi    s0, s0, 4
core   0: 3 0x00010378 (0x00440413) x8  0x0000000c
core   0: 0x0001037c (0xff4412e3) bne     s0, s4, pc - 28
core   0: 3 0x0001037c (0xff4412e3)
core   0: 0x00010360 (0x008985b3) add     a1, s3, s0
core   0: 3 0x00010360 (0x008985b3) x11 0x00017fb4
core   0: 0x00010364 (0x00890533) add     a0, s2, s0
core   0: 3 0x00010364 (0x00890533) x10 0x00017f48
core   0: 0x00010368 (0x00400613) li      a2, 4
core   0: 3 0x00010368 (0x00400613) x12 0x00000004
core   0: 0x0001036c (0x3c0000ef) jal     pc + 0x3c0
core   0: 3 0x0001036c (0x3c0000ef) x1  0x00010370
core   0: >>>>  memcmp
core   0: 0x0001072c (0x00300793) li      a5, 3
core   0: 3 0x0001072c (0x00300793) x15 0x00000003
core   0: 0x00010730 (0x02c7f663) bgeu    a5, a2, pc + 44
core   0: 3 0x00010730 (0x02c7f663)
core   0: 0x00010734 (0x00a5e733) or      a4, a1, a0
core   0: 3 0x00010734 (0x00a5e733) x14 0x00017ffc
core   0: 0x00010738 (0x00377713) andi    a4, a4, 3
core   0: 3 0x00010738 (0x00377713) x14 0x00000000
core   0: 0x0001073c (0x04071e63) bnez    a4, pc + 92
core   0: 3 0x0001073c (0x04071e63)
core   0: 0x00010740 (0x00052683) lw      a3, 0(a0)
core   0: 3 0x00010740 (0x00052683) x13 0x7fc00000 mem 0x00017f48
core   0: 0x00010744 (0x0005a703) lw      a4, 0(a1)
core   0: 3 0x00010744 (0x0005a703) x14 0x7fc00000 mem 0x00017fb4
core   0: 0x00010748 (0x04e69863) bne     a3, a4, pc + 80
core   0: 3 0x00010748 (0x04e69863)
core   0: 0x0001074c (0xffc60613) addi    a2, a2, -4
core   0: 3 0x0001074c (0xffc60613) x12 0x00000000
core   0: 0x00010750 (0x00450513) addi    a0, a0, 4
core   0: 3 0x00010750 (0x00450513) x10 0x00017f4c
core   0: 0x00010754 (0x00458593) addi    a1, a1, 4
core   0: 3 0x00010754 (0x00458593) x11 0x00017fb8
core   0: 0x00010758 (0xfec7e4e3) bltu    a5, a2, pc - 24
core   0: 3 0x00010758 (0xfec7e4e3)
core   0: 0x0001075c (0xfff60693) addi    a3, a2, -1
core   0: 3 0x0001075c (0xfff60693) x13 0xffffffff
core   0: 0x00010760 (0x02060863) beqz    a2, pc + 48
core   0: 3 0x00010760 (0x02060863)
core   0: 0x00010790 (0x00000513) li      a0, 0
core   0: 3 0x00010790 (0x00000513) x10 0x00000000
core   0: 0x00010794 (0x00008067) ret
core   0: 3 0x00010794 (0x00008067)
core   0: 0x00010370 (0x00153513) seqz    a0, a0
core   0: 3 0x00010370 (0x00153513) x10 0x00000001
core   0: 0x00010374 (0x00a48023) sb      a0, 0(s1)
core   0: 3 0x00010374 (0x00a48023) mem 0x00008010 0x01
core   0: 0x00010378 (0x00440413) addi    s0, s0, 4
core   0: 3 0x00010378 (0x00440413) x8  0x00000010
core   0: 0x0001037c (0xff4412e3) bne     s0, s4, pc - 28
core   0: 3 0x0001037c (0xff4412e3)
core   0: 0x00010360 (0x008985b3) add     a1, s3, s0
core   0: 3 0x00010360 (0x008985b3) x11 0x00017fb8
core   0: 0x00010364 (0x00890533) add     a0, s2, s0
core   0: 3 0x00010364 (0x00890533) x10 0x00017f4c
core   0: 0x00010368 (0x00400613) li      a2, 4
core   0: 3 0x00010368 (0x00400613) x12 0x00000004
core   0: 0x0001036c (0x3c0000ef) jal     pc + 0x3c0
core   0: 3 0x0001036c (0x3c0000ef) x1  0x00010370
core   0: >>>>  memcmp
core   0: 0x0001072c (0x00300793) li      a5, 3
core   0: 3 0x0001072c (0x00300793) x15 0x00000003
core   0: 0x00010730 (0x02c7f663) bgeu    a5, a2, pc + 44
core   0: 3 0x00010730 (0x02c7f663)
core   0: 0x00010734 (0x00a5e733) or      a4, a1, a0
core   0: 3 0x00010734 (0x00a5e733) x14 0x00017ffc
core   0: 0x00010738 (0x00377713) andi    a4, a4, 3
core   0: 3 0x00010738 (0x00377713) x14 0x00000000
core   0: 0x0001073c (0x04071e63) bnez    a4, pc + 92
core   0: 3 0x0001073c (0x04071e63)
core   0: 0x00010740 (0x00052683) lw      a3, 0(a0)
core   0: 3 0x00010740 (0x00052683) x13 0x7fc00000 mem 0x00017f4c
core   0: 0x00010744 (0x0005a703) lw      a4, 0(a1)
core   0: 3 0x00010744 (0x0005a703) x14 0x7fc00000 mem 0x00017fb8
core   0: 0x00010748 (0x04e69863) bne     a3, a4, pc + 80
core   0: 3 0x00010748 (0x04e69863)
core   0: 0x0001074c (0xffc60613) addi    a2, a2, -4
core   0: 3 0x0001074c (0xffc60613) x12 0x00000000
core   0: 0x00010750 (0x00450513) addi    a0, a0, 4
core   0: 3 0x00010750 (0x00450513) x10 0x00017f50
core   0: 0x00010754 (0x00458593) addi    a1, a1, 4
core   0: 3 0x00010754 (0x00458593) x11 0x00017fbc
core   0: 0x00010758 (0xfec7e4e3) bltu    a5, a2, pc - 24
core   0: 3 0x00010758 (0xfec7e4e3)
core   0: 0x0001075c (0xfff60693) addi    a3, a2, -1
core   0: 3 0x0001075c (0xfff60693) x13 0xffffffff
core   0: 0x00010760 (0x02060863) beqz    a2, pc + 48
core   0: 3 0x00010760 (0x02060863)
core   0: 0x00010790 (0x00000513) li      a0, 0
core   0: 3 0x00010790 (0x00000513) x10 0x00000000
core   0: 0x00010794 (0x00008067) ret
core   0: 3 0x00010794 (0x00008067)
core   0: 0x00010370 (0x00153513) seqz    a0, a0
core   0: 3 0x00010370 (0x00153513) x10 0x00000001
core   0: 0x00010374 (0x00a48023) sb      a0, 0(s1)
core   0: 3 0x00010374 (0x00a48023) mem 0x00008010 0x01
core   0: 0x00010378 (0x00440413) addi    s0, s0, 4
core   0: 3 0x00010378 (0x00440413) x8  0x00000014
core   0: 0x0001037c (0xff4412e3) bne     s0, s4, pc - 28
core   0: 3 0x0001037c (0xff4412e3)
core   0: 0x00010360 (0x008985b3) add     a1, s3, s0
core   0: 3 0x00010360 (0x008985b3) x11 0x00017fbc
core   0: 0x00010364 (0x00890533) add     a0, s2, s0
core   0: 3 0x00010364 (0x00890533) x10 0x00017f50
core   0: 0x00010368 (0x00400613) li      a2, 4
core   0: 3 0x00010368 (0x00400613) x12 0x00000004
core   0: 0x0001036c (0x3c0000ef) jal     pc + 0x3c0
core   0: 3 0x0001036c (0x3c0000ef) x1  0x00010370
core   0: >>>>  memcmp
core   0: 0x0001072c (0x00300793) li      a5, 3
core   0: 3 0x0001072c (0x00300793) x15 0x00000003
core   0: 0x00010730 (0x02c7f663) bgeu    a5, a2, pc + 44
core   0: 3 0x00010730 (0x02c7f663)
core   0: 0x00010734 (0x00a5e733) or      a4, a1, a0
core   0: 3 0x00010734 (0x00a5e733) x14 0x00017ffc
core   0: 0x00010738 (0x00377713) andi    a4, a4, 3
core   0: 3 0x00010738 (0x00377713) x14 0x00000000
core   0: 0x0001073c (0x04071e63) bnez    a4, pc + 92
core   0: 3 0x0001073c (0x04071e63)
core   0: 0x00010740 (0x00052683) lw      a3, 0(a0)
core   0: 3 0x00010740 (0x00052683) x13 0x7fc00000 mem 0x00017f50
core   0: 0x00010744 (0x0005a703) lw      a4, 0(a1)
core   0: 3 0x00010744 (0x0005a703) x14 0x7fc00000 mem 0x00017fbc
core   0: 0x00010748 (0x04e69863) bne     a3, a4, pc + 80
core   0: 3 0x00010748 (0x04e69863)
core   0: 0x0001074c (0xffc60613) addi    a2, a2, -4
core   0: 3 0x0001074c (0xffc60613) x12 0x00000000
core   0: 0x00010750 (0x00450513) addi    a0, a0, 4
core   0: 3 0x00010750 (0x00450513) x10 0x00017f54
core   0: 0x00010754 (0x00458593) addi    a1, a1, 4
core   0: 3 0x00010754 (0x00458593) x11 0x00017fc0
core   0: 0x00010758 (0xfec7e4e3) bltu    a5, a2, pc - 24
core   0: 3 0x00010758 (0xfec7e4e3)
core   0: 0x0001075c (0xfff60693) addi    a3, a2, -1
core   0: 3 0x0001075c (0xfff60693) x13 0xffffffff
core   0: 0x00010760 (0x02060863) beqz    a2, pc + 48
core   0: 3 0x00010760 (0x02060863)
core   0: 0x00010790 (0x00000513) li      a0, 0
core   0: 3 0x00010790 (0x00000513) x10 0x00000000
core   0: 0x00010794 (0x00008067) ret
core   0: 3 0x00010794 (0x00008067)
core   0: 0x00010370 (0x00153513) seqz    a0, a0
core   0: 3 0x00010370 (0x00153513) x10 0x00000001
core   0: 0x00010374 (0x00a48023) sb      a0, 0(s1)
core   0: 3 0x00010374 (0x00a48023) mem 0x00008010 0x01
core   0: 0x00010378 (0x00440413) addi    s0, s0, 4
core   0: 3 0x00010378 (0x00440413) x8  0x00000018
core   0: 0x0001037c (0xff4412e3) bne     s0, s4, pc - 28
core   0: 3 0x0001037c (0xff4412e3)
core   0: 0x00010360 (0x008985b3) add     a1, s3, s0
core   0: 3 0x00010360 (0x008985b3) x11 0x00017fc0
core   0: 0x00010364 (0x00890533) add     a0, s2, s0
core   0: 3 0x00010364 (0x00890533) x10 0x00017f54
core   0: 0x00010368 (0x00400613) li      a2, 4
core   0: 3 0x00010368 (0x00400613) x12 0x00000004
core   0: 0x0001036c (0x3c0000ef) jal     pc + 0x3c0
core   0: 3 0x0001036c (0x3c0000ef) x1  0x00010370
core   0: >>>>  memcmp
core   0: 0x0001072c (0x00300793) li      a5, 3
core   0: 3 0x0001072c (0x00300793) x15 0x00000003
core   0: 0x00010730 (0x02c7f663) bgeu    a5, a2, pc + 44
core   0: 3 0x00010730 (0x02c7f663)
core   0: 0x00010734 (0x00a5e733) or      a4, a1, a0
core   0: 3 0x00010734 (0x00a5e733) x14 0x00017fd4
core   0: 0x00010738 (0x00377713) andi    a4, a4, 3
core   0: 3 0x00010738 (0x00377713) x14 0x00000000
core   0: 0x0001073c (0x04071e63) bnez    a4, pc + 92
core   0: 3 0x0001073c (0x04071e63)
core   0: 0x00010740 (0x00052683) lw      a3, 0(a0)
core   0: 3 0x00010740 (0x00052683) x13 0x3e800000 mem 0x00017f54
core   0: 0x00010744 (0x0005a703) lw      a4, 0(a1)
core   0: 3 0x00010744 (0x0005a703) x14 0x3e800000 mem 0x00017fc0
core   0: 0x00010748 (0x04e69863) bne     a3, a4, pc + 80
core   0: 3 0x00010748 (0x04e69863)
core   0: 0x0001074c (0xffc60613) addi    a2, a2, -4
core   0: 3 0x0001074c (0xffc60613) x12 0x00000000
core   0: 0x00010750 (0x00450513) addi    a0, a0, 4
core   0: 3 0x00010750 (0x00450513) x10 0x00017f58
core   0: 0x00010754 (0x00458593) addi    a1, a1, 4
core   0: 3 0x00010754 (0x00458593) x11 0x00017fc4
core   0: 0x00010758 (0xfec7e4e3) bltu    a5, a2, pc - 24
core   0: 3 0x00010758 (0xfec7e4e3)
core   0: 0x0001075c (0xfff60693) addi    a3, a2, -1
core   0: 3 0x0001075c (0xfff60693) x13 0xffffffff
core   0: 0x00010760 (0x02060863) beqz    a2, pc + 48
core   0: 3 0x00010760 (0x02060863)
core   0: 0x00010790 (0x00000513) li      a0, 0
core   0: 3 0x00010790 (0x00000513) x10 0x00000000
core   0: 0x00010794 (0x00008067) ret
core   0: 3 0x00010794 (0x00008067)
core   0: 0x00010370 (0x00153513) seqz    a0, a0
core   0: 3 0x00010370 (0x00153513) x10 0x00000001
core   0: 0x00010374 (0x00a48023) sb      a0, 0(s1)
core   0: 3 0x00010374 (0x00a48023) mem 0x00008010 0x01
core   0: 0x00010378 (0x00440413) addi    s0, s0, 4
core   0: 3 0x00010378 (0x00440413) x8  0x0000001c
core   0: 0x0001037c (0xff4412e3) bne     s0, s4, pc - 28
core   0: 3 0x0001037c (0xff4412e3)
core   0: 0x00010360 (0x008985b3) add     a1, s3, s0
core   0: 3 0x00010360 (0x008985b3) x11 0x00017fc4
core   0: 0x00010364 (0x00890533) add     a0, s2, s0
core   0: 3 0x00010364 (0x00890533) x10 0x00017f58
core   0: 0x00010368 (0x00400613) li      a2, 4
core   0: 3 0x00010368 (0x00400613) x12 0x00000004
core   0: 0x0001036c (0x3c0000ef) jal     pc + 0x3c0
core   0: 3 0x0001036c (0x3c0000ef) x1  0x00010370
core   0: >>>>  memcmp
core   0: 0x0001072c (0x00300793) li      a5, 3
core   0: 3 0x0001072c (0x00300793) x15 0x00000003
core   0: 0x00010730 (0x02c7f663) bgeu    a5, a2, pc + 44
core   0: 3 0x00010730 (0x02c7f663)
core   0: 0x00010734 (0x00a5e733) or      a4, a1, a0
core   0: 3 0x00010734 (0x00a5e733) x14 0x00017fdc
core   0: 0x00010738 (0x00377713) andi    a4, a4, 3
core   0: 3 0x00010738 (0x00377713) x14 0x00000000
core   0: 0x0001073c (0x04071e63) bnez    a4, pc + 92
core   0: 3 0x0001073c (0x04071e63)
core   0: 0x00010740 (0x00052683) lw      a3, 0(a0)
core   0: 3 0x00010740 (0x00052683) x13 0x36200000 mem 0x00017f58
core   0: 0x00010744 (0x0005a703) lw      a4, 0(a1)
core   0: 3 0x00010744 (0x0005a703) x14 0x36200000 mem 0x00017fc4
core   0: 0x00010748 (0x04e69863) bne     a3, a4, pc + 80
core   0: 3 0x00010748 (0x04e69863)
core   0: 0x0001074c (0xffc60613) addi    a2, a2, -4
core   0: 3 0x0001074c (0xffc60613) x12 0x00000000
core   0: 0x00010750 (0x00450513) addi    a0, a0, 4
core   0: 3 0x00010750 (0x00450513) x10 0x00017f5c
core   0: 0x00010754 (0x00458593) addi    a1, a1, 4
core   0: 3 0x00010754 (0x00458593) x11 0x00017fc8
core   0: 0x00010758 (0xfec7e4e3) bltu    a5, a2, pc - 24
core   0: 3 0x00010758 (0xfec7e4e3)
core   0: 0x0001075c (0xfff60693) addi    a3, a2, -1
core   0: 3 0x0001075c (0xfff60693) x13 0xffffffff
core   0: 0x00010760 (0x02060863) beqz    a2, pc + 48
core   0: 3 0x00010760 (0x02060863)
core   0: 0x00010790 (0x00000513) li      a0, 0
core   0: 3 0x00010790 (0x00000513) x10 0x00000000
core   0: 0x00010794 (0x00008067) ret
core   0: 3 0x00010794 (0x00008067)
core   0: 0x00010370 (0x00153513) seqz    a0, a0
core   0: 3 0x00010370 (0x00153513) x10 0x00000001
core   0: 0x00010374 (0x00a48023) sb      a0, 0(s1)
core   0: 3 0x00010374 (0x00a48023) mem 0x00008010 0x01
core   0: 0x00010378 (0x00440413) addi    s0, s0, 4
core   0: 3 0x00010378 (0x00440413) x8  0x00000020
core   0: 0x0001037c (0xff4412e3) bne     s0, s4, pc - 28
core   0: 3 0x0001037c (0xff4412e3)
core   0: 0x00010360 (0x008985b3) add     a1, s3, s0
core   0: 3 0x00010360 (0x008985b3) x11 0x00017fc8
core   0: 0x00010364 (0x00890533) add     a0, s2, s0
core   0: 3 0x00010364 (0x00890533) x10 0x00017f5c
core   0: 0x00010368 (0x00400613) li      a2, 4
core   0: 3 0x00010368 (0x00400613) x12 0x00000004
core   0: 0x0001036c (0x3c0000ef) jal     pc + 0x3c0
core   0: 3 0x0001036c (0x3c0000ef) x1  0x00010370
core   0: >>>>  memcmp
core   0: 0x0001072c (0x00300793) li      a5, 3
core   0: 3 0x0001072c (0x00300793) x15 0x00000003
core   0: 0x00010730 (0x02c7f663) bgeu    a5, a2, pc + 44
core   0: 3 0x00010730 (0x02c7f663)
core   0: 0x00010734 (0x00a5e733) or      a4, a1, a0
core   0: 3 0x00010734 (0x00a5e733) x14 0x00017fdc
core   0: 0x00010738 (0x00377713) andi    a4, a4, 3
core   0: 3 0x00010738 (0x00377713) x14 0x00000000
core   0: 0x0001073c (0x04071e63) bnez    a4, pc + 92
core   0: 3 0x0001073c (0x04071e63)
core   0: 0x00010740 (0x00052683) lw      a3, 0(a0)
core   0: 3 0x00010740 (0x00052683) x13 0x3f7ffe00 mem 0x00017f5c
core   0: 0x00010744 (0x0005a703) lw      a4, 0(a1)
core   0: 3 0x00010744 (0x0005a703) x14 0x3f7ffe00 mem 0x00017fc8
core   0: 0x00010748 (0x04e69863) bne     a3, a4, pc + 80
core   0: 3 0x00010748 (0x04e69863)
core   0: 0x0001074c (0xffc60613) addi    a2, a2, -4
core   0: 3 0x0001074c (0xffc60613) x12 0x00000000
core   0: 0x00010750 (0x00450513) addi    a0, a0, 4
core   0: 3 0x00010750 (0x00450513) x10 0x00017f60
core   0: 0x00010754 (0x00458593) addi    a1, a1, 4
core   0: 3 0x00010754 (0x00458593) x11 0x00017fcc
core   0: 0x00010758 (0xfec7e4e3) bltu    a5, a2, pc - 24
core   0: 3 0x00010758 (0xfec7e4e3)
core   0: 0x0001075c (0xfff60693) addi    a3, a2, -1
core   0: 3 0x0001075c (0xfff60693) x13 0xffffffff
core   0: 0x00010760 (0x02060863) beqz    a2, pc + 48
core   0: 3 0x00010760 (0x02060863)
core   0: 0x00010790 (0x00000513) li      a0, 0
core   0: 3 0x00010790 (0x00000513) x10 0x00000000
core   0: 0x00010794 (0x00008067) ret
core   0: 3 0x00010794 (0x00008067)
core   0: 0x00010370 (0x00153513) seqz    a0, a0
core   0: 3 0x00010370 (0x00153513) x10 0x00000001
core   0: 0x00010374 (0x00a48023) sb      a0, 0(s1)
core   0: 3 0x00010374 (0x00a48023) mem 0x00008010 0x01
core   0: 0x00010378 (0x00440413) addi    s0, s0, 4
core   0: 3 0x00010378 (0x00440413) x8  0x00000024
core   0: 0x0001037c (0xff4412e3) bne     s0, s4, pc - 28
core   0: 3 0x0001037c (0xff4412e3)
core   0: 0x00010380 (0x0ac12083) lw      ra, 172(sp)
core   0: 3 0x00010380 (0x0ac12083) x1  0x00010064 mem 0x00017fe8
core   0: 0x00010384 (0x0a812403) lw      s0, 168(sp)
core   0: 3 0x00010384 (0x0a812403) x8  0x00017000 mem 0x00017fe4
core   0: 0x00010388 (0x0a412483) lw      s1, 164(sp)
core   0: 3 0x00010388 (0x0a412483) x9  0x0000000a mem 0x00017fe0
core   0: 0x0001038c (0x0a012903) lw      s2, 160(sp)
core   0: 3 0x0001038c (0x0a012903) x18 0x00000000 mem 0x00017fdc
core   0: 0x00010390 (0x09c12983) lw      s3, 156(sp)
core   0: 3 0x00010390 (0x09c12983) x19 0x00000000 mem 0x00017fd8
core   0: 0x00010394 (0x09812a03) lw      s4, 152(sp)
core   0: 3 0x00010394 (0x09812a03) x20 0x00000000 mem 0x00017fd4
core   0: 0x00010398 (0x0b010113) addi    sp, sp, 176
core   0: 3 0x00010398 (0x0b010113) x2  0x00017fec
core   0: 0x0001039c (0x00008067) ret
core   0: 3 0x0001039c (0x00008067)
core   0: 0x00010064 (0x00042783) lw      a5, 0(s0)
core   0: 3 0x00010064 (0x00042783) x15 0x00008010 mem 0x00017000
core   0: 0x00010068 (0x04400713) li      a4, 68
core   0: 3 0x00010068 (0x04400713) x14 0x00000044
core   0: 0x0001006c (0x00e78023) sb      a4, 0(a5)
core   0: 3 0x0001006c (0x00e78023) mem 0x00008010 0x44
core   0: 0x00010070 (0x00042783) lw      a5, 0(s0)
core   0: 3 0x00010070 (0x00042783) x15 0x00008010 mem 0x00017000
core   0: 0x00010074 (0x00978023) sb      s1, 0(a5)
core   0: 3 0x00010074 (0x00978023) mem 0x00008010 0x0a
core   0: 0x00010078 (0x07c000ef) jal     pc + 0x7c
core   0: 3 0x00010078 (0x07c000ef) x1  0x0001007c
core   0: >>>>  div
core   0: 0x000100f4 (0xf5010113) addi    sp, sp, -176
core   0: 3 0x000100f4 (0xf5010113) x2  0x00017f3c
core   0: 0x000100f8 (0x09312e23) sw      s3, 156(sp)
core   0: 3 0x000100f8 (0x09312e23) mem 0x00017fd8 0x00000000
core   0: 0x000100fc (0x000115b7) lui     a1, 0x11
core   0: 3 0x000100fc (0x000115b7) x11 0x00011000
core   0: 0x00010100 (0x02410993) addi    s3, sp, 36
core   0: 3 0x00010100 (0x02410993) x19 0x00017f60
core   0: 0x00010104 (0x0a912223) sw      s1, 164(sp)
core   0: 3 0x00010104 (0x0a912223) mem 0x00017fe0 0x0000000a
core   0: 0x00010108 (0x02400613) li      a2, 36
core   0: 3 0x00010108 (0x02400613) x12 0x00000024
core   0: 0x0001010c (0x8c858493) addi    s1, a1, -1848
core   0: 3 0x0001010c (0x8c858493) x9  0x000108c8
core   0: 0x00010110 (0x00098513) mv      a0, s3
core   0: 3 0x00010110 (0x00098513) x10 0x00017f60
core   0: 0x00010114 (0x8c858593) addi    a1, a1, -1848
core   0: 3 0x00010114 (0x8c858593) x11 0x000108c8
core   0: 0x00010118 (0x0a112623) sw      ra, 172(sp)
core   0: 3 0x00010118 (0x0a112623) mem 0x00017fe8 0x0001007c
core   0: 0x0001011c (0x0a812423) sw      s0, 168(sp)
core   0: 3 0x0001011c (0x0a812423) mem 0x00017fe4 0x00017000
core   0: 0x00010120 (0x0b212023) sw      s2, 160(sp)
core   0: 3 0x00010120 (0x0b212023) mem 0x00017fdc 0x00000000
core   0: 0x00010124 (0x09412c23) sw      s4, 152(sp)
core   0: 3 0x00010124 (0x09412c23) mem 0x00017fd4 0x00000000
core   0: 0x00010128 (0x678000ef) jal     pc + 0x678
core   0: 3 0x00010128 (0x678000ef) x1  0x0001012c
core   0: >>>>  $xrv32i2p1_m2p0_f2p2_zicntr2p0_zicsr2p0_zmmul1p0
core   0: 0x000107a0 (0x00a5c7b3) xor     a5, a1, a0
core   0: 3 0x000107a0 (0x00a5c7b3) x15 0x000077a8
core   0: 0x000107a4 (0x0037f793) andi    a5, a5, 3
core   0: 3 0x000107a4 (0x0037f793) x15 0x00000000
core   0: 0x000107a8 (0x00c508b3) add     a7, a0, a2
core   0: 3 0x000107a8 (0x00c508b3) x17 0x00017f84
core   0: 0x000107ac (0x06079663) bnez    a5, pc + 108
core   0: 3 0x000107ac (0x06079663)
core   0: 0x000107b0 (0x00300793) li      a5, 3
core   0: 3 0x000107b0 (0x00300793) x15 0x00000003
core   0: 0x000107b4 (0x06c7f263) bgeu    a5, a2, pc + 100
core   0: 3 0x000107b4 (0x06c7f263)
core   0: 0x000107b8 (0x00357793) andi    a5, a0, 3
core   0: 3 0x000107b8 (0x00357793) x15 0x00000000
core   0: 0x000107bc (0x00050713) mv      a4, a0
core   0: 3 0x000107bc (0x00050713) x14 0x00017f60
core   0: 0x000107c0 (0x0c079a63) bnez    a5, pc + 212
core   0: 3 0x000107c0 (0x0c079a63)
core   0: 0x000107c4 (0xffc8f613) andi    a2, a7, -4
core   0: 3 0x000107c4 (0xffc8f613) x12 0x00017f84
core   0: 0x000107c8 (0x40e606b3) sub     a3, a2, a4
core   0: 3 0x000107c8 (0x40e606b3) x13 0x00000024
core   0: 0x000107cc (0x02000793) li      a5, 32
core   0: 3 0x000107cc (0x02000793) x15 0x00000020
core   0: 0x000107d0 (0x06d7c463) blt     a5, a3, pc + 104
core   0: 3 0x000107d0 (0x06d7c463)
core   0: 0x00010838 (0x0205a683) lw      a3, 32(a1)
core   0: 3 0x00010838 (0x0205a683) x13 0x7fc00000 mem 0x000108e8
core   0: 0x0001083c (0x0005a383) lw      t2, 0(a1)
core   0: 3 0x0001083c (0x0005a383) x7  0x3f800000 mem 0x000108c8
core   0: 0x00010840 (0x0045a283) lw      t0, 4(a1)
core   0: 3 0x00010840 (0x0045a283) x5  0xbf800000 mem 0x000108cc
core   0: 0x00010844 (0x0085af83) lw      t6, 8(a1)
core   0: 3 0x00010844 (0x0085af83) x31 0x00000000 mem 0x000108d0
core   0: 0x00010848 (0x00c5af03) lw      t5, 12(a1)
core   0: 3 0x00010848 (0x00c5af03) x30 0x7f800000 mem 0x000108d4
core   0: 0x0001084c (0x0105ae83) lw      t4, 16(a1)
core   0: 3 0x0001084c (0x0105ae83) x29 0x00000000 mem 0x000108d8
core   0: 0x00010850 (0x0145ae03) lw      t3, 20(a1)
core   0: 3 0x00010850 (0x0145ae03) x28 0x7f800000 mem 0x000108dc
core   0: 0x00010854 (0x0185a303) lw      t1, 24(a1)
core   0: 3 0x00010854 (0x0185a303) x6  0x7fc00000 mem 0x000108e0
core   0: 0x00010858 (0x01c5a803) lw      a6, 28(a1)
core   0: 3 0x00010858 (0x01c5a803) x16 0x3f800000 mem 0x000108e4
core   0: 0x0001085c (0x02470713) addi    a4, a4, 36
core   0: 3 0x0001085c (0x02470713) x14 0x00017f84
core   0: 0x00010860 (0xfed72e23) sw      a3, -4(a4)
core   0: 3 0x00010860 (0xfed72e23) mem 0x00017f80 0x7fc00000
core   0: 0x00010864 (0xfc772e23) sw      t2, -36(a4)
core   0: 3 0x00010864 (0xfc772e23) mem 0x00017f60 0x3f800000
core   0: 0x00010868 (0x40e606b3) sub     a3, a2, a4
core   0: 3 0x00010868 (0x40e606b3) x13 0x00000000
core   0: 0x0001086c (0xfe572023) sw      t0, -32(a4)
core   0: 3 0x0001086c (0xfe572023) mem 0x00017f64 0xbf800000
core   0: 0x00010870 (0xfff72223) sw      t6, -28(a4)
core   0: 3 0x00010870 (0xfff72223) mem 0x00017f68 0x00000000
core   0: 0x00010874 (0xffe72423) sw      t5, -24(a4)
core   0: 3 0x00010874 (0xffe72423) mem 0x00017f6c 0x7f800000
core   0: 0x00010878 (0xffd72623) sw      t4, -20(a4)
core   0: 3 0x00010878 (0xffd72623) mem 0x00017f70 0x00000000
core   0: 0x0001087c (0xffc72823) sw      t3, -16(a4)
core   0: 3 0x0001087c (0xffc72823) mem 0x00017f74 0x7f800000
core   0: 0x00010880 (0xfe672a23) sw      t1, -12(a4)
core   0: 3 0x00010880 (0xfe672a23) mem 0x00017f78 0x7fc00000
core   0: 0x00010884 (0xff072c23) sw      a6, -8(a4)
core   0: 3 0x00010884 (0xff072c23) mem 0x00017f7c 0x3f800000
core   0: 0x00010888 (0x02458593) addi    a1, a1, 36
core   0: 3 0x00010888 (0x02458593) x11 0x000108ec
core   0: 0x0001088c (0xfad7c6e3) blt     a5, a3, pc - 84
core   0: 3 0x0001088c (0xfad7c6e3)
core   0: 0x00010890 (0xf45ff06f) j       pc - 0xbc
core   0: 3 0x00010890 (0xf45ff06f)
core   0: 0x000107d4 (0x00058693) mv      a3, a1
core   0: 3 0x000107d4 (0x00058693) x13 0x000108ec
core   0: 0x000107d8 (0x00070793) mv      a5, a4
core   0: 3 0x000107d8 (0x00070793) x15 0x00017f84
core   0: 0x000107dc (0x02c77a63) bgeu    a4, a2, pc + 52
core   0: 3 0x000107dc (0x02c77a63)
core   0: 0x00010810 (0x01176863) bltu    a4, a7, pc + 16
core   0: 3 0x00010810 (0x01176863)
core   0: 0x00010814 (0x00008067) ret
core   0: 3 0x00010814 (0x00008067)
core   0: 0x0001012c (0x02400613) li      a2, 36
core   0: 3 0x0001012c (0x02400613) x12 0x00000024
core   0: 0x00010130 (0x04810413) addi    s0, sp, 72
core   0: 3 0x00010130 (0x04810413) x8  0x00017f84
core   0: 0x00010134 (0x00c485b3) add     a1, s1, a2
core   0: 3 0x00010134 (0x00c485b3) x11 0x000108ec
core   0: 0x00010138 (0x00040513) mv      a0, s0
core   0: 3 0x00010138 (0x00040513) x10 0x00017f84
core   0: 0x0001013c (0x664000ef) jal     pc + 0x664
core   0: 3 0x0001013c (0x664000ef) x1  0x00010140
core   0: >>>>  $xrv32i2p1_m2p0_f2p2_zicntr2p0_zicsr2p0_zmmul1p0
core   0: 0x000107a0 (0x00a5c7b3) xor     a5, a1, a0
core   0: 3 0x000107a0 (0x00a5c7b3) x15 0x00007768
core   0: 0x000107a4 (0x0037f793) andi    a5, a5, 3
core   0: 3 0x000107a4 (0x0037f793) x15 0x00000000
core   0: 0x000107a8 (0x00c508b3) add     a7, a0, a2
core   0: 3 0x000107a8 (0x00c508b3) x17 0x00017fa8
core   0: 0x000107ac (0x06079663) bnez    a5, pc + 108
core   0: 3 0x000107ac (0x06079663)
core   0: 0x000107b0 (0x00300793) li      a5, 3
core   0: 3 0x000107b0 (0x00300793) x15 0x00000003
core   0: 0x000107b4 (0x06c7f263) bgeu    a5, a2, pc + 100
core   0: 3 0x000107b4 (0x06c7f263)
core   0: 0x000107b8 (0x00357793) andi    a5, a0, 3
core   0: 3 0x000107b8 (0x00357793) x15 0x00000000
core   0: 0x000107bc (0x00050713) mv      a4, a0
core   0: 3 0x000107bc (0x00050713) x14 0x00017f84
core   0: 0x000107c0 (0x0c079a63) bnez    a5, pc + 212
core   0: 3 0x000107c0 (0x0c079a63)
core   0: 0x000107c4 (0xffc8f613) andi    a2, a7, -4
core   0: 3 0x000107c4 (0xffc8f613) x12 0x00017fa8
core   0: 0x000107c8 (0x40e606b3) sub     a3, a2, a4
core   0: 3 0x000107c8 (0x40e606b3) x13 0x00000024
core   0: 0x000107cc (0x02000793) li      a5, 32
core   0: 3 0x000107cc (0x02000793) x15 0x00000020
core   0: 0x000107d0 (0x06d7c463) blt     a5, a3, pc + 104
core   0: 3 0x000107d0 (0x06d7c463)
core   0: 0x00010838 (0x0205a683) lw      a3, 32(a1)
core   0: 3 0x00010838 (0x0205a683) x13 0x7fc00000 mem 0x0001090c
core   0: 0x0001083c (0x0005a383) lw      t2, 0(a1)
core   0: 3 0x0001083c (0x0005a383) x7  0x00000000 mem 0x000108ec
core   0: 0x00010840 (0x0045a283) lw      t0, 4(a1)
core   0: 3 0x00010840 (0x0045a283) x5  0x00000000 mem 0x000108f0
core   0: 0x00010844 (0x0085af83) lw      t6, 8(a1)
core   0: 3 0x00010844 (0x0085af83) x31 0x00000000 mem 0x000108f4
core   0: 0x00010848 (0x00c5af03) lw      t5, 12(a1)
core   0: 3 0x00010848 (0x00c5af03) x30 0x7f800000 mem 0x000108f8
core   0: 0x0001084c (0x0105ae83) lw      t4, 16(a1)
core   0: 3 0x0001084c (0x0105ae83) x29 0x7f800000 mem 0x000108fc
core   0: 0x00010850 (0x0145ae03) lw      t3, 20(a1)
core   0: 3 0x00010850 (0x0145ae03) x28 0x00000000 mem 0x00010900
core   0: 0x00010854 (0x0185a303) lw      t1, 24(a1)
core   0: 3 0x00010854 (0x0185a303) x6  0x00000000 mem 0x00010904
core   0: 0x00010858 (0x01c5a803) lw      a6, 28(a1)
core   0: 3 0x00010858 (0x01c5a803) x16 0x7fc00000 mem 0x00010908
core   0: 0x0001085c (0x02470713) addi    a4, a4, 36
core   0: 3 0x0001085c (0x02470713) x14 0x00017fa8
core   0: 0x00010860 (0xfed72e23) sw      a3, -4(a4)
core   0: 3 0x00010860 (0xfed72e23) mem 0x00017fa4 0x7fc00000
core   0: 0x00010864 (0xfc772e23) sw      t2, -36(a4)
core   0: 3 0x00010864 (0xfc772e23) mem 0x00017f84 0x00000000
core   0: 0x00010868 (0x40e606b3) sub     a3, a2, a4
core   0: 3 0x00010868 (0x40e606b3) x13 0x00000000
core   0: 0x0001086c (0xfe572023) sw      t0, -32(a4)
core   0: 3 0x0001086c (0xfe572023) mem 0x00017f88 0x00000000
core   0: 0x00010870 (0xfff72223) sw      t6, -28(a4)
core   0: 3 0x00010870 (0xfff72223) mem 0x00017f8c 0x00000000
core   0: 0x00010874 (0xffe72423) sw      t5, -24(a4)
core   0: 3 0x00010874 (0xffe72423) mem 0x00017f90 0x7f800000
core   0: 0x00010878 (0xffd72623) sw      t4, -20(a4)
core   0: 3 0x00010878 (0xffd72623) mem 0x00017f94 0x7f800000
core   0: 0x0001087c (0xffc72823) sw      t3, -16(a4)
core   0: 3 0x0001087c (0xffc72823) mem 0x00017f98 0x00000000
core   0: 0x00010880 (0xfe672a23) sw      t1, -12(a4)
core   0: 3 0x00010880 (0xfe672a23) mem 0x00017f9c 0x00000000
core   0: 0x00010884 (0xff072c23) sw      a6, -8(a4)
core   0: 3 0x00010884 (0xff072c23) mem 0x00017fa0 0x7fc00000
core   0: 0x00010888 (0x02458593) addi    a1, a1, 36
core   0: 3 0x00010888 (0x02458593) x11 0x00010910
core   0: 0x0001088c (0xfad7c6e3) blt     a5, a3, pc - 84
core   0: 3 0x0001088c (0xfad7c6e3)
core   0: 0x00010890 (0xf45ff06f) j       pc - 0xbc
core   0: 3 0x00010890 (0xf45ff06f)
core   0: 0x000107d4 (0x00058693) mv      a3, a1
core   0: 3 0x000107d4 (0x00058693) x13 0x00010910
core   0: 0x000107d8 (0x00070793) mv      a5, a4
core   0: 3 0x000107d8 (0x00070793) x15 0x00017fa8
core   0: 0x000107dc (0x02c77a63) bgeu    a4, a2, pc + 52
core   0: 3 0x000107dc (0x02c77a63)
core   0: 0x00010810 (0x01176863) bltu    a4, a7, pc + 16
core   0: 3 0x00010810 (0x01176863)
core   0: 0x00010814 (0x00008067) ret
core   0: 3 0x00010814 (0x00008067)
core   0: 0x00010140 (0x06c10913) addi    s2, sp, 108
core   0: 3 0x00010140 (0x06c10913) x18 0x00017fa8
core   0: 0x00010144 (0x04848593) addi    a1, s1, 72
core   0: 3 0x00010144 (0x04848593) x11 0x00010910
core   0: 0x00010148 (0x02400613) li      a2, 36
core   0: 3 0x00010148 (0x02400613) x12 0x00000024
core   0: 0x0001014c (0x00090513) mv      a0, s2
core   0: 3 0x0001014c (0x00090513) x10 0x00017fa8
core   0: 0x00010150 (0x650000ef) jal     pc + 0x650
core   0: 3 0x00010150 (0x650000ef) x1  0x00010154
core   0: >>>>  $xrv32i2p1_m2p0_f2p2_zicntr2p0_zicsr2p0_zmmul1p0
core   0: 0x000107a0 (0x00a5c7b3) xor     a5, a1, a0
core   0: 3 0x000107a0 (0x00a5c7b3) x15 0x000076b8
core   0: 0x000107a4 (0x0037f793) andi    a5, a5, 3
core   0: 3 0x000107a4 (0x0037f793) x15 0x00000000
core   0: 0x000107a8 (0x00c508b3) add     a7, a0, a2
core   0: 3 0x000107a8 (0x00c508b3) x17 0x00017fcc
core   0: 0x000107ac (0x06079663) bnez    a5, pc + 108
core   0: 3 0x000107ac (0x06079663)
core   0: 0x000107b0 (0x00300793) li      a5, 3
core   0: 3 0x000107b0 (0x00300793) x15 0x00000003
core   0: 0x000107b4 (0x06c7f263) bgeu    a5, a2, pc + 100
core   0: 3 0x000107b4 (0x06c7f263)
core   0: 0x000107b8 (0x00357793) andi    a5, a0, 3
core   0: 3 0x000107b8 (0x00357793) x15 0x00000000
core   0: 0x000107bc (0x00050713) mv      a4, a0
core   0: 3 0x000107bc (0x00050713) x14 0x00017fa8
core   0: 0x000107c0 (0x0c079a63) bnez    a5, pc + 212
core   0: 3 0x000107c0 (0x0c079a63)
core   0: 0x000107c4 (0xffc8f613) andi    a2, a7, -4
core   0: 3 0x000107c4 (0xffc8f613) x12 0x00017fcc
core   0: 0x000107c8 (0x40e606b3) sub     a3, a2, a4
core   0: 3 0x000107c8 (0x40e606b3) x13 0x00000024
core   0: 0x000107cc (0x02000793) li      a5, 32
core   0: 3 0x000107cc (0x02000793) x15 0x00000020
core   0: 0x000107d0 (0x06d7c463) blt     a5, a3, pc + 104
core   0: 3 0x000107d0 (0x06d7c463)
core   0: 0x00010838 (0x0205a683) lw      a3, 32(a1)
core   0: 3 0x00010838 (0x0205a683) x13 0x7fc00000 mem 0x00010930
core   0: 0x0001083c (0x0005a383) lw      t2, 0(a1)
core   0: 3 0x0001083c (0x0005a383) x7  0x7f800000 mem 0x00010910
core   0: 0x00010840 (0x0045a283) lw      t0, 4(a1)
core   0: 3 0x00010840 (0x0045a283) x5  0xff800000 mem 0x00010914
core   0: 0x00010844 (0x0085af83) lw      t6, 8(a1)
core   0: 3 0x00010844 (0x0085af83) x31 0x7fc00000 mem 0x00010918
core   0: 0x00010848 (0x00c5af03) lw      t5, 12(a1)
core   0: 3 0x00010848 (0x00c5af03) x30 0x7fc00000 mem 0x0001091c
core   0: 0x0001084c (0x0105ae83) lw      t4, 16(a1)
core   0: 3 0x0001084c (0x0105ae83) x29 0x00000000 mem 0x00010920
core   0: 0x00010850 (0x0145ae03) lw      t3, 20(a1)
core   0: 3 0x00010850 (0x0145ae03) x28 0x7f800000 mem 0x00010924
core   0: 0x00010854 (0x0185a303) lw      t1, 24(a1)
core   0: 3 0x00010854 (0x0185a303) x6  0x7fc00000 mem 0x00010928
core   0: 0x00010858 (0x01c5a803) lw      a6, 28(a1)
core   0: 3 0x00010858 (0x01c5a803) x16 0x7fc00000 mem 0x0001092c
core   0: 0x0001085c (0x02470713) addi    a4, a4, 36
core   0: 3 0x0001085c (0x02470713) x14 0x00017fcc
core   0: 0x00010860 (0xfed72e23) sw      a3, -4(a4)
core   0: 3 0x00010860 (0xfed72e23) mem 0x00017fc8 0x7fc00000
core   0: 0x00010864 (0xfc772e23) sw      t2, -36(a4)
core   0: 3 0x00010864 (0xfc772e23) mem 0x00017fa8 0x7f800000
core   0: 0x00010868 (0x40e606b3) sub     a3, a2, a4
core   0: 3 0x00010868 (0x40e606b3) x13 0x00000000
core   0: 0x0001086c (0xfe572023) sw      t0, -32(a4)
core   0: 3 0x0001086c (0xfe572023) mem 0x00017fac 0xff800000
core   0: 0x00010870 (0xfff72223) sw      t6, -28(a4)
core   0: 3 0x00010870 (0xfff72223) mem 0x00017fb0 0x7fc00000
core   0: 0x00010874 (0xffe72423) sw      t5, -24(a4)
core   0: 3 0x00010874 (0xffe72423) mem 0x00017fb4 0x7fc00000
core   0: 0x00010878 (0xffd72623) sw      t4, -20(a4)
core   0: 3 0x00010878 (0xffd72623) mem 0x00017fb8 0x00000000
core   0: 0x0001087c (0xffc72823) sw      t3, -16(a4)
core   0: 3 0x0001087c (0xffc72823) mem 0x00017fbc 0x7f800000
core   0: 0x00010880 (0xfe672a23) sw      t1, -12(a4)
core   0: 3 0x00010880 (0xfe672a23) mem 0x00017fc0 0x7fc00000
core   0: 0x00010884 (0xff072c23) sw      a6, -8(a4)
core   0: 3 0x00010884 (0xff072c23) mem 0x00017fc4 0x7fc00000
core   0: 0x00010888 (0x02458593) addi    a1, a1, 36
core   0: 3 0x00010888 (0x02458593) x11 0x00010934
core   0: 0x0001088c (0xfad7c6e3) blt     a5, a3, pc - 84
core   0: 3 0x0001088c (0xfad7c6e3)
core   0: 0x00010890 (0xf45ff06f) j       pc - 0xbc
core   0: 3 0x00010890 (0xf45ff06f)
core   0: 0x000107d4 (0x00058693) mv      a3, a1
core   0: 3 0x000107d4 (0x00058693) x13 0x00010934
core   0: 0x000107d8 (0x00070793) mv      a5, a4
core   0: 3 0x000107d8 (0x00070793) x15 0x00017fcc
core   0: 0x000107dc (0x02c77a63) bgeu    a4, a2, pc + 52
core   0: 3 0x000107dc (0x02c77a63)
core   0: 0x00010810 (0x01176863) bltu    a4, a7, pc + 16
core   0: 3 0x00010810 (0x01176863)
core   0: 0x00010814 (0x00008067) ret
core   0: 3 0x00010814 (0x00008067)
core   0: 0x00010154 (0x00000713) li      a4, 0
core   0: 3 0x00010154 (0x00000713) x14 0x00000000
core   0: 0x00010158 (0x00010493) mv      s1, sp
core   0: 3 0x00010158 (0x00010493) x9  0x00017f3c
core   0: 0x0001015c (0x00900693) li      a3, 9
core   0: 3 0x0001015c (0x00900693) x13 0x00000009
core   0: 0x00010160 (0x00271793) slli    a5, a4, 2
core   0: 3 0x00010160 (0x00271793) x15 0x00000000
core   0: 0x00010164 (0x00f98633) add     a2, s3, a5
core   0: 3 0x00010164 (0x00f98633) x12 0x00017f60
core   0: 0x00010168 (0x00062787) flw     fa5, 0(a2)
core   0: 3 0x00010168 (0x00062787) f15 0x3f800000 mem 0x00017f60
core   0: 0x0001016c (0x00f40633) add     a2, s0, a5
core   0: 3 0x0001016c (0x00f40633) x12 0x00017f84
core   0: 0x00010170 (0x00062707) flw     fa4, 0(a2)
core   0: 3 0x00010170 (0x00062707) f14 0x00000000 mem 0x00017f84
core   0: 0x00010174 (0x009787b3) add     a5, a5, s1
core   0: 3 0x00010174 (0x009787b3) x15 0x00017f3c
core   0: 0x00010178 (0x00170713) addi    a4, a4, 1
core   0: 3 0x00010178 (0x00170713) x14 0x00000001
core   0: 0x0001017c (0x18e7f7d3) fdiv.s  fa5, fa5, fa4
core   0: 3 0x0001017c (0x18e7f7d3) c1_fflags 0x00000019 f15 0x7f800000
core   0: 0x00010180 (0x00f7a027) fsw     fa5, 0(a5)
core   0: 3 0x00010180 (0x00f7a027) mem 0x00017f3c 0x7f800000
core   0: 0x00010184 (0xfcd71ee3) bne     a4, a3, pc - 36
core   0: 3 0x00010184 (0xfcd71ee3)
core   0: 0x00010160 (0x00271793) slli    a5, a4, 2
core   0: 3 0x00010160 (0x00271793) x15 0x00000004
core   0: 0x00010164 (0x00f98633) add     a2, s3, a5
core   0: 3 0x00010164 (0x00f98633) x12 0x00017f64
core   0: 0x00010168 (0x00062787) flw     fa5, 0(a2)
core   0: 3 0x00010168 (0x00062787) f15 0xbf800000 mem 0x00017f64
core   0: 0x0001016c (0x00f40633) add     a2, s0, a5
core   0: 3 0x0001016c (0x00f40633) x12 0x00017f88
core   0: 0x00010170 (0x00062707) flw     fa4, 0(a2)
core   0: 3 0x00010170 (0x00062707) f14 0x00000000 mem 0x00017f88
core   0: 0x00010174 (0x009787b3) add     a5, a5, s1
core   0: 3 0x00010174 (0x009787b3) x15 0x00017f40
core   0: 0x00010178 (0x00170713) addi    a4, a4, 1
core   0: 3 0x00010178 (0x00170713) x14 0x00000002
core   0: 0x0001017c (0x18e7f7d3) fdiv.s  fa5, fa5, fa4
core   0: 3 0x0001017c (0x18e7f7d3) c1_fflags 0x00000019 f15 0xff800000
core   0: 0x00010180 (0x00f7a027) fsw     fa5, 0(a5)
core   0: 3 0x00010180 (0x00f7a027) mem 0x00017f40 0xff800000
core   0: 0x00010184 (0xfcd71ee3) bne     a4, a3, pc - 36
core   0: 3 0x00010184 (0xfcd71ee3)
core   0: 0x00010160 (0x00271793) slli    a5, a4, 2
core   0: 3 0x00010160 (0x00271793) x15 0x00000008
core   0: 0x00010164 (0x00f98633) add     a2, s3, a5
core   0: 3 0x00010164 (0x00f98633) x12 0x00017f68
core   0: 0x00010168 (0x00062787) flw     fa5, 0(a2)
core   0: 3 0x00010168 (0x00062787) f15 0x00000000 mem 0x00017f68
core   0: 0x0001016c (0x00f40633) add     a2, s0, a5
core   0: 3 0x0001016c (0x00f40633) x12 0x00017f8c
core   0: 0x00010170 (0x00062707) flw     fa4, 0(a2)
core   0: 3 0x00010170 (0x00062707) f14 0x00000000 mem 0x00017f8c
core   0: 0x00010174 (0x009787b3) add     a5, a5, s1
core   0: 3 0x00010174 (0x009787b3) x15 0x00017f44
core   0: 0x00010178 (0x00170713) addi    a4, a4, 1
core   0: 3 0x00010178 (0x00170713) x14 0x00000003
core   0: 0x0001017c (0x18e7f7d3) fdiv.s  fa5, fa5, fa4
core   0: 3 0x0001017c (0x18e7f7d3) c1_fflags 0x00000019 f15 0x7fc00000
core   0: 0x00010180 (0x00f7a027) fsw     fa5, 0(a5)
core   0: 3 0x00010180 (0x00f7a027) mem 0x00017f44 0x7fc00000
core   0: 0x00010184 (0xfcd71ee3) bne     a4, a3, pc - 36
core   0: 3 0x00010184 (0xfcd71ee3)
core   0: 0x00010160 (0x00271793) slli    a5, a4, 2
core   0: 3 0x00010160 (0x00271793) x15 0x0000000c
core   0: 0x00010164 (0x00f98633) add     a2, s3, a5
core   0: 3 0x00010164 (0x00f98633) x12 0x00017f6c
core   0: 0x00010168 (0x00062787) flw     fa5, 0(a2)
core   0: 3 0x00010168 (0x00062787) f15 0x7f800000 mem 0x00017f6c
core   0: 0x0001016c (0x00f40633) add     a2, s0, a5
core   0: 3 0x0001016c (0x00f40633) x12 0x00017f90
core   0: 0x00010170 (0x00062707) flw     fa4, 0(a2)
core   0: 3 0x00010170 (0x00062707) f14 0x7f800000 mem 0x00017f90
core   0: 0x00010174 (0x009787b3) add     a5, a5, s1
core   0: 3 0x00010174 (0x009787b3) x15 0x00017f48
core   0: 0x00010178 (0x00170713) addi    a4, a4, 1
core   0: 3 0x00010178 (0x00170713) x14 0x00000004
core   0: 0x0001017c (0x18e7f7d3) fdiv.s  fa5, fa5, fa4
core   0: 3 0x0001017c (0x18e7f7d3) c1_fflags 0x00000019 f15 0x7fc00000
core   0: 0x00010180 (0x00f7a027) fsw     fa5, 0(a5)
core   0: 3 0x00010180 (0x00f7a027) mem 0x00017f48 0x7fc00000
core   0: 0x00010184 (0xfcd71ee3) bne     a4, a3, pc - 36
core   0: 3 0x00010184 (0xfcd71ee3)
core   0: 0x00010160 (0x00271793) slli    a5, a4, 2
core   0: 3 0x00010160 (0x00271793) x15 0x00000010
core   0: 0x00010164 (0x00f98633) add     a2, s3, a5
core   0: 3 0x00010164 (0x00f98633) x12 0x00017f70
core   0: 0x00010168 (0x00062787) flw     fa5, 0(a2)
core   0: 3 0x00010168 (0x00062787) f15 0x00000000 mem 0x00017f70
core   0: 0x0001016c (0x00f40633) add     a2, s0, a5
core   0: 3 0x0001016c (0x00f40633) x12 0x00017f94
core   0: 0x00010170 (0x00062707) flw     fa4, 0(a2)
core   0: 3 0x00010170 (0x00062707) f14 0x7f800000 mem 0x00017f94
core   0: 0x00010174 (0x009787b3) add     a5, a5, s1
core   0: 3 0x00010174 (0x009787b3) x15 0x00017f4c
core   0: 0x00010178 (0x00170713) addi    a4, a4, 1
core   0: 3 0x00010178 (0x00170713) x14 0x00000005
core   0: 0x0001017c (0x18e7f7d3) fdiv.s  fa5, fa5, fa4
core   0: 3 0x0001017c (0x18e7f7d3) f15 0x00000000
core   0: 0x00010180 (0x00f7a027) fsw     fa5, 0(a5)
core   0: 3 0x00010180 (0x00f7a027) mem 0x00017f4c 0x00000000
core   0: 0x00010184 (0xfcd71ee3) bne     a4, a3, pc - 36
core   0: 3 0x00010184 (0xfcd71ee3)
core   0: 0x00010160 (0x00271793) slli    a5, a4, 2
core   0: 3 0x00010160 (0x00271793) x15 0x00000014
core   0: 0x00010164 (0x00f98633) add     a2, s3, a5
core   0: 3 0x00010164 (0x00f98633) x12 0x00017f74
core   0: 0x00010168 (0x00062787) flw     fa5, 0(a2)
core   0: 3 0x00010168 (0x00062787) f15 0x7f800000 mem 0x00017f74
core   0: 0x0001016c (0x00f40633) add     a2, s0, a5
core   0: 3 0x0001016c (0x00f40633) x12 0x00017f98
core   0: 0x00010170 (0x00062707) flw     fa4, 0(a2)
core   0: 3 0x00010170 (0x00062707) f14 0x00000000 mem 0x00017f98
core   0: 0x00010174 (0x009787b3) add     a5, a5, s1
core   0: 3 0x00010174 (0x009787b3) x15 0x00017f50
core   0: 0x00010178 (0x00170713) addi    a4, a4, 1
core   0: 3 0x00010178 (0x00170713) x14 0x00000006
core   0: 0x0001017c (0x18e7f7d3) fdiv.s  fa5, fa5, fa4
core   0: 3 0x0001017c (0x18e7f7d3) f15 0x7f800000
core   0: 0x00010180 (0x00f7a027) fsw     fa5, 0(a5)
core   0: 3 0x00010180 (0x00f7a027) mem 0x00017f50 0x7f800000
core   0: 0x00010184 (0xfcd71ee3) bne     a4, a3, pc - 36
core   0: 3 0x00010184 (0xfcd71ee3)
core   0: 0x00010160 (0x00271793) slli    a5, a4, 2
core   0: 3 0x00010160 (0x00271793) x15 0x00000018
core   0: 0x00010164 (0x00f98633) add     a2, s3, a5
core   0: 3 0x00010164 (0x00f98633) x12 0x00017f78
core   0: 0x00010168 (0x00062787) flw     fa5, 0(a2)
core   0: 3 0x00010168 (0x00062787) f15 0x7fc00000 mem 0x00017f78
core   0: 0x0001016c (0x00f40633) add     a2, s0, a5
core   0: 3 0x0001016c (0x00f40633) x12 0x00017f9c
core   0: 0x00010170 (0x00062707) flw     fa4, 0(a2)
core   0: 3 0x00010170 (0x00062707) f14 0x00000000 mem 0x00017f9c
core   0: 0x00010174 (0x009787b3) add     a5, a5, s1
core   0: 3 0x00010174 (0x009787b3) x15 0x00017f54
core   0: 0x00010178 (0x00170713) addi    a4, a4, 1
core   0: 3 0x00010178 (0x00170713) x14 0x00000007
core   0: 0x0001017c (0x18e7f7d3) fdiv.s  fa5, fa5, fa4
core   0: 3 0x0001017c (0x18e7f7d3) f15 0x7fc00000
core   0: 0x00010180 (0x00f7a027) fsw     fa5, 0(a5)
core   0: 3 0x00010180 (0x00f7a027) mem 0x00017f54 0x7fc00000
core   0: 0x00010184 (0xfcd71ee3) bne     a4, a3, pc - 36
core   0: 3 0x00010184 (0xfcd71ee3)
core   0: 0x00010160 (0x00271793) slli    a5, a4, 2
core   0: 3 0x00010160 (0x00271793) x15 0x0000001c
core   0: 0x00010164 (0x00f98633) add     a2, s3, a5
core   0: 3 0x00010164 (0x00f98633) x12 0x00017f7c
core   0: 0x00010168 (0x00062787) flw     fa5, 0(a2)
core   0: 3 0x00010168 (0x00062787) f15 0x3f800000 mem 0x00017f7c
core   0: 0x0001016c (0x00f40633) add     a2, s0, a5
core   0: 3 0x0001016c (0x00f40633) x12 0x00017fa0
core   0: 0x00010170 (0x00062707) flw     fa4, 0(a2)
core   0: 3 0x00010170 (0x00062707) f14 0x7fc00000 mem 0x00017fa0
core   0: 0x00010174 (0x009787b3) add     a5, a5, s1
core   0: 3 0x00010174 (0x009787b3) x15 0x00017f58
core   0: 0x00010178 (0x00170713) addi    a4, a4, 1
core   0: 3 0x00010178 (0x00170713) x14 0x00000008
core   0: 0x0001017c (0x18e7f7d3) fdiv.s  fa5, fa5, fa4
core   0: 3 0x0001017c (0x18e7f7d3) f15 0x7fc00000
core   0: 0x00010180 (0x00f7a027) fsw     fa5, 0(a5)
core   0: 3 0x00010180 (0x00f7a027) mem 0x00017f58 0x7fc00000
core   0: 0x00010184 (0xfcd71ee3) bne     a4, a3, pc - 36
core   0: 3 0x00010184 (0xfcd71ee3)
core   0: 0x00010160 (0x00271793) slli    a5, a4, 2
core   0: 3 0x00010160 (0x00271793) x15 0x00000020
core   0: 0x00010164 (0x00f98633) add     a2, s3, a5
core   0: 3 0x00010164 (0x00f98633) x12 0x00017f80
core   0: 0x00010168 (0x00062787) flw     fa5, 0(a2)
core   0: 3 0x00010168 (0x00062787) f15 0x7fc00000 mem 0x00017f80
core   0: 0x0001016c (0x00f40633) add     a2, s0, a5
core   0: 3 0x0001016c (0x00f40633) x12 0x00017fa4
core   0: 0x00010170 (0x00062707) flw     fa4, 0(a2)
core   0: 3 0x00010170 (0x00062707) f14 0x7fc00000 mem 0x00017fa4
core   0: 0x00010174 (0x009787b3) add     a5, a5, s1
core   0: 3 0x00010174 (0x009787b3) x15 0x00017f5c
core   0: 0x00010178 (0x00170713) addi    a4, a4, 1
core   0: 3 0x00010178 (0x00170713) x14 0x00000009
core   0: 0x0001017c (0x18e7f7d3) fdiv.s  fa5, fa5, fa4
core   0: 3 0x0001017c (0x18e7f7d3) f15 0x7fc00000
core   0: 0x00010180 (0x00f7a027) fsw     fa5, 0(a5)
core   0: 3 0x00010180 (0x00f7a027) mem 0x00017f5c 0x7fc00000
core   0: 0x00010184 (0xfcd71ee3) bne     a4, a3, pc - 36
core   0: 3 0x00010184 (0xfcd71ee3)
core   0: 0x00010188 (0x00000413) li      s0, 0
core   0: 3 0x00010188 (0x00000413) x8  0x00000000
core   0: 0x0001018c (0x00017a37) lui     s4, 0x17
core   0: 3 0x0001018c (0x00017a37) x20 0x00017000
core   0: 0x00010190 (0x02400993) li      s3, 36
core   0: 3 0x00010190 (0x02400993) x19 0x00000024
core   0: 0x00010194 (0x008905b3) add     a1, s2, s0
core   0: 3 0x00010194 (0x008905b3) x11 0x00017fa8
core   0: 0x00010198 (0x00848533) add     a0, s1, s0
core   0: 3 0x00010198 (0x00848533) x10 0x00017f3c
core   0: 0x0001019c (0x00400613) li      a2, 4
core   0: 3 0x0001019c (0x00400613) x12 0x00000004
core   0: 0x000101a0 (0x58c000ef) jal     pc + 0x58c
core   0: 3 0x000101a0 (0x58c000ef) x1  0x000101a4
core   0: >>>>  memcmp
core   0: 0x0001072c (0x00300793) li      a5, 3
core   0: 3 0x0001072c (0x00300793) x15 0x00000003
core   0: 0x00010730 (0x02c7f663) bgeu    a5, a2, pc + 44
core   0: 3 0x00010730 (0x02c7f663)
core   0: 0x00010734 (0x00a5e733) or      a4, a1, a0
core   0: 3 0x00010734 (0x00a5e733) x14 0x00017fbc
core   0: 0x00010738 (0x00377713) andi    a4, a4, 3
core   0: 3 0x00010738 (0x00377713) x14 0x00000000
core   0: 0x0001073c (0x04071e63) bnez    a4, pc + 92
core   0: 3 0x0001073c (0x04071e63)
core   0: 0x00010740 (0x00052683) lw      a3, 0(a0)
core   0: 3 0x00010740 (0x00052683) x13 0x7f800000 mem 0x00017f3c
core   0: 0x00010744 (0x0005a703) lw      a4, 0(a1)
core   0: 3 0x00010744 (0x0005a703) x14 0x7f800000 mem 0x00017fa8
core   0: 0x00010748 (0x04e69863) bne     a3, a4, pc + 80
core   0: 3 0x00010748 (0x04e69863)
core   0: 0x0001074c (0xffc60613) addi    a2, a2, -4
core   0: 3 0x0001074c (0xffc60613) x12 0x00000000
core   0: 0x00010750 (0x00450513) addi    a0, a0, 4
core   0: 3 0x00010750 (0x00450513) x10 0x00017f40
core   0: 0x00010754 (0x00458593) addi    a1, a1, 4
core   0: 3 0x00010754 (0x00458593) x11 0x00017fac
core   0: 0x00010758 (0xfec7e4e3) bltu    a5, a2, pc - 24
core   0: 3 0x00010758 (0xfec7e4e3)
core   0: 0x0001075c (0xfff60693) addi    a3, a2, -1
core   0: 3 0x0001075c (0xfff60693) x13 0xffffffff
core   0: 0x00010760 (0x02060863) beqz    a2, pc + 48
core   0: 3 0x00010760 (0x02060863)
core   0: 0x00010790 (0x00000513) li      a0, 0
core   0: 3 0x00010790 (0x00000513) x10 0x00000000
core   0: 0x00010794 (0x00008067) ret
core   0: 3 0x00010794 (0x00008067)
core   0: 0x000101a4 (0x000a2783) lw      a5, 0(s4)
core   0: 3 0x000101a4 (0x000a2783) x15 0x00008010 mem 0x00017000
core   0: 0x000101a8 (0x00153513) seqz    a0, a0
core   0: 3 0x000101a8 (0x00153513) x10 0x00000001
core   0: 0x000101ac (0x00440413) addi    s0, s0, 4
core   0: 3 0x000101ac (0x00440413) x8  0x00000004
core   0: 0x000101b0 (0x00a78023) sb      a0, 0(a5)
core   0: 3 0x000101b0 (0x00a78023) mem 0x00008010 0x01
core   0: 0x000101b4 (0xff3410e3) bne     s0, s3, pc - 32
core   0: 3 0x000101b4 (0xff3410e3)
core   0: 0x00010194 (0x008905b3) add     a1, s2, s0
core   0: 3 0x00010194 (0x008905b3) x11 0x00017fac
core   0: 0x00010198 (0x00848533) add     a0, s1, s0
core   0: 3 0x00010198 (0x00848533) x10 0x00017f40
core   0: 0x0001019c (0x00400613) li      a2, 4
core   0: 3 0x0001019c (0x00400613) x12 0x00000004
core   0: 0x000101a0 (0x58c000ef) jal     pc + 0x58c
core   0: 3 0x000101a0 (0x58c000ef) x1  0x000101a4
core   0: >>>>  memcmp
core   0: 0x0001072c (0x00300793) li      a5, 3
core   0: 3 0x0001072c (0x00300793) x15 0x00000003
core   0: 0x00010730 (0x02c7f663) bgeu    a5, a2, pc + 44
core   0: 3 0x00010730 (0x02c7f663)
core   0: 0x00010734 (0x00a5e733) or      a4, a1, a0
core   0: 3 0x00010734 (0x00a5e733) x14 0x00017fec
core   0: 0x00010738 (0x00377713) andi    a4, a4, 3
core   0: 3 0x00010738 (0x00377713) x14 0x00000000
core   0: 0x0001073c (0x04071e63) bnez    a4, pc + 92
core   0: 3 0x0001073c (0x04071e63)
core   0: 0x00010740 (0x00052683) lw      a3, 0(a0)
core   0: 3 0x00010740 (0x00052683) x13 0xff800000 mem 0x00017f40
core   0: 0x00010744 (0x0005a703) lw      a4, 0(a1)
core   0: 3 0x00010744 (0x0005a703) x14 0xff800000 mem 0x00017fac
core   0: 0x00010748 (0x04e69863) bne     a3, a4, pc + 80
core   0: 3 0x00010748 (0x04e69863)
core   0: 0x0001074c (0xffc60613) addi    a2, a2, -4
core   0: 3 0x0001074c (0xffc60613) x12 0x00000000
core   0: 0x00010750 (0x00450513) addi    a0, a0, 4
core   0: 3 0x00010750 (0x00450513) x10 0x00017f44
core   0: 0x00010754 (0x00458593) addi    a1, a1, 4
core   0: 3 0x00010754 (0x00458593) x11 0x00017fb0
core   0: 0x00010758 (0xfec7e4e3) bltu    a5, a2, pc - 24
core   0: 3 0x00010758 (0xfec7e4e3)
core   0: 0x0001075c (0xfff60693) addi    a3, a2, -1
core   0: 3 0x0001075c (0xfff60693) x13 0xffffffff
core   0: 0x00010760 (0x02060863) beqz    a2, pc + 48
core   0: 3 0x00010760 (0x02060863)
core   0: 0x00010790 (0x00000513) li      a0, 0
core   0: 3 0x00010790 (0x00000513) x10 0x00000000
core   0: 0x00010794 (0x00008067) ret
core   0: 3 0x00010794 (0x00008067)
core   0: 0x000101a4 (0x000a2783) lw      a5, 0(s4)
core   0: 3 0x000101a4 (0x000a2783) x15 0x00008010 mem 0x00017000
core   0: 0x000101a8 (0x00153513) seqz    a0, a0
core   0: 3 0x000101a8 (0x00153513) x10 0x00000001
core   0: 0x000101ac (0x00440413) addi    s0, s0, 4
core   0: 3 0x000101ac (0x00440413) x8  0x00000008
core   0: 0x000101b0 (0x00a78023) sb      a0, 0(a5)
core   0: 3 0x000101b0 (0x00a78023) mem 0x00008010 0x01
core   0: 0x000101b4 (0xff3410e3) bne     s0, s3, pc - 32
core   0: 3 0x000101b4 (0xff3410e3)
core   0: 0x00010194 (0x008905b3) add     a1, s2, s0
core   0: 3 0x00010194 (0x008905b3) x11 0x00017fb0
core   0: 0x00010198 (0x00848533) add     a0, s1, s0
core   0: 3 0x00010198 (0x00848533) x10 0x00017f44
core   0: 0x0001019c (0x00400613) li      a2, 4
core   0: 3 0x0001019c (0x00400613) x12 0x00000004
core   0: 0x000101a0 (0x58c000ef) jal     pc + 0x58c
core   0: 3 0x000101a0 (0x58c000ef) x1  0x000101a4
core   0: >>>>  memcmp
core   0: 0x0001072c (0x00300793) li      a5, 3
core   0: 3 0x0001072c (0x00300793) x15 0x00000003
core   0: 0x00010730 (0x02c7f663) bgeu    a5, a2, pc + 44
core   0: 3 0x00010730 (0x02c7f663)
core   0: 0x00010734 (0x00a5e733) or      a4, a1, a0
core   0: 3 0x00010734 (0x00a5e733) x14 0x00017ff4
core   0: 0x00010738 (0x00377713) andi    a4, a4, 3
core   0: 3 0x00010738 (0x00377713) x14 0x00000000
core   0: 0x0001073c (0x04071e63) bnez    a4, pc + 92
core   0: 3 0x0001073c (0x04071e63)
core   0: 0x00010740 (0x00052683) lw      a3, 0(a0)
core   0: 3 0x00010740 (0x00052683) x13 0x7fc00000 mem 0x00017f44
core   0: 0x00010744 (0x0005a703) lw      a4, 0(a1)
core   0: 3 0x00010744 (0x0005a703) x14 0x7fc00000 mem 0x00017fb0
core   0: 0x00010748 (0x04e69863) bne     a3, a4, pc + 80
core   0: 3 0x00010748 (0x04e69863)
core   0: 0x0001074c (0xffc60613) addi    a2, a2, -4
core   0: 3 0x0001074c (0xffc60613) x12 0x00000000
core   0: 0x00010750 (0x00450513) addi    a0, a0, 4
core   0: 3 0x00010750 (0x00450513) x10 0x00017f48
core   0: 0x00010754 (0x00458593) addi    a1, a1, 4
core   0: 3 0x00010754 (0x00458593) x11 0x00017fb4
core   0: 0x00010758 (0xfec7e4e3) bltu    a5, a2, pc - 24
core   0: 3 0x00010758 (0xfec7e4e3)
core   0: 0x0001075c (0xfff60693) addi    a3, a2, -1
core   0: 3 0x0001075c (0xfff60693) x13 0xffffffff
core   0: 0x00010760 (0x02060863) beqz    a2, pc + 48
core   0: 3 0x00010760 (0x02060863)
core   0: 0x00010790 (0x00000513) li      a0, 0
core   0: 3 0x00010790 (0x00000513) x10 0x00000000
core   0: 0x00010794 (0x00008067) ret
core   0: 3 0x00010794 (0x00008067)
core   0: 0x000101a4 (0x000a2783) lw      a5, 0(s4)
core   0: 3 0x000101a4 (0x000a2783) x15 0x00008010 mem 0x00017000
core   0: 0x000101a8 (0x00153513) seqz    a0, a0
core   0: 3 0x000101a8 (0x00153513) x10 0x00000001
core   0: 0x000101ac (0x00440413) addi    s0, s0, 4
core   0: 3 0x000101ac (0x00440413) x8  0x0000000c
core   0: 0x000101b0 (0x00a78023) sb      a0, 0(a5)
core   0: 3 0x000101b0 (0x00a78023) mem 0x00008010 0x01
core   0: 0x000101b4 (0xff3410e3) bne     s0, s3, pc - 32
core   0: 3 0x000101b4 (0xff3410e3)
core   0: 0x00010194 (0x008905b3) add     a1, s2, s0
core   0: 3 0x00010194 (0x008905b3) x11 0x00017fb4
core   0: 0x00010198 (0x00848533) add     a0, s1, s0
core   0: 3 0x00010198 (0x00848533) x10 0x00017f48
core   0: 0x0001019c (0x00400613) li      a2, 4
core   0: 3 0x0001019c (0x00400613) x12 0x00000004
core   0: 0x000101a0 (0x58c000ef) jal     pc + 0x58c
core   0: 3 0x000101a0 (0x58c000ef) x1  0x000101a4
core   0: >>>>  memcmp
core   0: 0x0001072c (0x00300793) li      a5, 3
core   0: 3 0x0001072c (0x00300793) x15 0x00000003
core   0: 0x00010730 (0x02c7f663) bgeu    a5, a2, pc + 44
core   0: 3 0x00010730 (0x02c7f663)
core   0: 0x00010734 (0x00a5e733) or      a4, a1, a0
core   0: 3 0x00010734 (0x00a5e733) x14 0x00017ffc
core   0: 0x00010738 (0x00377713) andi    a4, a4, 3
core   0: 3 0x00010738 (0x00377713) x14 0x00000000
core   0: 0x0001073c (0x04071e63) bnez    a4, pc + 92
core   0: 3 0x0001073c (0x04071e63)
core   0: 0x00010740 (0x00052683) lw      a3, 0(a0)
core   0: 3 0x00010740 (0x00052683) x13 0x7fc00000 mem 0x00017f48
core   0: 0x00010744 (0x0005a703) lw      a4, 0(a1)
core   0: 3 0x00010744 (0x0005a703) x14 0x7fc00000 mem 0x00017fb4
core   0: 0x00010748 (0x04e69863) bne     a3, a4, pc + 80
core   0: 3 0x00010748 (0x04e69863)
core   0: 0x0001074c (0xffc60613) addi    a2, a2, -4
core   0: 3 0x0001074c (0xffc60613) x12 0x00000000
core   0: 0x00010750 (0x00450513) addi    a0, a0, 4
core   0: 3 0x00010750 (0x00450513) x10 0x00017f4c
core   0: 0x00010754 (0x00458593) addi    a1, a1, 4
core   0: 3 0x00010754 (0x00458593) x11 0x00017fb8
core   0: 0x00010758 (0xfec7e4e3) bltu    a5, a2, pc - 24
core   0: 3 0x00010758 (0xfec7e4e3)
core   0: 0x0001075c (0xfff60693) addi    a3, a2, -1
core   0: 3 0x0001075c (0xfff60693) x13 0xffffffff
core   0: 0x00010760 (0x02060863) beqz    a2, pc + 48
core   0: 3 0x00010760 (0x02060863)
core   0: 0x00010790 (0x00000513) li      a0, 0
core   0: 3 0x00010790 (0x00000513) x10 0x00000000
core   0: 0x00010794 (0x00008067) ret
core   0: 3 0x00010794 (0x00008067)
core   0: 0x000101a4 (0x000a2783) lw      a5, 0(s4)
core   0: 3 0x000101a4 (0x000a2783) x15 0x00008010 mem 0x00017000
core   0: 0x000101a8 (0x00153513) seqz    a0, a0
core   0: 3 0x000101a8 (0x00153513) x10 0x00000001
core   0: 0x000101ac (0x00440413) addi    s0, s0, 4
core   0: 3 0x000101ac (0x00440413) x8  0x00000010
core   0: 0x000101b0 (0x00a78023) sb      a0, 0(a5)
core   0: 3 0x000101b0 (0x00a78023) mem 0x00008010 0x01
core   0: 0x000101b4 (0xff3410e3) bne     s0, s3, pc - 32
core   0: 3 0x000101b4 (0xff3410e3)
core   0: 0x00010194 (0x008905b3) add     a1, s2, s0
core   0: 3 0x00010194 (0x008905b3) x11 0x00017fb8
core   0: 0x00010198 (0x00848533) add     a0, s1, s0
core   0: 3 0x00010198 (0x00848533) x10 0x00017f4c
core   0: 0x0001019c (0x00400613) li      a2, 4
core   0: 3 0x0001019c (0x00400613) x12 0x00000004
core   0: 0x000101a0 (0x58c000ef) jal     pc + 0x58c
core   0: 3 0x000101a0 (0x58c000ef) x1  0x000101a4
core   0: >>>>  memcmp
core   0: 0x0001072c (0x00300793) li      a5, 3
core   0: 3 0x0001072c (0x00300793) x15 0x00000003
core   0: 0x00010730 (0x02c7f663) bgeu    a5, a2, pc + 44
core   0: 3 0x00010730 (0x02c7f663)
core   0: 0x00010734 (0x00a5e733) or      a4, a1, a0
core   0: 3 0x00010734 (0x00a5e733) x14 0x00017ffc
core   0: 0x00010738 (0x00377713) andi    a4, a4, 3
core   0: 3 0x00010738 (0x00377713) x14 0x00000000
core   0: 0x0001073c (0x04071e63) bnez    a4, pc + 92
core   0: 3 0x0001073c (0x04071e63)
core   0: 0x00010740 (0x00052683) lw      a3, 0(a0)
core   0: 3 0x00010740 (0x00052683) x13 0x00000000 mem 0x00017f4c
core   0: 0x00010744 (0x0005a703) lw      a4, 0(a1)
core   0: 3 0x00010744 (0x0005a703) x14 0x00000000 mem 0x00017fb8
core   0: 0x00010748 (0x04e69863) bne     a3, a4, pc + 80
core   0: 3 0x00010748 (0x04e69863)
core   0: 0x0001074c (0xffc60613) addi    a2, a2, -4
core   0: 3 0x0001074c (0xffc60613) x12 0x00000000
core   0: 0x00010750 (0x00450513) addi    a0, a0, 4
core   0: 3 0x00010750 (0x00450513) x10 0x00017f50
core   0: 0x00010754 (0x00458593) addi    a1, a1, 4
core   0: 3 0x00010754 (0x00458593) x11 0x00017fbc
core   0: 0x00010758 (0xfec7e4e3) bltu    a5, a2, pc - 24
core   0: 3 0x00010758 (0xfec7e4e3)
core   0: 0x0001075c (0xfff60693) addi    a3, a2, -1
core   0: 3 0x0001075c (0xfff60693) x13 0xffffffff
core   0: 0x00010760 (0x02060863) beqz    a2, pc + 48
core   0: 3 0x00010760 (0x02060863)
core   0: 0x00010790 (0x00000513) li      a0, 0
core   0: 3 0x00010790 (0x00000513) x10 0x00000000
core   0: 0x00010794 (0x00008067) ret
core   0: 3 0x00010794 (0x00008067)
core   0: 0x000101a4 (0x000a2783) lw      a5, 0(s4)
core   0: 3 0x000101a4 (0x000a2783) x15 0x00008010 mem 0x00017000
core   0: 0x000101a8 (0x00153513) seqz    a0, a0
core   0: 3 0x000101a8 (0x00153513) x10 0x00000001
core   0: 0x000101ac (0x00440413) addi    s0, s0, 4
core   0: 3 0x000101ac (0x00440413) x8  0x00000014
core   0: 0x000101b0 (0x00a78023) sb      a0, 0(a5)
core   0: 3 0x000101b0 (0x00a78023) mem 0x00008010 0x01
core   0: 0x000101b4 (0xff3410e3) bne     s0, s3, pc - 32
core   0: 3 0x000101b4 (0xff3410e3)
core   0: 0x00010194 (0x008905b3) add     a1, s2, s0
core   0: 3 0x00010194 (0x008905b3) x11 0x00017fbc
core   0: 0x00010198 (0x00848533) add     a0, s1, s0
core   0: 3 0x00010198 (0x00848533) x10 0x00017f50
core   0: 0x0001019c (0x00400613) li      a2, 4
core   0: 3 0x0001019c (0x00400613) x12 0x00000004
core   0: 0x000101a0 (0x58c000ef) jal     pc + 0x58c
core   0: 3 0x000101a0 (0x58c000ef) x1  0x000101a4
core   0: >>>>  memcmp
core   0: 0x0001072c (0x00300793) li      a5, 3
core   0: 3 0x0001072c (0x00300793) x15 0x00000003
core   0: 0x00010730 (0x02c7f663) bgeu    a5, a2, pc + 44
core   0: 3 0x00010730 (0x02c7f663)
core   0: 0x00010734 (0x00a5e733) or      a4, a1, a0
core   0: 3 0x00010734 (0x00a5e733) x14 0x00017ffc
core   0: 0x00010738 (0x00377713) andi    a4, a4, 3
core   0: 3 0x00010738 (0x00377713) x14 0x00000000
core   0: 0x0001073c (0x04071e63) bnez    a4, pc + 92
core   0: 3 0x0001073c (0x04071e63)
core   0: 0x00010740 (0x00052683) lw      a3, 0(a0)
core   0: 3 0x00010740 (0x00052683) x13 0x7f800000 mem 0x00017f50
core   0: 0x00010744 (0x0005a703) lw      a4, 0(a1)
core   0: 3 0x00010744 (0x0005a703) x14 0x7f800000 mem 0x00017fbc
core   0: 0x00010748 (0x04e69863) bne     a3, a4, pc + 80
core   0: 3 0x00010748 (0x04e69863)
core   0: 0x0001074c (0xffc60613) addi    a2, a2, -4
core   0: 3 0x0001074c (0xffc60613) x12 0x00000000
core   0: 0x00010750 (0x00450513) addi    a0, a0, 4
core   0: 3 0x00010750 (0x00450513) x10 0x00017f54
core   0: 0x00010754 (0x00458593) addi    a1, a1, 4
core   0: 3 0x00010754 (0x00458593) x11 0x00017fc0
core   0: 0x00010758 (0xfec7e4e3) bltu    a5, a2, pc - 24
core   0: 3 0x00010758 (0xfec7e4e3)
core   0: 0x0001075c (0xfff60693) addi    a3, a2, -1
core   0: 3 0x0001075c (0xfff60693) x13 0xffffffff
core   0: 0x00010760 (0x02060863) beqz    a2, pc + 48
core   0: 3 0x00010760 (0x02060863)
core   0: 0x00010790 (0x00000513) li      a0, 0
core   0: 3 0x00010790 (0x00000513) x10 0x00000000
core   0: 0x00010794 (0x00008067) ret
core   0: 3 0x00010794 (0x00008067)
core   0: 0x000101a4 (0x000a2783) lw      a5, 0(s4)
core   0: 3 0x000101a4 (0x000a2783) x15 0x00008010 mem 0x00017000
core   0: 0x000101a8 (0x00153513) seqz    a0, a0
core   0: 3 0x000101a8 (0x00153513) x10 0x00000001
core   0: 0x000101ac (0x00440413) addi    s0, s0, 4
core   0: 3 0x000101ac (0x00440413) x8  0x00000018
core   0: 0x000101b0 (0x00a78023) sb      a0, 0(a5)
core   0: 3 0x000101b0 (0x00a78023) mem 0x00008010 0x01
core   0: 0x000101b4 (0xff3410e3) bne     s0, s3, pc - 32
core   0: 3 0x000101b4 (0xff3410e3)
core   0: 0x00010194 (0x008905b3) add     a1, s2, s0
core   0: 3 0x00010194 (0x008905b3) x11 0x00017fc0
core   0: 0x00010198 (0x00848533) add     a0, s1, s0
core   0: 3 0x00010198 (0x00848533) x10 0x00017f54
core   0: 0x0001019c (0x00400613) li      a2, 4
core   0: 3 0x0001019c (0x00400613) x12 0x00000004
core   0: 0x000101a0 (0x58c000ef) jal     pc + 0x58c
core   0: 3 0x000101a0 (0x58c000ef) x1  0x000101a4
core   0: >>>>  memcmp
core   0: 0x0001072c (0x00300793) li      a5, 3
core   0: 3 0x0001072c (0x00300793) x15 0x00000003
core   0: 0x00010730 (0x02c7f663) bgeu    a5, a2, pc + 44
core   0: 3 0x00010730 (0x02c7f663)
core   0: 0x00010734 (0x00a5e733) or      a4, a1, a0
core   0: 3 0x00010734 (0x00a5e733) x14 0x00017fd4
core   0: 0x00010738 (0x00377713) andi    a4, a4, 3
core   0: 3 0x00010738 (0x00377713) x14 0x00000000
core   0: 0x0001073c (0x04071e63) bnez    a4, pc + 92
core   0: 3 0x0001073c (0x04071e63)
core   0: 0x00010740 (0x00052683) lw      a3, 0(a0)
core   0: 3 0x00010740 (0x00052683) x13 0x7fc00000 mem 0x00017f54
core   0: 0x00010744 (0x0005a703) lw      a4, 0(a1)
core   0: 3 0x00010744 (0x0005a703) x14 0x7fc00000 mem 0x00017fc0
core   0: 0x00010748 (0x04e69863) bne     a3, a4, pc + 80
core   0: 3 0x00010748 (0x04e69863)
core   0: 0x0001074c (0xffc60613) addi    a2, a2, -4
core   0: 3 0x0001074c (0xffc60613) x12 0x00000000
core   0: 0x00010750 (0x00450513) addi    a0, a0, 4
core   0: 3 0x00010750 (0x00450513) x10 0x00017f58
core   0: 0x00010754 (0x00458593) addi    a1, a1, 4
core   0: 3 0x00010754 (0x00458593) x11 0x00017fc4
core   0: 0x00010758 (0xfec7e4e3) bltu    a5, a2, pc - 24
core   0: 3 0x00010758 (0xfec7e4e3)
core   0: 0x0001075c (0xfff60693) addi    a3, a2, -1
core   0: 3 0x0001075c (0xfff60693) x13 0xffffffff
core   0: 0x00010760 (0x02060863) beqz    a2, pc + 48
core   0: 3 0x00010760 (0x02060863)
core   0: 0x00010790 (0x00000513) li      a0, 0
core   0: 3 0x00010790 (0x00000513) x10 0x00000000
core   0: 0x00010794 (0x00008067) ret
core   0: 3 0x00010794 (0x00008067)
core   0: 0x000101a4 (0x000a2783) lw      a5, 0(s4)
core   0: 3 0x000101a4 (0x000a2783) x15 0x00008010 mem 0x00017000
core   0: 0x000101a8 (0x00153513) seqz    a0, a0
core   0: 3 0x000101a8 (0x00153513) x10 0x00000001
core   0: 0x000101ac (0x00440413) addi    s0, s0, 4
core   0: 3 0x000101ac (0x00440413) x8  0x0000001c
core   0: 0x000101b0 (0x00a78023) sb      a0, 0(a5)
core   0: 3 0x000101b0 (0x00a78023) mem 0x00008010 0x01
core   0: 0x000101b4 (0xff3410e3) bne     s0, s3, pc - 32
core   0: 3 0x000101b4 (0xff3410e3)
core   0: 0x00010194 (0x008905b3) add     a1, s2, s0
core   0: 3 0x00010194 (0x008905b3) x11 0x00017fc4
core   0: 0x00010198 (0x00848533) add     a0, s1, s0
core   0: 3 0x00010198 (0x00848533) x10 0x00017f58
core   0: 0x0001019c (0x00400613) li      a2, 4
core   0: 3 0x0001019c (0x00400613) x12 0x00000004
core   0: 0x000101a0 (0x58c000ef) jal     pc + 0x58c
core   0: 3 0x000101a0 (0x58c000ef) x1  0x000101a4
core   0: >>>>  memcmp
core   0: 0x0001072c (0x00300793) li      a5, 3
core   0: 3 0x0001072c (0x00300793) x15 0x00000003
core   0: 0x00010730 (0x02c7f663) bgeu    a5, a2, pc + 44
core   0: 3 0x00010730 (0x02c7f663)
core   0: 0x00010734 (0x00a5e733) or      a4, a1, a0
core   0: 3 0x00010734 (0x00a5e733) x14 0x00017fdc
core   0: 0x00010738 (0x00377713) andi    a4, a4, 3
core   0: 3 0x00010738 (0x00377713) x14 0x00000000
core   0: 0x0001073c (0x04071e63) bnez    a4, pc + 92
core   0: 3 0x0001073c (0x04071e63)
core   0: 0x00010740 (0x00052683) lw      a3, 0(a0)
core   0: 3 0x00010740 (0x00052683) x13 0x7fc00000 mem 0x00017f58
core   0: 0x00010744 (0x0005a703) lw      a4, 0(a1)
core   0: 3 0x00010744 (0x0005a703) x14 0x7fc00000 mem 0x00017fc4
core   0: 0x00010748 (0x04e69863) bne     a3, a4, pc + 80
core   0: 3 0x00010748 (0x04e69863)
core   0: 0x0001074c (0xffc60613) addi    a2, a2, -4
core   0: 3 0x0001074c (0xffc60613) x12 0x00000000
core   0: 0x00010750 (0x00450513) addi    a0, a0, 4
core   0: 3 0x00010750 (0x00450513) x10 0x00017f5c
core   0: 0x00010754 (0x00458593) addi    a1, a1, 4
core   0: 3 0x00010754 (0x00458593) x11 0x00017fc8
core   0: 0x00010758 (0xfec7e4e3) bltu    a5, a2, pc - 24
core   0: 3 0x00010758 (0xfec7e4e3)
core   0: 0x0001075c (0xfff60693) addi    a3, a2, -1
core   0: 3 0x0001075c (0xfff60693) x13 0xffffffff
core   0: 0x00010760 (0x02060863) beqz    a2, pc + 48
core   0: 3 0x00010760 (0x02060863)
core   0: 0x00010790 (0x00000513) li      a0, 0
core   0: 3 0x00010790 (0x00000513) x10 0x00000000
core   0: 0x00010794 (0x00008067) ret
core   0: 3 0x00010794 (0x00008067)
core   0: 0x000101a4 (0x000a2783) lw      a5, 0(s4)
core   0: 3 0x000101a4 (0x000a2783) x15 0x00008010 mem 0x00017000
core   0: 0x000101a8 (0x00153513) seqz    a0, a0
core   0: 3 0x000101a8 (0x00153513) x10 0x00000001
core   0: 0x000101ac (0x00440413) addi    s0, s0, 4
core   0: 3 0x000101ac (0x00440413) x8  0x00000020
core   0: 0x000101b0 (0x00a78023) sb      a0, 0(a5)
core   0: 3 0x000101b0 (0x00a78023) mem 0x00008010 0x01
core   0: 0x000101b4 (0xff3410e3) bne     s0, s3, pc - 32
core   0: 3 0x000101b4 (0xff3410e3)
core   0: 0x00010194 (0x008905b3) add     a1, s2, s0
core   0: 3 0x00010194 (0x008905b3) x11 0x00017fc8
core   0: 0x00010198 (0x00848533) add     a0, s1, s0
core   0: 3 0x00010198 (0x00848533) x10 0x00017f5c
core   0: 0x0001019c (0x00400613) li      a2, 4
core   0: 3 0x0001019c (0x00400613) x12 0x00000004
core   0: 0x000101a0 (0x58c000ef) jal     pc + 0x58c
core   0: 3 0x000101a0 (0x58c000ef) x1  0x000101a4
core   0: >>>>  memcmp
core   0: 0x0001072c (0x00300793) li      a5, 3
core   0: 3 0x0001072c (0x00300793) x15 0x00000003
core   0: 0x00010730 (0x02c7f663) bgeu    a5, a2, pc + 44
core   0: 3 0x00010730 (0x02c7f663)
core   0: 0x00010734 (0x00a5e733) or      a4, a1, a0
core   0: 3 0x00010734 (0x00a5e733) x14 0x00017fdc
core   0: 0x00010738 (0x00377713) andi    a4, a4, 3
core   0: 3 0x00010738 (0x00377713) x14 0x00000000
core   0: 0x0001073c (0x04071e63) bnez    a4, pc + 92
core   0: 3 0x0001073c (0x04071e63)
core   0: 0x00010740 (0x00052683) lw      a3, 0(a0)
core   0: 3 0x00010740 (0x00052683) x13 0x7fc00000 mem 0x00017f5c
core   0: 0x00010744 (0x0005a703) lw      a4, 0(a1)
core   0: 3 0x00010744 (0x0005a703) x14 0x7fc00000 mem 0x00017fc8
core   0: 0x00010748 (0x04e69863) bne     a3, a4, pc + 80
core   0: 3 0x00010748 (0x04e69863)
core   0: 0x0001074c (0xffc60613) addi    a2, a2, -4
core   0: 3 0x0001074c (0xffc60613) x12 0x00000000
core   0: 0x00010750 (0x00450513) addi    a0, a0, 4
core   0: 3 0x00010750 (0x00450513) x10 0x00017f60
core   0: 0x00010754 (0x00458593) addi    a1, a1, 4
core   0: 3 0x00010754 (0x00458593) x11 0x00017fcc
core   0: 0x00010758 (0xfec7e4e3) bltu    a5, a2, pc - 24
core   0: 3 0x00010758 (0xfec7e4e3)
core   0: 0x0001075c (0xfff60693) addi    a3, a2, -1
core   0: 3 0x0001075c (0xfff60693) x13 0xffffffff
core   0: 0x00010760 (0x02060863) beqz    a2, pc + 48
core   0: 3 0x00010760 (0x02060863)
core   0: 0x00010790 (0x00000513) li      a0, 0
core   0: 3 0x00010790 (0x00000513) x10 0x00000000
core   0: 0x00010794 (0x00008067) ret
core   0: 3 0x00010794 (0x00008067)
core   0: 0x000101a4 (0x000a2783) lw      a5, 0(s4)
core   0: 3 0x000101a4 (0x000a2783) x15 0x00008010 mem 0x00017000
core   0: 0x000101a8 (0x00153513) seqz    a0, a0
core   0: 3 0x000101a8 (0x00153513) x10 0x00000001
core   0: 0x000101ac (0x00440413) addi    s0, s0, 4
core   0: 3 0x000101ac (0x00440413) x8  0x00000024
core   0: 0x000101b0 (0x00a78023) sb      a0, 0(a5)
core   0: 3 0x000101b0 (0x00a78023) mem 0x00008010 0x01
core   0: 0x000101b4 (0xff3410e3) bne     s0, s3, pc - 32
core   0: 3 0x000101b4 (0xff3410e3)
core   0: 0x000101b8 (0x0ac12083) lw      ra, 172(sp)
core   0: 3 0x000101b8 (0x0ac12083) x1  0x0001007c mem 0x00017fe8
core   0: 0x000101bc (0x0a812403) lw      s0, 168(sp)
core   0: 3 0x000101bc (0x0a812403) x8  0x00017000 mem 0x00017fe4
core   0: 0x000101c0 (0x0a412483) lw      s1, 164(sp)
core   0: 3 0x000101c0 (0x0a412483) x9  0x0000000a mem 0x00017fe0
core   0: 0x000101c4 (0x0a012903) lw      s2, 160(sp)
core   0: 3 0x000101c4 (0x0a012903) x18 0x00000000 mem 0x00017fdc
core   0: 0x000101c8 (0x09c12983) lw      s3, 156(sp)
core   0: 3 0x000101c8 (0x09c12983) x19 0x00000000 mem 0x00017fd8
core   0: 0x000101cc (0x09812a03) lw      s4, 152(sp)
core   0: 3 0x000101cc (0x09812a03) x20 0x00000000 mem 0x00017fd4
core   0: 0x000101d0 (0x0b010113) addi    sp, sp, 176
core   0: 3 0x000101d0 (0x0b010113) x2  0x00017fec
core   0: 0x000101d4 (0x00008067) ret
core   0: 3 0x000101d4 (0x00008067)
core   0: 0x0001007c (0x00042783) lw      a5, 0(s0)
core   0: 3 0x0001007c (0x00042783) x15 0x00008010 mem 0x00017000
core   0: 0x00010080 (0x04d00713) li      a4, 77
core   0: 3 0x00010080 (0x04d00713) x14 0x0000004d
core   0: 0x00010084 (0x00e78023) sb      a4, 0(a5)
core   0: 3 0x00010084 (0x00e78023) mem 0x00008010 0x4d
core   0: 0x00010088 (0x00042783) lw      a5, 0(s0)
core   0: 3 0x00010088 (0x00042783) x15 0x00008010 mem 0x00017000
core   0: 0x0001008c (0x00978023) sb      s1, 0(a5)
core   0: 3 0x0001008c (0x00978023) mem 0x00008010 0x0a
core   0: 0x00010090 (0x148000ef) jal     pc + 0x148
core   0: 3 0x00010090 (0x148000ef) x1  0x00010094
core   0: >>>>  mul
core   0: 0x000101d8 (0xf7010113) addi    sp, sp, -144
core   0: 3 0x000101d8 (0xf7010113) x2  0x00017f5c
core   0: 0x000101dc (0x08812423) sw      s0, 136(sp)
core   0: 3 0x000101dc (0x08812423) mem 0x00017fe4 0x00017000
core   0: 0x000101e0 (0x00011437) lui     s0, 0x11
core   0: 3 0x000101e0 (0x00011437) x8  0x00011000
core   0: 0x000101e4 (0x8c840413) addi    s0, s0, -1848
core   0: 3 0x000101e4 (0x8c840413) x8  0x000108c8
core   0: 0x000101e8 (0x07412c23) sw      s4, 120(sp)
core   0: 3 0x000101e8 (0x07412c23) mem 0x00017fd4 0x00000000
core   0: 0x000101ec (0x01c10a13) addi    s4, sp, 28
core   0: 3 0x000101ec (0x01c10a13) x20 0x00017f78
core   0: 0x000101f0 (0x01c00613) li      a2, 28
core   0: 3 0x000101f0 (0x01c00613) x12 0x0000001c
core   0: 0x000101f4 (0x06c40593) addi    a1, s0, 108
core   0: 3 0x000101f4 (0x06c40593) x11 0x00010934
core   0: 0x000101f8 (0x000a0513) mv      a0, s4
core   0: 3 0x000101f8 (0x000a0513) x10 0x00017f78
core   0: 0x000101fc (0x08112623) sw      ra, 140(sp)
core   0: 3 0x000101fc (0x08112623) mem 0x00017fe8 0x00010094
core   0: 0x00010200 (0x08912223) sw      s1, 132(sp)
core   0: 3 0x00010200 (0x08912223) mem 0x00017fe0 0x0000000a
core   0: 0x00010204 (0x09212023) sw      s2, 128(sp)
core   0: 3 0x00010204 (0x09212023) mem 0x00017fdc 0x00000000
core   0: 0x00010208 (0x07312e23) sw      s3, 124(sp)
core   0: 3 0x00010208 (0x07312e23) mem 0x00017fd8 0x00000000
core   0: 0x0001020c (0x03810493) addi    s1, sp, 56
core   0: 3 0x0001020c (0x03810493) x9  0x00017f94
core   0: 0x00010210 (0x590000ef) jal     pc + 0x590
core   0: 3 0x00010210 (0x590000ef) x1  0x00010214
core   0: >>>>  $xrv32i2p1_m2p0_f2p2_zicntr2p0_zicsr2p0_zmmul1p0
core   0: 0x000107a0 (0x00a5c7b3) xor     a5, a1, a0
core   0: 3 0x000107a0 (0x00a5c7b3) x15 0x0000764c
core   0: 0x000107a4 (0x0037f793) andi    a5, a5, 3
core   0: 3 0x000107a4 (0x0037f793) x15 0x00000000
core   0: 0x000107a8 (0x00c508b3) add     a7, a0, a2
core   0: 3 0x000107a8 (0x00c508b3) x17 0x00017f94
core   0: 0x000107ac (0x06079663) bnez    a5, pc + 108
core   0: 3 0x000107ac (0x06079663)
core   0: 0x000107b0 (0x00300793) li      a5, 3
core   0: 3 0x000107b0 (0x00300793) x15 0x00000003
core   0: 0x000107b4 (0x06c7f263) bgeu    a5, a2, pc + 100
core   0: 3 0x000107b4 (0x06c7f263)
core   0: 0x000107b8 (0x00357793) andi    a5, a0, 3
core   0: 3 0x000107b8 (0x00357793) x15 0x00000000
core   0: 0x000107bc (0x00050713) mv      a4, a0
core   0: 3 0x000107bc (0x00050713) x14 0x00017f78
core   0: 0x000107c0 (0x0c079a63) bnez    a5, pc + 212
core   0: 3 0x000107c0 (0x0c079a63)
core   0: 0x000107c4 (0xffc8f613) andi    a2, a7, -4
core   0: 3 0x000107c4 (0xffc8f613) x12 0x00017f94
core   0: 0x000107c8 (0x40e606b3) sub     a3, a2, a4
core   0: 3 0x000107c8 (0x40e606b3) x13 0x0000001c
core   0: 0x000107cc (0x02000793) li      a5, 32
core   0: 3 0x000107cc (0x02000793) x15 0x00000020
core   0: 0x000107d0 (0x06d7c463) blt     a5, a3, pc + 104
core   0: 3 0x000107d0 (0x06d7c463)
core   0: 0x000107d4 (0x00058693) mv      a3, a1
core   0: 3 0x000107d4 (0x00058693) x13 0x00010934
core   0: 0x000107d8 (0x00070793) mv      a5, a4
core   0: 3 0x000107d8 (0x00070793) x15 0x00017f78
core   0: 0x000107dc (0x02c77a63) bgeu    a4, a2, pc + 52
core   0: 3 0x000107dc (0x02c77a63)
core   0: 0x000107e0 (0x0006a803) lw      a6, 0(a3)
core   0: 3 0x000107e0 (0x0006a803) x16 0x00000000 mem 0x00010934
core   0: 0x000107e4 (0x00478793) addi    a5, a5, 4
core   0: 3 0x000107e4 (0x00478793) x15 0x00017f7c
core   0: 0x000107e8 (0x00468693) addi    a3, a3, 4
core   0: 3 0x000107e8 (0x00468693) x13 0x00010938
core   0: 0x000107ec (0xff07ae23) sw      a6, -4(a5)
core   0: 3 0x000107ec (0xff07ae23) mem 0x00017f78 0x00000000
core   0: 0x000107f0 (0xfec7e8e3) bltu    a5, a2, pc - 16
core   0: 3 0x000107f0 (0xfec7e8e3)
core   0: 0x000107e0 (0x0006a803) lw      a6, 0(a3)
core   0: 3 0x000107e0 (0x0006a803) x16 0x7f800000 mem 0x00010938
core   0: 0x000107e4 (0x00478793) addi    a5, a5, 4
core   0: 3 0x000107e4 (0x00478793) x15 0x00017f80
core   0: 0x000107e8 (0x00468693) addi    a3, a3, 4
core   0: 3 0x000107e8 (0x00468693) x13 0x0001093c
core   0: 0x000107ec (0xff07ae23) sw      a6, -4(a5)
core   0: 3 0x000107ec (0xff07ae23) mem 0x00017f7c 0x7f800000
core   0: 0x000107f0 (0xfec7e8e3) bltu    a5, a2, pc - 16
core   0: 3 0x000107f0 (0xfec7e8e3)
core   0: 0x000107e0 (0x0006a803) lw      a6, 0(a3)
core   0: 3 0x000107e0 (0x0006a803) x16 0x3f800000 mem 0x0001093c
core   0: 0x000107e4 (0x00478793) addi    a5, a5, 4
core   0: 3 0x000107e4 (0x00478793) x15 0x00017f84
core   0: 0x000107e8 (0x00468693) addi    a3, a3, 4
core   0: 3 0x000107e8 (0x00468693) x13 0x00010940
core   0: 0x000107ec (0xff07ae23) sw      a6, -4(a5)
core   0: 3 0x000107ec (0xff07ae23) mem 0x00017f80 0x3f800000
core   0: 0x000107f0 (0xfec7e8e3) bltu    a5, a2, pc - 16
core   0: 3 0x000107f0 (0xfec7e8e3)
core   0: 0x000107e0 (0x0006a803) lw      a6, 0(a3)
core   0: 3 0x000107e0 (0x0006a803) x16 0x7fc00000 mem 0x00010940
core   0: 0x000107e4 (0x00478793) addi    a5, a5, 4
core   0: 3 0x000107e4 (0x00478793) x15 0x00017f88
core   0: 0x000107e8 (0x00468693) addi    a3, a3, 4
core   0: 3 0x000107e8 (0x00468693) x13 0x00010944
core   0: 0x000107ec (0xff07ae23) sw      a6, -4(a5)
core   0: 3 0x000107ec (0xff07ae23) mem 0x00017f84 0x7fc00000
core   0: 0x000107f0 (0xfec7e8e3) bltu    a5, a2, pc - 16
core   0: 3 0x000107f0 (0xfec7e8e3)
core   0: 0x000107e0 (0x0006a803) lw      a6, 0(a3)
core   0: 3 0x000107e0 (0x0006a803) x16 0x7fc00000 mem 0x00010944
core   0: 0x000107e4 (0x00478793) addi    a5, a5, 4
core   0: 3 0x000107e4 (0x00478793) x15 0x00017f8c
core   0: 0x000107e8 (0x00468693) addi    a3, a3, 4
core   0: 3 0x000107e8 (0x00468693) x13 0x00010948
core   0: 0x000107ec (0xff07ae23) sw      a6, -4(a5)
core   0: 3 0x000107ec (0xff07ae23) mem 0x00017f88 0x7fc00000
core   0: 0x000107f0 (0xfec7e8e3) bltu    a5, a2, pc - 16
core   0: 3 0x000107f0 (0xfec7e8e3)
core   0: 0x000107e0 (0x0006a803) lw      a6, 0(a3)
core   0: 3 0x000107e0 (0x0006a803) x16 0x40400000 mem 0x00010948
core   0: 0x000107e4 (0x00478793) addi    a5, a5, 4
core   0: 3 0x000107e4 (0x00478793) x15 0x00017f90
core   0: 0x000107e8 (0x00468693) addi    a3, a3, 4
core   0: 3 0x000107e8 (0x00468693) x13 0x0001094c
core   0: 0x000107ec (0xff07ae23) sw      a6, -4(a5)
core   0: 3 0x000107ec (0xff07ae23) mem 0x00017f8c 0x40400000
core   0: 0x000107f0 (0xfec7e8e3) bltu    a5, a2, pc - 16
core   0: 3 0x000107f0 (0xfec7e8e3)
core   0: 0x000107e0 (0x0006a803) lw      a6, 0(a3)
core   0: 3 0x000107e0 (0x0006a803) x16 0x41100000 mem 0x0001094c
core   0: 0x000107e4 (0x00478793) addi    a5, a5, 4
core   0: 3 0x000107e4 (0x00478793) x15 0x00017f94
core   0: 0x000107e8 (0x00468693) addi    a3, a3, 4
core   0: 3 0x000107e8 (0x00468693) x13 0x00010950
core   0: 0x000107ec (0xff07ae23) sw      a6, -4(a5)
core   0: 3 0x000107ec (0xff07ae23) mem 0x00017f90 0x41100000
core   0: 0x000107f0 (0xfec7e8e3) bltu    a5, a2, pc - 16
core   0: 3 0x000107f0 (0xfec7e8e3)
core   0: 0x000107f4 (0xfff60613) addi    a2, a2, -1
core   0: 3 0x000107f4 (0xfff60613) x12 0x00017f93
core   0: 0x000107f8 (0x40e60633) sub     a2, a2, a4
core   0: 3 0x000107f8 (0x40e60633) x12 0x0000001b
core   0: 0x000107fc (0xffc67613) andi    a2, a2, -4
core   0: 3 0x000107fc (0xffc67613) x12 0x00000018
core   0: 0x00010800 (0x00458593) addi    a1, a1, 4
core   0: 3 0x00010800 (0x00458593) x11 0x00010938
core   0: 0x00010804 (0x00470713) addi    a4, a4, 4
core   0: 3 0x00010804 (0x00470713) x14 0x00017f7c
core   0: 0x00010808 (0x00c585b3) add     a1, a1, a2
core   0: 3 0x00010808 (0x00c585b3) x11 0x00010950
core   0: 0x0001080c (0x00c70733) add     a4, a4, a2
core   0: 3 0x0001080c (0x00c70733) x14 0x00017f94
core   0: 0x00010810 (0x01176863) bltu    a4, a7, pc + 16
core   0: 3 0x00010810 (0x01176863)
core   0: 0x00010814 (0x00008067) ret
core   0: 3 0x00010814 (0x00008067)
core   0: 0x00010214 (0x01c00613) li      a2, 28
core   0: 3 0x00010214 (0x01c00613) x12 0x0000001c
core   0: 0x00010218 (0x08840593) addi    a1, s0, 136
core   0: 3 0x00010218 (0x08840593) x11 0x00010950
core   0: 0x0001021c (0x00048513) mv      a0, s1
core   0: 3 0x0001021c (0x00048513) x10 0x00017f94
core   0: 0x00010220 (0x580000ef) jal     pc + 0x580
core   0: 3 0x00010220 (0x580000ef) x1  0x00010224
core   0: >>>>  $xrv32i2p1_m2p0_f2p2_zicntr2p0_zicsr2p0_zmmul1p0
core   0: 0x000107a0 (0x00a5c7b3) xor     a5, a1, a0
core   0: 3 0x000107a0 (0x00a5c7b3) x15 0x000076c4
core   0: 0x000107a4 (0x0037f793) andi    a5, a5, 3
core   0: 3 0x000107a4 (0x0037f793) x15 0x00000000
core   0: 0x000107a8 (0x00c508b3) add     a7, a0, a2
core   0: 3 0x000107a8 (0x00c508b3) x17 0x00017fb0
core   0: 0x000107ac (0x06079663) bnez    a5, pc + 108
core   0: 3 0x000107ac (0x06079663)
core   0: 0x000107b0 (0x00300793) li      a5, 3
core   0: 3 0x000107b0 (0x00300793) x15 0x00000003
core   0: 0x000107b4 (0x06c7f263) bgeu    a5, a2, pc + 100
core   0: 3 0x000107b4 (0x06c7f263)
core   0: 0x000107b8 (0x00357793) andi    a5, a0, 3
core   0: 3 0x000107b8 (0x00357793) x15 0x00000000
core   0: 0x000107bc (0x00050713) mv      a4, a0
core   0: 3 0x000107bc (0x00050713) x14 0x00017f94
core   0: 0x000107c0 (0x0c079a63) bnez    a5, pc + 212
core   0: 3 0x000107c0 (0x0c079a63)
core   0: 0x000107c4 (0xffc8f613) andi    a2, a7, -4
core   0: 3 0x000107c4 (0xffc8f613) x12 0x00017fb0
core   0: 0x000107c8 (0x40e606b3) sub     a3, a2, a4
core   0: 3 0x000107c8 (0x40e606b3) x13 0x0000001c
core   0: 0x000107cc (0x02000793) li      a5, 32
core   0: 3 0x000107cc (0x02000793) x15 0x00000020
core   0: 0x000107d0 (0x06d7c463) blt     a5, a3, pc + 104
core   0: 3 0x000107d0 (0x06d7c463)
core   0: 0x000107d4 (0x00058693) mv      a3, a1
core   0: 3 0x000107d4 (0x00058693) x13 0x00010950
core   0: 0x000107d8 (0x00070793) mv      a5, a4
core   0: 3 0x000107d8 (0x00070793) x15 0x00017f94
core   0: 0x000107dc (0x02c77a63) bgeu    a4, a2, pc + 52
core   0: 3 0x000107dc (0x02c77a63)
core   0: 0x000107e0 (0x0006a803) lw      a6, 0(a3)
core   0: 3 0x000107e0 (0x0006a803) x16 0x7f800000 mem 0x00010950
core   0: 0x000107e4 (0x00478793) addi    a5, a5, 4
core   0: 3 0x000107e4 (0x00478793) x15 0x00017f98
core   0: 0x000107e8 (0x00468693) addi    a3, a3, 4
core   0: 3 0x000107e8 (0x00468693) x13 0x00010954
core   0: 0x000107ec (0xff07ae23) sw      a6, -4(a5)
core   0: 3 0x000107ec (0xff07ae23) mem 0x00017f94 0x7f800000
core   0: 0x000107f0 (0xfec7e8e3) bltu    a5, a2, pc - 16
core   0: 3 0x000107f0 (0xfec7e8e3)
core   0: 0x000107e0 (0x0006a803) lw      a6, 0(a3)
core   0: 3 0x000107e0 (0x0006a803) x16 0x00000000 mem 0x00010954
core   0: 0x000107e4 (0x00478793) addi    a5, a5, 4
core   0: 3 0x000107e4 (0x00478793) x15 0x00017f9c
core   0: 0x000107e8 (0x00468693) addi    a3, a3, 4
core   0: 3 0x000107e8 (0x00468693) x13 0x00010958
core   0: 0x000107ec (0xff07ae23) sw      a6, -4(a5)
core   0: 3 0x000107ec (0xff07ae23) mem 0x00017f98 0x00000000
core   0: 0x000107f0 (0xfec7e8e3) bltu    a5, a2, pc - 16
core   0: 3 0x000107f0 (0xfec7e8e3)
core   0: 0x000107e0 (0x0006a803) lw      a6, 0(a3)
core   0: 3 0x000107e0 (0x0006a803) x16 0x7fc00000 mem 0x00010958
core   0: 0x000107e4 (0x00478793) addi    a5, a5, 4
core   0: 3 0x000107e4 (0x00478793) x15 0x00017fa0
core   0: 0x000107e8 (0x00468693) addi    a3, a3, 4
core   0: 3 0x000107e8 (0x00468693) x13 0x0001095c
core   0: 0x000107ec (0xff07ae23) sw      a6, -4(a5)
core   0: 3 0x000107ec (0xff07ae23) mem 0x00017f9c 0x7fc00000
core   0: 0x000107f0 (0xfec7e8e3) bltu    a5, a2, pc - 16
core   0: 3 0x000107f0 (0xfec7e8e3)
core   0: 0x000107e0 (0x0006a803) lw      a6, 0(a3)
core   0: 3 0x000107e0 (0x0006a803) x16 0x00000000 mem 0x0001095c
core   0: 0x000107e4 (0x00478793) addi    a5, a5, 4
core   0: 3 0x000107e4 (0x00478793) x15 0x00017fa4
core   0: 0x000107e8 (0x00468693) addi    a3, a3, 4
core   0: 3 0x000107e8 (0x00468693) x13 0x00010960
core   0: 0x000107ec (0xff07ae23) sw      a6, -4(a5)
core   0: 3 0x000107ec (0xff07ae23) mem 0x00017fa0 0x00000000
core   0: 0x000107f0 (0xfec7e8e3) bltu    a5, a2, pc - 16
core   0: 3 0x000107f0 (0xfec7e8e3)
core   0: 0x000107e0 (0x0006a803) lw      a6, 0(a3)
core   0: 3 0x000107e0 (0x0006a803) x16 0x7fc00000 mem 0x00010960
core   0: 0x000107e4 (0x00478793) addi    a5, a5, 4
core   0: 3 0x000107e4 (0x00478793) x15 0x00017fa8
core   0: 0x000107e8 (0x00468693) addi    a3, a3, 4
core   0: 3 0x000107e8 (0x00468693) x13 0x00010964
core   0: 0x000107ec (0xff07ae23) sw      a6, -4(a5)
core   0: 3 0x000107ec (0xff07ae23) mem 0x00017fa4 0x7fc00000
core   0: 0x000107f0 (0xfec7e8e3) bltu    a5, a2, pc - 16
core   0: 3 0x000107f0 (0xfec7e8e3)
core   0: 0x000107e0 (0x0006a803) lw      a6, 0(a3)
core   0: 3 0x000107e0 (0x0006a803) x16 0x41100000 mem 0x00010964
core   0: 0x000107e4 (0x00478793) addi    a5, a5, 4
core   0: 3 0x000107e4 (0x00478793) x15 0x00017fac
core   0: 0x000107e8 (0x00468693) addi    a3, a3, 4
core   0: 3 0x000107e8 (0x00468693) x13 0x00010968
core   0: 0x000107ec (0xff07ae23) sw      a6, -4(a5)
core   0: 3 0x000107ec (0xff07ae23) mem 0x00017fa8 0x41100000
core   0: 0x000107f0 (0xfec7e8e3) bltu    a5, a2, pc - 16
core   0: 3 0x000107f0 (0xfec7e8e3)
core   0: 0x000107e0 (0x0006a803) lw      a6, 0(a3)
core   0: 3 0x000107e0 (0x0006a803) x16 0x40400000 mem 0x00010968
core   0: 0x000107e4 (0x00478793) addi    a5, a5, 4
core   0: 3 0x000107e4 (0x00478793) x15 0x00017fb0
core   0: 0x000107e8 (0x00468693) addi    a3, a3, 4
core   0: 3 0x000107e8 (0x00468693) x13 0x0001096c
core   0: 0x000107ec (0xff07ae23) sw      a6, -4(a5)
core   0: 3 0x000107ec (0xff07ae23) mem 0x00017fac 0x40400000
core   0: 0x000107f0 (0xfec7e8e3) bltu    a5, a2, pc - 16
core   0: 3 0x000107f0 (0xfec7e8e3)
core   0: 0x000107f4 (0xfff60613) addi    a2, a2, -1
core   0: 3 0x000107f4 (0xfff60613) x12 0x00017faf
core   0: 0x000107f8 (0x40e60633) sub     a2, a2, a4
core   0: 3 0x000107f8 (0x40e60633) x12 0x0000001b
core   0: 0x000107fc (0xffc67613) andi    a2, a2, -4
core   0: 3 0x000107fc (0xffc67613) x12 0x00000018
core   0: 0x00010800 (0x00458593) addi    a1, a1, 4
core   0: 3 0x00010800 (0x00458593) x11 0x00010954
core   0: 0x00010804 (0x00470713) addi    a4, a4, 4
core   0: 3 0x00010804 (0x00470713) x14 0x00017f98
core   0: 0x00010808 (0x00c585b3) add     a1, a1, a2
core   0: 3 0x00010808 (0x00c585b3) x11 0x0001096c
core   0: 0x0001080c (0x00c70733) add     a4, a4, a2
core   0: 3 0x0001080c (0x00c70733) x14 0x00017fb0
core   0: 0x00010810 (0x01176863) bltu    a4, a7, pc + 16
core   0: 3 0x00010810 (0x01176863)
core   0: 0x00010814 (0x00008067) ret
core   0: 3 0x00010814 (0x00008067)
core   0: 0x00010224 (0x05410993) addi    s3, sp, 84
core   0: 3 0x00010224 (0x05410993) x19 0x00017fb0
core   0: 0x00010228 (0x01c00613) li      a2, 28
core   0: 3 0x00010228 (0x01c00613) x12 0x0000001c
core   0: 0x0001022c (0x0a440593) addi    a1, s0, 164
core   0: 3 0x0001022c (0x0a440593) x11 0x0001096c
core   0: 0x00010230 (0x00098513) mv      a0, s3
core   0: 3 0x00010230 (0x00098513) x10 0x00017fb0
core   0: 0x00010234 (0x56c000ef) jal     pc + 0x56c
core   0: 3 0x00010234 (0x56c000ef) x1  0x00010238
core   0: >>>>  $xrv32i2p1_m2p0_f2p2_zicntr2p0_zicsr2p0_zmmul1p0
core   0: 0x000107a0 (0x00a5c7b3) xor     a5, a1, a0
core   0: 3 0x000107a0 (0x00a5c7b3) x15 0x000076dc
core   0: 0x000107a4 (0x0037f793) andi    a5, a5, 3
core   0: 3 0x000107a4 (0x0037f793) x15 0x00000000
core   0: 0x000107a8 (0x00c508b3) add     a7, a0, a2
core   0: 3 0x000107a8 (0x00c508b3) x17 0x00017fcc
core   0: 0x000107ac (0x06079663) bnez    a5, pc + 108
core   0: 3 0x000107ac (0x06079663)
core   0: 0x000107b0 (0x00300793) li      a5, 3
core   0: 3 0x000107b0 (0x00300793) x15 0x00000003
core   0: 0x000107b4 (0x06c7f263) bgeu    a5, a2, pc + 100
core   0: 3 0x000107b4 (0x06c7f263)
core   0: 0x000107b8 (0x00357793) andi    a5, a0, 3
core   0: 3 0x000107b8 (0x00357793) x15 0x00000000
core   0: 0x000107bc (0x00050713) mv      a4, a0
core   0: 3 0x000107bc (0x00050713) x14 0x00017fb0
core   0: 0x000107c0 (0x0c079a63) bnez    a5, pc + 212
core   0: 3 0x000107c0 (0x0c079a63)
core   0: 0x000107c4 (0xffc8f613) andi    a2, a7, -4
core   0: 3 0x000107c4 (0xffc8f613) x12 0x00017fcc
core   0: 0x000107c8 (0x40e606b3) sub     a3, a2, a4
core   0: 3 0x000107c8 (0x40e606b3) x13 0x0000001c
core   0: 0x000107cc (0x02000793) li      a5, 32
core   0: 3 0x000107cc (0x02000793) x15 0x00000020
core   0: 0x000107d0 (0x06d7c463) blt     a5, a3, pc + 104
core   0: 3 0x000107d0 (0x06d7c463)
core   0: 0x000107d4 (0x00058693) mv      a3, a1
core   0: 3 0x000107d4 (0x00058693) x13 0x0001096c
core   0: 0x000107d8 (0x00070793) mv      a5, a4
core   0: 3 0x000107d8 (0x00070793) x15 0x00017fb0
core   0: 0x000107dc (0x02c77a63) bgeu    a4, a2, pc + 52
core   0: 3 0x000107dc (0x02c77a63)
core   0: 0x000107e0 (0x0006a803) lw      a6, 0(a3)
core   0: 3 0x000107e0 (0x0006a803) x16 0x7fc00000 mem 0x0001096c
core   0: 0x000107e4 (0x00478793) addi    a5, a5, 4
core   0: 3 0x000107e4 (0x00478793) x15 0x00017fb4
core   0: 0x000107e8 (0x00468693) addi    a3, a3, 4
core   0: 3 0x000107e8 (0x00468693) x13 0x00010970
core   0: 0x000107ec (0xff07ae23) sw      a6, -4(a5)
core   0: 3 0x000107ec (0xff07ae23) mem 0x00017fb0 0x7fc00000
core   0: 0x000107f0 (0xfec7e8e3) bltu    a5, a2, pc - 16
core   0: 3 0x000107f0 (0xfec7e8e3)
core   0: 0x000107e0 (0x0006a803) lw      a6, 0(a3)
core   0: 3 0x000107e0 (0x0006a803) x16 0x7fc00000 mem 0x00010970
core   0: 0x000107e4 (0x00478793) addi    a5, a5, 4
core   0: 3 0x000107e4 (0x00478793) x15 0x00017fb8
core   0: 0x000107e8 (0x00468693) addi    a3, a3, 4
core   0: 3 0x000107e8 (0x00468693) x13 0x00010974
core   0: 0x000107ec (0xff07ae23) sw      a6, -4(a5)
core   0: 3 0x000107ec (0xff07ae23) mem 0x00017fb4 0x7fc00000
core   0: 0x000107f0 (0xfec7e8e3) bltu    a5, a2, pc - 16
core   0: 3 0x000107f0 (0xfec7e8e3)
core   0: 0x000107e0 (0x0006a803) lw      a6, 0(a3)
core   0: 3 0x000107e0 (0x0006a803) x16 0x7fc00000 mem 0x00010974
core   0: 0x000107e4 (0x00478793) addi    a5, a5, 4
core   0: 3 0x000107e4 (0x00478793) x15 0x00017fbc
core   0: 0x000107e8 (0x00468693) addi    a3, a3, 4
core   0: 3 0x000107e8 (0x00468693) x13 0x00010978
core   0: 0x000107ec (0xff07ae23) sw      a6, -4(a5)
core   0: 3 0x000107ec (0xff07ae23) mem 0x00017fb8 0x7fc00000
core   0: 0x000107f0 (0xfec7e8e3) bltu    a5, a2, pc - 16
core   0: 3 0x000107f0 (0xfec7e8e3)
core   0: 0x000107e0 (0x0006a803) lw      a6, 0(a3)
core   0: 3 0x000107e0 (0x0006a803) x16 0x7fc00000 mem 0x00010978
core   0: 0x000107e4 (0x00478793) addi    a5, a5, 4
core   0: 3 0x000107e4 (0x00478793) x15 0x00017fc0
core   0: 0x000107e8 (0x00468693) addi    a3, a3, 4
core   0: 3 0x000107e8 (0x00468693) x13 0x0001097c
core   0: 0x000107ec (0xff07ae23) sw      a6, -4(a5)
core   0: 3 0x000107ec (0xff07ae23) mem 0x00017fbc 0x7fc00000
core   0: 0x000107f0 (0xfec7e8e3) bltu    a5, a2, pc - 16
core   0: 3 0x000107f0 (0xfec7e8e3)
core   0: 0x000107e0 (0x0006a803) lw      a6, 0(a3)
core   0: 3 0x000107e0 (0x0006a803) x16 0x7fc00000 mem 0x0001097c
core   0: 0x000107e4 (0x00478793) addi    a5, a5, 4
core   0: 3 0x000107e4 (0x00478793) x15 0x00017fc4
core   0: 0x000107e8 (0x00468693) addi    a3, a3, 4
core   0: 3 0x000107e8 (0x00468693) x13 0x00010980
core   0: 0x000107ec (0xff07ae23) sw      a6, -4(a5)
core   0: 3 0x000107ec (0xff07ae23) mem 0x00017fc0 0x7fc00000
core   0: 0x000107f0 (0xfec7e8e3) bltu    a5, a2, pc - 16
core   0: 3 0x000107f0 (0xfec7e8e3)
core   0: 0x000107e0 (0x0006a803) lw      a6, 0(a3)
core   0: 3 0x000107e0 (0x0006a803) x16 0x41d80000 mem 0x00010980
core   0: 0x000107e4 (0x00478793) addi    a5, a5, 4
core   0: 3 0x000107e4 (0x00478793) x15 0x00017fc8
core   0: 0x000107e8 (0x00468693) addi    a3, a3, 4
core   0: 3 0x000107e8 (0x00468693) x13 0x00010984
core   0: 0x000107ec (0xff07ae23) sw      a6, -4(a5)
core   0: 3 0x000107ec (0xff07ae23) mem 0x00017fc4 0x41d80000
core   0: 0x000107f0 (0xfec7e8e3) bltu    a5, a2, pc - 16
core   0: 3 0x000107f0 (0xfec7e8e3)
core   0: 0x000107e0 (0x0006a803) lw      a6, 0(a3)
core   0: 3 0x000107e0 (0x0006a803) x16 0x41d80000 mem 0x00010984
core   0: 0x000107e4 (0x00478793) addi    a5, a5, 4
core   0: 3 0x000107e4 (0x00478793) x15 0x00017fcc
core   0: 0x000107e8 (0x00468693) addi    a3, a3, 4
core   0: 3 0x000107e8 (0x00468693) x13 0x00010988
core   0: 0x000107ec (0xff07ae23) sw      a6, -4(a5)
core   0: 3 0x000107ec (0xff07ae23) mem 0x00017fc8 0x41d80000
core   0: 0x000107f0 (0xfec7e8e3) bltu    a5, a2, pc - 16
core   0: 3 0x000107f0 (0xfec7e8e3)
core   0: 0x000107f4 (0xfff60613) addi    a2, a2, -1
core   0: 3 0x000107f4 (0xfff60613) x12 0x00017fcb
core   0: 0x000107f8 (0x40e60633) sub     a2, a2, a4
core   0: 3 0x000107f8 (0x40e60633) x12 0x0000001b
core   0: 0x000107fc (0xffc67613) andi    a2, a2, -4
core   0: 3 0x000107fc (0xffc67613) x12 0x00000018
core   0: 0x00010800 (0x00458593) addi    a1, a1, 4
core   0: 3 0x00010800 (0x00458593) x11 0x00010970
core   0: 0x00010804 (0x00470713) addi    a4, a4, 4
core   0: 3 0x00010804 (0x00470713) x14 0x00017fb4
core   0: 0x00010808 (0x00c585b3) add     a1, a1, a2
core   0: 3 0x00010808 (0x00c585b3) x11 0x00010988
core   0: 0x0001080c (0x00c70733) add     a4, a4, a2
core   0: 3 0x0001080c (0x00c70733) x14 0x00017fcc
core   0: 0x00010810 (0x01176863) bltu    a4, a7, pc + 16
core   0: 3 0x00010810 (0x01176863)
core   0: 0x00010814 (0x00008067) ret
core   0: 3 0x00010814 (0x00008067)
core   0: 0x00010238 (0x00000713) li      a4, 0
core   0: 3 0x00010238 (0x00000713) x14 0x00000000
core   0: 0x0001023c (0x00010913) mv      s2, sp
core   0: 3 0x0001023c (0x00010913) x18 0x00017f5c
core   0: 0x00010240 (0x00700693) li      a3, 7
core   0: 3 0x00010240 (0x00700693) x13 0x00000007
core   0: 0x00010244 (0x00271793) slli    a5, a4, 2
core   0: 3 0x00010244 (0x00271793) x15 0x00000000
core   0: 0x00010248 (0x00fa0633) add     a2, s4, a5
core   0: 3 0x00010248 (0x00fa0633) x12 0x00017f78
core   0: 0x0001024c (0x00062787) flw     fa5, 0(a2)
core   0: 3 0x0001024c (0x00062787) f15 0x00000000 mem 0x00017f78
core   0: 0x00010250 (0x00f48633) add     a2, s1, a5
core   0: 3 0x00010250 (0x00f48633) x12 0x00017f94
core   0: 0x00010254 (0x00062707) flw     fa4, 0(a2)
core   0: 3 0x00010254 (0x00062707) f14 0x7f800000 mem 0x00017f94
core   0: 0x00010258 (0x012787b3) add     a5, a5, s2
core   0: 3 0x00010258 (0x012787b3) x15 0x00017f5c
core   0: 0x0001025c (0x00170713) addi    a4, a4, 1
core   0: 3 0x0001025c (0x00170713) x14 0x00000001
core   0: 0x00010260 (0x10e7f7d3) fmul.s  fa5, fa5, fa4
core   0: 3 0x00010260 (0x10e7f7d3) c1_fflags 0x00000019 f15 0x7fc00000
core   0: 0x00010264 (0x00f7a027) fsw     fa5, 0(a5)
core   0: 3 0x00010264 (0x00f7a027) mem 0x00017f5c 0x7fc00000
core   0: 0x00010268 (0xfcd71ee3) bne     a4, a3, pc - 36
core   0: 3 0x00010268 (0xfcd71ee3)
core   0: 0x00010244 (0x00271793) slli    a5, a4, 2
core   0: 3 0x00010244 (0x00271793) x15 0x00000004
core   0: 0x00010248 (0x00fa0633) add     a2, s4, a5
core   0: 3 0x00010248 (0x00fa0633) x12 0x00017f7c
core   0: 0x0001024c (0x00062787) flw     fa5, 0(a2)
core   0: 3 0x0001024c (0x00062787) f15 0x7f800000 mem 0x00017f7c
core   0: 0x00010250 (0x00f48633) add     a2, s1, a5
core   0: 3 0x00010250 (0x00f48633) x12 0x00017f98
core   0: 0x00010254 (0x00062707) flw     fa4, 0(a2)
core   0: 3 0x00010254 (0x00062707) f14 0x00000000 mem 0x00017f98
core   0: 0x00010258 (0x012787b3) add     a5, a5, s2
core   0: 3 0x00010258 (0x012787b3) x15 0x00017f60
core   0: 0x0001025c (0x00170713) addi    a4, a4, 1
core   0: 3 0x0001025c (0x00170713) x14 0x00000002
core   0: 0x00010260 (0x10e7f7d3) fmul.s  fa5, fa5, fa4
core   0: 3 0x00010260 (0x10e7f7d3) c1_fflags 0x00000019 f15 0x7fc00000
core   0: 0x00010264 (0x00f7a027) fsw     fa5, 0(a5)
core   0: 3 0x00010264 (0x00f7a027) mem 0x00017f60 0x7fc00000
core   0: 0x00010268 (0xfcd71ee3) bne     a4, a3, pc - 36
core   0: 3 0x00010268 (0xfcd71ee3)
core   0: 0x00010244 (0x00271793) slli    a5, a4, 2
core   0: 3 0x00010244 (0x00271793) x15 0x00000008
core   0: 0x00010248 (0x00fa0633) add     a2, s4, a5
core   0: 3 0x00010248 (0x00fa0633) x12 0x00017f80
core   0: 0x0001024c (0x00062787) flw     fa5, 0(a2)
core   0: 3 0x0001024c (0x00062787) f15 0x3f800000 mem 0x00017f80
core   0: 0x00010250 (0x00f48633) add     a2, s1, a5
core   0: 3 0x00010250 (0x00f48633) x12 0x00017f9c
core   0: 0x00010254 (0x00062707) flw     fa4, 0(a2)
core   0: 3 0x00010254 (0x00062707) f14 0x7fc00000 mem 0x00017f9c
core   0: 0x00010258 (0x012787b3) add     a5, a5, s2
core   0: 3 0x00010258 (0x012787b3) x15 0x00017f64
core   0: 0x0001025c (0x00170713) addi    a4, a4, 1
core   0: 3 0x0001025c (0x00170713) x14 0x00000003
core   0: 0x00010260 (0x10e7f7d3) fmul.s  fa5, fa5, fa4
core   0: 3 0x00010260 (0x10e7f7d3) f15 0x7fc00000
core   0: 0x00010264 (0x00f7a027) fsw     fa5, 0(a5)
core   0: 3 0x00010264 (0x00f7a027) mem 0x00017f64 0x7fc00000
core   0: 0x00010268 (0xfcd71ee3) bne     a4, a3, pc - 36
core   0: 3 0x00010268 (0xfcd71ee3)
core   0: 0x00010244 (0x00271793) slli    a5, a4, 2
core   0: 3 0x00010244 (0x00271793) x15 0x0000000c
core   0: 0x00010248 (0x00fa0633) add     a2, s4, a5
core   0: 3 0x00010248 (0x00fa0633) x12 0x00017f84
core   0: 0x0001024c (0x00062787) flw     fa5, 0(a2)
core   0: 3 0x0001024c (0x00062787) f15 0x7fc00000 mem 0x00017f84
core   0: 0x00010250 (0x00f48633) add     a2, s1, a5
core   0: 3 0x00010250 (0x00f48633) x12 0x00017fa0
core   0: 0x00010254 (0x00062707) flw     fa4, 0(a2)
core   0: 3 0x00010254 (0x00062707) f14 0x00000000 mem 0x00017fa0
core   0: 0x00010258 (0x012787b3) add     a5, a5, s2
core   0: 3 0x00010258 (0x012787b3) x15 0x00017f68
core   0: 0x0001025c (0x00170713) addi    a4, a4, 1
core   0: 3 0x0001025c (0x00170713) x14 0x00000004
core   0: 0x00010260 (0x10e7f7d3) fmul.s  fa5, fa5, fa4
core   0: 3 0x00010260 (0x10e7f7d3) f15 0x7fc00000
core   0: 0x00010264 (0x00f7a027) fsw     fa5, 0(a5)
core   0: 3 0x00010264 (0x00f7a027) mem 0x00017f68 0x7fc00000
core   0: 0x00010268 (0xfcd71ee3) bne     a4, a3, pc - 36
core   0: 3 0x00010268 (0xfcd71ee3)
core   0: 0x00010244 (0x00271793) slli    a5, a4, 2
core   0: 3 0x00010244 (0x00271793) x15 0x00000010
core   0: 0x00010248 (0x00fa0633) add     a2, s4, a5
core   0: 3 0x00010248 (0x00fa0633) x12 0x00017f88
core   0: 0x0001024c (0x00062787) flw     fa5, 0(a2)
core   0: 3 0x0001024c (0x00062787) f15 0x7fc00000 mem 0x00017f88
core   0: 0x00010250 (0x00f48633) add     a2, s1, a5
core   0: 3 0x00010250 (0x00f48633) x12 0x00017fa4
core   0: 0x00010254 (0x00062707) flw     fa4, 0(a2)
core   0: 3 0x00010254 (0x00062707) f14 0x7fc00000 mem 0x00017fa4
core   0: 0x00010258 (0x012787b3) add     a5, a5, s2
core   0: 3 0x00010258 (0x012787b3) x15 0x00017f6c
core   0: 0x0001025c (0x00170713) addi    a4, a4, 1
core   0: 3 0x0001025c (0x00170713) x14 0x00000005
core   0: 0x00010260 (0x10e7f7d3) fmul.s  fa5, fa5, fa4
core   0: 3 0x00010260 (0x10e7f7d3) f15 0x7fc00000
core   0: 0x00010264 (0x00f7a027) fsw     fa5, 0(a5)
core   0: 3 0x00010264 (0x00f7a027) mem 0x00017f6c 0x7fc00000
core   0: 0x00010268 (0xfcd71ee3) bne     a4, a3, pc - 36
core   0: 3 0x00010268 (0xfcd71ee3)
core   0: 0x00010244 (0x00271793) slli    a5, a4, 2
core   0: 3 0x00010244 (0x00271793) x15 0x00000014
core   0: 0x00010248 (0x00fa0633) add     a2, s4, a5
core   0: 3 0x00010248 (0x00fa0633) x12 0x00017f8c
core   0: 0x0001024c (0x00062787) flw     fa5, 0(a2)
core   0: 3 0x0001024c (0x00062787) f15 0x40400000 mem 0x00017f8c
core   0: 0x00010250 (0x00f48633) add     a2, s1, a5
core   0: 3 0x00010250 (0x00f48633) x12 0x00017fa8
core   0: 0x00010254 (0x00062707) flw     fa4, 0(a2)
core   0: 3 0x00010254 (0x00062707) f14 0x41100000 mem 0x00017fa8
core   0: 0x00010258 (0x012787b3) add     a5, a5, s2
core   0: 3 0x00010258 (0x012787b3) x15 0x00017f70
core   0: 0x0001025c (0x00170713) addi    a4, a4, 1
core   0: 3 0x0001025c (0x00170713) x14 0x00000006
core   0: 0x00010260 (0x10e7f7d3) fmul.s  fa5, fa5, fa4
core   0: 3 0x00010260 (0x10e7f7d3) f15 0x41d80000
core   0: 0x00010264 (0x00f7a027) fsw     fa5, 0(a5)
core   0: 3 0x00010264 (0x00f7a027) mem 0x00017f70 0x41d80000
core   0: 0x00010268 (0xfcd71ee3) bne     a4, a3, pc - 36
core   0: 3 0x00010268 (0xfcd71ee3)
core   0: 0x00010244 (0x00271793) slli    a5, a4, 2
core   0: 3 0x00010244 (0x00271793) x15 0x00000018
core   0: 0x00010248 (0x00fa0633) add     a2, s4, a5
core   0: 3 0x00010248 (0x00fa0633) x12 0x00017f90
core   0: 0x0001024c (0x00062787) flw     fa5, 0(a2)
core   0: 3 0x0001024c (0x00062787) f15 0x41100000 mem 0x00017f90
core   0: 0x00010250 (0x00f48633) add     a2, s1, a5
core   0: 3 0x00010250 (0x00f48633) x12 0x00017fac
core   0: 0x00010254 (0x00062707) flw     fa4, 0(a2)
core   0: 3 0x00010254 (0x00062707) f14 0x40400000 mem 0x00017fac
core   0: 0x00010258 (0x012787b3) add     a5, a5, s2
core   0: 3 0x00010258 (0x012787b3) x15 0x00017f74
core   0: 0x0001025c (0x00170713) addi    a4, a4, 1
core   0: 3 0x0001025c (0x00170713) x14 0x00000007
core   0: 0x00010260 (0x10e7f7d3) fmul.s  fa5, fa5, fa4
core   0: 3 0x00010260 (0x10e7f7d3) f15 0x41d80000
core   0: 0x00010264 (0x00f7a027) fsw     fa5, 0(a5)
core   0: 3 0x00010264 (0x00f7a027) mem 0x00017f74 0x41d80000
core   0: 0x00010268 (0xfcd71ee3) bne     a4, a3, pc - 36
core   0: 3 0x00010268 (0xfcd71ee3)
core   0: 0x0001026c (0x000084b7) lui     s1, 0x8
core   0: 3 0x0001026c (0x000084b7) x9  0x00008000
core   0: 0x00010270 (0x00000413) li      s0, 0
core   0: 3 0x00010270 (0x00000413) x8  0x00000000
core   0: 0x00010274 (0x01048493) addi    s1, s1, 16
core   0: 3 0x00010274 (0x01048493) x9  0x00008010
core   0: 0x00010278 (0x01c00a13) li      s4, 28
core   0: 3 0x00010278 (0x01c00a13) x20 0x0000001c
core   0: 0x0001027c (0x008985b3) add     a1, s3, s0
core   0: 3 0x0001027c (0x008985b3) x11 0x00017fb0
core   0: 0x00010280 (0x00890533) add     a0, s2, s0
core   0: 3 0x00010280 (0x00890533) x10 0x00017f5c
core   0: 0x00010284 (0x00400613) li      a2, 4
core   0: 3 0x00010284 (0x00400613) x12 0x00000004
core   0: 0x00010288 (0x4a4000ef) jal     pc + 0x4a4
core   0: 3 0x00010288 (0x4a4000ef) x1  0x0001028c
core   0: >>>>  memcmp
core   0: 0x0001072c (0x00300793) li      a5, 3
core   0: 3 0x0001072c (0x00300793) x15 0x00000003
core   0: 0x00010730 (0x02c7f663) bgeu    a5, a2, pc + 44
core   0: 3 0x00010730 (0x02c7f663)
core   0: 0x00010734 (0x00a5e733) or      a4, a1, a0
core   0: 3 0x00010734 (0x00a5e733) x14 0x00017ffc
core   0: 0x00010738 (0x00377713) andi    a4, a4, 3
core   0: 3 0x00010738 (0x00377713) x14 0x00000000
core   0: 0x0001073c (0x04071e63) bnez    a4, pc + 92
core   0: 3 0x0001073c (0x04071e63)
core   0: 0x00010740 (0x00052683) lw      a3, 0(a0)
core   0: 3 0x00010740 (0x00052683) x13 0x7fc00000 mem 0x00017f5c
core   0: 0x00010744 (0x0005a703) lw      a4, 0(a1)
core   0: 3 0x00010744 (0x0005a703) x14 0x7fc00000 mem 0x00017fb0
core   0: 0x00010748 (0x04e69863) bne     a3, a4, pc + 80
core   0: 3 0x00010748 (0x04e69863)
core   0: 0x0001074c (0xffc60613) addi    a2, a2, -4
core   0: 3 0x0001074c (0xffc60613) x12 0x00000000
core   0: 0x00010750 (0x00450513) addi    a0, a0, 4
core   0: 3 0x00010750 (0x00450513) x10 0x00017f60
core   0: 0x00010754 (0x00458593) addi    a1, a1, 4
core   0: 3 0x00010754 (0x00458593) x11 0x00017fb4
core   0: 0x00010758 (0xfec7e4e3) bltu    a5, a2, pc - 24
core   0: 3 0x00010758 (0xfec7e4e3)
core   0: 0x0001075c (0xfff60693) addi    a3, a2, -1
core   0: 3 0x0001075c (0xfff60693) x13 0xffffffff
core   0: 0x00010760 (0x02060863) beqz    a2, pc + 48
core   0: 3 0x00010760 (0x02060863)
core   0: 0x00010790 (0x00000513) li      a0, 0
core   0: 3 0x00010790 (0x00000513) x10 0x00000000
core   0: 0x00010794 (0x00008067) ret
core   0: 3 0x00010794 (0x00008067)
core   0: 0x0001028c (0x00153513) seqz    a0, a0
core   0: 3 0x0001028c (0x00153513) x10 0x00000001
core   0: 0x00010290 (0x00a48023) sb      a0, 0(s1)
core   0: 3 0x00010290 (0x00a48023) mem 0x00008010 0x01
core   0: 0x00010294 (0x00440413) addi    s0, s0, 4
core   0: 3 0x00010294 (0x00440413) x8  0x00000004
core   0: 0x00010298 (0xff4412e3) bne     s0, s4, pc - 28
core   0: 3 0x00010298 (0xff4412e3)
core   0: 0x0001027c (0x008985b3) add     a1, s3, s0
core   0: 3 0x0001027c (0x008985b3) x11 0x00017fb4
core   0: 0x00010280 (0x00890533) add     a0, s2, s0
core   0: 3 0x00010280 (0x00890533) x10 0x00017f60
core   0: 0x00010284 (0x00400613) li      a2, 4
core   0: 3 0x00010284 (0x00400613) x12 0x00000004
core   0: 0x00010288 (0x4a4000ef) jal     pc + 0x4a4
core   0: 3 0x00010288 (0x4a4000ef) x1  0x0001028c
core   0: >>>>  memcmp
core   0: 0x0001072c (0x00300793) li      a5, 3
core   0: 3 0x0001072c (0x00300793) x15 0x00000003
core   0: 0x00010730 (0x02c7f663) bgeu    a5, a2, pc + 44
core   0: 3 0x00010730 (0x02c7f663)
core   0: 0x00010734 (0x00a5e733) or      a4, a1, a0
core   0: 3 0x00010734 (0x00a5e733) x14 0x00017ff4
core   0: 0x00010738 (0x00377713) andi    a4, a4, 3
core   0: 3 0x00010738 (0x00377713) x14 0x00000000
core   0: 0x0001073c (0x04071e63) bnez    a4, pc + 92
core   0: 3 0x0001073c (0x04071e63)
core   0: 0x00010740 (0x00052683) lw      a3, 0(a0)
core   0: 3 0x00010740 (0x00052683) x13 0x7fc00000 mem 0x00017f60
core   0: 0x00010744 (0x0005a703) lw      a4, 0(a1)
core   0: 3 0x00010744 (0x0005a703) x14 0x7fc00000 mem 0x00017fb4
core   0: 0x00010748 (0x04e69863) bne     a3, a4, pc + 80
core   0: 3 0x00010748 (0x04e69863)
core   0: 0x0001074c (0xffc60613) addi    a2, a2, -4
core   0: 3 0x0001074c (0xffc60613) x12 0x00000000
core   0: 0x00010750 (0x00450513) addi    a0, a0, 4
core   0: 3 0x00010750 (0x00450513) x10 0x00017f64
core   0: 0x00010754 (0x00458593) addi    a1, a1, 4
core   0: 3 0x00010754 (0x00458593) x11 0x00017fb8
core   0: 0x00010758 (0xfec7e4e3) bltu    a5, a2, pc - 24
core   0: 3 0x00010758 (0xfec7e4e3)
core   0: 0x0001075c (0xfff60693) addi    a3, a2, -1
core   0: 3 0x0001075c (0xfff60693) x13 0xffffffff
core   0: 0x00010760 (0x02060863) beqz    a2, pc + 48
core   0: 3 0x00010760 (0x02060863)
core   0: 0x00010790 (0x00000513) li      a0, 0
core   0: 3 0x00010790 (0x00000513) x10 0x00000000
core   0: 0x00010794 (0x00008067) ret
core   0: 3 0x00010794 (0x00008067)
core   0: 0x0001028c (0x00153513) seqz    a0, a0
core   0: 3 0x0001028c (0x00153513) x10 0x00000001
core   0: 0x00010290 (0x00a48023) sb      a0, 0(s1)
core   0: 3 0x00010290 (0x00a48023) mem 0x00008010 0x01
core   0: 0x00010294 (0x00440413) addi    s0, s0, 4
core   0: 3 0x00010294 (0x00440413) x8  0x00000008
core   0: 0x00010298 (0xff4412e3) bne     s0, s4, pc - 28
core   0: 3 0x00010298 (0xff4412e3)
core   0: 0x0001027c (0x008985b3) add     a1, s3, s0
core   0: 3 0x0001027c (0x008985b3) x11 0x00017fb8
core   0: 0x00010280 (0x00890533) add     a0, s2, s0
core   0: 3 0x00010280 (0x00890533) x10 0x00017f64
core   0: 0x00010284 (0x00400613) li      a2, 4
core   0: 3 0x00010284 (0x00400613) x12 0x00000004
core   0: 0x00010288 (0x4a4000ef) jal     pc + 0x4a4
core   0: 3 0x00010288 (0x4a4000ef) x1  0x0001028c
core   0: >>>>  memcmp
core   0: 0x0001072c (0x00300793) li      a5, 3
core   0: 3 0x0001072c (0x00300793) x15 0x00000003
core   0: 0x00010730 (0x02c7f663) bgeu    a5, a2, pc + 44
core   0: 3 0x00010730 (0x02c7f663)
core   0: 0x00010734 (0x00a5e733) or      a4, a1, a0
core   0: 3 0x00010734 (0x00a5e733) x14 0x00017ffc
core   0: 0x00010738 (0x00377713) andi    a4, a4, 3
core   0: 3 0x00010738 (0x00377713) x14 0x00000000
core   0: 0x0001073c (0x04071e63) bnez    a4, pc + 92
core   0: 3 0x0001073c (0x04071e63)
core   0: 0x00010740 (0x00052683) lw      a3, 0(a0)
core   0: 3 0x00010740 (0x00052683) x13 0x7fc00000 mem 0x00017f64
core   0: 0x00010744 (0x0005a703) lw      a4, 0(a1)
core   0: 3 0x00010744 (0x0005a703) x14 0x7fc00000 mem 0x00017fb8
core   0: 0x00010748 (0x04e69863) bne     a3, a4, pc + 80
core   0: 3 0x00010748 (0x04e69863)
core   0: 0x0001074c (0xffc60613) addi    a2, a2, -4
core   0: 3 0x0001074c (0xffc60613) x12 0x00000000
core   0: 0x00010750 (0x00450513) addi    a0, a0, 4
core   0: 3 0x00010750 (0x00450513) x10 0x00017f68
core   0: 0x00010754 (0x00458593) addi    a1, a1, 4
core   0: 3 0x00010754 (0x00458593) x11 0x00017fbc
core   0: 0x00010758 (0xfec7e4e3) bltu    a5, a2, pc - 24
core   0: 3 0x00010758 (0xfec7e4e3)
core   0: 0x0001075c (0xfff60693) addi    a3, a2, -1
core   0: 3 0x0001075c (0xfff60693) x13 0xffffffff
core   0: 0x00010760 (0x02060863) beqz    a2, pc + 48
core   0: 3 0x00010760 (0x02060863)
core   0: 0x00010790 (0x00000513) li      a0, 0
core   0: 3 0x00010790 (0x00000513) x10 0x00000000
core   0: 0x00010794 (0x00008067) ret
core   0: 3 0x00010794 (0x00008067)
core   0: 0x0001028c (0x00153513) seqz    a0, a0
core   0: 3 0x0001028c (0x00153513) x10 0x00000001
core   0: 0x00010290 (0x00a48023) sb      a0, 0(s1)
core   0: 3 0x00010290 (0x00a48023) mem 0x00008010 0x01
core   0: 0x00010294 (0x00440413) addi    s0, s0, 4
core   0: 3 0x00010294 (0x00440413) x8  0x0000000c
core   0: 0x00010298 (0xff4412e3) bne     s0, s4, pc - 28
core   0: 3 0x00010298 (0xff4412e3)
core   0: 0x0001027c (0x008985b3) add     a1, s3, s0
core   0: 3 0x0001027c (0x008985b3) x11 0x00017fbc
core   0: 0x00010280 (0x00890533) add     a0, s2, s0
core   0: 3 0x00010280 (0x00890533) x10 0x00017f68
core   0: 0x00010284 (0x00400613) li      a2, 4
core   0: 3 0x00010284 (0x00400613) x12 0x00000004
core   0: 0x00010288 (0x4a4000ef) jal     pc + 0x4a4
core   0: 3 0x00010288 (0x4a4000ef) x1  0x0001028c
core   0: >>>>  memcmp
core   0: 0x0001072c (0x00300793) li      a5, 3
core   0: 3 0x0001072c (0x00300793) x15 0x00000003
core   0: 0x00010730 (0x02c7f663) bgeu    a5, a2, pc + 44
core   0: 3 0x00010730 (0x02c7f663)
core   0: 0x00010734 (0x00a5e733) or      a4, a1, a0
core   0: 3 0x00010734 (0x00a5e733) x14 0x00017ffc
core   0: 0x00010738 (0x00377713) andi    a4, a4, 3
core   0: 3 0x00010738 (0x00377713) x14 0x00000000
core   0: 0x0001073c (0x04071e63) bnez    a4, pc + 92
core   0: 3 0x0001073c (0x04071e63)
core   0: 0x00010740 (0x00052683) lw      a3, 0(a0)
core   0: 3 0x00010740 (0x00052683) x13 0x7fc00000 mem 0x00017f68
core   0: 0x00010744 (0x0005a703) lw      a4, 0(a1)
core   0: 3 0x00010744 (0x0005a703) x14 0x7fc00000 mem 0x00017fbc
core   0: 0x00010748 (0x04e69863) bne     a3, a4, pc + 80
core   0: 3 0x00010748 (0x04e69863)
core   0: 0x0001074c (0xffc60613) addi    a2, a2, -4
core   0: 3 0x0001074c (0xffc60613) x12 0x00000000
core   0: 0x00010750 (0x00450513) addi    a0, a0, 4
core   0: 3 0x00010750 (0x00450513) x10 0x00017f6c
core   0: 0x00010754 (0x00458593) addi    a1, a1, 4
core   0: 3 0x00010754 (0x00458593) x11 0x00017fc0
core   0: 0x00010758 (0xfec7e4e3) bltu    a5, a2, pc - 24
core   0: 3 0x00010758 (0xfec7e4e3)
core   0: 0x0001075c (0xfff60693) addi    a3, a2, -1
core   0: 3 0x0001075c (0xfff60693) x13 0xffffffff
core   0: 0x00010760 (0x02060863) beqz    a2, pc + 48
core   0: 3 0x00010760 (0x02060863)
core   0: 0x00010790 (0x00000513) li      a0, 0
core   0: 3 0x00010790 (0x00000513) x10 0x00000000
core   0: 0x00010794 (0x00008067) ret
core   0: 3 0x00010794 (0x00008067)
core   0: 0x0001028c (0x00153513) seqz    a0, a0
core   0: 3 0x0001028c (0x00153513) x10 0x00000001
core   0: 0x00010290 (0x00a48023) sb      a0, 0(s1)
core   0: 3 0x00010290 (0x00a48023) mem 0x00008010 0x01
core   0: 0x00010294 (0x00440413) addi    s0, s0, 4
core   0: 3 0x00010294 (0x00440413) x8  0x00000010
core   0: 0x00010298 (0xff4412e3) bne     s0, s4, pc - 28
core   0: 3 0x00010298 (0xff4412e3)
core   0: 0x0001027c (0x008985b3) add     a1, s3, s0
core   0: 3 0x0001027c (0x008985b3) x11 0x00017fc0
core   0: 0x00010280 (0x00890533) add     a0, s2, s0
core   0: 3 0x00010280 (0x00890533) x10 0x00017f6c
core   0: 0x00010284 (0x00400613) li      a2, 4
core   0: 3 0x00010284 (0x00400613) x12 0x00000004
core   0: 0x00010288 (0x4a4000ef) jal     pc + 0x4a4
core   0: 3 0x00010288 (0x4a4000ef) x1  0x0001028c
core   0: >>>>  memcmp
core   0: 0x0001072c (0x00300793) li      a5, 3
core   0: 3 0x0001072c (0x00300793) x15 0x00000003
core   0: 0x00010730 (0x02c7f663) bgeu    a5, a2, pc + 44
core   0: 3 0x00010730 (0x02c7f663)
core   0: 0x00010734 (0x00a5e733) or      a4, a1, a0
core   0: 3 0x00010734 (0x00a5e733) x14 0x00017fec
core   0: 0x00010738 (0x00377713) andi    a4, a4, 3
core   0: 3 0x00010738 (0x00377713) x14 0x00000000
core   0: 0x0001073c (0x04071e63) bnez    a4, pc + 92
core   0: 3 0x0001073c (0x04071e63)
core   0: 0x00010740 (0x00052683) lw      a3, 0(a0)
core   0: 3 0x00010740 (0x00052683) x13 0x7fc00000 mem 0x00017f6c
core   0: 0x00010744 (0x0005a703) lw      a4, 0(a1)
core   0: 3 0x00010744 (0x0005a703) x14 0x7fc00000 mem 0x00017fc0
core   0: 0x00010748 (0x04e69863) bne     a3, a4, pc + 80
core   0: 3 0x00010748 (0x04e69863)
core   0: 0x0001074c (0xffc60613) addi    a2, a2, -4
core   0: 3 0x0001074c (0xffc60613) x12 0x00000000
core   0: 0x00010750 (0x00450513) addi    a0, a0, 4
core   0: 3 0x00010750 (0x00450513) x10 0x00017f70
core   0: 0x00010754 (0x00458593) addi    a1, a1, 4
core   0: 3 0x00010754 (0x00458593) x11 0x00017fc4
core   0: 0x00010758 (0xfec7e4e3) bltu    a5, a2, pc - 24
core   0: 3 0x00010758 (0xfec7e4e3)
core   0: 0x0001075c (0xfff60693) addi    a3, a2, -1
core   0: 3 0x0001075c (0xfff60693) x13 0xffffffff
core   0: 0x00010760 (0x02060863) beqz    a2, pc + 48
core   0: 3 0x00010760 (0x02060863)
core   0: 0x00010790 (0x00000513) li      a0, 0
core   0: 3 0x00010790 (0x00000513) x10 0x00000000
core   0: 0x00010794 (0x00008067) ret
core   0: 3 0x00010794 (0x00008067)
core   0: 0x0001028c (0x00153513) seqz    a0, a0
core   0: 3 0x0001028c (0x00153513) x10 0x00000001
core   0: 0x00010290 (0x00a48023) sb      a0, 0(s1)
core   0: 3 0x00010290 (0x00a48023) mem 0x00008010 0x01
core   0: 0x00010294 (0x00440413) addi    s0, s0, 4
core   0: 3 0x00010294 (0x00440413) x8  0x00000014
core   0: 0x00010298 (0xff4412e3) bne     s0, s4, pc - 28
core   0: 3 0x00010298 (0xff4412e3)
core   0: 0x0001027c (0x008985b3) add     a1, s3, s0
core   0: 3 0x0001027c (0x008985b3) x11 0x00017fc4
core   0: 0x00010280 (0x00890533) add     a0, s2, s0
core   0: 3 0x00010280 (0x00890533) x10 0x00017f70
core   0: 0x00010284 (0x00400613) li      a2, 4
core   0: 3 0x00010284 (0x00400613) x12 0x00000004
core   0: 0x00010288 (0x4a4000ef) jal     pc + 0x4a4
core   0: 3 0x00010288 (0x4a4000ef) x1  0x0001028c
core   0: >>>>  memcmp
core   0: 0x0001072c (0x00300793) li      a5, 3
core   0: 3 0x0001072c (0x00300793) x15 0x00000003
core   0: 0x00010730 (0x02c7f663) bgeu    a5, a2, pc + 44
core   0: 3 0x00010730 (0x02c7f663)
core   0: 0x00010734 (0x00a5e733) or      a4, a1, a0
core   0: 3 0x00010734 (0x00a5e733) x14 0x00017ff4
core   0: 0x00010738 (0x00377713) andi    a4, a4, 3
core   0: 3 0x00010738 (0x00377713) x14 0x00000000
core   0: 0x0001073c (0x04071e63) bnez    a4, pc + 92
core   0: 3 0x0001073c (0x04071e63)
core   0: 0x00010740 (0x00052683) lw      a3, 0(a0)
core   0: 3 0x00010740 (0x00052683) x13 0x41d80000 mem 0x00017f70
core   0: 0x00010744 (0x0005a703) lw      a4, 0(a1)
core   0: 3 0x00010744 (0x0005a703) x14 0x41d80000 mem 0x00017fc4
core   0: 0x00010748 (0x04e69863) bne     a3, a4, pc + 80
core   0: 3 0x00010748 (0x04e69863)
core   0: 0x0001074c (0xffc60613) addi    a2, a2, -4
core   0: 3 0x0001074c (0xffc60613) x12 0x00000000
core   0: 0x00010750 (0x00450513) addi    a0, a0, 4
core   0: 3 0x00010750 (0x00450513) x10 0x00017f74
core   0: 0x00010754 (0x00458593) addi    a1, a1, 4
core   0: 3 0x00010754 (0x00458593) x11 0x00017fc8
core   0: 0x00010758 (0xfec7e4e3) bltu    a5, a2, pc - 24
core   0: 3 0x00010758 (0xfec7e4e3)
core   0: 0x0001075c (0xfff60693) addi    a3, a2, -1
core   0: 3 0x0001075c (0xfff60693) x13 0xffffffff
core   0: 0x00010760 (0x02060863) beqz    a2, pc + 48
core   0: 3 0x00010760 (0x02060863)
core   0: 0x00010790 (0x00000513) li      a0, 0
core   0: 3 0x00010790 (0x00000513) x10 0x00000000
core   0: 0x00010794 (0x00008067) ret
core   0: 3 0x00010794 (0x00008067)
core   0: 0x0001028c (0x00153513) seqz    a0, a0
core   0: 3 0x0001028c (0x00153513) x10 0x00000001
core   0: 0x00010290 (0x00a48023) sb      a0, 0(s1)
core   0: 3 0x00010290 (0x00a48023) mem 0x00008010 0x01
core   0: 0x00010294 (0x00440413) addi    s0, s0, 4
core   0: 3 0x00010294 (0x00440413) x8  0x00000018
core   0: 0x00010298 (0xff4412e3) bne     s0, s4, pc - 28
core   0: 3 0x00010298 (0xff4412e3)
core   0: 0x0001027c (0x008985b3) add     a1, s3, s0
core   0: 3 0x0001027c (0x008985b3) x11 0x00017fc8
core   0: 0x00010280 (0x00890533) add     a0, s2, s0
core   0: 3 0x00010280 (0x00890533) x10 0x00017f74
core   0: 0x00010284 (0x00400613) li      a2, 4
core   0: 3 0x00010284 (0x00400613) x12 0x00000004
core   0: 0x00010288 (0x4a4000ef) jal     pc + 0x4a4
core   0: 3 0x00010288 (0x4a4000ef) x1  0x0001028c
core   0: >>>>  memcmp
core   0: 0x0001072c (0x00300793) li      a5, 3
core   0: 3 0x0001072c (0x00300793) x15 0x00000003
core   0: 0x00010730 (0x02c7f663) bgeu    a5, a2, pc + 44
core   0: 3 0x00010730 (0x02c7f663)
core   0: 0x00010734 (0x00a5e733) or      a4, a1, a0
core   0: 3 0x00010734 (0x00a5e733) x14 0x00017ffc
core   0: 0x00010738 (0x00377713) andi    a4, a4, 3
core   0: 3 0x00010738 (0x00377713) x14 0x00000000
core   0: 0x0001073c (0x04071e63) bnez    a4, pc + 92
core   0: 3 0x0001073c (0x04071e63)
core   0: 0x00010740 (0x00052683) lw      a3, 0(a0)
core   0: 3 0x00010740 (0x00052683) x13 0x41d80000 mem 0x00017f74
core   0: 0x00010744 (0x0005a703) lw      a4, 0(a1)
core   0: 3 0x00010744 (0x0005a703) x14 0x41d80000 mem 0x00017fc8
core   0: 0x00010748 (0x04e69863) bne     a3, a4, pc + 80
core   0: 3 0x00010748 (0x04e69863)
core   0: 0x0001074c (0xffc60613) addi    a2, a2, -4
core   0: 3 0x0001074c (0xffc60613) x12 0x00000000
core   0: 0x00010750 (0x00450513) addi    a0, a0, 4
core   0: 3 0x00010750 (0x00450513) x10 0x00017f78
core   0: 0x00010754 (0x00458593) addi    a1, a1, 4
core   0: 3 0x00010754 (0x00458593) x11 0x00017fcc
core   0: 0x00010758 (0xfec7e4e3) bltu    a5, a2, pc - 24
core   0: 3 0x00010758 (0xfec7e4e3)
core   0: 0x0001075c (0xfff60693) addi    a3, a2, -1
core   0: 3 0x0001075c (0xfff60693) x13 0xffffffff
core   0: 0x00010760 (0x02060863) beqz    a2, pc + 48
core   0: 3 0x00010760 (0x02060863)
core   0: 0x00010790 (0x00000513) li      a0, 0
core   0: 3 0x00010790 (0x00000513) x10 0x00000000
core   0: 0x00010794 (0x00008067) ret
core   0: 3 0x00010794 (0x00008067)
core   0: 0x0001028c (0x00153513) seqz    a0, a0
core   0: 3 0x0001028c (0x00153513) x10 0x00000001
core   0: 0x00010290 (0x00a48023) sb      a0, 0(s1)
core   0: 3 0x00010290 (0x00a48023) mem 0x00008010 0x01
core   0: 0x00010294 (0x00440413) addi    s0, s0, 4
core   0: 3 0x00010294 (0x00440413) x8  0x0000001c
core   0: 0x00010298 (0xff4412e3) bne     s0, s4, pc - 28
core   0: 3 0x00010298 (0xff4412e3)
core   0: 0x0001029c (0x08c12083) lw      ra, 140(sp)
core   0: 3 0x0001029c (0x08c12083) x1  0x00010094 mem 0x00017fe8
core   0: 0x000102a0 (0x08812403) lw      s0, 136(sp)
core   0: 3 0x000102a0 (0x08812403) x8  0x00017000 mem 0x00017fe4
core   0: 0x000102a4 (0x08412483) lw      s1, 132(sp)
core   0: 3 0x000102a4 (0x08412483) x9  0x0000000a mem 0x00017fe0
core   0: 0x000102a8 (0x08012903) lw      s2, 128(sp)
core   0: 3 0x000102a8 (0x08012903) x18 0x00000000 mem 0x00017fdc
core   0: 0x000102ac (0x07c12983) lw      s3, 124(sp)
core   0: 3 0x000102ac (0x07c12983) x19 0x00000000 mem 0x00017fd8
core   0: 0x000102b0 (0x07812a03) lw      s4, 120(sp)
core   0: 3 0x000102b0 (0x07812a03) x20 0x00000000 mem 0x00017fd4
core   0: 0x000102b4 (0x09010113) addi    sp, sp, 144
core   0: 3 0x000102b4 (0x09010113) x2  0x00017fec
core   0: 0x000102b8 (0x00008067) ret
core   0: 3 0x000102b8 (0x00008067)
core   0: 0x00010094 (0x00042783) lw      a5, 0(s0)
core   0: 3 0x00010094 (0x00042783) x15 0x00008010 mem 0x00017000
core   0: 0x00010098 (0x05100713) li      a4, 81
core   0: 3 0x00010098 (0x05100713) x14 0x00000051
core   0: 0x0001009c (0x00e78023) sb      a4, 0(a5)
core   0: 3 0x0001009c (0x00e78023) mem 0x00008010 0x51
core   0: 0x000100a0 (0x00042783) lw      a5, 0(s0)
core   0: 3 0x000100a0 (0x00042783) x15 0x00008010 mem 0x00017000
core   0: 0x000100a4 (0x00978023) sb      s1, 0(a5)
core   0: 3 0x000100a4 (0x00978023) mem 0x00008010 0x0a
core   0: 0x000100a8 (0x3dc000ef) jal     pc + 0x3dc
core   0: 3 0x000100a8 (0x3dc000ef) x1  0x000100ac
core   0: >>>>  sq
core   0: 0x00010484 (0xfb010113) addi    sp, sp, -80
core   0: 3 0x00010484 (0xfb010113) x2  0x00017f9c
core   0: 0x00010488 (0x04812423) sw      s0, 72(sp)
core   0: 3 0x00010488 (0x04812423) mem 0x00017fe4 0x00017000
core   0: 0x0001048c (0x00011437) lui     s0, 0x11
core   0: 3 0x0001048c (0x00011437) x8  0x00011000
core   0: 0x00010490 (0x04912223) sw      s1, 68(sp)
core   0: 3 0x00010490 (0x04912223) mem 0x00017fe0 0x0000000a
core   0: 0x00010494 (0x8c840413) addi    s0, s0, -1848
core   0: 3 0x00010494 (0x8c840413) x8  0x000108c8
core   0: 0x00010498 (0x01010493) addi    s1, sp, 16
core   0: 3 0x00010498 (0x01010493) x9  0x00017fac
core   0: 0x0001049c (0x01000613) li      a2, 16
core   0: 3 0x0001049c (0x01000613) x12 0x00000010
core   0: 0x000104a0 (0x19840593) addi    a1, s0, 408
core   0: 3 0x000104a0 (0x19840593) x11 0x00010a60
core   0: 0x000104a4 (0x00048513) mv      a0, s1
core   0: 3 0x000104a4 (0x00048513) x10 0x00017fac
core   0: 0x000104a8 (0x04112623) sw      ra, 76(sp)
core   0: 3 0x000104a8 (0x04112623) mem 0x00017fe8 0x000100ac
core   0: 0x000104ac (0x05212023) sw      s2, 64(sp)
core   0: 3 0x000104ac (0x05212023) mem 0x00017fdc 0x00000000
core   0: 0x000104b0 (0x03312e23) sw      s3, 60(sp)
core   0: 3 0x000104b0 (0x03312e23) mem 0x00017fd8 0x00000000
core   0: 0x000104b4 (0x03412c23) sw      s4, 56(sp)
core   0: 3 0x000104b4 (0x03412c23) mem 0x00017fd4 0x00000000
core   0: 0x000104b8 (0x02010993) addi    s3, sp, 32
core   0: 3 0x000104b8 (0x02010993) x19 0x00017fbc
core   0: 0x000104bc (0x2e4000ef) jal     pc + 0x2e4
core   0: 3 0x000104bc (0x2e4000ef) x1  0x000104c0
core   0: >>>>  $xrv32i2p1_m2p0_f2p2_zicntr2p0_zicsr2p0_zmmul1p0
core   0: 0x000107a0 (0x00a5c7b3) xor     a5, a1, a0
core   0: 3 0x000107a0 (0x00a5c7b3) x15 0x000075cc
core   0: 0x000107a4 (0x0037f793) andi    a5, a5, 3
core   0: 3 0x000107a4 (0x0037f793) x15 0x00000000
core   0: 0x000107a8 (0x00c508b3) add     a7, a0, a2
core   0: 3 0x000107a8 (0x00c508b3) x17 0x00017fbc
core   0: 0x000107ac (0x06079663) bnez    a5, pc + 108
core   0: 3 0x000107ac (0x06079663)
core   0: 0x000107b0 (0x00300793) li      a5, 3
core   0: 3 0x000107b0 (0x00300793) x15 0x00000003
core   0: 0x000107b4 (0x06c7f263) bgeu    a5, a2, pc + 100
core   0: 3 0x000107b4 (0x06c7f263)
core   0: 0x000107b8 (0x00357793) andi    a5, a0, 3
core   0: 3 0x000107b8 (0x00357793) x15 0x00000000
core   0: 0x000107bc (0x00050713) mv      a4, a0
core   0: 3 0x000107bc (0x00050713) x14 0x00017fac
core   0: 0x000107c0 (0x0c079a63) bnez    a5, pc + 212
core   0: 3 0x000107c0 (0x0c079a63)
core   0: 0x000107c4 (0xffc8f613) andi    a2, a7, -4
core   0: 3 0x000107c4 (0xffc8f613) x12 0x00017fbc
core   0: 0x000107c8 (0x40e606b3) sub     a3, a2, a4
core   0: 3 0x000107c8 (0x40e606b3) x13 0x00000010
core   0: 0x000107cc (0x02000793) li      a5, 32
core   0: 3 0x000107cc (0x02000793) x15 0x00000020
core   0: 0x000107d0 (0x06d7c463) blt     a5, a3, pc + 104
core   0: 3 0x000107d0 (0x06d7c463)
core   0: 0x000107d4 (0x00058693) mv      a3, a1
core   0: 3 0x000107d4 (0x00058693) x13 0x00010a60
core   0: 0x000107d8 (0x00070793) mv      a5, a4
core   0: 3 0x000107d8 (0x00070793) x15 0x00017fac
core   0: 0x000107dc (0x02c77a63) bgeu    a4, a2, pc + 52
core   0: 3 0x000107dc (0x02c77a63)
core   0: 0x000107e0 (0x0006a803) lw      a6, 0(a3)
core   0: 3 0x000107e0 (0x0006a803) x16 0x80000000 mem 0x00010a60
core   0: 0x000107e4 (0x00478793) addi    a5, a5, 4
core   0: 3 0x000107e4 (0x00478793) x15 0x00017fb0
core   0: 0x000107e8 (0x00468693) addi    a3, a3, 4
core   0: 3 0x000107e8 (0x00468693) x13 0x00010a64
core   0: 0x000107ec (0xff07ae23) sw      a6, -4(a5)
core   0: 3 0x000107ec (0xff07ae23) mem 0x00017fac 0x80000000
core   0: 0x000107f0 (0xfec7e8e3) bltu    a5, a2, pc - 16
core   0: 3 0x000107f0 (0xfec7e8e3)
core   0: 0x000107e0 (0x0006a803) lw      a6, 0(a3)
core   0: 3 0x000107e0 (0x0006a803) x16 0xc0000000 mem 0x00010a64
core   0: 0x000107e4 (0x00478793) addi    a5, a5, 4
core   0: 3 0x000107e4 (0x00478793) x15 0x00017fb4
core   0: 0x000107e8 (0x00468693) addi    a3, a3, 4
core   0: 3 0x000107e8 (0x00468693) x13 0x00010a68
core   0: 0x000107ec (0xff07ae23) sw      a6, -4(a5)
core   0: 3 0x000107ec (0xff07ae23) mem 0x00017fb0 0xc0000000
core   0: 0x000107f0 (0xfec7e8e3) bltu    a5, a2, pc - 16
core   0: 3 0x000107f0 (0xfec7e8e3)
core   0: 0x000107e0 (0x0006a803) lw      a6, 0(a3)
core   0: 3 0x000107e0 (0x0006a803) x16 0x7fc00000 mem 0x00010a68
core   0: 0x000107e4 (0x00478793) addi    a5, a5, 4
core   0: 3 0x000107e4 (0x00478793) x15 0x00017fb8
core   0: 0x000107e8 (0x00468693) addi    a3, a3, 4
core   0: 3 0x000107e8 (0x00468693) x13 0x00010a6c
core   0: 0x000107ec (0xff07ae23) sw      a6, -4(a5)
core   0: 3 0x000107ec (0xff07ae23) mem 0x00017fb4 0x7fc00000
core   0: 0x000107f0 (0xfec7e8e3) bltu    a5, a2, pc - 16
core   0: 3 0x000107f0 (0xfec7e8e3)
core   0: 0x000107e0 (0x0006a803) lw      a6, 0(a3)
core   0: 3 0x000107e0 (0x0006a803) x16 0x7f800000 mem 0x00010a6c
core   0: 0x000107e4 (0x00478793) addi    a5, a5, 4
core   0: 3 0x000107e4 (0x00478793) x15 0x00017fbc
core   0: 0x000107e8 (0x00468693) addi    a3, a3, 4
core   0: 3 0x000107e8 (0x00468693) x13 0x00010a70
core   0: 0x000107ec (0xff07ae23) sw      a6, -4(a5)
core   0: 3 0x000107ec (0xff07ae23) mem 0x00017fb8 0x7f800000
core   0: 0x000107f0 (0xfec7e8e3) bltu    a5, a2, pc - 16
core   0: 3 0x000107f0 (0xfec7e8e3)
core   0: 0x000107f4 (0xfff60613) addi    a2, a2, -1
core   0: 3 0x000107f4 (0xfff60613) x12 0x00017fbb
core   0: 0x000107f8 (0x40e60633) sub     a2, a2, a4
core   0: 3 0x000107f8 (0x40e60633) x12 0x0000000f
core   0: 0x000107fc (0xffc67613) andi    a2, a2, -4
core   0: 3 0x000107fc (0xffc67613) x12 0x0000000c
core   0: 0x00010800 (0x00458593) addi    a1, a1, 4
core   0: 3 0x00010800 (0x00458593) x11 0x00010a64
core   0: 0x00010804 (0x00470713) addi    a4, a4, 4
core   0: 3 0x00010804 (0x00470713) x14 0x00017fb0
core   0: 0x00010808 (0x00c585b3) add     a1, a1, a2
core   0: 3 0x00010808 (0x00c585b3) x11 0x00010a70
core   0: 0x0001080c (0x00c70733) add     a4, a4, a2
core   0: 3 0x0001080c (0x00c70733) x14 0x00017fbc
core   0: 0x00010810 (0x01176863) bltu    a4, a7, pc + 16
core   0: 3 0x00010810 (0x01176863)
core   0: 0x00010814 (0x00008067) ret
core   0: 3 0x00010814 (0x00008067)
core   0: 0x000104c0 (0x01000613) li      a2, 16
core   0: 3 0x000104c0 (0x01000613) x12 0x00000010
core   0: 0x000104c4 (0x1a840593) addi    a1, s0, 424
core   0: 3 0x000104c4 (0x1a840593) x11 0x00010a70
core   0: 0x000104c8 (0x00098513) mv      a0, s3
core   0: 3 0x000104c8 (0x00098513) x10 0x00017fbc
core   0: 0x000104cc (0x2d4000ef) jal     pc + 0x2d4
core   0: 3 0x000104cc (0x2d4000ef) x1  0x000104d0
core   0: >>>>  $xrv32i2p1_m2p0_f2p2_zicntr2p0_zicsr2p0_zmmul1p0
core   0: 0x000107a0 (0x00a5c7b3) xor     a5, a1, a0
core   0: 3 0x000107a0 (0x00a5c7b3) x15 0x000075cc
core   0: 0x000107a4 (0x0037f793) andi    a5, a5, 3
core   0: 3 0x000107a4 (0x0037f793) x15 0x00000000
core   0: 0x000107a8 (0x00c508b3) add     a7, a0, a2
core   0: 3 0x000107a8 (0x00c508b3) x17 0x00017fcc
core   0: 0x000107ac (0x06079663) bnez    a5, pc + 108
core   0: 3 0x000107ac (0x06079663)
core   0: 0x000107b0 (0x00300793) li      a5, 3
core   0: 3 0x000107b0 (0x00300793) x15 0x00000003
core   0: 0x000107b4 (0x06c7f263) bgeu    a5, a2, pc + 100
core   0: 3 0x000107b4 (0x06c7f263)
core   0: 0x000107b8 (0x00357793) andi    a5, a0, 3
core   0: 3 0x000107b8 (0x00357793) x15 0x00000000
core   0: 0x000107bc (0x00050713) mv      a4, a0
core   0: 3 0x000107bc (0x00050713) x14 0x00017fbc
core   0: 0x000107c0 (0x0c079a63) bnez    a5, pc + 212
core   0: 3 0x000107c0 (0x0c079a63)
core   0: 0x000107c4 (0xffc8f613) andi    a2, a7, -4
core   0: 3 0x000107c4 (0xffc8f613) x12 0x00017fcc
core   0: 0x000107c8 (0x40e606b3) sub     a3, a2, a4
core   0: 3 0x000107c8 (0x40e606b3) x13 0x00000010
core   0: 0x000107cc (0x02000793) li      a5, 32
core   0: 3 0x000107cc (0x02000793) x15 0x00000020
core   0: 0x000107d0 (0x06d7c463) blt     a5, a3, pc + 104
core   0: 3 0x000107d0 (0x06d7c463)
core   0: 0x000107d4 (0x00058693) mv      a3, a1
core   0: 3 0x000107d4 (0x00058693) x13 0x00010a70
core   0: 0x000107d8 (0x00070793) mv      a5, a4
core   0: 3 0x000107d8 (0x00070793) x15 0x00017fbc
core   0: 0x000107dc (0x02c77a63) bgeu    a4, a2, pc + 52
core   0: 3 0x000107dc (0x02c77a63)
core   0: 0x000107e0 (0x0006a803) lw      a6, 0(a3)
core   0: 3 0x000107e0 (0x0006a803) x16 0x80000000 mem 0x00010a70
core   0: 0x000107e4 (0x00478793) addi    a5, a5, 4
core   0: 3 0x000107e4 (0x00478793) x15 0x00017fc0
core   0: 0x000107e8 (0x00468693) addi    a3, a3, 4
core   0: 3 0x000107e8 (0x00468693) x13 0x00010a74
core   0: 0x000107ec (0xff07ae23) sw      a6, -4(a5)
core   0: 3 0x000107ec (0xff07ae23) mem 0x00017fbc 0x80000000
core   0: 0x000107f0 (0xfec7e8e3) bltu    a5, a2, pc - 16
core   0: 3 0x000107f0 (0xfec7e8e3)
core   0: 0x000107e0 (0x0006a803) lw      a6, 0(a3)
core   0: 3 0x000107e0 (0x0006a803) x16 0x7fc00000 mem 0x00010a74
core   0: 0x000107e4 (0x00478793) addi    a5, a5, 4
core   0: 3 0x000107e4 (0x00478793) x15 0x00017fc4
core   0: 0x000107e8 (0x00468693) addi    a3, a3, 4
core   0: 3 0x000107e8 (0x00468693) x13 0x00010a78
core   0: 0x000107ec (0xff07ae23) sw      a6, -4(a5)
core   0: 3 0x000107ec (0xff07ae23) mem 0x00017fc0 0x7fc00000
core   0: 0x000107f0 (0xfec7e8e3) bltu    a5, a2, pc - 16
core   0: 3 0x000107f0 (0xfec7e8e3)
core   0: 0x000107e0 (0x0006a803) lw      a6, 0(a3)
core   0: 3 0x000107e0 (0x0006a803) x16 0x7fc00000 mem 0x00010a78
core   0: 0x000107e4 (0x00478793) addi    a5, a5, 4
core   0: 3 0x000107e4 (0x00478793) x15 0x00017fc8
core   0: 0x000107e8 (0x00468693) addi    a3, a3, 4
core   0: 3 0x000107e8 (0x00468693) x13 0x00010a7c
core   0: 0x000107ec (0xff07ae23) sw      a6, -4(a5)
core   0: 3 0x000107ec (0xff07ae23) mem 0x00017fc4 0x7fc00000
core   0: 0x000107f0 (0xfec7e8e3) bltu    a5, a2, pc - 16
core   0: 3 0x000107f0 (0xfec7e8e3)
core   0: 0x000107e0 (0x0006a803) lw      a6, 0(a3)
core   0: 3 0x000107e0 (0x0006a803) x16 0x7f800000 mem 0x00010a7c
core   0: 0x000107e4 (0x00478793) addi    a5, a5, 4
core   0: 3 0x000107e4 (0x00478793) x15 0x00017fcc
core   0: 0x000107e8 (0x00468693) addi    a3, a3, 4
core   0: 3 0x000107e8 (0x00468693) x13 0x00010a80
core   0: 0x000107ec (0xff07ae23) sw      a6, -4(a5)
core   0: 3 0x000107ec (0xff07ae23) mem 0x00017fc8 0x7f800000
core   0: 0x000107f0 (0xfec7e8e3) bltu    a5, a2, pc - 16
core   0: 3 0x000107f0 (0xfec7e8e3)
core   0: 0x000107f4 (0xfff60613) addi    a2, a2, -1
core   0: 3 0x000107f4 (0xfff60613) x12 0x00017fcb
core   0: 0x000107f8 (0x40e60633) sub     a2, a2, a4
core   0: 3 0x000107f8 (0x40e60633) x12 0x0000000f
core   0: 0x000107fc (0xffc67613) andi    a2, a2, -4
core   0: 3 0x000107fc (0xffc67613) x12 0x0000000c
core   0: 0x00010800 (0x00458593) addi    a1, a1, 4
core   0: 3 0x00010800 (0x00458593) x11 0x00010a74
core   0: 0x00010804 (0x00470713) addi    a4, a4, 4
core   0: 3 0x00010804 (0x00470713) x14 0x00017fc0
core   0: 0x00010808 (0x00c585b3) add     a1, a1, a2
core   0: 3 0x00010808 (0x00c585b3) x11 0x00010a80
core   0: 0x0001080c (0x00c70733) add     a4, a4, a2
core   0: 3 0x0001080c (0x00c70733) x14 0x00017fcc
core   0: 0x00010810 (0x01176863) bltu    a4, a7, pc + 16
core   0: 3 0x00010810 (0x01176863)
core   0: 0x00010814 (0x00008067) ret
core   0: 3 0x00010814 (0x00008067)
core   0: 0x000104d0 (0x00000793) li      a5, 0
core   0: 3 0x000104d0 (0x00000793) x15 0x00000000
core   0: 0x000104d4 (0x00010913) mv      s2, sp
core   0: 3 0x000104d4 (0x00010913) x18 0x00017f9c
core   0: 0x000104d8 (0x00400693) li      a3, 4
core   0: 3 0x000104d8 (0x00400693) x13 0x00000004
core   0: 0x000104dc (0x00279713) slli    a4, a5, 2
core   0: 3 0x000104dc (0x00279713) x14 0x00000000
core   0: 0x000104e0 (0x00e48633) add     a2, s1, a4
core   0: 3 0x000104e0 (0x00e48633) x12 0x00017fac
core   0: 0x000104e4 (0x00062787) flw     fa5, 0(a2)
core   0: 3 0x000104e4 (0x00062787) f15 0x80000000 mem 0x00017fac
core   0: 0x000104e8 (0x01270733) add     a4, a4, s2
core   0: 3 0x000104e8 (0x01270733) x14 0x00017f9c
core   0: 0x000104ec (0x00178793) addi    a5, a5, 1
core   0: 3 0x000104ec (0x00178793) x15 0x00000001
core   0: 0x000104f0 (0x5807f7d3) fsqrt.s fa5, fa5
core   0: 3 0x000104f0 (0x5807f7d3) f15 0x80000000
core   0: 0x000104f4 (0x00f72027) fsw     fa5, 0(a4)
core   0: 3 0x000104f4 (0x00f72027) mem 0x00017f9c 0x80000000
core   0: 0x000104f8 (0xfed792e3) bne     a5, a3, pc - 28
core   0: 3 0x000104f8 (0xfed792e3)
core   0: 0x000104dc (0x00279713) slli    a4, a5, 2
core   0: 3 0x000104dc (0x00279713) x14 0x00000004
core   0: 0x000104e0 (0x00e48633) add     a2, s1, a4
core   0: 3 0x000104e0 (0x00e48633) x12 0x00017fb0
core   0: 0x000104e4 (0x00062787) flw     fa5, 0(a2)
core   0: 3 0x000104e4 (0x00062787) f15 0xc0000000 mem 0x00017fb0
core   0: 0x000104e8 (0x01270733) add     a4, a4, s2
core   0: 3 0x000104e8 (0x01270733) x14 0x00017fa0
core   0: 0x000104ec (0x00178793) addi    a5, a5, 1
core   0: 3 0x000104ec (0x00178793) x15 0x00000002
core   0: 0x000104f0 (0x5807f7d3) fsqrt.s fa5, fa5
core   0: 3 0x000104f0 (0x5807f7d3) c1_fflags 0x00000019 f15 0x7fc00000
core   0: 0x000104f4 (0x00f72027) fsw     fa5, 0(a4)
core   0: 3 0x000104f4 (0x00f72027) mem 0x00017fa0 0x7fc00000
core   0: 0x000104f8 (0xfed792e3) bne     a5, a3, pc - 28
core   0: 3 0x000104f8 (0xfed792e3)
core   0: 0x000104dc (0x00279713) slli    a4, a5, 2
core   0: 3 0x000104dc (0x00279713) x14 0x00000008
core   0: 0x000104e0 (0x00e48633) add     a2, s1, a4
core   0: 3 0x000104e0 (0x00e48633) x12 0x00017fb4
core   0: 0x000104e4 (0x00062787) flw     fa5, 0(a2)
core   0: 3 0x000104e4 (0x00062787) f15 0x7fc00000 mem 0x00017fb4
core   0: 0x000104e8 (0x01270733) add     a4, a4, s2
core   0: 3 0x000104e8 (0x01270733) x14 0x00017fa4
core   0: 0x000104ec (0x00178793) addi    a5, a5, 1
core   0: 3 0x000104ec (0x00178793) x15 0x00000003
core   0: 0x000104f0 (0x5807f7d3) fsqrt.s fa5, fa5
core   0: 3 0x000104f0 (0x5807f7d3) f15 0x7fc00000
core   0: 0x000104f4 (0x00f72027) fsw     fa5, 0(a4)
core   0: 3 0x000104f4 (0x00f72027) mem 0x00017fa4 0x7fc00000
core   0: 0x000104f8 (0xfed792e3) bne     a5, a3, pc - 28
core   0: 3 0x000104f8 (0xfed792e3)
core   0: 0x000104dc (0x00279713) slli    a4, a5, 2
core   0: 3 0x000104dc (0x00279713) x14 0x0000000c
core   0: 0x000104e0 (0x00e48633) add     a2, s1, a4
core   0: 3 0x000104e0 (0x00e48633) x12 0x00017fb8
core   0: 0x000104e4 (0x00062787) flw     fa5, 0(a2)
core   0: 3 0x000104e4 (0x00062787) f15 0x7f800000 mem 0x00017fb8
core   0: 0x000104e8 (0x01270733) add     a4, a4, s2
core   0: 3 0x000104e8 (0x01270733) x14 0x00017fa8
core   0: 0x000104ec (0x00178793) addi    a5, a5, 1
core   0: 3 0x000104ec (0x00178793) x15 0x00000004
core   0: 0x000104f0 (0x5807f7d3) fsqrt.s fa5, fa5
core   0: 3 0x000104f0 (0x5807f7d3) f15 0x7f800000
core   0: 0x000104f4 (0x00f72027) fsw     fa5, 0(a4)
core   0: 3 0x000104f4 (0x00f72027) mem 0x00017fa8 0x7f800000
core   0: 0x000104f8 (0xfed792e3) bne     a5, a3, pc - 28
core   0: 3 0x000104f8 (0xfed792e3)
core   0: 0x000104fc (0x000084b7) lui     s1, 0x8
core   0: 3 0x000104fc (0x000084b7) x9  0x00008000
core   0: 0x00010500 (0x00000413) li      s0, 0
core   0: 3 0x00010500 (0x00000413) x8  0x00000000
core   0: 0x00010504 (0x01048493) addi    s1, s1, 16
core   0: 3 0x00010504 (0x01048493) x9  0x00008010
core   0: 0x00010508 (0x01000a13) li      s4, 16
core   0: 3 0x00010508 (0x01000a13) x20 0x00000010
core   0: 0x0001050c (0x008985b3) add     a1, s3, s0
core   0: 3 0x0001050c (0x008985b3) x11 0x00017fbc
core   0: 0x00010510 (0x00890533) add     a0, s2, s0
core   0: 3 0x00010510 (0x00890533) x10 0x00017f9c
core   0: 0x00010514 (0x00400613) li      a2, 4
core   0: 3 0x00010514 (0x00400613) x12 0x00000004
core   0: 0x00010518 (0x214000ef) jal     pc + 0x214
core   0: 3 0x00010518 (0x214000ef) x1  0x0001051c
core   0: >>>>  memcmp
core   0: 0x0001072c (0x00300793) li      a5, 3
core   0: 3 0x0001072c (0x00300793) x15 0x00000003
core   0: 0x00010730 (0x02c7f663) bgeu    a5, a2, pc + 44
core   0: 3 0x00010730 (0x02c7f663)
core   0: 0x00010734 (0x00a5e733) or      a4, a1, a0
core   0: 3 0x00010734 (0x00a5e733) x14 0x00017fbc
core   0: 0x00010738 (0x00377713) andi    a4, a4, 3
core   0: 3 0x00010738 (0x00377713) x14 0x00000000
core   0: 0x0001073c (0x04071e63) bnez    a4, pc + 92
core   0: 3 0x0001073c (0x04071e63)
core   0: 0x00010740 (0x00052683) lw      a3, 0(a0)
core   0: 3 0x00010740 (0x00052683) x13 0x80000000 mem 0x00017f9c
core   0: 0x00010744 (0x0005a703) lw      a4, 0(a1)
core   0: 3 0x00010744 (0x0005a703) x14 0x80000000 mem 0x00017fbc
core   0: 0x00010748 (0x04e69863) bne     a3, a4, pc + 80
core   0: 3 0x00010748 (0x04e69863)
core   0: 0x0001074c (0xffc60613) addi    a2, a2, -4
core   0: 3 0x0001074c (0xffc60613) x12 0x00000000
core   0: 0x00010750 (0x00450513) addi    a0, a0, 4
core   0: 3 0x00010750 (0x00450513) x10 0x00017fa0
core   0: 0x00010754 (0x00458593) addi    a1, a1, 4
core   0: 3 0x00010754 (0x00458593) x11 0x00017fc0
core   0: 0x00010758 (0xfec7e4e3) bltu    a5, a2, pc - 24
core   0: 3 0x00010758 (0xfec7e4e3)
core   0: 0x0001075c (0xfff60693) addi    a3, a2, -1
core   0: 3 0x0001075c (0xfff60693) x13 0xffffffff
core   0: 0x00010760 (0x02060863) beqz    a2, pc + 48
core   0: 3 0x00010760 (0x02060863)
core   0: 0x00010790 (0x00000513) li      a0, 0
core   0: 3 0x00010790 (0x00000513) x10 0x00000000
core   0: 0x00010794 (0x00008067) ret
core   0: 3 0x00010794 (0x00008067)
core   0: 0x0001051c (0x00153513) seqz    a0, a0
core   0: 3 0x0001051c (0x00153513) x10 0x00000001
core   0: 0x00010520 (0x00a48023) sb      a0, 0(s1)
core   0: 3 0x00010520 (0x00a48023) mem 0x00008010 0x01
core   0: 0x00010524 (0x00440413) addi    s0, s0, 4
core   0: 3 0x00010524 (0x00440413) x8  0x00000004
core   0: 0x00010528 (0xff4412e3) bne     s0, s4, pc - 28
core   0: 3 0x00010528 (0xff4412e3)
core   0: 0x0001050c (0x008985b3) add     a1, s3, s0
core   0: 3 0x0001050c (0x008985b3) x11 0x00017fc0
core   0: 0x00010510 (0x00890533) add     a0, s2, s0
core   0: 3 0x00010510 (0x00890533) x10 0x00017fa0
core   0: 0x00010514 (0x00400613) li      a2, 4
core   0: 3 0x00010514 (0x00400613) x12 0x00000004
core   0: 0x00010518 (0x214000ef) jal     pc + 0x214
core   0: 3 0x00010518 (0x214000ef) x1  0x0001051c
core   0: >>>>  memcmp
core   0: 0x0001072c (0x00300793) li      a5, 3
core   0: 3 0x0001072c (0x00300793) x15 0x00000003
core   0: 0x00010730 (0x02c7f663) bgeu    a5, a2, pc + 44
core   0: 3 0x00010730 (0x02c7f663)
core   0: 0x00010734 (0x00a5e733) or      a4, a1, a0
core   0: 3 0x00010734 (0x00a5e733) x14 0x00017fe0
core   0: 0x00010738 (0x00377713) andi    a4, a4, 3
core   0: 3 0x00010738 (0x00377713) x14 0x00000000
core   0: 0x0001073c (0x04071e63) bnez    a4, pc + 92
core   0: 3 0x0001073c (0x04071e63)
core   0: 0x00010740 (0x00052683) lw      a3, 0(a0)
core   0: 3 0x00010740 (0x00052683) x13 0x7fc00000 mem 0x00017fa0
core   0: 0x00010744 (0x0005a703) lw      a4, 0(a1)
core   0: 3 0x00010744 (0x0005a703) x14 0x7fc00000 mem 0x00017fc0
core   0: 0x00010748 (0x04e69863) bne     a3, a4, pc + 80
core   0: 3 0x00010748 (0x04e69863)
core   0: 0x0001074c (0xffc60613) addi    a2, a2, -4
core   0: 3 0x0001074c (0xffc60613) x12 0x00000000
core   0: 0x00010750 (0x00450513) addi    a0, a0, 4
core   0: 3 0x00010750 (0x00450513) x10 0x00017fa4
core   0: 0x00010754 (0x00458593) addi    a1, a1, 4
core   0: 3 0x00010754 (0x00458593) x11 0x00017fc4
core   0: 0x00010758 (0xfec7e4e3) bltu    a5, a2, pc - 24
core   0: 3 0x00010758 (0xfec7e4e3)
core   0: 0x0001075c (0xfff60693) addi    a3, a2, -1
core   0: 3 0x0001075c (0xfff60693) x13 0xffffffff
core   0: 0x00010760 (0x02060863) beqz    a2, pc + 48
core   0: 3 0x00010760 (0x02060863)
core   0: 0x00010790 (0x00000513) li      a0, 0
core   0: 3 0x00010790 (0x00000513) x10 0x00000000
core   0: 0x00010794 (0x00008067) ret
core   0: 3 0x00010794 (0x00008067)
core   0: 0x0001051c (0x00153513) seqz    a0, a0
core   0: 3 0x0001051c (0x00153513) x10 0x00000001
core   0: 0x00010520 (0x00a48023) sb      a0, 0(s1)
core   0: 3 0x00010520 (0x00a48023) mem 0x00008010 0x01
core   0: 0x00010524 (0x00440413) addi    s0, s0, 4
core   0: 3 0x00010524 (0x00440413) x8  0x00000008
core   0: 0x00010528 (0xff4412e3) bne     s0, s4, pc - 28
core   0: 3 0x00010528 (0xff4412e3)
core   0: 0x0001050c (0x008985b3) add     a1, s3, s0
core   0: 3 0x0001050c (0x008985b3) x11 0x00017fc4
core   0: 0x00010510 (0x00890533) add     a0, s2, s0
core   0: 3 0x00010510 (0x00890533) x10 0x00017fa4
core   0: 0x00010514 (0x00400613) li      a2, 4
core   0: 3 0x00010514 (0x00400613) x12 0x00000004
core   0: 0x00010518 (0x214000ef) jal     pc + 0x214
core   0: 3 0x00010518 (0x214000ef) x1  0x0001051c
core   0: >>>>  memcmp
core   0: 0x0001072c (0x00300793) li      a5, 3
core   0: 3 0x0001072c (0x00300793) x15 0x00000003
core   0: 0x00010730 (0x02c7f663) bgeu    a5, a2, pc + 44
core   0: 3 0x00010730 (0x02c7f663)
core   0: 0x00010734 (0x00a5e733) or      a4, a1, a0
core   0: 3 0x00010734 (0x00a5e733) x14 0x00017fe4
core   0: 0x00010738 (0x00377713) andi    a4, a4, 3
core   0: 3 0x00010738 (0x00377713) x14 0x00000000
core   0: 0x0001073c (0x04071e63) bnez    a4, pc + 92
core   0: 3 0x0001073c (0x04071e63)
core   0: 0x00010740 (0x00052683) lw      a3, 0(a0)
core   0: 3 0x00010740 (0x00052683) x13 0x7fc00000 mem 0x00017fa4
core   0: 0x00010744 (0x0005a703) lw      a4, 0(a1)
core   0: 3 0x00010744 (0x0005a703) x14 0x7fc00000 mem 0x00017fc4
core   0: 0x00010748 (0x04e69863) bne     a3, a4, pc + 80
core   0: 3 0x00010748 (0x04e69863)
core   0: 0x0001074c (0xffc60613) addi    a2, a2, -4
core   0: 3 0x0001074c (0xffc60613) x12 0x00000000
core   0: 0x00010750 (0x00450513) addi    a0, a0, 4
core   0: 3 0x00010750 (0x00450513) x10 0x00017fa8
core   0: 0x00010754 (0x00458593) addi    a1, a1, 4
core   0: 3 0x00010754 (0x00458593) x11 0x00017fc8
core   0: 0x00010758 (0xfec7e4e3) bltu    a5, a2, pc - 24
core   0: 3 0x00010758 (0xfec7e4e3)
core   0: 0x0001075c (0xfff60693) addi    a3, a2, -1
core   0: 3 0x0001075c (0xfff60693) x13 0xffffffff
core   0: 0x00010760 (0x02060863) beqz    a2, pc + 48
core   0: 3 0x00010760 (0x02060863)
core   0: 0x00010790 (0x00000513) li      a0, 0
core   0: 3 0x00010790 (0x00000513) x10 0x00000000
core   0: 0x00010794 (0x00008067) ret
core   0: 3 0x00010794 (0x00008067)
core   0: 0x0001051c (0x00153513) seqz    a0, a0
core   0: 3 0x0001051c (0x00153513) x10 0x00000001
core   0: 0x00010520 (0x00a48023) sb      a0, 0(s1)
core   0: 3 0x00010520 (0x00a48023) mem 0x00008010 0x01
core   0: 0x00010524 (0x00440413) addi    s0, s0, 4
core   0: 3 0x00010524 (0x00440413) x8  0x0000000c
core   0: 0x00010528 (0xff4412e3) bne     s0, s4, pc - 28
core   0: 3 0x00010528 (0xff4412e3)
core   0: 0x0001050c (0x008985b3) add     a1, s3, s0
core   0: 3 0x0001050c (0x008985b3) x11 0x00017fc8
core   0: 0x00010510 (0x00890533) add     a0, s2, s0
core   0: 3 0x00010510 (0x00890533) x10 0x00017fa8
core   0: 0x00010514 (0x00400613) li      a2, 4
core   0: 3 0x00010514 (0x00400613) x12 0x00000004
core   0: 0x00010518 (0x214000ef) jal     pc + 0x214
core   0: 3 0x00010518 (0x214000ef) x1  0x0001051c
core   0: >>>>  memcmp
core   0: 0x0001072c (0x00300793) li      a5, 3
core   0: 3 0x0001072c (0x00300793) x15 0x00000003
core   0: 0x00010730 (0x02c7f663) bgeu    a5, a2, pc + 44
core   0: 3 0x00010730 (0x02c7f663)
core   0: 0x00010734 (0x00a5e733) or      a4, a1, a0
core   0: 3 0x00010734 (0x00a5e733) x14 0x00017fe8
core   0: 0x00010738 (0x00377713) andi    a4, a4, 3
core   0: 3 0x00010738 (0x00377713) x14 0x00000000
core   0: 0x0001073c (0x04071e63) bnez    a4, pc + 92
core   0: 3 0x0001073c (0x04071e63)
core   0: 0x00010740 (0x00052683) lw      a3, 0(a0)
core   0: 3 0x00010740 (0x00052683) x13 0x7f800000 mem 0x00017fa8
core   0: 0x00010744 (0x0005a703) lw      a4, 0(a1)
core   0: 3 0x00010744 (0x0005a703) x14 0x7f800000 mem 0x00017fc8
core   0: 0x00010748 (0x04e69863) bne     a3, a4, pc + 80
core   0: 3 0x00010748 (0x04e69863)
core   0: 0x0001074c (0xffc60613) addi    a2, a2, -4
core   0: 3 0x0001074c (0xffc60613) x12 0x00000000
core   0: 0x00010750 (0x00450513) addi    a0, a0, 4
core   0: 3 0x00010750 (0x00450513) x10 0x00017fac
core   0: 0x00010754 (0x00458593) addi    a1, a1, 4
core   0: 3 0x00010754 (0x00458593) x11 0x00017fcc
core   0: 0x00010758 (0xfec7e4e3) bltu    a5, a2, pc - 24
core   0: 3 0x00010758 (0xfec7e4e3)
core   0: 0x0001075c (0xfff60693) addi    a3, a2, -1
core   0: 3 0x0001075c (0xfff60693) x13 0xffffffff
core   0: 0x00010760 (0x02060863) beqz    a2, pc + 48
core   0: 3 0x00010760 (0x02060863)
core   0: 0x00010790 (0x00000513) li      a0, 0
core   0: 3 0x00010790 (0x00000513) x10 0x00000000
core   0: 0x00010794 (0x00008067) ret
core   0: 3 0x00010794 (0x00008067)
core   0: 0x0001051c (0x00153513) seqz    a0, a0
core   0: 3 0x0001051c (0x00153513) x10 0x00000001
core   0: 0x00010520 (0x00a48023) sb      a0, 0(s1)
core   0: 3 0x00010520 (0x00a48023) mem 0x00008010 0x01
core   0: 0x00010524 (0x00440413) addi    s0, s0, 4
core   0: 3 0x00010524 (0x00440413) x8  0x00000010
core   0: 0x00010528 (0xff4412e3) bne     s0, s4, pc - 28
core   0: 3 0x00010528 (0xff4412e3)
core   0: 0x0001052c (0x04c12083) lw      ra, 76(sp)
core   0: 3 0x0001052c (0x04c12083) x1  0x000100ac mem 0x00017fe8
core   0: 0x00010530 (0x04812403) lw      s0, 72(sp)
core   0: 3 0x00010530 (0x04812403) x8  0x00017000 mem 0x00017fe4
core   0: 0x00010534 (0x04412483) lw      s1, 68(sp)
core   0: 3 0x00010534 (0x04412483) x9  0x0000000a mem 0x00017fe0
core   0: 0x00010538 (0x04012903) lw      s2, 64(sp)
core   0: 3 0x00010538 (0x04012903) x18 0x00000000 mem 0x00017fdc
core   0: 0x0001053c (0x03c12983) lw      s3, 60(sp)
core   0: 3 0x0001053c (0x03c12983) x19 0x00000000 mem 0x00017fd8
core   0: 0x00010540 (0x03812a03) lw      s4, 56(sp)
core   0: 3 0x00010540 (0x03812a03) x20 0x00000000 mem 0x00017fd4
core   0: 0x00010544 (0x05010113) addi    sp, sp, 80
core   0: 3 0x00010544 (0x05010113) x2  0x00017fec
core   0: 0x00010548 (0x00008067) ret
core   0: 3 0x00010548 (0x00008067)
core   0: 0x000100ac (0x00042783) lw      a5, 0(s0)
core   0: 3 0x000100ac (0x00042783) x15 0x00008010 mem 0x00017000
core   0: 0x000100b0 (0x04c00713) li      a4, 76
core   0: 3 0x000100b0 (0x04c00713) x14 0x0000004c
core   0: 0x000100b4 (0x00e78023) sb      a4, 0(a5)
core   0: 3 0x000100b4 (0x00e78023) mem 0x00008010 0x4c
core   0: 0x000100b8 (0x00042783) lw      a5, 0(s0)
core   0: 3 0x000100b8 (0x00042783) x15 0x00008010 mem 0x00017000
core   0: 0x000100bc (0x00978023) sb      s1, 0(a5)
core   0: 3 0x000100bc (0x00978023) mem 0x00008010 0x0a
core   0: 0x000100c0 (0x48c000ef) jal     pc + 0x48c
core   0: 3 0x000100c0 (0x48c000ef) x1  0x000100c4
core   0: >>>>  lt
core   0: 0x0001054c (0xf7010113) addi    sp, sp, -144
core   0: 3 0x0001054c (0xf7010113) x2  0x00017f5c
core   0: 0x00010550 (0x08812423) sw      s0, 136(sp)
core   0: 3 0x00010550 (0x08812423) mem 0x00017fe4 0x00017000
core   0: 0x00010554 (0x00011437) lui     s0, 0x11
core   0: 3 0x00010554 (0x00011437) x8  0x00011000
core   0: 0x00010558 (0x07412c23) sw      s4, 120(sp)
core   0: 3 0x00010558 (0x07412c23) mem 0x00017fd4 0x00000000
core   0: 0x0001055c (0x8c840413) addi    s0, s0, -1848
core   0: 3 0x0001055c (0x8c840413) x8  0x000108c8
core   0: 0x00010560 (0x02010a13) addi    s4, sp, 32
core   0: 3 0x00010560 (0x02010a13) x20 0x00017f7c
core   0: 0x00010564 (0x01400613) li      a2, 20
core   0: 3 0x00010564 (0x01400613) x12 0x00000014
core   0: 0x00010568 (0x1b840593) addi    a1, s0, 440
core   0: 3 0x00010568 (0x1b840593) x11 0x00010a80
core   0: 0x0001056c (0x000a0513) mv      a0, s4
core   0: 3 0x0001056c (0x000a0513) x10 0x00017f7c
core   0: 0x00010570 (0x08112623) sw      ra, 140(sp)
core   0: 3 0x00010570 (0x08112623) mem 0x00017fe8 0x000100c4
core   0: 0x00010574 (0x08912223) sw      s1, 132(sp)
core   0: 3 0x00010574 (0x08912223) mem 0x00017fe0 0x0000000a
core   0: 0x00010578 (0x09212023) sw      s2, 128(sp)
core   0: 3 0x00010578 (0x09212023) mem 0x00017fdc 0x00000000
core   0: 0x0001057c (0x07312e23) sw      s3, 124(sp)
core   0: 3 0x0001057c (0x07312e23) mem 0x00017fd8 0x00000000
core   0: 0x00010580 (0x03410493) addi    s1, sp, 52
core   0: 3 0x00010580 (0x03410493) x9  0x00017f90
core   0: 0x00010584 (0x21c000ef) jal     pc + 0x21c
core   0: 3 0x00010584 (0x21c000ef) x1  0x00010588
core   0: >>>>  $xrv32i2p1_m2p0_f2p2_zicntr2p0_zicsr2p0_zmmul1p0
core   0: 0x000107a0 (0x00a5c7b3) xor     a5, a1, a0
core   0: 3 0x000107a0 (0x00a5c7b3) x15 0x000075fc
core   0: 0x000107a4 (0x0037f793) andi    a5, a5, 3
core   0: 3 0x000107a4 (0x0037f793) x15 0x00000000
core   0: 0x000107a8 (0x00c508b3) add     a7, a0, a2
core   0: 3 0x000107a8 (0x00c508b3) x17 0x00017f90
core   0: 0x000107ac (0x06079663) bnez    a5, pc + 108
core   0: 3 0x000107ac (0x06079663)
core   0: 0x000107b0 (0x00300793) li      a5, 3
core   0: 3 0x000107b0 (0x00300793) x15 0x00000003
core   0: 0x000107b4 (0x06c7f263) bgeu    a5, a2, pc + 100
core   0: 3 0x000107b4 (0x06c7f263)
core   0: 0x000107b8 (0x00357793) andi    a5, a0, 3
core   0: 3 0x000107b8 (0x00357793) x15 0x00000000
core   0: 0x000107bc (0x00050713) mv      a4, a0
core   0: 3 0x000107bc (0x00050713) x14 0x00017f7c
core   0: 0x000107c0 (0x0c079a63) bnez    a5, pc + 212
core   0: 3 0x000107c0 (0x0c079a63)
core   0: 0x000107c4 (0xffc8f613) andi    a2, a7, -4
core   0: 3 0x000107c4 (0xffc8f613) x12 0x00017f90
core   0: 0x000107c8 (0x40e606b3) sub     a3, a2, a4
core   0: 3 0x000107c8 (0x40e606b3) x13 0x00000014
core   0: 0x000107cc (0x02000793) li      a5, 32
core   0: 3 0x000107cc (0x02000793) x15 0x00000020
core   0: 0x000107d0 (0x06d7c463) blt     a5, a3, pc + 104
core   0: 3 0x000107d0 (0x06d7c463)
core   0: 0x000107d4 (0x00058693) mv      a3, a1
core   0: 3 0x000107d4 (0x00058693) x13 0x00010a80
core   0: 0x000107d8 (0x00070793) mv      a5, a4
core   0: 3 0x000107d8 (0x00070793) x15 0x00017f7c
core   0: 0x000107dc (0x02c77a63) bgeu    a4, a2, pc + 52
core   0: 3 0x000107dc (0x02c77a63)
core   0: 0x000107e0 (0x0006a803) lw      a6, 0(a3)
core   0: 3 0x000107e0 (0x0006a803) x16 0x7f800000 mem 0x00010a80
core   0: 0x000107e4 (0x00478793) addi    a5, a5, 4
core   0: 3 0x000107e4 (0x00478793) x15 0x00017f80
core   0: 0x000107e8 (0x00468693) addi    a3, a3, 4
core   0: 3 0x000107e8 (0x00468693) x13 0x00010a84
core   0: 0x000107ec (0xff07ae23) sw      a6, -4(a5)
core   0: 3 0x000107ec (0xff07ae23) mem 0x00017f7c 0x7f800000
core   0: 0x000107f0 (0xfec7e8e3) bltu    a5, a2, pc - 16
core   0: 3 0x000107f0 (0xfec7e8e3)
core   0: 0x000107e0 (0x0006a803) lw      a6, 0(a3)
core   0: 3 0x000107e0 (0x0006a803) x16 0xff800000 mem 0x00010a84
core   0: 0x000107e4 (0x00478793) addi    a5, a5, 4
core   0: 3 0x000107e4 (0x00478793) x15 0x00017f84
core   0: 0x000107e8 (0x00468693) addi    a3, a3, 4
core   0: 3 0x000107e8 (0x00468693) x13 0x00010a88
core   0: 0x000107ec (0xff07ae23) sw      a6, -4(a5)
core   0: 3 0x000107ec (0xff07ae23) mem 0x00017f80 0xff800000
core   0: 0x000107f0 (0xfec7e8e3) bltu    a5, a2, pc - 16
core   0: 3 0x000107f0 (0xfec7e8e3)
core   0: 0x000107e0 (0x0006a803) lw      a6, 0(a3)
core   0: 3 0x000107e0 (0x0006a803) x16 0x80000000 mem 0x00010a88
core   0: 0x000107e4 (0x00478793) addi    a5, a5, 4
core   0: 3 0x000107e4 (0x00478793) x15 0x00017f88
core   0: 0x000107e8 (0x00468693) addi    a3, a3, 4
core   0: 3 0x000107e8 (0x00468693) x13 0x00010a8c
core   0: 0x000107ec (0xff07ae23) sw      a6, -4(a5)
core   0: 3 0x000107ec (0xff07ae23) mem 0x00017f84 0x80000000
core   0: 0x000107f0 (0xfec7e8e3) bltu    a5, a2, pc - 16
core   0: 3 0x000107f0 (0xfec7e8e3)
core   0: 0x000107e0 (0x0006a803) lw      a6, 0(a3)
core   0: 3 0x000107e0 (0x0006a803) x16 0x00000000 mem 0x00010a8c
core   0: 0x000107e4 (0x00478793) addi    a5, a5, 4
core   0: 3 0x000107e4 (0x00478793) x15 0x00017f8c
core   0: 0x000107e8 (0x00468693) addi    a3, a3, 4
core   0: 3 0x000107e8 (0x00468693) x13 0x00010a90
core   0: 0x000107ec (0xff07ae23) sw      a6, -4(a5)
core   0: 3 0x000107ec (0xff07ae23) mem 0x00017f88 0x00000000
core   0: 0x000107f0 (0xfec7e8e3) bltu    a5, a2, pc - 16
core   0: 3 0x000107f0 (0xfec7e8e3)
core   0: 0x000107e0 (0x0006a803) lw      a6, 0(a3)
core   0: 3 0x000107e0 (0x0006a803) x16 0xff800000 mem 0x00010a90
core   0: 0x000107e4 (0x00478793) addi    a5, a5, 4
core   0: 3 0x000107e4 (0x00478793) x15 0x00017f90
core   0: 0x000107e8 (0x00468693) addi    a3, a3, 4
core   0: 3 0x000107e8 (0x00468693) x13 0x00010a94
core   0: 0x000107ec (0xff07ae23) sw      a6, -4(a5)
core   0: 3 0x000107ec (0xff07ae23) mem 0x00017f8c 0xff800000
core   0: 0x000107f0 (0xfec7e8e3) bltu    a5, a2, pc - 16
core   0: 3 0x000107f0 (0xfec7e8e3)
core   0: 0x000107f4 (0xfff60613) addi    a2, a2, -1
core   0: 3 0x000107f4 (0xfff60613) x12 0x00017f8f
core   0: 0x000107f8 (0x40e60633) sub     a2, a2, a4
core   0: 3 0x000107f8 (0x40e60633) x12 0x00000013
core   0: 0x000107fc (0xffc67613) andi    a2, a2, -4
core   0: 3 0x000107fc (0xffc67613) x12 0x00000010
core   0: 0x00010800 (0x00458593) addi    a1, a1, 4
core   0: 3 0x00010800 (0x00458593) x11 0x00010a84
core   0: 0x00010804 (0x00470713) addi    a4, a4, 4
core   0: 3 0x00010804 (0x00470713) x14 0x00017f80
core   0: 0x00010808 (0x00c585b3) add     a1, a1, a2
core   0: 3 0x00010808 (0x00c585b3) x11 0x00010a94
core   0: 0x0001080c (0x00c70733) add     a4, a4, a2
core   0: 3 0x0001080c (0x00c70733) x14 0x00017f90
core   0: 0x00010810 (0x01176863) bltu    a4, a7, pc + 16
core   0: 3 0x00010810 (0x01176863)
core   0: 0x00010814 (0x00008067) ret
core   0: 3 0x00010814 (0x00008067)
core   0: 0x00010588 (0x01400613) li      a2, 20
core   0: 3 0x00010588 (0x01400613) x12 0x00000014
core   0: 0x0001058c (0x1cc40593) addi    a1, s0, 460
core   0: 3 0x0001058c (0x1cc40593) x11 0x00010a94
core   0: 0x00010590 (0x00048513) mv      a0, s1
core   0: 3 0x00010590 (0x00048513) x10 0x00017f90
core   0: 0x00010594 (0x20c000ef) jal     pc + 0x20c
core   0: 3 0x00010594 (0x20c000ef) x1  0x00010598
core   0: >>>>  $xrv32i2p1_m2p0_f2p2_zicntr2p0_zicsr2p0_zmmul1p0
core   0: 0x000107a0 (0x00a5c7b3) xor     a5, a1, a0
core   0: 3 0x000107a0 (0x00a5c7b3) x15 0x00007504
core   0: 0x000107a4 (0x0037f793) andi    a5, a5, 3
core   0: 3 0x000107a4 (0x0037f793) x15 0x00000000
core   0: 0x000107a8 (0x00c508b3) add     a7, a0, a2
core   0: 3 0x000107a8 (0x00c508b3) x17 0x00017fa4
core   0: 0x000107ac (0x06079663) bnez    a5, pc + 108
core   0: 3 0x000107ac (0x06079663)
core   0: 0x000107b0 (0x00300793) li      a5, 3
core   0: 3 0x000107b0 (0x00300793) x15 0x00000003
core   0: 0x000107b4 (0x06c7f263) bgeu    a5, a2, pc + 100
core   0: 3 0x000107b4 (0x06c7f263)
core   0: 0x000107b8 (0x00357793) andi    a5, a0, 3
core   0: 3 0x000107b8 (0x00357793) x15 0x00000000
core   0: 0x000107bc (0x00050713) mv      a4, a0
core   0: 3 0x000107bc (0x00050713) x14 0x00017f90
core   0: 0x000107c0 (0x0c079a63) bnez    a5, pc + 212
core   0: 3 0x000107c0 (0x0c079a63)
core   0: 0x000107c4 (0xffc8f613) andi    a2, a7, -4
core   0: 3 0x000107c4 (0xffc8f613) x12 0x00017fa4
core   0: 0x000107c8 (0x40e606b3) sub     a3, a2, a4
core   0: 3 0x000107c8 (0x40e606b3) x13 0x00000014
core   0: 0x000107cc (0x02000793) li      a5, 32
core   0: 3 0x000107cc (0x02000793) x15 0x00000020
core   0: 0x000107d0 (0x06d7c463) blt     a5, a3, pc + 104
core   0: 3 0x000107d0 (0x06d7c463)
core   0: 0x000107d4 (0x00058693) mv      a3, a1
core   0: 3 0x000107d4 (0x00058693) x13 0x00010a94
core   0: 0x000107d8 (0x00070793) mv      a5, a4
core   0: 3 0x000107d8 (0x00070793) x15 0x00017f90
core   0: 0x000107dc (0x02c77a63) bgeu    a4, a2, pc + 52
core   0: 3 0x000107dc (0x02c77a63)
core   0: 0x000107e0 (0x0006a803) lw      a6, 0(a3)
core   0: 3 0x000107e0 (0x0006a803) x16 0x7f800000 mem 0x00010a94
core   0: 0x000107e4 (0x00478793) addi    a5, a5, 4
core   0: 3 0x000107e4 (0x00478793) x15 0x00017f94
core   0: 0x000107e8 (0x00468693) addi    a3, a3, 4
core   0: 3 0x000107e8 (0x00468693) x13 0x00010a98
core   0: 0x000107ec (0xff07ae23) sw      a6, -4(a5)
core   0: 3 0x000107ec (0xff07ae23) mem 0x00017f90 0x7f800000
core   0: 0x000107f0 (0xfec7e8e3) bltu    a5, a2, pc - 16
core   0: 3 0x000107f0 (0xfec7e8e3)
core   0: 0x000107e0 (0x0006a803) lw      a6, 0(a3)
core   0: 3 0x000107e0 (0x0006a803) x16 0xff800000 mem 0x00010a98
core   0: 0x000107e4 (0x00478793) addi    a5, a5, 4
core   0: 3 0x000107e4 (0x00478793) x15 0x00017f98
core   0: 0x000107e8 (0x00468693) addi    a3, a3, 4
core   0: 3 0x000107e8 (0x00468693) x13 0x00010a9c
core   0: 0x000107ec (0xff07ae23) sw      a6, -4(a5)
core   0: 3 0x000107ec (0xff07ae23) mem 0x00017f94 0xff800000
core   0: 0x000107f0 (0xfec7e8e3) bltu    a5, a2, pc - 16
core   0: 3 0x000107f0 (0xfec7e8e3)
core   0: 0x000107e0 (0x0006a803) lw      a6, 0(a3)
core   0: 3 0x000107e0 (0x0006a803) x16 0x00000000 mem 0x00010a9c
core   0: 0x000107e4 (0x00478793) addi    a5, a5, 4
core   0: 3 0x000107e4 (0x00478793) x15 0x00017f9c
core   0: 0x000107e8 (0x00468693) addi    a3, a3, 4
core   0: 3 0x000107e8 (0x00468693) x13 0x00010aa0
core   0: 0x000107ec (0xff07ae23) sw      a6, -4(a5)
core   0: 3 0x000107ec (0xff07ae23) mem 0x00017f98 0x00000000
core   0: 0x000107f0 (0xfec7e8e3) bltu    a5, a2, pc - 16
core   0: 3 0x000107f0 (0xfec7e8e3)
core   0: 0x000107e0 (0x0006a803) lw      a6, 0(a3)
core   0: 3 0x000107e0 (0x0006a803) x16 0x80000000 mem 0x00010aa0
core   0: 0x000107e4 (0x00478793) addi    a5, a5, 4
core   0: 3 0x000107e4 (0x00478793) x15 0x00017fa0
core   0: 0x000107e8 (0x00468693) addi    a3, a3, 4
core   0: 3 0x000107e8 (0x00468693) x13 0x00010aa4
core   0: 0x000107ec (0xff07ae23) sw      a6, -4(a5)
core   0: 3 0x000107ec (0xff07ae23) mem 0x00017f9c 0x80000000
core   0: 0x000107f0 (0xfec7e8e3) bltu    a5, a2, pc - 16
core   0: 3 0x000107f0 (0xfec7e8e3)
core   0: 0x000107e0 (0x0006a803) lw      a6, 0(a3)
core   0: 3 0x000107e0 (0x0006a803) x16 0x7f800000 mem 0x00010aa4
core   0: 0x000107e4 (0x00478793) addi    a5, a5, 4
core   0: 3 0x000107e4 (0x00478793) x15 0x00017fa4
core   0: 0x000107e8 (0x00468693) addi    a3, a3, 4
core   0: 3 0x000107e8 (0x00468693) x13 0x00010aa8
core   0: 0x000107ec (0xff07ae23) sw      a6, -4(a5)
core   0: 3 0x000107ec (0xff07ae23) mem 0x00017fa0 0x7f800000
core   0: 0x000107f0 (0xfec7e8e3) bltu    a5, a2, pc - 16
core   0: 3 0x000107f0 (0xfec7e8e3)
core   0: 0x000107f4 (0xfff60613) addi    a2, a2, -1
core   0: 3 0x000107f4 (0xfff60613) x12 0x00017fa3
core   0: 0x000107f8 (0x40e60633) sub     a2, a2, a4
core   0: 3 0x000107f8 (0x40e60633) x12 0x00000013
core   0: 0x000107fc (0xffc67613) andi    a2, a2, -4
core   0: 3 0x000107fc (0xffc67613) x12 0x00000010
core   0: 0x00010800 (0x00458593) addi    a1, a1, 4
core   0: 3 0x00010800 (0x00458593) x11 0x00010a98
core   0: 0x00010804 (0x00470713) addi    a4, a4, 4
core   0: 3 0x00010804 (0x00470713) x14 0x00017f94
core   0: 0x00010808 (0x00c585b3) add     a1, a1, a2
core   0: 3 0x00010808 (0x00c585b3) x11 0x00010aa8
core   0: 0x0001080c (0x00c70733) add     a4, a4, a2
core   0: 3 0x0001080c (0x00c70733) x14 0x00017fa4
core   0: 0x00010810 (0x01176863) bltu    a4, a7, pc + 16
core   0: 3 0x00010810 (0x01176863)
core   0: 0x00010814 (0x00008067) ret
core   0: 3 0x00010814 (0x00008067)
core   0: 0x00010598 (0x04810993) addi    s3, sp, 72
core   0: 3 0x00010598 (0x04810993) x19 0x00017fa4
core   0: 0x0001059c (0x00100793) li      a5, 1
core   0: 3 0x0001059c (0x00100793) x15 0x00000001
core   0: 0x000105a0 (0x01400613) li      a2, 20
core   0: 3 0x000105a0 (0x01400613) x12 0x00000014
core   0: 0x000105a4 (0x05c10593) addi    a1, sp, 92
core   0: 3 0x000105a4 (0x05c10593) x11 0x00017fb8
core   0: 0x000105a8 (0x00098513) mv      a0, s3
core   0: 3 0x000105a8 (0x00098513) x10 0x00017fa4
core   0: 0x000105ac (0x04012e23) sw      zero, 92(sp)
core   0: 3 0x000105ac (0x04012e23) mem 0x00017fb8 0x00000000
core   0: 0x000105b0 (0x06012023) sw      zero, 96(sp)
core   0: 3 0x000105b0 (0x06012023) mem 0x00017fbc 0x00000000
core   0: 0x000105b4 (0x06012223) sw      zero, 100(sp)
core   0: 3 0x000105b4 (0x06012223) mem 0x00017fc0 0x00000000
core   0: 0x000105b8 (0x06012423) sw      zero, 104(sp)
core   0: 3 0x000105b8 (0x06012423) mem 0x00017fc4 0x00000000
core   0: 0x000105bc (0x06f12623) sw      a5, 108(sp)
core   0: 3 0x000105bc (0x06f12623) mem 0x00017fc8 0x00000001
core   0: 0x000105c0 (0x1e0000ef) jal     pc + 0x1e0
core   0: 3 0x000105c0 (0x1e0000ef) x1  0x000105c4
core   0: >>>>  $xrv32i2p1_m2p0_f2p2_zicntr2p0_zicsr2p0_zmmul1p0
core   0: 0x000107a0 (0x00a5c7b3) xor     a5, a1, a0
core   0: 3 0x000107a0 (0x00a5c7b3) x15 0x0000001c
core   0: 0x000107a4 (0x0037f793) andi    a5, a5, 3
core   0: 3 0x000107a4 (0x0037f793) x15 0x00000000
core   0: 0x000107a8 (0x00c508b3) add     a7, a0, a2
core   0: 3 0x000107a8 (0x00c508b3) x17 0x00017fb8
core   0: 0x000107ac (0x06079663) bnez    a5, pc + 108
core   0: 3 0x000107ac (0x06079663)
core   0: 0x000107b0 (0x00300793) li      a5, 3
core   0: 3 0x000107b0 (0x00300793) x15 0x00000003
core   0: 0x000107b4 (0x06c7f263) bgeu    a5, a2, pc + 100
core   0: 3 0x000107b4 (0x06c7f263)
core   0: 0x000107b8 (0x00357793) andi    a5, a0, 3
core   0: 3 0x000107b8 (0x00357793) x15 0x00000000
core   0: 0x000107bc (0x00050713) mv      a4, a0
core   0: 3 0x000107bc (0x00050713) x14 0x00017fa4
core   0: 0x000107c0 (0x0c079a63) bnez    a5, pc + 212
core   0: 3 0x000107c0 (0x0c079a63)
core   0: 0x000107c4 (0xffc8f613) andi    a2, a7, -4
core   0: 3 0x000107c4 (0xffc8f613) x12 0x00017fb8
core   0: 0x000107c8 (0x40e606b3) sub     a3, a2, a4
core   0: 3 0x000107c8 (0x40e606b3) x13 0x00000014
core   0: 0x000107cc (0x02000793) li      a5, 32
core   0: 3 0x000107cc (0x02000793) x15 0x00000020
core   0: 0x000107d0 (0x06d7c463) blt     a5, a3, pc + 104
core   0: 3 0x000107d0 (0x06d7c463)
core   0: 0x000107d4 (0x00058693) mv      a3, a1
core   0: 3 0x000107d4 (0x00058693) x13 0x00017fb8
core   0: 0x000107d8 (0x00070793) mv      a5, a4
core   0: 3 0x000107d8 (0x00070793) x15 0x00017fa4
core   0: 0x000107dc (0x02c77a63) bgeu    a4, a2, pc + 52
core   0: 3 0x000107dc (0x02c77a63)
core   0: 0x000107e0 (0x0006a803) lw      a6, 0(a3)
core   0: 3 0x000107e0 (0x0006a803) x16 0x00000000 mem 0x00017fb8
core   0: 0x000107e4 (0x00478793) addi    a5, a5, 4
core   0: 3 0x000107e4 (0x00478793) x15 0x00017fa8
core   0: 0x000107e8 (0x00468693) addi    a3, a3, 4
core   0: 3 0x000107e8 (0x00468693) x13 0x00017fbc
core   0: 0x000107ec (0xff07ae23) sw      a6, -4(a5)
core   0: 3 0x000107ec (0xff07ae23) mem 0x00017fa4 0x00000000
core   0: 0x000107f0 (0xfec7e8e3) bltu    a5, a2, pc - 16
core   0: 3 0x000107f0 (0xfec7e8e3)
core   0: 0x000107e0 (0x0006a803) lw      a6, 0(a3)
core   0: 3 0x000107e0 (0x0006a803) x16 0x00000000 mem 0x00017fbc
core   0: 0x000107e4 (0x00478793) addi    a5, a5, 4
core   0: 3 0x000107e4 (0x00478793) x15 0x00017fac
core   0: 0x000107e8 (0x00468693) addi    a3, a3, 4
core   0: 3 0x000107e8 (0x00468693) x13 0x00017fc0
core   0: 0x000107ec (0xff07ae23) sw      a6, -4(a5)
core   0: 3 0x000107ec (0xff07ae23) mem 0x00017fa8 0x00000000
core   0: 0x000107f0 (0xfec7e8e3) bltu    a5, a2, pc - 16
core   0: 3 0x000107f0 (0xfec7e8e3)
core   0: 0x000107e0 (0x0006a803) lw      a6, 0(a3)
core   0: 3 0x000107e0 (0x0006a803) x16 0x00000000 mem 0x00017fc0
core   0: 0x000107e4 (0x00478793) addi    a5, a5, 4
core   0: 3 0x000107e4 (0x00478793) x15 0x00017fb0
core   0: 0x000107e8 (0x00468693) addi    a3, a3, 4
core   0: 3 0x000107e8 (0x00468693) x13 0x00017fc4
core   0: 0x000107ec (0xff07ae23) sw      a6, -4(a5)
core   0: 3 0x000107ec (0xff07ae23) mem 0x00017fac 0x00000000
core   0: 0x000107f0 (0xfec7e8e3) bltu    a5, a2, pc - 16
core   0: 3 0x000107f0 (0xfec7e8e3)
core   0: 0x000107e0 (0x0006a803) lw      a6, 0(a3)
core   0: 3 0x000107e0 (0x0006a803) x16 0x00000000 mem 0x00017fc4
core   0: 0x000107e4 (0x00478793) addi    a5, a5, 4
core   0: 3 0x000107e4 (0x00478793) x15 0x00017fb4
core   0: 0x000107e8 (0x00468693) addi    a3, a3, 4
core   0: 3 0x000107e8 (0x00468693) x13 0x00017fc8
core   0: 0x000107ec (0xff07ae23) sw      a6, -4(a5)
core   0: 3 0x000107ec (0xff07ae23) mem 0x00017fb0 0x00000000
core   0: 0x000107f0 (0xfec7e8e3) bltu    a5, a2, pc - 16
core   0: 3 0x000107f0 (0xfec7e8e3)
core   0: 0x000107e0 (0x0006a803) lw      a6, 0(a3)
core   0: 3 0x000107e0 (0x0006a803) x16 0x00000001 mem 0x00017fc8
core   0: 0x000107e4 (0x00478793) addi    a5, a5, 4
core   0: 3 0x000107e4 (0x00478793) x15 0x00017fb8
core   0: 0x000107e8 (0x00468693) addi    a3, a3, 4
core   0: 3 0x000107e8 (0x00468693) x13 0x00017fcc
core   0: 0x000107ec (0xff07ae23) sw      a6, -4(a5)
core   0: 3 0x000107ec (0xff07ae23) mem 0x00017fb4 0x00000001
core   0: 0x000107f0 (0xfec7e8e3) bltu    a5, a2, pc - 16
core   0: 3 0x000107f0 (0xfec7e8e3)
core   0: 0x000107f4 (0xfff60613) addi    a2, a2, -1
core   0: 3 0x000107f4 (0xfff60613) x12 0x00017fb7
core   0: 0x000107f8 (0x40e60633) sub     a2, a2, a4
core   0: 3 0x000107f8 (0x40e60633) x12 0x00000013
core   0: 0x000107fc (0xffc67613) andi    a2, a2, -4
core   0: 3 0x000107fc (0xffc67613) x12 0x00000010
core   0: 0x00010800 (0x00458593) addi    a1, a1, 4
core   0: 3 0x00010800 (0x00458593) x11 0x00017fbc
core   0: 0x00010804 (0x00470713) addi    a4, a4, 4
core   0: 3 0x00010804 (0x00470713) x14 0x00017fa8
core   0: 0x00010808 (0x00c585b3) add     a1, a1, a2
core   0: 3 0x00010808 (0x00c585b3) x11 0x00017fcc
core   0: 0x0001080c (0x00c70733) add     a4, a4, a2
core   0: 3 0x0001080c (0x00c70733) x14 0x00017fb8
core   0: 0x00010810 (0x01176863) bltu    a4, a7, pc + 16
core   0: 3 0x00010810 (0x01176863)
core   0: 0x00010814 (0x00008067) ret
core   0: 3 0x00010814 (0x00008067)
core   0: 0x000105c4 (0x00000713) li      a4, 0
core   0: 3 0x000105c4 (0x00000713) x14 0x00000000
core   0: 0x000105c8 (0x00c10913) addi    s2, sp, 12
core   0: 3 0x000105c8 (0x00c10913) x18 0x00017f68
core   0: 0x000105cc (0x00500693) li      a3, 5
core   0: 3 0x000105cc (0x00500693) x13 0x00000005
core   0: 0x000105d0 (0x00271793) slli    a5, a4, 2
core   0: 3 0x000105d0 (0x00271793) x15 0x00000000
core   0: 0x000105d4 (0x00fa0633) add     a2, s4, a5
core   0: 3 0x000105d4 (0x00fa0633) x12 0x00017f7c
core   0: 0x000105d8 (0x00062707) flw     fa4, 0(a2)
core   0: 3 0x000105d8 (0x00062707) f14 0x7f800000 mem 0x00017f7c
core   0: 0x000105dc (0x00f48633) add     a2, s1, a5
core   0: 3 0x000105dc (0x00f48633) x12 0x00017f90
core   0: 0x000105e0 (0x00062787) flw     fa5, 0(a2)
core   0: 3 0x000105e0 (0x00062787) f15 0x7f800000 mem 0x00017f90
core   0: 0x000105e4 (0x012787b3) add     a5, a5, s2
core   0: 3 0x000105e4 (0x012787b3) x15 0x00017f68
core   0: 0x000105e8 (0x00170713) addi    a4, a4, 1
core   0: 3 0x000105e8 (0x00170713) x14 0x00000001
core   0: 0x000105ec (0xa0f71653) flt.s   a2, fa4, fa5
core   0: 3 0x000105ec (0xa0f71653) x12 0x00000000
core   0: 0x000105f0 (0x00c7a023) sw      a2, 0(a5)
core   0: 3 0x000105f0 (0x00c7a023) mem 0x00017f68 0x00000000
core   0: 0x000105f4 (0xfcd71ee3) bne     a4, a3, pc - 36
core   0: 3 0x000105f4 (0xfcd71ee3)
core   0: 0x000105d0 (0x00271793) slli    a5, a4, 2
core   0: 3 0x000105d0 (0x00271793) x15 0x00000004
core   0: 0x000105d4 (0x00fa0633) add     a2, s4, a5
core   0: 3 0x000105d4 (0x00fa0633) x12 0x00017f80
core   0: 0x000105d8 (0x00062707) flw     fa4, 0(a2)
core   0: 3 0x000105d8 (0x00062707) f14 0xff800000 mem 0x00017f80
core   0: 0x000105dc (0x00f48633) add     a2, s1, a5
core   0: 3 0x000105dc (0x00f48633) x12 0x00017f94
core   0: 0x000105e0 (0x00062787) flw     fa5, 0(a2)
core   0: 3 0x000105e0 (0x00062787) f15 0xff800000 mem 0x00017f94
core   0: 0x000105e4 (0x012787b3) add     a5, a5, s2
core   0: 3 0x000105e4 (0x012787b3) x15 0x00017f6c
core   0: 0x000105e8 (0x00170713) addi    a4, a4, 1
core   0: 3 0x000105e8 (0x00170713) x14 0x00000002
core   0: 0x000105ec (0xa0f71653) flt.s   a2, fa4, fa5
core   0: 3 0x000105ec (0xa0f71653) x12 0x00000000
core   0: 0x000105f0 (0x00c7a023) sw      a2, 0(a5)
core   0: 3 0x000105f0 (0x00c7a023) mem 0x00017f6c 0x00000000
core   0: 0x000105f4 (0xfcd71ee3) bne     a4, a3, pc - 36
core   0: 3 0x000105f4 (0xfcd71ee3)
core   0: 0x000105d0 (0x00271793) slli    a5, a4, 2
core   0: 3 0x000105d0 (0x00271793) x15 0x00000008
core   0: 0x000105d4 (0x00fa0633) add     a2, s4, a5
core   0: 3 0x000105d4 (0x00fa0633) x12 0x00017f84
core   0: 0x000105d8 (0x00062707) flw     fa4, 0(a2)
core   0: 3 0x000105d8 (0x00062707) f14 0x80000000 mem 0x00017f84
core   0: 0x000105dc (0x00f48633) add     a2, s1, a5
core   0: 3 0x000105dc (0x00f48633) x12 0x00017f98
core   0: 0x000105e0 (0x00062787) flw     fa5, 0(a2)
core   0: 3 0x000105e0 (0x00062787) f15 0x00000000 mem 0x00017f98
core   0: 0x000105e4 (0x012787b3) add     a5, a5, s2
core   0: 3 0x000105e4 (0x012787b3) x15 0x00017f70
core   0: 0x000105e8 (0x00170713) addi    a4, a4, 1
core   0: 3 0x000105e8 (0x00170713) x14 0x00000003
core   0: 0x000105ec (0xa0f71653) flt.s   a2, fa4, fa5
core   0: 3 0x000105ec (0xa0f71653) x12 0x00000000
core   0: 0x000105f0 (0x00c7a023) sw      a2, 0(a5)
core   0: 3 0x000105f0 (0x00c7a023) mem 0x00017f70 0x00000000
core   0: 0x000105f4 (0xfcd71ee3) bne     a4, a3, pc - 36
core   0: 3 0x000105f4 (0xfcd71ee3)
core   0: 0x000105d0 (0x00271793) slli    a5, a4, 2
core   0: 3 0x000105d0 (0x00271793) x15 0x0000000c
core   0: 0x000105d4 (0x00fa0633) add     a2, s4, a5
core   0: 3 0x000105d4 (0x00fa0633) x12 0x00017f88
core   0: 0x000105d8 (0x00062707) flw     fa4, 0(a2)
core   0: 3 0x000105d8 (0x00062707) f14 0x00000000 mem 0x00017f88
core   0: 0x000105dc (0x00f48633) add     a2, s1, a5
core   0: 3 0x000105dc (0x00f48633) x12 0x00017f9c
core   0: 0x000105e0 (0x00062787) flw     fa5, 0(a2)
core   0: 3 0x000105e0 (0x00062787) f15 0x80000000 mem 0x00017f9c
core   0: 0x000105e4 (0x012787b3) add     a5, a5, s2
core   0: 3 0x000105e4 (0x012787b3) x15 0x00017f74
core   0: 0x000105e8 (0x00170713) addi    a4, a4, 1
core   0: 3 0x000105e8 (0x00170713) x14 0x00000004
core   0: 0x000105ec (0xa0f71653) flt.s   a2, fa4, fa5
core   0: 3 0x000105ec (0xa0f71653) x12 0x00000000
core   0: 0x000105f0 (0x00c7a023) sw      a2, 0(a5)
core   0: 3 0x000105f0 (0x00c7a023) mem 0x00017f74 0x00000000
core   0: 0x000105f4 (0xfcd71ee3) bne     a4, a3, pc - 36
core   0: 3 0x000105f4 (0xfcd71ee3)
core   0: 0x000105d0 (0x00271793) slli    a5, a4, 2
core   0: 3 0x000105d0 (0x00271793) x15 0x00000010
core   0: 0x000105d4 (0x00fa0633) add     a2, s4, a5
core   0: 3 0x000105d4 (0x00fa0633) x12 0x00017f8c
core   0: 0x000105d8 (0x00062707) flw     fa4, 0(a2)
core   0: 3 0x000105d8 (0x00062707) f14 0xff800000 mem 0x00017f8c
core   0: 0x000105dc (0x00f48633) add     a2, s1, a5
core   0: 3 0x000105dc (0x00f48633) x12 0x00017fa0
core   0: 0x000105e0 (0x00062787) flw     fa5, 0(a2)
core   0: 3 0x000105e0 (0x00062787) f15 0x7f800000 mem 0x00017fa0
core   0: 0x000105e4 (0x012787b3) add     a5, a5, s2
core   0: 3 0x000105e4 (0x012787b3) x15 0x00017f78
core   0: 0x000105e8 (0x00170713) addi    a4, a4, 1
core   0: 3 0x000105e8 (0x00170713) x14 0x00000005
core   0: 0x000105ec (0xa0f71653) flt.s   a2, fa4, fa5
core   0: 3 0x000105ec (0xa0f71653) x12 0x00000001
core   0: 0x000105f0 (0x00c7a023) sw      a2, 0(a5)
core   0: 3 0x000105f0 (0x00c7a023) mem 0x00017f78 0x00000001
core   0: 0x000105f4 (0xfcd71ee3) bne     a4, a3, pc - 36
core   0: 3 0x000105f4 (0xfcd71ee3)
core   0: 0x000105f8 (0x000084b7) lui     s1, 0x8
core   0: 3 0x000105f8 (0x000084b7) x9  0x00008000
core   0: 0x000105fc (0x00000413) li      s0, 0
core   0: 3 0x000105fc (0x00000413) x8  0x00000000
core   0: 0x00010600 (0x01048493) addi    s1, s1, 16
core   0: 3 0x00010600 (0x01048493) x9  0x00008010
core   0: 0x00010604 (0x01400a13) li      s4, 20
core   0: 3 0x00010604 (0x01400a13) x20 0x00000014
core   0: 0x00010608 (0x008985b3) add     a1, s3, s0
core   0: 3 0x00010608 (0x008985b3) x11 0x00017fa4
core   0: 0x0001060c (0x00890533) add     a0, s2, s0
core   0: 3 0x0001060c (0x00890533) x10 0x00017f68
core   0: 0x00010610 (0x00400613) li      a2, 4
core   0: 3 0x00010610 (0x00400613) x12 0x00000004
core   0: 0x00010614 (0x118000ef) jal     pc + 0x118
core   0: 3 0x00010614 (0x118000ef) x1  0x00010618
core   0: >>>>  memcmp
core   0: 0x0001072c (0x00300793) li      a5, 3
core   0: 3 0x0001072c (0x00300793) x15 0x00000003
core   0: 0x00010730 (0x02c7f663) bgeu    a5, a2, pc + 44
core   0: 3 0x00010730 (0x02c7f663)
core   0: 0x00010734 (0x00a5e733) or      a4, a1, a0
core   0: 3 0x00010734 (0x00a5e733) x14 0x00017fec
core   0: 0x00010738 (0x00377713) andi    a4, a4, 3
core   0: 3 0x00010738 (0x00377713) x14 0x00000000
core   0: 0x0001073c (0x04071e63) bnez    a4, pc + 92
core   0: 3 0x0001073c (0x04071e63)
core   0: 0x00010740 (0x00052683) lw      a3, 0(a0)
core   0: 3 0x00010740 (0x00052683) x13 0x00000000 mem 0x00017f68
core   0: 0x00010744 (0x0005a703) lw      a4, 0(a1)
core   0: 3 0x00010744 (0x0005a703) x14 0x00000000 mem 0x00017fa4
core   0: 0x00010748 (0x04e69863) bne     a3, a4, pc + 80
core   0: 3 0x00010748 (0x04e69863)
core   0: 0x0001074c (0xffc60613) addi    a2, a2, -4
core   0: 3 0x0001074c (0xffc60613) x12 0x00000000
core   0: 0x00010750 (0x00450513) addi    a0, a0, 4
core   0: 3 0x00010750 (0x00450513) x10 0x00017f6c
core   0: 0x00010754 (0x00458593) addi    a1, a1, 4
core   0: 3 0x00010754 (0x00458593) x11 0x00017fa8
core   0: 0x00010758 (0xfec7e4e3) bltu    a5, a2, pc - 24
core   0: 3 0x00010758 (0xfec7e4e3)
core   0: 0x0001075c (0xfff60693) addi    a3, a2, -1
core   0: 3 0x0001075c (0xfff60693) x13 0xffffffff
core   0: 0x00010760 (0x02060863) beqz    a2, pc + 48
core   0: 3 0x00010760 (0x02060863)
core   0: 0x00010790 (0x00000513) li      a0, 0
core   0: 3 0x00010790 (0x00000513) x10 0x00000000
core   0: 0x00010794 (0x00008067) ret
core   0: 3 0x00010794 (0x00008067)
core   0: 0x00010618 (0x00153513) seqz    a0, a0
core   0: 3 0x00010618 (0x00153513) x10 0x00000001
core   0: 0x0001061c (0x00a48023) sb      a0, 0(s1)
core   0: 3 0x0001061c (0x00a48023) mem 0x00008010 0x01
core   0: 0x00010620 (0x00440413) addi    s0, s0, 4
core   0: 3 0x00010620 (0x00440413) x8  0x00000004
core   0: 0x00010624 (0xff4412e3) bne     s0, s4, pc - 28
core   0: 3 0x00010624 (0xff4412e3)
core   0: 0x00010608 (0x008985b3) add     a1, s3, s0
core   0: 3 0x00010608 (0x008985b3) x11 0x00017fa8
core   0: 0x0001060c (0x00890533) add     a0, s2, s0
core   0: 3 0x0001060c (0x00890533) x10 0x00017f6c
core   0: 0x00010610 (0x00400613) li      a2, 4
core   0: 3 0x00010610 (0x00400613) x12 0x00000004
core   0: 0x00010614 (0x118000ef) jal     pc + 0x118
core   0: 3 0x00010614 (0x118000ef) x1  0x00010618
core   0: >>>>  memcmp
core   0: 0x0001072c (0x00300793) li      a5, 3
core   0: 3 0x0001072c (0x00300793) x15 0x00000003
core   0: 0x00010730 (0x02c7f663) bgeu    a5, a2, pc + 44
core   0: 3 0x00010730 (0x02c7f663)
core   0: 0x00010734 (0x00a5e733) or      a4, a1, a0
core   0: 3 0x00010734 (0x00a5e733) x14 0x00017fec
core   0: 0x00010738 (0x00377713) andi    a4, a4, 3
core   0: 3 0x00010738 (0x00377713) x14 0x00000000
core   0: 0x0001073c (0x04071e63) bnez    a4, pc + 92
core   0: 3 0x0001073c (0x04071e63)
core   0: 0x00010740 (0x00052683) lw      a3, 0(a0)
core   0: 3 0x00010740 (0x00052683) x13 0x00000000 mem 0x00017f6c
core   0: 0x00010744 (0x0005a703) lw      a4, 0(a1)
core   0: 3 0x00010744 (0x0005a703) x14 0x00000000 mem 0x00017fa8
core   0: 0x00010748 (0x04e69863) bne     a3, a4, pc + 80
core   0: 3 0x00010748 (0x04e69863)
core   0: 0x0001074c (0xffc60613) addi    a2, a2, -4
core   0: 3 0x0001074c (0xffc60613) x12 0x00000000
core   0: 0x00010750 (0x00450513) addi    a0, a0, 4
core   0: 3 0x00010750 (0x00450513) x10 0x00017f70
core   0: 0x00010754 (0x00458593) addi    a1, a1, 4
core   0: 3 0x00010754 (0x00458593) x11 0x00017fac
core   0: 0x00010758 (0xfec7e4e3) bltu    a5, a2, pc - 24
core   0: 3 0x00010758 (0xfec7e4e3)
core   0: 0x0001075c (0xfff60693) addi    a3, a2, -1
core   0: 3 0x0001075c (0xfff60693) x13 0xffffffff
core   0: 0x00010760 (0x02060863) beqz    a2, pc + 48
core   0: 3 0x00010760 (0x02060863)
core   0: 0x00010790 (0x00000513) li      a0, 0
core   0: 3 0x00010790 (0x00000513) x10 0x00000000
core   0: 0x00010794 (0x00008067) ret
core   0: 3 0x00010794 (0x00008067)
core   0: 0x00010618 (0x00153513) seqz    a0, a0
core   0: 3 0x00010618 (0x00153513) x10 0x00000001
core   0: 0x0001061c (0x00a48023) sb      a0, 0(s1)
core   0: 3 0x0001061c (0x00a48023) mem 0x00008010 0x01
core   0: 0x00010620 (0x00440413) addi    s0, s0, 4
core   0: 3 0x00010620 (0x00440413) x8  0x00000008
core   0: 0x00010624 (0xff4412e3) bne     s0, s4, pc - 28
core   0: 3 0x00010624 (0xff4412e3)
core   0: 0x00010608 (0x008985b3) add     a1, s3, s0
core   0: 3 0x00010608 (0x008985b3) x11 0x00017fac
core   0: 0x0001060c (0x00890533) add     a0, s2, s0
core   0: 3 0x0001060c (0x00890533) x10 0x00017f70
core   0: 0x00010610 (0x00400613) li      a2, 4
core   0: 3 0x00010610 (0x00400613) x12 0x00000004
core   0: 0x00010614 (0x118000ef) jal     pc + 0x118
core   0: 3 0x00010614 (0x118000ef) x1  0x00010618
core   0: >>>>  memcmp
core   0: 0x0001072c (0x00300793) li      a5, 3
core   0: 3 0x0001072c (0x00300793) x15 0x00000003
core   0: 0x00010730 (0x02c7f663) bgeu    a5, a2, pc + 44
core   0: 3 0x00010730 (0x02c7f663)
core   0: 0x00010734 (0x00a5e733) or      a4, a1, a0
core   0: 3 0x00010734 (0x00a5e733) x14 0x00017ffc
core   0: 0x00010738 (0x00377713) andi    a4, a4, 3
core   0: 3 0x00010738 (0x00377713) x14 0x00000000
core   0: 0x0001073c (0x04071e63) bnez    a4, pc + 92
core   0: 3 0x0001073c (0x04071e63)
core   0: 0x00010740 (0x00052683) lw      a3, 0(a0)
core   0: 3 0x00010740 (0x00052683) x13 0x00000000 mem 0x00017f70
core   0: 0x00010744 (0x0005a703) lw      a4, 0(a1)
core   0: 3 0x00010744 (0x0005a703) x14 0x00000000 mem 0x00017fac
core   0: 0x00010748 (0x04e69863) bne     a3, a4, pc + 80
core   0: 3 0x00010748 (0x04e69863)
core   0: 0x0001074c (0xffc60613) addi    a2, a2, -4
core   0: 3 0x0001074c (0xffc60613) x12 0x00000000
core   0: 0x00010750 (0x00450513) addi    a0, a0, 4
core   0: 3 0x00010750 (0x00450513) x10 0x00017f74
core   0: 0x00010754 (0x00458593) addi    a1, a1, 4
core   0: 3 0x00010754 (0x00458593) x11 0x00017fb0
core   0: 0x00010758 (0xfec7e4e3) bltu    a5, a2, pc - 24
core   0: 3 0x00010758 (0xfec7e4e3)
core   0: 0x0001075c (0xfff60693) addi    a3, a2, -1
core   0: 3 0x0001075c (0xfff60693) x13 0xffffffff
core   0: 0x00010760 (0x02060863) beqz    a2, pc + 48
core   0: 3 0x00010760 (0x02060863)
core   0: 0x00010790 (0x00000513) li      a0, 0
core   0: 3 0x00010790 (0x00000513) x10 0x00000000
core   0: 0x00010794 (0x00008067) ret
core   0: 3 0x00010794 (0x00008067)
core   0: 0x00010618 (0x00153513) seqz    a0, a0
core   0: 3 0x00010618 (0x00153513) x10 0x00000001
core   0: 0x0001061c (0x00a48023) sb      a0, 0(s1)
core   0: 3 0x0001061c (0x00a48023) mem 0x00008010 0x01
core   0: 0x00010620 (0x00440413) addi    s0, s0, 4
core   0: 3 0x00010620 (0x00440413) x8  0x0000000c
core   0: 0x00010624 (0xff4412e3) bne     s0, s4, pc - 28
core   0: 3 0x00010624 (0xff4412e3)
core   0: 0x00010608 (0x008985b3) add     a1, s3, s0
core   0: 3 0x00010608 (0x008985b3) x11 0x00017fb0
core   0: 0x0001060c (0x00890533) add     a0, s2, s0
core   0: 3 0x0001060c (0x00890533) x10 0x00017f74
core   0: 0x00010610 (0x00400613) li      a2, 4
core   0: 3 0x00010610 (0x00400613) x12 0x00000004
core   0: 0x00010614 (0x118000ef) jal     pc + 0x118
core   0: 3 0x00010614 (0x118000ef) x1  0x00010618
core   0: >>>>  memcmp
core   0: 0x0001072c (0x00300793) li      a5, 3
core   0: 3 0x0001072c (0x00300793) x15 0x00000003
core   0: 0x00010730 (0x02c7f663) bgeu    a5, a2, pc + 44
core   0: 3 0x00010730 (0x02c7f663)
core   0: 0x00010734 (0x00a5e733) or      a4, a1, a0
core   0: 3 0x00010734 (0x00a5e733) x14 0x00017ff4
core   0: 0x00010738 (0x00377713) andi    a4, a4, 3
core   0: 3 0x00010738 (0x00377713) x14 0x00000000
core   0: 0x0001073c (0x04071e63) bnez    a4, pc + 92
core   0: 3 0x0001073c (0x04071e63)
core   0: 0x00010740 (0x00052683) lw      a3, 0(a0)
core   0: 3 0x00010740 (0x00052683) x13 0x00000000 mem 0x00017f74
core   0: 0x00010744 (0x0005a703) lw      a4, 0(a1)
core   0: 3 0x00010744 (0x0005a703) x14 0x00000000 mem 0x00017fb0
core   0: 0x00010748 (0x04e69863) bne     a3, a4, pc + 80
core   0: 3 0x00010748 (0x04e69863)
core   0: 0x0001074c (0xffc60613) addi    a2, a2, -4
core   0: 3 0x0001074c (0xffc60613) x12 0x00000000
core   0: 0x00010750 (0x00450513) addi    a0, a0, 4
core   0: 3 0x00010750 (0x00450513) x10 0x00017f78
core   0: 0x00010754 (0x00458593) addi    a1, a1, 4
core   0: 3 0x00010754 (0x00458593) x11 0x00017fb4
core   0: 0x00010758 (0xfec7e4e3) bltu    a5, a2, pc - 24
core   0: 3 0x00010758 (0xfec7e4e3)
core   0: 0x0001075c (0xfff60693) addi    a3, a2, -1
core   0: 3 0x0001075c (0xfff60693) x13 0xffffffff
core   0: 0x00010760 (0x02060863) beqz    a2, pc + 48
core   0: 3 0x00010760 (0x02060863)
core   0: 0x00010790 (0x00000513) li      a0, 0
core   0: 3 0x00010790 (0x00000513) x10 0x00000000
core   0: 0x00010794 (0x00008067) ret
core   0: 3 0x00010794 (0x00008067)
core   0: 0x00010618 (0x00153513) seqz    a0, a0
core   0: 3 0x00010618 (0x00153513) x10 0x00000001
core   0: 0x0001061c (0x00a48023) sb      a0, 0(s1)
core   0: 3 0x0001061c (0x00a48023) mem 0x00008010 0x01
core   0: 0x00010620 (0x00440413) addi    s0, s0, 4
core   0: 3 0x00010620 (0x00440413) x8  0x00000010
core   0: 0x00010624 (0xff4412e3) bne     s0, s4, pc - 28
core   0: 3 0x00010624 (0xff4412e3)
core   0: 0x00010608 (0x008985b3) add     a1, s3, s0
core   0: 3 0x00010608 (0x008985b3) x11 0x00017fb4
core   0: 0x0001060c (0x00890533) add     a0, s2, s0
core   0: 3 0x0001060c (0x00890533) x10 0x00017f78
core   0: 0x00010610 (0x00400613) li      a2, 4
core   0: 3 0x00010610 (0x00400613) x12 0x00000004
core   0: 0x00010614 (0x118000ef) jal     pc + 0x118
core   0: 3 0x00010614 (0x118000ef) x1  0x00010618
core   0: >>>>  memcmp
core   0: 0x0001072c (0x00300793) li      a5, 3
core   0: 3 0x0001072c (0x00300793) x15 0x00000003
core   0: 0x00010730 (0x02c7f663) bgeu    a5, a2, pc + 44
core   0: 3 0x00010730 (0x02c7f663)
core   0: 0x00010734 (0x00a5e733) or      a4, a1, a0
core   0: 3 0x00010734 (0x00a5e733) x14 0x00017ffc
core   0: 0x00010738 (0x00377713) andi    a4, a4, 3
core   0: 3 0x00010738 (0x00377713) x14 0x00000000
core   0: 0x0001073c (0x04071e63) bnez    a4, pc + 92
core   0: 3 0x0001073c (0x04071e63)
core   0: 0x00010740 (0x00052683) lw      a3, 0(a0)
core   0: 3 0x00010740 (0x00052683) x13 0x00000001 mem 0x00017f78
core   0: 0x00010744 (0x0005a703) lw      a4, 0(a1)
core   0: 3 0x00010744 (0x0005a703) x14 0x00000001 mem 0x00017fb4
core   0: 0x00010748 (0x04e69863) bne     a3, a4, pc + 80
core   0: 3 0x00010748 (0x04e69863)
core   0: 0x0001074c (0xffc60613) addi    a2, a2, -4
core   0: 3 0x0001074c (0xffc60613) x12 0x00000000
core   0: 0x00010750 (0x00450513) addi    a0, a0, 4
core   0: 3 0x00010750 (0x00450513) x10 0x00017f7c
core   0: 0x00010754 (0x00458593) addi    a1, a1, 4
core   0: 3 0x00010754 (0x00458593) x11 0x00017fb8
core   0: 0x00010758 (0xfec7e4e3) bltu    a5, a2, pc - 24
core   0: 3 0x00010758 (0xfec7e4e3)
core   0: 0x0001075c (0xfff60693) addi    a3, a2, -1
core   0: 3 0x0001075c (0xfff60693) x13 0xffffffff
core   0: 0x00010760 (0x02060863) beqz    a2, pc + 48
core   0: 3 0x00010760 (0x02060863)
core   0: 0x00010790 (0x00000513) li      a0, 0
core   0: 3 0x00010790 (0x00000513) x10 0x00000000
core   0: 0x00010794 (0x00008067) ret
core   0: 3 0x00010794 (0x00008067)
core   0: 0x00010618 (0x00153513) seqz    a0, a0
core   0: 3 0x00010618 (0x00153513) x10 0x00000001
core   0: 0x0001061c (0x00a48023) sb      a0, 0(s1)
core   0: 3 0x0001061c (0x00a48023) mem 0x00008010 0x01
core   0: 0x00010620 (0x00440413) addi    s0, s0, 4
core   0: 3 0x00010620 (0x00440413) x8  0x00000014
core   0: 0x00010624 (0xff4412e3) bne     s0, s4, pc - 28
core   0: 3 0x00010624 (0xff4412e3)
core   0: 0x00010628 (0x08c12083) lw      ra, 140(sp)
core   0: 3 0x00010628 (0x08c12083) x1  0x000100c4 mem 0x00017fe8
core   0: 0x0001062c (0x08812403) lw      s0, 136(sp)
core   0: 3 0x0001062c (0x08812403) x8  0x00017000 mem 0x00017fe4
core   0: 0x00010630 (0x08412483) lw      s1, 132(sp)
core   0: 3 0x00010630 (0x08412483) x9  0x0000000a mem 0x00017fe0
core   0: 0x00010634 (0x08012903) lw      s2, 128(sp)
core   0: 3 0x00010634 (0x08012903) x18 0x00000000 mem 0x00017fdc
core   0: 0x00010638 (0x07c12983) lw      s3, 124(sp)
core   0: 3 0x00010638 (0x07c12983) x19 0x00000000 mem 0x00017fd8
core   0: 0x0001063c (0x07812a03) lw      s4, 120(sp)
core   0: 3 0x0001063c (0x07812a03) x20 0x00000000 mem 0x00017fd4
core   0: 0x00010640 (0x09010113) addi    sp, sp, 144
core   0: 3 0x00010640 (0x09010113) x2  0x00017fec
core   0: 0x00010644 (0x00008067) ret
core   0: 3 0x00010644 (0x00008067)
core   0: 0x000100c4 (0x00042783) lw      a5, 0(s0)
core   0: 3 0x000100c4 (0x00042783) x15 0x00008010 mem 0x00017000
core   0: 0x000100c8 (0x04b00713) li      a4, 75
core   0: 3 0x000100c8 (0x04b00713) x14 0x0000004b
core   0: 0x000100cc (0x00e78023) sb      a4, 0(a5)
core   0: 3 0x000100cc (0x00e78023) mem 0x00008010 0x4b
core   0: 0x000100d0 (0x00042783) lw      a5, 0(s0)
core   0: 3 0x000100d0 (0x00042783) x15 0x00008010 mem 0x00017000
core   0: 0x000100d4 (0x00978023) sb      s1, 0(a5)
core   0: 3 0x000100d4 (0x00978023) mem 0x00008010 0x0a
core   0: 0x000100d8 (0x570000ef) jal     pc + 0x570
core   0: 3 0x000100d8 (0x570000ef) x1  0x000100dc
core   0: >>>>  lte
core   0: 0x00010648 (0xfa010113) addi    sp, sp, -96
core   0: 3 0x00010648 (0xfa010113) x2  0x00017f8c
core   0: 0x0001064c (0x04812c23) sw      s0, 88(sp)
core   0: 3 0x0001064c (0x04812c23) mem 0x00017fe4 0x00017000
core   0: 0x00010650 (0x00011437) lui     s0, 0x11
core   0: 3 0x00010650 (0x00011437) x8  0x00011000
core   0: 0x00010654 (0x8c840413) addi    s0, s0, -1848
core   0: 3 0x00010654 (0x8c840413) x8  0x000108c8
core   0: 0x00010658 (0x05412423) sw      s4, 72(sp)
core   0: 3 0x00010658 (0x05412423) mem 0x00017fd4 0x00000000
core   0: 0x0001065c (0x01010a13) addi    s4, sp, 16
core   0: 3 0x0001065c (0x01010a13) x20 0x00017f9c
core   0: 0x00010660 (0x01000613) li      a2, 16
core   0: 3 0x00010660 (0x01000613) x12 0x00000010
core   0: 0x00010664 (0x1e040593) addi    a1, s0, 480
core   0: 3 0x00010664 (0x1e040593) x11 0x00010aa8
core   0: 0x00010668 (0x000a0513) mv      a0, s4
core   0: 3 0x00010668 (0x000a0513) x10 0x00017f9c
core   0: 0x0001066c (0x04112e23) sw      ra, 92(sp)
core   0: 3 0x0001066c (0x04112e23) mem 0x00017fe8 0x000100dc
core   0: 0x00010670 (0x04912a23) sw      s1, 84(sp)
core   0: 3 0x00010670 (0x04912a23) mem 0x00017fe0 0x0000000a
core   0: 0x00010674 (0x05212823) sw      s2, 80(sp)
core   0: 3 0x00010674 (0x05212823) mem 0x00017fdc 0x00000000
core   0: 0x00010678 (0x05312623) sw      s3, 76(sp)
core   0: 3 0x00010678 (0x05312623) mem 0x00017fd8 0x00000000
core   0: 0x0001067c (0x02010493) addi    s1, sp, 32
core   0: 3 0x0001067c (0x02010493) x9  0x00017fac
core   0: 0x00010680 (0x120000ef) jal     pc + 0x120
core   0: 3 0x00010680 (0x120000ef) x1  0x00010684
core   0: >>>>  $xrv32i2p1_m2p0_f2p2_zicntr2p0_zicsr2p0_zmmul1p0
core   0: 0x000107a0 (0x00a5c7b3) xor     a5, a1, a0
core   0: 3 0x000107a0 (0x00a5c7b3) x15 0x00007534
core   0: 0x000107a4 (0x0037f793) andi    a5, a5, 3
core   0: 3 0x000107a4 (0x0037f793) x15 0x00000000
core   0: 0x000107a8 (0x00c508b3) add     a7, a0, a2
core   0: 3 0x000107a8 (0x00c508b3) x17 0x00017fac
core   0: 0x000107ac (0x06079663) bnez    a5, pc + 108
core   0: 3 0x000107ac (0x06079663)
core   0: 0x000107b0 (0x00300793) li      a5, 3
core   0: 3 0x000107b0 (0x00300793) x15 0x00000003
core   0: 0x000107b4 (0x06c7f263) bgeu    a5, a2, pc + 100
core   0: 3 0x000107b4 (0x06c7f263)
core   0: 0x000107b8 (0x00357793) andi    a5, a0, 3
core   0: 3 0x000107b8 (0x00357793) x15 0x00000000
core   0: 0x000107bc (0x00050713) mv      a4, a0
core   0: 3 0x000107bc (0x00050713) x14 0x00017f9c
core   0: 0x000107c0 (0x0c079a63) bnez    a5, pc + 212
core   0: 3 0x000107c0 (0x0c079a63)
core   0: 0x000107c4 (0xffc8f613) andi    a2, a7, -4
core   0: 3 0x000107c4 (0xffc8f613) x12 0x00017fac
core   0: 0x000107c8 (0x40e606b3) sub     a3, a2, a4
core   0: 3 0x000107c8 (0x40e606b3) x13 0x00000010
core   0: 0x000107cc (0x02000793) li      a5, 32
core   0: 3 0x000107cc (0x02000793) x15 0x00000020
core   0: 0x000107d0 (0x06d7c463) blt     a5, a3, pc + 104
core   0: 3 0x000107d0 (0x06d7c463)
core   0: 0x000107d4 (0x00058693) mv      a3, a1
core   0: 3 0x000107d4 (0x00058693) x13 0x00010aa8
core   0: 0x000107d8 (0x00070793) mv      a5, a4
core   0: 3 0x000107d8 (0x00070793) x15 0x00017f9c
core   0: 0x000107dc (0x02c77a63) bgeu    a4, a2, pc + 52
core   0: 3 0x000107dc (0x02c77a63)
core   0: 0x000107e0 (0x0006a803) lw      a6, 0(a3)
core   0: 3 0x000107e0 (0x0006a803) x16 0x7f800000 mem 0x00010aa8
core   0: 0x000107e4 (0x00478793) addi    a5, a5, 4
core   0: 3 0x000107e4 (0x00478793) x15 0x00017fa0
core   0: 0x000107e8 (0x00468693) addi    a3, a3, 4
core   0: 3 0x000107e8 (0x00468693) x13 0x00010aac
core   0: 0x000107ec (0xff07ae23) sw      a6, -4(a5)
core   0: 3 0x000107ec (0xff07ae23) mem 0x00017f9c 0x7f800000
core   0: 0x000107f0 (0xfec7e8e3) bltu    a5, a2, pc - 16
core   0: 3 0x000107f0 (0xfec7e8e3)
core   0: 0x000107e0 (0x0006a803) lw      a6, 0(a3)
core   0: 3 0x000107e0 (0x0006a803) x16 0xff800000 mem 0x00010aac
core   0: 0x000107e4 (0x00478793) addi    a5, a5, 4
core   0: 3 0x000107e4 (0x00478793) x15 0x00017fa4
core   0: 0x000107e8 (0x00468693) addi    a3, a3, 4
core   0: 3 0x000107e8 (0x00468693) x13 0x00010ab0
core   0: 0x000107ec (0xff07ae23) sw      a6, -4(a5)
core   0: 3 0x000107ec (0xff07ae23) mem 0x00017fa0 0xff800000
core   0: 0x000107f0 (0xfec7e8e3) bltu    a5, a2, pc - 16
core   0: 3 0x000107f0 (0xfec7e8e3)
core   0: 0x000107e0 (0x0006a803) lw      a6, 0(a3)
core   0: 3 0x000107e0 (0x0006a803) x16 0x80000000 mem 0x00010ab0
core   0: 0x000107e4 (0x00478793) addi    a5, a5, 4
core   0: 3 0x000107e4 (0x00478793) x15 0x00017fa8
core   0: 0x000107e8 (0x00468693) addi    a3, a3, 4
core   0: 3 0x000107e8 (0x00468693) x13 0x00010ab4
core   0: 0x000107ec (0xff07ae23) sw      a6, -4(a5)
core   0: 3 0x000107ec (0xff07ae23) mem 0x00017fa4 0x80000000
core   0: 0x000107f0 (0xfec7e8e3) bltu    a5, a2, pc - 16
core   0: 3 0x000107f0 (0xfec7e8e3)
core   0: 0x000107e0 (0x0006a803) lw      a6, 0(a3)
core   0: 3 0x000107e0 (0x0006a803) x16 0x00000000 mem 0x00010ab4
core   0: 0x000107e4 (0x00478793) addi    a5, a5, 4
core   0: 3 0x000107e4 (0x00478793) x15 0x00017fac
core   0: 0x000107e8 (0x00468693) addi    a3, a3, 4
core   0: 3 0x000107e8 (0x00468693) x13 0x00010ab8
core   0: 0x000107ec (0xff07ae23) sw      a6, -4(a5)
core   0: 3 0x000107ec (0xff07ae23) mem 0x00017fa8 0x00000000
core   0: 0x000107f0 (0xfec7e8e3) bltu    a5, a2, pc - 16
core   0: 3 0x000107f0 (0xfec7e8e3)
core   0: 0x000107f4 (0xfff60613) addi    a2, a2, -1
core   0: 3 0x000107f4 (0xfff60613) x12 0x00017fab
core   0: 0x000107f8 (0x40e60633) sub     a2, a2, a4
core   0: 3 0x000107f8 (0x40e60633) x12 0x0000000f
core   0: 0x000107fc (0xffc67613) andi    a2, a2, -4
core   0: 3 0x000107fc (0xffc67613) x12 0x0000000c
core   0: 0x00010800 (0x00458593) addi    a1, a1, 4
core   0: 3 0x00010800 (0x00458593) x11 0x00010aac
core   0: 0x00010804 (0x00470713) addi    a4, a4, 4
core   0: 3 0x00010804 (0x00470713) x14 0x00017fa0
core   0: 0x00010808 (0x00c585b3) add     a1, a1, a2
core   0: 3 0x00010808 (0x00c585b3) x11 0x00010ab8
core   0: 0x0001080c (0x00c70733) add     a4, a4, a2
core   0: 3 0x0001080c (0x00c70733) x14 0x00017fac
core   0: 0x00010810 (0x01176863) bltu    a4, a7, pc + 16
core   0: 3 0x00010810 (0x01176863)
core   0: 0x00010814 (0x00008067) ret
core   0: 3 0x00010814 (0x00008067)
core   0: 0x00010684 (0x01000613) li      a2, 16
core   0: 3 0x00010684 (0x01000613) x12 0x00000010
core   0: 0x00010688 (0x1f040593) addi    a1, s0, 496
core   0: 3 0x00010688 (0x1f040593) x11 0x00010ab8
core   0: 0x0001068c (0x00048513) mv      a0, s1
core   0: 3 0x0001068c (0x00048513) x10 0x00017fac
core   0: 0x00010690 (0x110000ef) jal     pc + 0x110
core   0: 3 0x00010690 (0x110000ef) x1  0x00010694
core   0: >>>>  $xrv32i2p1_m2p0_f2p2_zicntr2p0_zicsr2p0_zmmul1p0
core   0: 0x000107a0 (0x00a5c7b3) xor     a5, a1, a0
core   0: 3 0x000107a0 (0x00a5c7b3) x15 0x00007514
core   0: 0x000107a4 (0x0037f793) andi    a5, a5, 3
core   0: 3 0x000107a4 (0x0037f793) x15 0x00000000
core   0: 0x000107a8 (0x00c508b3) add     a7, a0, a2
core   0: 3 0x000107a8 (0x00c508b3) x17 0x00017fbc
core   0: 0x000107ac (0x06079663) bnez    a5, pc + 108
core   0: 3 0x000107ac (0x06079663)
core   0: 0x000107b0 (0x00300793) li      a5, 3
core   0: 3 0x000107b0 (0x00300793) x15 0x00000003
core   0: 0x000107b4 (0x06c7f263) bgeu    a5, a2, pc + 100
core   0: 3 0x000107b4 (0x06c7f263)
core   0: 0x000107b8 (0x00357793) andi    a5, a0, 3
core   0: 3 0x000107b8 (0x00357793) x15 0x00000000
core   0: 0x000107bc (0x00050713) mv      a4, a0
core   0: 3 0x000107bc (0x00050713) x14 0x00017fac
core   0: 0x000107c0 (0x0c079a63) bnez    a5, pc + 212
core   0: 3 0x000107c0 (0x0c079a63)
core   0: 0x000107c4 (0xffc8f613) andi    a2, a7, -4
core   0: 3 0x000107c4 (0xffc8f613) x12 0x00017fbc
core   0: 0x000107c8 (0x40e606b3) sub     a3, a2, a4
core   0: 3 0x000107c8 (0x40e606b3) x13 0x00000010
core   0: 0x000107cc (0x02000793) li      a5, 32
core   0: 3 0x000107cc (0x02000793) x15 0x00000020
core   0: 0x000107d0 (0x06d7c463) blt     a5, a3, pc + 104
core   0: 3 0x000107d0 (0x06d7c463)
core   0: 0x000107d4 (0x00058693) mv      a3, a1
core   0: 3 0x000107d4 (0x00058693) x13 0x00010ab8
core   0: 0x000107d8 (0x00070793) mv      a5, a4
core   0: 3 0x000107d8 (0x00070793) x15 0x00017fac
core   0: 0x000107dc (0x02c77a63) bgeu    a4, a2, pc + 52
core   0: 3 0x000107dc (0x02c77a63)
core   0: 0x000107e0 (0x0006a803) lw      a6, 0(a3)
core   0: 3 0x000107e0 (0x0006a803) x16 0x7f800000 mem 0x00010ab8
core   0: 0x000107e4 (0x00478793) addi    a5, a5, 4
core   0: 3 0x000107e4 (0x00478793) x15 0x00017fb0
core   0: 0x000107e8 (0x00468693) addi    a3, a3, 4
core   0: 3 0x000107e8 (0x00468693) x13 0x00010abc
core   0: 0x000107ec (0xff07ae23) sw      a6, -4(a5)
core   0: 3 0x000107ec (0xff07ae23) mem 0x00017fac 0x7f800000
core   0: 0x000107f0 (0xfec7e8e3) bltu    a5, a2, pc - 16
core   0: 3 0x000107f0 (0xfec7e8e3)
core   0: 0x000107e0 (0x0006a803) lw      a6, 0(a3)
core   0: 3 0x000107e0 (0x0006a803) x16 0xff800000 mem 0x00010abc
core   0: 0x000107e4 (0x00478793) addi    a5, a5, 4
core   0: 3 0x000107e4 (0x00478793) x15 0x00017fb4
core   0: 0x000107e8 (0x00468693) addi    a3, a3, 4
core   0: 3 0x000107e8 (0x00468693) x13 0x00010ac0
core   0: 0x000107ec (0xff07ae23) sw      a6, -4(a5)
core   0: 3 0x000107ec (0xff07ae23) mem 0x00017fb0 0xff800000
core   0: 0x000107f0 (0xfec7e8e3) bltu    a5, a2, pc - 16
core   0: 3 0x000107f0 (0xfec7e8e3)
core   0: 0x000107e0 (0x0006a803) lw      a6, 0(a3)
core   0: 3 0x000107e0 (0x0006a803) x16 0x00000000 mem 0x00010ac0
core   0: 0x000107e4 (0x00478793) addi    a5, a5, 4
core   0: 3 0x000107e4 (0x00478793) x15 0x00017fb8
core   0: 0x000107e8 (0x00468693) addi    a3, a3, 4
core   0: 3 0x000107e8 (0x00468693) x13 0x00010ac4
core   0: 0x000107ec (0xff07ae23) sw      a6, -4(a5)
core   0: 3 0x000107ec (0xff07ae23) mem 0x00017fb4 0x00000000
core   0: 0x000107f0 (0xfec7e8e3) bltu    a5, a2, pc - 16
core   0: 3 0x000107f0 (0xfec7e8e3)
core   0: 0x000107e0 (0x0006a803) lw      a6, 0(a3)
core   0: 3 0x000107e0 (0x0006a803) x16 0x80000000 mem 0x00010ac4
core   0: 0x000107e4 (0x00478793) addi    a5, a5, 4
core   0: 3 0x000107e4 (0x00478793) x15 0x00017fbc
core   0: 0x000107e8 (0x00468693) addi    a3, a3, 4
core   0: 3 0x000107e8 (0x00468693) x13 0x00010ac8
core   0: 0x000107ec (0xff07ae23) sw      a6, -4(a5)
core   0: 3 0x000107ec (0xff07ae23) mem 0x00017fb8 0x80000000
core   0: 0x000107f0 (0xfec7e8e3) bltu    a5, a2, pc - 16
core   0: 3 0x000107f0 (0xfec7e8e3)
core   0: 0x000107f4 (0xfff60613) addi    a2, a2, -1
core   0: 3 0x000107f4 (0xfff60613) x12 0x00017fbb
core   0: 0x000107f8 (0x40e60633) sub     a2, a2, a4
core   0: 3 0x000107f8 (0x40e60633) x12 0x0000000f
core   0: 0x000107fc (0xffc67613) andi    a2, a2, -4
core   0: 3 0x000107fc (0xffc67613) x12 0x0000000c
core   0: 0x00010800 (0x00458593) addi    a1, a1, 4
core   0: 3 0x00010800 (0x00458593) x11 0x00010abc
core   0: 0x00010804 (0x00470713) addi    a4, a4, 4
core   0: 3 0x00010804 (0x00470713) x14 0x00017fb0
core   0: 0x00010808 (0x00c585b3) add     a1, a1, a2
core   0: 3 0x00010808 (0x00c585b3) x11 0x00010ac8
core   0: 0x0001080c (0x00c70733) add     a4, a4, a2
core   0: 3 0x0001080c (0x00c70733) x14 0x00017fbc
core   0: 0x00010810 (0x01176863) bltu    a4, a7, pc + 16
core   0: 3 0x00010810 (0x01176863)
core   0: 0x00010814 (0x00008067) ret
core   0: 3 0x00010814 (0x00008067)
core   0: 0x00010694 (0x03010993) addi    s3, sp, 48
core   0: 3 0x00010694 (0x03010993) x19 0x00017fbc
core   0: 0x00010698 (0x01000613) li      a2, 16
core   0: 3 0x00010698 (0x01000613) x12 0x00000010
core   0: 0x0001069c (0x20040593) addi    a1, s0, 512
core   0: 3 0x0001069c (0x20040593) x11 0x00010ac8
core   0: 0x000106a0 (0x00098513) mv      a0, s3
core   0: 3 0x000106a0 (0x00098513) x10 0x00017fbc
core   0: 0x000106a4 (0x0fc000ef) jal     pc + 0xfc
core   0: 3 0x000106a4 (0x0fc000ef) x1  0x000106a8
core   0: >>>>  $xrv32i2p1_m2p0_f2p2_zicntr2p0_zicsr2p0_zmmul1p0
core   0: 0x000107a0 (0x00a5c7b3) xor     a5, a1, a0
core   0: 3 0x000107a0 (0x00a5c7b3) x15 0x00007574
core   0: 0x000107a4 (0x0037f793) andi    a5, a5, 3
core   0: 3 0x000107a4 (0x0037f793) x15 0x00000000
core   0: 0x000107a8 (0x00c508b3) add     a7, a0, a2
core   0: 3 0x000107a8 (0x00c508b3) x17 0x00017fcc
core   0: 0x000107ac (0x06079663) bnez    a5, pc + 108
core   0: 3 0x000107ac (0x06079663)
core   0: 0x000107b0 (0x00300793) li      a5, 3
core   0: 3 0x000107b0 (0x00300793) x15 0x00000003
core   0: 0x000107b4 (0x06c7f263) bgeu    a5, a2, pc + 100
core   0: 3 0x000107b4 (0x06c7f263)
core   0: 0x000107b8 (0x00357793) andi    a5, a0, 3
core   0: 3 0x000107b8 (0x00357793) x15 0x00000000
core   0: 0x000107bc (0x00050713) mv      a4, a0
core   0: 3 0x000107bc (0x00050713) x14 0x00017fbc
core   0: 0x000107c0 (0x0c079a63) bnez    a5, pc + 212
core   0: 3 0x000107c0 (0x0c079a63)
core   0: 0x000107c4 (0xffc8f613) andi    a2, a7, -4
core   0: 3 0x000107c4 (0xffc8f613) x12 0x00017fcc
core   0: 0x000107c8 (0x40e606b3) sub     a3, a2, a4
core   0: 3 0x000107c8 (0x40e606b3) x13 0x00000010
core   0: 0x000107cc (0x02000793) li      a5, 32
core   0: 3 0x000107cc (0x02000793) x15 0x00000020
core   0: 0x000107d0 (0x06d7c463) blt     a5, a3, pc + 104
core   0: 3 0x000107d0 (0x06d7c463)
core   0: 0x000107d4 (0x00058693) mv      a3, a1
core   0: 3 0x000107d4 (0x00058693) x13 0x00010ac8
core   0: 0x000107d8 (0x00070793) mv      a5, a4
core   0: 3 0x000107d8 (0x00070793) x15 0x00017fbc
core   0: 0x000107dc (0x02c77a63) bgeu    a4, a2, pc + 52
core   0: 3 0x000107dc (0x02c77a63)
core   0: 0x000107e0 (0x0006a803) lw      a6, 0(a3)
core   0: 3 0x000107e0 (0x0006a803) x16 0x00000001 mem 0x00010ac8
core   0: 0x000107e4 (0x00478793) addi    a5, a5, 4
core   0: 3 0x000107e4 (0x00478793) x15 0x00017fc0
core   0: 0x000107e8 (0x00468693) addi    a3, a3, 4
core   0: 3 0x000107e8 (0x00468693) x13 0x00010acc
core   0: 0x000107ec (0xff07ae23) sw      a6, -4(a5)
core   0: 3 0x000107ec (0xff07ae23) mem 0x00017fbc 0x00000001
core   0: 0x000107f0 (0xfec7e8e3) bltu    a5, a2, pc - 16
core   0: 3 0x000107f0 (0xfec7e8e3)
core   0: 0x000107e0 (0x0006a803) lw      a6, 0(a3)
core   0: 3 0x000107e0 (0x0006a803) x16 0x00000001 mem 0x00010acc
core   0: 0x000107e4 (0x00478793) addi    a5, a5, 4
core   0: 3 0x000107e4 (0x00478793) x15 0x00017fc4
core   0: 0x000107e8 (0x00468693) addi    a3, a3, 4
core   0: 3 0x000107e8 (0x00468693) x13 0x00010ad0
core   0: 0x000107ec (0xff07ae23) sw      a6, -4(a5)
core   0: 3 0x000107ec (0xff07ae23) mem 0x00017fc0 0x00000001
core   0: 0x000107f0 (0xfec7e8e3) bltu    a5, a2, pc - 16
core   0: 3 0x000107f0 (0xfec7e8e3)
core   0: 0x000107e0 (0x0006a803) lw      a6, 0(a3)
core   0: 3 0x000107e0 (0x0006a803) x16 0x00000001 mem 0x00010ad0
core   0: 0x000107e4 (0x00478793) addi    a5, a5, 4
core   0: 3 0x000107e4 (0x00478793) x15 0x00017fc8
core   0: 0x000107e8 (0x00468693) addi    a3, a3, 4
core   0: 3 0x000107e8 (0x00468693) x13 0x00010ad4
core   0: 0x000107ec (0xff07ae23) sw      a6, -4(a5)
core   0: 3 0x000107ec (0xff07ae23) mem 0x00017fc4 0x00000001
core   0: 0x000107f0 (0xfec7e8e3) bltu    a5, a2, pc - 16
core   0: 3 0x000107f0 (0xfec7e8e3)
core   0: 0x000107e0 (0x0006a803) lw      a6, 0(a3)
core   0: 3 0x000107e0 (0x0006a803) x16 0x00000001 mem 0x00010ad4
core   0: 0x000107e4 (0x00478793) addi    a5, a5, 4
core   0: 3 0x000107e4 (0x00478793) x15 0x00017fcc
core   0: 0x000107e8 (0x00468693) addi    a3, a3, 4
core   0: 3 0x000107e8 (0x00468693) x13 0x00010ad8
core   0: 0x000107ec (0xff07ae23) sw      a6, -4(a5)
core   0: 3 0x000107ec (0xff07ae23) mem 0x00017fc8 0x00000001
core   0: 0x000107f0 (0xfec7e8e3) bltu    a5, a2, pc - 16
core   0: 3 0x000107f0 (0xfec7e8e3)
core   0: 0x000107f4 (0xfff60613) addi    a2, a2, -1
core   0: 3 0x000107f4 (0xfff60613) x12 0x00017fcb
core   0: 0x000107f8 (0x40e60633) sub     a2, a2, a4
core   0: 3 0x000107f8 (0x40e60633) x12 0x0000000f
core   0: 0x000107fc (0xffc67613) andi    a2, a2, -4
core   0: 3 0x000107fc (0xffc67613) x12 0x0000000c
core   0: 0x00010800 (0x00458593) addi    a1, a1, 4
core   0: 3 0x00010800 (0x00458593) x11 0x00010acc
core   0: 0x00010804 (0x00470713) addi    a4, a4, 4
core   0: 3 0x00010804 (0x00470713) x14 0x00017fc0
core   0: 0x00010808 (0x00c585b3) add     a1, a1, a2
core   0: 3 0x00010808 (0x00c585b3) x11 0x00010ad8
core   0: 0x0001080c (0x00c70733) add     a4, a4, a2
core   0: 3 0x0001080c (0x00c70733) x14 0x00017fcc
core   0: 0x00010810 (0x01176863) bltu    a4, a7, pc + 16
core   0: 3 0x00010810 (0x01176863)
core   0: 0x00010814 (0x00008067) ret
core   0: 3 0x00010814 (0x00008067)
core   0: 0x000106a8 (0x00000713) li      a4, 0
core   0: 3 0x000106a8 (0x00000713) x14 0x00000000
core   0: 0x000106ac (0x00010913) mv      s2, sp
core   0: 3 0x000106ac (0x00010913) x18 0x00017f8c
core   0: 0x000106b0 (0x00400693) li      a3, 4
core   0: 3 0x000106b0 (0x00400693) x13 0x00000004
core   0: 0x000106b4 (0x00271793) slli    a5, a4, 2
core   0: 3 0x000106b4 (0x00271793) x15 0x00000000
core   0: 0x000106b8 (0x00fa0633) add     a2, s4, a5
core   0: 3 0x000106b8 (0x00fa0633) x12 0x00017f9c
core   0: 0x000106bc (0x00062707) flw     fa4, 0(a2)
core   0: 3 0x000106bc (0x00062707) f14 0x7f800000 mem 0x00017f9c
core   0: 0x000106c0 (0x00f48633) add     a2, s1, a5
core   0: 3 0x000106c0 (0x00f48633) x12 0x00017fac
core   0: 0x000106c4 (0x00062787) flw     fa5, 0(a2)
core   0: 3 0x000106c4 (0x00062787) f15 0x7f800000 mem 0x00017fac
core   0: 0x000106c8 (0x012787b3) add     a5, a5, s2
core   0: 3 0x000106c8 (0x012787b3) x15 0x00017f8c
core   0: 0x000106cc (0x00170713) addi    a4, a4, 1
core   0: 3 0x000106cc (0x00170713) x14 0x00000001
core   0: 0x000106d0 (0xa0f70653) fle.s   a2, fa4, fa5
core   0: 3 0x000106d0 (0xa0f70653) x12 0x00000001
core   0: 0x000106d4 (0x00c7a023) sw      a2, 0(a5)
core   0: 3 0x000106d4 (0x00c7a023) mem 0x00017f8c 0x00000001
core   0: 0x000106d8 (0xfcd71ee3) bne     a4, a3, pc - 36
core   0: 3 0x000106d8 (0xfcd71ee3)
core   0: 0x000106b4 (0x00271793) slli    a5, a4, 2
core   0: 3 0x000106b4 (0x00271793) x15 0x00000004
core   0: 0x000106b8 (0x00fa0633) add     a2, s4, a5
core   0: 3 0x000106b8 (0x00fa0633) x12 0x00017fa0
core   0: 0x000106bc (0x00062707) flw     fa4, 0(a2)
core   0: 3 0x000106bc (0x00062707) f14 0xff800000 mem 0x00017fa0
core   0: 0x000106c0 (0x00f48633) add     a2, s1, a5
core   0: 3 0x000106c0 (0x00f48633) x12 0x00017fb0
core   0: 0x000106c4 (0x00062787) flw     fa5, 0(a2)
core   0: 3 0x000106c4 (0x00062787) f15 0xff800000 mem 0x00017fb0
core   0: 0x000106c8 (0x012787b3) add     a5, a5, s2
core   0: 3 0x000106c8 (0x012787b3) x15 0x00017f90
core   0: 0x000106cc (0x00170713) addi    a4, a4, 1
core   0: 3 0x000106cc (0x00170713) x14 0x00000002
core   0: 0x000106d0 (0xa0f70653) fle.s   a2, fa4, fa5
core   0: 3 0x000106d0 (0xa0f70653) x12 0x00000001
core   0: 0x000106d4 (0x00c7a023) sw      a2, 0(a5)
core   0: 3 0x000106d4 (0x00c7a023) mem 0x00017f90 0x00000001
core   0: 0x000106d8 (0xfcd71ee3) bne     a4, a3, pc - 36
core   0: 3 0x000106d8 (0xfcd71ee3)
core   0: 0x000106b4 (0x00271793) slli    a5, a4, 2
core   0: 3 0x000106b4 (0x00271793) x15 0x00000008
core   0: 0x000106b8 (0x00fa0633) add     a2, s4, a5
core   0: 3 0x000106b8 (0x00fa0633) x12 0x00017fa4
core   0: 0x000106bc (0x00062707) flw     fa4, 0(a2)
core   0: 3 0x000106bc (0x00062707) f14 0x80000000 mem 0x00017fa4
core   0: 0x000106c0 (0x00f48633) add     a2, s1, a5
core   0: 3 0x000106c0 (0x00f48633) x12 0x00017fb4
core   0: 0x000106c4 (0x00062787) flw     fa5, 0(a2)
core   0: 3 0x000106c4 (0x00062787) f15 0x00000000 mem 0x00017fb4
core   0: 0x000106c8 (0x012787b3) add     a5, a5, s2
core   0: 3 0x000106c8 (0x012787b3) x15 0x00017f94
core   0: 0x000106cc (0x00170713) addi    a4, a4, 1
core   0: 3 0x000106cc (0x00170713) x14 0x00000003
core   0: 0x000106d0 (0xa0f70653) fle.s   a2, fa4, fa5
core   0: 3 0x000106d0 (0xa0f70653) x12 0x00000001
core   0: 0x000106d4 (0x00c7a023) sw      a2, 0(a5)
core   0: 3 0x000106d4 (0x00c7a023) mem 0x00017f94 0x00000001
core   0: 0x000106d8 (0xfcd71ee3) bne     a4, a3, pc - 36
core   0: 3 0x000106d8 (0xfcd71ee3)
core   0: 0x000106b4 (0x00271793) slli    a5, a4, 2
core   0: 3 0x000106b4 (0x00271793) x15 0x0000000c
core   0: 0x000106b8 (0x00fa0633) add     a2, s4, a5
core   0: 3 0x000106b8 (0x00fa0633) x12 0x00017fa8
core   0: 0x000106bc (0x00062707) flw     fa4, 0(a2)
core   0: 3 0x000106bc (0x00062707) f14 0x00000000 mem 0x00017fa8
core   0: 0x000106c0 (0x00f48633) add     a2, s1, a5
core   0: 3 0x000106c0 (0x00f48633) x12 0x00017fb8
core   0: 0x000106c4 (0x00062787) flw     fa5, 0(a2)
core   0: 3 0x000106c4 (0x00062787) f15 0x80000000 mem 0x00017fb8
core   0: 0x000106c8 (0x012787b3) add     a5, a5, s2
core   0: 3 0x000106c8 (0x012787b3) x15 0x00017f98
core   0: 0x000106cc (0x00170713) addi    a4, a4, 1
core   0: 3 0x000106cc (0x00170713) x14 0x00000004
core   0: 0x000106d0 (0xa0f70653) fle.s   a2, fa4, fa5
core   0: 3 0x000106d0 (0xa0f70653) x12 0x00000001
core   0: 0x000106d4 (0x00c7a023) sw      a2, 0(a5)
core   0: 3 0x000106d4 (0x00c7a023) mem 0x00017f98 0x00000001
core   0: 0x000106d8 (0xfcd71ee3) bne     a4, a3, pc - 36
core   0: 3 0x000106d8 (0xfcd71ee3)
core   0: 0x000106dc (0x000084b7) lui     s1, 0x8
core   0: 3 0x000106dc (0x000084b7) x9  0x00008000
core   0: 0x000106e0 (0x00000413) li      s0, 0
core   0: 3 0x000106e0 (0x00000413) x8  0x00000000
core   0: 0x000106e4 (0x01048493) addi    s1, s1, 16
core   0: 3 0x000106e4 (0x01048493) x9  0x00008010
core   0: 0x000106e8 (0x01000a13) li      s4, 16
core   0: 3 0x000106e8 (0x01000a13) x20 0x00000010
core   0: 0x000106ec (0x008985b3) add     a1, s3, s0
core   0: 3 0x000106ec (0x008985b3) x11 0x00017fbc
core   0: 0x000106f0 (0x00890533) add     a0, s2, s0
core   0: 3 0x000106f0 (0x00890533) x10 0x00017f8c
core   0: 0x000106f4 (0x00400613) li      a2, 4
core   0: 3 0x000106f4 (0x00400613) x12 0x00000004
core   0: 0x000106f8 (0x034000ef) jal     pc + 0x34
core   0: 3 0x000106f8 (0x034000ef) x1  0x000106fc
core   0: >>>>  memcmp
core   0: 0x0001072c (0x00300793) li      a5, 3
core   0: 3 0x0001072c (0x00300793) x15 0x00000003
core   0: 0x00010730 (0x02c7f663) bgeu    a5, a2, pc + 44
core   0: 3 0x00010730 (0x02c7f663)
core   0: 0x00010734 (0x00a5e733) or      a4, a1, a0
core   0: 3 0x00010734 (0x00a5e733) x14 0x00017fbc
core   0: 0x00010738 (0x00377713) andi    a4, a4, 3
core   0: 3 0x00010738 (0x00377713) x14 0x00000000
core   0: 0x0001073c (0x04071e63) bnez    a4, pc + 92
core   0: 3 0x0001073c (0x04071e63)
core   0: 0x00010740 (0x00052683) lw      a3, 0(a0)
core   0: 3 0x00010740 (0x00052683) x13 0x00000001 mem 0x00017f8c
core   0: 0x00010744 (0x0005a703) lw      a4, 0(a1)
core   0: 3 0x00010744 (0x0005a703) x14 0x00000001 mem 0x00017fbc
core   0: 0x00010748 (0x04e69863) bne     a3, a4, pc + 80
core   0: 3 0x00010748 (0x04e69863)
core   0: 0x0001074c (0xffc60613) addi    a2, a2, -4
core   0: 3 0x0001074c (0xffc60613) x12 0x00000000
core   0: 0x00010750 (0x00450513) addi    a0, a0, 4
core   0: 3 0x00010750 (0x00450513) x10 0x00017f90
core   0: 0x00010754 (0x00458593) addi    a1, a1, 4
core   0: 3 0x00010754 (0x00458593) x11 0x00017fc0
core   0: 0x00010758 (0xfec7e4e3) bltu    a5, a2, pc - 24
core   0: 3 0x00010758 (0xfec7e4e3)
core   0: 0x0001075c (0xfff60693) addi    a3, a2, -1
core   0: 3 0x0001075c (0xfff60693) x13 0xffffffff
core   0: 0x00010760 (0x02060863) beqz    a2, pc + 48
core   0: 3 0x00010760 (0x02060863)
core   0: 0x00010790 (0x00000513) li      a0, 0
core   0: 3 0x00010790 (0x00000513) x10 0x00000000
core   0: 0x00010794 (0x00008067) ret
core   0: 3 0x00010794 (0x00008067)
core   0: 0x000106fc (0x00153513) seqz    a0, a0
core   0: 3 0x000106fc (0x00153513) x10 0x00000001
core   0: 0x00010700 (0x00a48023) sb      a0, 0(s1)
core   0: 3 0x00010700 (0x00a48023) mem 0x00008010 0x01
core   0: 0x00010704 (0x00440413) addi    s0, s0, 4
core   0: 3 0x00010704 (0x00440413) x8  0x00000004
core   0: 0x00010708 (0xff4412e3) bne     s0, s4, pc - 28
core   0: 3 0x00010708 (0xff4412e3)
core   0: 0x000106ec (0x008985b3) add     a1, s3, s0
core   0: 3 0x000106ec (0x008985b3) x11 0x00017fc0
core   0: 0x000106f0 (0x00890533) add     a0, s2, s0
core   0: 3 0x000106f0 (0x00890533) x10 0x00017f90
core   0: 0x000106f4 (0x00400613) li      a2, 4
core   0: 3 0x000106f4 (0x00400613) x12 0x00000004
core   0: 0x000106f8 (0x034000ef) jal     pc + 0x34
core   0: 3 0x000106f8 (0x034000ef) x1  0x000106fc
core   0: >>>>  memcmp
core   0: 0x0001072c (0x00300793) li      a5, 3
core   0: 3 0x0001072c (0x00300793) x15 0x00000003
core   0: 0x00010730 (0x02c7f663) bgeu    a5, a2, pc + 44
core   0: 3 0x00010730 (0x02c7f663)
core   0: 0x00010734 (0x00a5e733) or      a4, a1, a0
core   0: 3 0x00010734 (0x00a5e733) x14 0x00017fd0
core   0: 0x00010738 (0x00377713) andi    a4, a4, 3
core   0: 3 0x00010738 (0x00377713) x14 0x00000000
core   0: 0x0001073c (0x04071e63) bnez    a4, pc + 92
core   0: 3 0x0001073c (0x04071e63)
core   0: 0x00010740 (0x00052683) lw      a3, 0(a0)
core   0: 3 0x00010740 (0x00052683) x13 0x00000001 mem 0x00017f90
core   0: 0x00010744 (0x0005a703) lw      a4, 0(a1)
core   0: 3 0x00010744 (0x0005a703) x14 0x00000001 mem 0x00017fc0
core   0: 0x00010748 (0x04e69863) bne     a3, a4, pc + 80
core   0: 3 0x00010748 (0x04e69863)
core   0: 0x0001074c (0xffc60613) addi    a2, a2, -4
core   0: 3 0x0001074c (0xffc60613) x12 0x00000000
core   0: 0x00010750 (0x00450513) addi    a0, a0, 4
core   0: 3 0x00010750 (0x00450513) x10 0x00017f94
core   0: 0x00010754 (0x00458593) addi    a1, a1, 4
core   0: 3 0x00010754 (0x00458593) x11 0x00017fc4
core   0: 0x00010758 (0xfec7e4e3) bltu    a5, a2, pc - 24
core   0: 3 0x00010758 (0xfec7e4e3)
core   0: 0x0001075c (0xfff60693) addi    a3, a2, -1
core   0: 3 0x0001075c (0xfff60693) x13 0xffffffff
core   0: 0x00010760 (0x02060863) beqz    a2, pc + 48
core   0: 3 0x00010760 (0x02060863)
core   0: 0x00010790 (0x00000513) li      a0, 0
core   0: 3 0x00010790 (0x00000513) x10 0x00000000
core   0: 0x00010794 (0x00008067) ret
core   0: 3 0x00010794 (0x00008067)
core   0: 0x000106fc (0x00153513) seqz    a0, a0
core   0: 3 0x000106fc (0x00153513) x10 0x00000001
core   0: 0x00010700 (0x00a48023) sb      a0, 0(s1)
core   0: 3 0x00010700 (0x00a48023) mem 0x00008010 0x01
core   0: 0x00010704 (0x00440413) addi    s0, s0, 4
core   0: 3 0x00010704 (0x00440413) x8  0x00000008
core   0: 0x00010708 (0xff4412e3) bne     s0, s4, pc - 28
core   0: 3 0x00010708 (0xff4412e3)
core   0: 0x000106ec (0x008985b3) add     a1, s3, s0
core   0: 3 0x000106ec (0x008985b3) x11 0x00017fc4
core   0: 0x000106f0 (0x00890533) add     a0, s2, s0
core   0: 3 0x000106f0 (0x00890533) x10 0x00017f94
core   0: 0x000106f4 (0x00400613) li      a2, 4
core   0: 3 0x000106f4 (0x00400613) x12 0x00000004
core   0: 0x000106f8 (0x034000ef) jal     pc + 0x34
core   0: 3 0x000106f8 (0x034000ef) x1  0x000106fc
core   0: >>>>  memcmp
core   0: 0x0001072c (0x00300793) li      a5, 3
core   0: 3 0x0001072c (0x00300793) x15 0x00000003
core   0: 0x00010730 (0x02c7f663) bgeu    a5, a2, pc + 44
core   0: 3 0x00010730 (0x02c7f663)
core   0: 0x00010734 (0x00a5e733) or      a4, a1, a0
core   0: 3 0x00010734 (0x00a5e733) x14 0x00017fd4
core   0: 0x00010738 (0x00377713) andi    a4, a4, 3
core   0: 3 0x00010738 (0x00377713) x14 0x00000000
core   0: 0x0001073c (0x04071e63) bnez    a4, pc + 92
core   0: 3 0x0001073c (0x04071e63)
core   0: 0x00010740 (0x00052683) lw      a3, 0(a0)
core   0: 3 0x00010740 (0x00052683) x13 0x00000001 mem 0x00017f94
core   0: 0x00010744 (0x0005a703) lw      a4, 0(a1)
core   0: 3 0x00010744 (0x0005a703) x14 0x00000001 mem 0x00017fc4
core   0: 0x00010748 (0x04e69863) bne     a3, a4, pc + 80
core   0: 3 0x00010748 (0x04e69863)
core   0: 0x0001074c (0xffc60613) addi    a2, a2, -4
core   0: 3 0x0001074c (0xffc60613) x12 0x00000000
core   0: 0x00010750 (0x00450513) addi    a0, a0, 4
core   0: 3 0x00010750 (0x00450513) x10 0x00017f98
core   0: 0x00010754 (0x00458593) addi    a1, a1, 4
core   0: 3 0x00010754 (0x00458593) x11 0x00017fc8
core   0: 0x00010758 (0xfec7e4e3) bltu    a5, a2, pc - 24
core   0: 3 0x00010758 (0xfec7e4e3)
core   0: 0x0001075c (0xfff60693) addi    a3, a2, -1
core   0: 3 0x0001075c (0xfff60693) x13 0xffffffff
core   0: 0x00010760 (0x02060863) beqz    a2, pc + 48
core   0: 3 0x00010760 (0x02060863)
core   0: 0x00010790 (0x00000513) li      a0, 0
core   0: 3 0x00010790 (0x00000513) x10 0x00000000
core   0: 0x00010794 (0x00008067) ret
core   0: 3 0x00010794 (0x00008067)
core   0: 0x000106fc (0x00153513) seqz    a0, a0
core   0: 3 0x000106fc (0x00153513) x10 0x00000001
core   0: 0x00010700 (0x00a48023) sb      a0, 0(s1)
core   0: 3 0x00010700 (0x00a48023) mem 0x00008010 0x01
core   0: 0x00010704 (0x00440413) addi    s0, s0, 4
core   0: 3 0x00010704 (0x00440413) x8  0x0000000c
core   0: 0x00010708 (0xff4412e3) bne     s0, s4, pc - 28
core   0: 3 0x00010708 (0xff4412e3)
core   0: 0x000106ec (0x008985b3) add     a1, s3, s0
core   0: 3 0x000106ec (0x008985b3) x11 0x00017fc8
core   0: 0x000106f0 (0x00890533) add     a0, s2, s0
core   0: 3 0x000106f0 (0x00890533) x10 0x00017f98
core   0: 0x000106f4 (0x00400613) li      a2, 4
core   0: 3 0x000106f4 (0x00400613) x12 0x00000004
core   0: 0x000106f8 (0x034000ef) jal     pc + 0x34
core   0: 3 0x000106f8 (0x034000ef) x1  0x000106fc
core   0: >>>>  memcmp
core   0: 0x0001072c (0x00300793) li      a5, 3
core   0: 3 0x0001072c (0x00300793) x15 0x00000003
core   0: 0x00010730 (0x02c7f663) bgeu    a5, a2, pc + 44
core   0: 3 0x00010730 (0x02c7f663)
core   0: 0x00010734 (0x00a5e733) or      a4, a1, a0
core   0: 3 0x00010734 (0x00a5e733) x14 0x00017fd8
core   0: 0x00010738 (0x00377713) andi    a4, a4, 3
core   0: 3 0x00010738 (0x00377713) x14 0x00000000
core   0: 0x0001073c (0x04071e63) bnez    a4, pc + 92
core   0: 3 0x0001073c (0x04071e63)
core   0: 0x00010740 (0x00052683) lw      a3, 0(a0)
core   0: 3 0x00010740 (0x00052683) x13 0x00000001 mem 0x00017f98
core   0: 0x00010744 (0x0005a703) lw      a4, 0(a1)
core   0: 3 0x00010744 (0x0005a703) x14 0x00000001 mem 0x00017fc8
core   0: 0x00010748 (0x04e69863) bne     a3, a4, pc + 80
core   0: 3 0x00010748 (0x04e69863)
core   0: 0x0001074c (0xffc60613) addi    a2, a2, -4
core   0: 3 0x0001074c (0xffc60613) x12 0x00000000
core   0: 0x00010750 (0x00450513) addi    a0, a0, 4
core   0: 3 0x00010750 (0x00450513) x10 0x00017f9c
core   0: 0x00010754 (0x00458593) addi    a1, a1, 4
core   0: 3 0x00010754 (0x00458593) x11 0x00017fcc
core   0: 0x00010758 (0xfec7e4e3) bltu    a5, a2, pc - 24
core   0: 3 0x00010758 (0xfec7e4e3)
core   0: 0x0001075c (0xfff60693) addi    a3, a2, -1
core   0: 3 0x0001075c (0xfff60693) x13 0xffffffff
core   0: 0x00010760 (0x02060863) beqz    a2, pc + 48
core   0: 3 0x00010760 (0x02060863)
core   0: 0x00010790 (0x00000513) li      a0, 0
core   0: 3 0x00010790 (0x00000513) x10 0x00000000
core   0: 0x00010794 (0x00008067) ret
core   0: 3 0x00010794 (0x00008067)
core   0: 0x000106fc (0x00153513) seqz    a0, a0
core   0: 3 0x000106fc (0x00153513) x10 0x00000001
core   0: 0x00010700 (0x00a48023) sb      a0, 0(s1)
core   0: 3 0x00010700 (0x00a48023) mem 0x00008010 0x01
core   0: 0x00010704 (0x00440413) addi    s0, s0, 4
core   0: 3 0x00010704 (0x00440413) x8  0x00000010
core   0: 0x00010708 (0xff4412e3) bne     s0, s4, pc - 28
core   0: 3 0x00010708 (0xff4412e3)
core   0: 0x0001070c (0x05c12083) lw      ra, 92(sp)
core   0: 3 0x0001070c (0x05c12083) x1  0x000100dc mem 0x00017fe8
core   0: 0x00010710 (0x05812403) lw      s0, 88(sp)
core   0: 3 0x00010710 (0x05812403) x8  0x00017000 mem 0x00017fe4
core   0: 0x00010714 (0x05412483) lw      s1, 84(sp)
core   0: 3 0x00010714 (0x05412483) x9  0x0000000a mem 0x00017fe0
core   0: 0x00010718 (0x05012903) lw      s2, 80(sp)
core   0: 3 0x00010718 (0x05012903) x18 0x00000000 mem 0x00017fdc
core   0: 0x0001071c (0x04c12983) lw      s3, 76(sp)
core   0: 3 0x0001071c (0x04c12983) x19 0x00000000 mem 0x00017fd8
core   0: 0x00010720 (0x04812a03) lw      s4, 72(sp)
core   0: 3 0x00010720 (0x04812a03) x20 0x00000000 mem 0x00017fd4
core   0: 0x00010724 (0x06010113) addi    sp, sp, 96
core   0: 3 0x00010724 (0x06010113) x2  0x00017fec
core   0: 0x00010728 (0x00008067) ret
core   0: 3 0x00010728 (0x00008067)
core   0: 0x000100dc (0x00c12083) lw      ra, 12(sp)
core   0: 3 0x000100dc (0x00c12083) x1  0x00010000 mem 0x00017ff8
core   0: 0x000100e0 (0x00812403) lw      s0, 8(sp)
core   0: 3 0x000100e0 (0x00812403) x8  0x00017ffc mem 0x00017ff4
core   0: 0x000100e4 (0x00412483) lw      s1, 4(sp)
core   0: 3 0x000100e4 (0x00412483) x9  0x00000000 mem 0x00017ff0
core   0: 0x000100e8 (0x00000513) li      a0, 0
core   0: 3 0x000100e8 (0x00000513) x10 0x00000000
core   0: 0x000100ec (0x01010113) addi    sp, sp, 16
core   0: 3 0x000100ec (0x01010113) x2  0x00017ffc
core   0: 0x000100f0 (0x00008067) ret
core   0: 3 0x000100f0 (0x00008067)
